[  1%] [34m[1mGenerating C code for ROS interfaces[0m
[  1%] [34m[1mGenerating C++ code for ROS interfaces[0m
[  1%] Built target ament_cmake_python_symlink_capella_ros_msg
running egg_info
creating capella_ros_msg.egg-info
writing capella_ros_msg.egg-info/PKG-INFO
writing dependency_links to capella_ros_msg.egg-info/dependency_links.txt
writing top-level names to capella_ros_msg.egg-info/top_level.txt
writing manifest file 'capella_ros_msg.egg-info/SOURCES.txt'
reading manifest file 'capella_ros_msg.egg-info/SOURCES.txt'
writing manifest file 'capella_ros_msg.egg-info/SOURCES.txt'
[  1%] Built target ament_cmake_python_build_capella_ros_msg_egg
[  1%] Built target capella_ros_msg__cpp
[  2%] [34m[1mGenerating C++ type support dispatch for ROS interfaces[0m
[  3%] [34m[1mGenerating C++ type support for eProsima Fast-RTPS[0m
[  4%] [34m[1mGenerating C++ introspection for ROS interfaces[0m
[  5%] [32mBuilding C object CMakeFiles/capella_ros_msg__rosidl_generator_c.dir/rosidl_generator_c/capella_ros_msg/msg/detail/battery__functions.c.o[0m
[  7%] [32mBuilding C object CMakeFiles/capella_ros_msg__rosidl_generator_c.dir/rosidl_generator_c/capella_ros_msg/msg/detail/atomize_switch_ctr_stu__functions.c.o[0m
[  7%] [32mBuilding C object CMakeFiles/capella_ros_msg__rosidl_generator_c.dir/rosidl_generator_c/capella_ros_msg/msg/detail/imu__functions.c.o[0m
[  8%] [32mBuilding C object CMakeFiles/capella_ros_msg__rosidl_generator_c.dir/rosidl_generator_c/capella_ros_msg/msg/detail/pid__functions.c.o[0m
[  9%] [32mBuilding C object CMakeFiles/capella_ros_msg__rosidl_generator_c.dir/rosidl_generator_c/capella_ros_msg/msg/detail/velocities__functions.c.o[0m
[ 10%] [32mBuilding C object CMakeFiles/capella_ros_msg__rosidl_generator_c.dir/rosidl_generator_c/capella_ros_msg/msg/detail/ir_data__functions.c.o[0m
[ 11%] [32mBuilding C object CMakeFiles/capella_ros_msg__rosidl_generator_c.dir/rosidl_generator_c/capella_ros_msg/msg/detail/contact_drive_stu__functions.c.o[0m
[ 12%] [32mBuilding C object CMakeFiles/capella_ros_msg__rosidl_generator_c.dir/rosidl_generator_c/capella_ros_msg/msg/detail/single_detector__functions.c.o[0m
[ 13%] [32mBuilding C object CMakeFiles/capella_ros_msg__rosidl_generator_c.dir/rosidl_generator_c/capella_ros_msg/msg/detail/detect_result__functions.c.o[0m
[ 14%] [32mBuilding C object CMakeFiles/capella_ros_msg__rosidl_generator_c.dir/rosidl_generator_c/capella_ros_msg/srv/detail/charge_pile_wifi__functions.c.o[0m
[ 15%] [32m[1mLinking C shared library libcapella_ros_msg__rosidl_generator_c.so[0m
[ 15%] Built target capella_ros_msg__rosidl_generator_c
[ 16%] [34m[1mGenerating C type support for eProsima Fast-RTPS[0m
[ 17%] [34m[1mGenerating C type support dispatch for ROS interfaces[0m
[ 18%] [34m[1mGenerating C introspection for ROS interfaces[0m
[ 19%] [32mBuilding CXX object CMakeFiles/capella_ros_msg__rosidl_typesupport_cpp.dir/rosidl_typesupport_cpp/capella_ros_msg/msg/pid__type_support.cpp.o[0m
[ 20%] [32mBuilding CXX object CMakeFiles/capella_ros_msg__rosidl_typesupport_cpp.dir/rosidl_typesupport_cpp/capella_ros_msg/msg/ir_data__type_support.cpp.o[0m
[ 21%] [32mBuilding CXX object CMakeFiles/capella_ros_msg__rosidl_typesupport_cpp.dir/rosidl_typesupport_cpp/capella_ros_msg/msg/contact_drive_stu__type_support.cpp.o[0m
[ 22%] [32mBuilding CXX object CMakeFiles/capella_ros_msg__rosidl_typesupport_cpp.dir/rosidl_typesupport_cpp/capella_ros_msg/msg/velocities__type_support.cpp.o[0m
[ 23%] [32mBuilding CXX object CMakeFiles/capella_ros_msg__rosidl_typesupport_cpp.dir/rosidl_typesupport_cpp/capella_ros_msg/msg/imu__type_support.cpp.o[0m
[ 24%] [32mBuilding CXX object CMakeFiles/capella_ros_msg__rosidl_typesupport_cpp.dir/rosidl_typesupport_cpp/capella_ros_msg/msg/battery__type_support.cpp.o[0m
[ 25%] [32mBuilding CXX object CMakeFiles/capella_ros_msg__rosidl_typesupport_cpp.dir/rosidl_typesupport_cpp/capella_ros_msg/msg/atomize_switch_ctr_stu__type_support.cpp.o[0m
[ 26%] [32mBuilding CXX object CMakeFiles/capella_ros_msg__rosidl_typesupport_introspection_cpp.dir/rosidl_typesupport_introspection_cpp/capella_ros_msg/msg/detail/battery__type_support.cpp.o[0m
[ 27%] [32mBuilding CXX object CMakeFiles/capella_ros_msg__rosidl_typesupport_cpp.dir/rosidl_typesupport_cpp/capella_ros_msg/msg/detect_result__type_support.cpp.o[0m
[ 28%] [32mBuilding CXX object CMakeFiles/capella_ros_msg__rosidl_typesupport_cpp.dir/rosidl_typesupport_cpp/capella_ros_msg/srv/charge_pile_wifi__type_support.cpp.o[0m
[ 29%] [32mBuilding CXX object CMakeFiles/capella_ros_msg__rosidl_typesupport_cpp.dir/rosidl_typesupport_cpp/capella_ros_msg/msg/single_detector__type_support.cpp.o[0m
[ 30%] [32mBuilding CXX object CMakeFiles/capella_ros_msg__rosidl_typesupport_introspection_cpp.dir/rosidl_typesupport_introspection_cpp/capella_ros_msg/msg/detail/imu__type_support.cpp.o[0m
[ 31%] [32mBuilding CXX object CMakeFiles/capella_ros_msg__rosidl_typesupport_fastrtps_cpp.dir/rosidl_typesupport_fastrtps_cpp/capella_ros_msg/msg/detail/dds_fastrtps/battery__type_support.cpp.o[0m
[ 32%] [32mBuilding CXX object CMakeFiles/capella_ros_msg__rosidl_typesupport_introspection_cpp.dir/rosidl_typesupport_introspection_cpp/capella_ros_msg/msg/detail/velocities__type_support.cpp.o[0m
[ 33%] [32mBuilding CXX object CMakeFiles/capella_ros_msg__rosidl_typesupport_introspection_cpp.dir/rosidl_typesupport_introspection_cpp/capella_ros_msg/msg/detail/pid__type_support.cpp.o[0m
[ 34%] [32mBuilding CXX object CMakeFiles/capella_ros_msg__rosidl_typesupport_fastrtps_cpp.dir/rosidl_typesupport_fastrtps_cpp/capella_ros_msg/msg/detail/dds_fastrtps/imu__type_support.cpp.o[0m
[ 35%] [32mBuilding CXX object CMakeFiles/capella_ros_msg__rosidl_typesupport_c.dir/rosidl_typesupport_c/capella_ros_msg/msg/battery__type_support.cpp.o[0m
[ 36%] [32mBuilding CXX object CMakeFiles/capella_ros_msg__rosidl_typesupport_c.dir/rosidl_typesupport_c/capella_ros_msg/msg/pid__type_support.cpp.o[0m
[ 37%] [32mBuilding CXX object CMakeFiles/capella_ros_msg__rosidl_typesupport_c.dir/rosidl_typesupport_c/capella_ros_msg/msg/imu__type_support.cpp.o[0m
[ 38%] [32mBuilding CXX object CMakeFiles/capella_ros_msg__rosidl_typesupport_c.dir/rosidl_typesupport_c/capella_ros_msg/msg/velocities__type_support.cpp.o[0m
[ 39%] [32mBuilding CXX object CMakeFiles/capella_ros_msg__rosidl_typesupport_c.dir/rosidl_typesupport_c/capella_ros_msg/msg/atomize_switch_ctr_stu__type_support.cpp.o[0m
[ 40%] [32mBuilding CXX object CMakeFiles/capella_ros_msg__rosidl_typesupport_c.dir/rosidl_typesupport_c/capella_ros_msg/msg/ir_data__type_support.cpp.o[0m
[ 41%] [32mBuilding CXX object CMakeFiles/capella_ros_msg__rosidl_typesupport_c.dir/rosidl_typesupport_c/capella_ros_msg/msg/contact_drive_stu__type_support.cpp.o[0m
[ 42%] [32m[1mLinking CXX shared library libcapella_ros_msg__rosidl_typesupport_cpp.so[0m
[ 43%] [32mBuilding CXX object CMakeFiles/capella_ros_msg__rosidl_typesupport_introspection_cpp.dir/rosidl_typesupport_introspection_cpp/capella_ros_msg/msg/detail/atomize_switch_ctr_stu__type_support.cpp.o[0m
[ 44%] [32mBuilding CXX object CMakeFiles/capella_ros_msg__rosidl_typesupport_c.dir/rosidl_typesupport_c/capella_ros_msg/msg/single_detector__type_support.cpp.o[0m
[ 44%] [32mBuilding CXX object CMakeFiles/capella_ros_msg__rosidl_typesupport_c.dir/rosidl_typesupport_c/capella_ros_msg/msg/detect_result__type_support.cpp.o[0m
[ 45%] [32mBuilding CXX object CMakeFiles/capella_ros_msg__rosidl_typesupport_fastrtps_c.dir/rosidl_typesupport_fastrtps_c/capella_ros_msg/msg/detail/battery__type_support_c.cpp.o[0m
[ 47%] [32mBuilding CXX object CMakeFiles/capella_ros_msg__rosidl_typesupport_c.dir/rosidl_typesupport_c/capella_ros_msg/srv/charge_pile_wifi__type_support.cpp.o[0m
[ 47%] [32mBuilding CXX object CMakeFiles/capella_ros_msg__rosidl_typesupport_introspection_cpp.dir/rosidl_typesupport_introspection_cpp/capella_ros_msg/msg/detail/ir_data__type_support.cpp.o[0m
[ 48%] [32mBuilding CXX object CMakeFiles/capella_ros_msg__rosidl_typesupport_introspection_cpp.dir/rosidl_typesupport_introspection_cpp/capella_ros_msg/msg/detail/contact_drive_stu__type_support.cpp.o[0m
[ 49%] [32mBuilding CXX object CMakeFiles/capella_ros_msg__rosidl_typesupport_introspection_cpp.dir/rosidl_typesupport_introspection_cpp/capella_ros_msg/msg/detail/single_detector__type_support.cpp.o[0m
[ 50%] [32m[1mLinking CXX shared library libcapella_ros_msg__rosidl_typesupport_c.so[0m
[ 51%] [32mBuilding CXX object CMakeFiles/capella_ros_msg__rosidl_typesupport_introspection_cpp.dir/rosidl_typesupport_introspection_cpp/capella_ros_msg/msg/detail/detect_result__type_support.cpp.o[0m
[ 51%] Built target capella_ros_msg__rosidl_typesupport_cpp
[ 52%] [32mBuilding CXX object CMakeFiles/capella_ros_msg__rosidl_typesupport_introspection_cpp.dir/rosidl_typesupport_introspection_cpp/capella_ros_msg/srv/detail/charge_pile_wifi__type_support.cpp.o[0m
[ 52%] [32mBuilding CXX object CMakeFiles/capella_ros_msg__rosidl_typesupport_fastrtps_cpp.dir/rosidl_typesupport_fastrtps_cpp/capella_ros_msg/msg/detail/dds_fastrtps/pid__type_support.cpp.o[0m
[ 53%] [32mBuilding C object CMakeFiles/capella_ros_msg__rosidl_typesupport_introspection_c.dir/rosidl_typesupport_introspection_c/capella_ros_msg/msg/detail/battery__type_support.c.o[0m
[ 54%] [32mBuilding CXX object CMakeFiles/capella_ros_msg__rosidl_typesupport_fastrtps_cpp.dir/rosidl_typesupport_fastrtps_cpp/capella_ros_msg/msg/detail/dds_fastrtps/velocities__type_support.cpp.o[0m
[ 54%] Built target capella_ros_msg__rosidl_typesupport_c
[ 55%] [32mBuilding CXX object CMakeFiles/capella_ros_msg__rosidl_typesupport_fastrtps_cpp.dir/rosidl_typesupport_fastrtps_cpp/capella_ros_msg/msg/detail/dds_fastrtps/atomize_switch_ctr_stu__type_support.cpp.o[0m
[ 56%] [32mBuilding CXX object CMakeFiles/capella_ros_msg__rosidl_typesupport_fastrtps_cpp.dir/rosidl_typesupport_fastrtps_cpp/capella_ros_msg/msg/detail/dds_fastrtps/ir_data__type_support.cpp.o[0m
[ 57%] [32mBuilding C object CMakeFiles/capella_ros_msg__rosidl_typesupport_introspection_c.dir/rosidl_typesupport_introspection_c/capella_ros_msg/msg/detail/imu__type_support.c.o[0m
[ 58%] [32mBuilding C object CMakeFiles/capella_ros_msg__rosidl_typesupport_introspection_c.dir/rosidl_typesupport_introspection_c/capella_ros_msg/msg/detail/pid__type_support.c.o[0m
[ 59%] [32mBuilding CXX object CMakeFiles/capella_ros_msg__rosidl_typesupport_fastrtps_cpp.dir/rosidl_typesupport_fastrtps_cpp/capella_ros_msg/msg/detail/dds_fastrtps/contact_drive_stu__type_support.cpp.o[0m
[ 60%] [32mBuilding C object CMakeFiles/capella_ros_msg__rosidl_typesupport_introspection_c.dir/rosidl_typesupport_introspection_c/capella_ros_msg/msg/detail/velocities__type_support.c.o[0m
[ 61%] [32mBuilding CXX object CMakeFiles/capella_ros_msg__rosidl_typesupport_fastrtps_cpp.dir/rosidl_typesupport_fastrtps_cpp/capella_ros_msg/msg/detail/dds_fastrtps/single_detector__type_support.cpp.o[0m
[ 62%] [32mBuilding C object CMakeFiles/capella_ros_msg__rosidl_typesupport_introspection_c.dir/rosidl_typesupport_introspection_c/capella_ros_msg/msg/detail/atomize_switch_ctr_stu__type_support.c.o[0m
[ 63%] [32mBuilding CXX object CMakeFiles/capella_ros_msg__rosidl_typesupport_fastrtps_c.dir/rosidl_typesupport_fastrtps_c/capella_ros_msg/msg/detail/imu__type_support_c.cpp.o[0m
[ 64%] [32mBuilding C object CMakeFiles/capella_ros_msg__rosidl_typesupport_introspection_c.dir/rosidl_typesupport_introspection_c/capella_ros_msg/msg/detail/ir_data__type_support.c.o[0m
[ 65%] [32mBuilding C object CMakeFiles/capella_ros_msg__rosidl_typesupport_introspection_c.dir/rosidl_typesupport_introspection_c/capella_ros_msg/msg/detail/contact_drive_stu__type_support.c.o[0m
[ 66%] [32mBuilding C object CMakeFiles/capella_ros_msg__rosidl_typesupport_introspection_c.dir/rosidl_typesupport_introspection_c/capella_ros_msg/msg/detail/single_detector__type_support.c.o[0m
[ 67%] [32mBuilding C object CMakeFiles/capella_ros_msg__rosidl_typesupport_introspection_c.dir/rosidl_typesupport_introspection_c/capella_ros_msg/msg/detail/detect_result__type_support.c.o[0m
[ 68%] [32mBuilding CXX object CMakeFiles/capella_ros_msg__rosidl_typesupport_fastrtps_c.dir/rosidl_typesupport_fastrtps_c/capella_ros_msg/msg/detail/pid__type_support_c.cpp.o[0m
[ 69%] [32mBuilding C object CMakeFiles/capella_ros_msg__rosidl_typesupport_introspection_c.dir/rosidl_typesupport_introspection_c/capella_ros_msg/srv/detail/charge_pile_wifi__type_support.c.o[0m
[ 70%] [32mBuilding CXX object CMakeFiles/capella_ros_msg__rosidl_typesupport_fastrtps_cpp.dir/rosidl_typesupport_fastrtps_cpp/capella_ros_msg/msg/detail/dds_fastrtps/detect_result__type_support.cpp.o[0m
[ 71%] [32mBuilding CXX object CMakeFiles/capella_ros_msg__rosidl_typesupport_fastrtps_cpp.dir/rosidl_typesupport_fastrtps_cpp/capella_ros_msg/srv/detail/dds_fastrtps/charge_pile_wifi__type_support.cpp.o[0m
[ 72%] [32m[1mLinking C shared library libcapella_ros_msg__rosidl_typesupport_introspection_c.so[0m
[ 73%] [32m[1mLinking CXX shared library libcapella_ros_msg__rosidl_typesupport_introspection_cpp.so[0m
[ 73%] Built target capella_ros_msg__rosidl_typesupport_introspection_c
[ 74%] [32mBuilding CXX object CMakeFiles/capella_ros_msg__rosidl_typesupport_fastrtps_c.dir/rosidl_typesupport_fastrtps_c/capella_ros_msg/msg/detail/velocities__type_support_c.cpp.o[0m
[ 75%] [32mBuilding CXX object CMakeFiles/capella_ros_msg__rosidl_typesupport_fastrtps_c.dir/rosidl_typesupport_fastrtps_c/capella_ros_msg/msg/detail/atomize_switch_ctr_stu__type_support_c.cpp.o[0m
[ 76%] [32mBuilding CXX object CMakeFiles/capella_ros_msg__rosidl_typesupport_fastrtps_c.dir/rosidl_typesupport_fastrtps_c/capella_ros_msg/msg/detail/ir_data__type_support_c.cpp.o[0m
[ 77%] [32mBuilding CXX object CMakeFiles/capella_ros_msg__rosidl_typesupport_fastrtps_c.dir/rosidl_typesupport_fastrtps_c/capella_ros_msg/msg/detail/contact_drive_stu__type_support_c.cpp.o[0m
[ 78%] [32mBuilding CXX object CMakeFiles/capella_ros_msg__rosidl_typesupport_fastrtps_c.dir/rosidl_typesupport_fastrtps_c/capella_ros_msg/msg/detail/detect_result__type_support_c.cpp.o[0m
[ 79%] [32mBuilding CXX object CMakeFiles/capella_ros_msg__rosidl_typesupport_fastrtps_c.dir/rosidl_typesupport_fastrtps_c/capella_ros_msg/msg/detail/single_detector__type_support_c.cpp.o[0m
[ 80%] [32mBuilding CXX object CMakeFiles/capella_ros_msg__rosidl_typesupport_fastrtps_c.dir/rosidl_typesupport_fastrtps_c/capella_ros_msg/srv/detail/charge_pile_wifi__type_support_c.cpp.o[0m
[ 80%] Built target capella_ros_msg__rosidl_typesupport_introspection_cpp
[ 81%] [32m[1mLinking CXX shared library libcapella_ros_msg__rosidl_typesupport_fastrtps_cpp.so[0m
[ 82%] [32m[1mLinking CXX shared library libcapella_ros_msg__rosidl_typesupport_fastrtps_c.so[0m
[ 82%] Built target capella_ros_msg__rosidl_typesupport_fastrtps_cpp
[ 82%] Built target capella_ros_msg__rosidl_typesupport_fastrtps_c
[ 82%] Built target capella_ros_msg
[ 83%] [34m[1mGenerating Python code for ROS interfaces[0m
[ 83%] Built target capella_ros_msg__py
[ 88%] [32mBuilding C object CMakeFiles/capella_ros_msg__rosidl_generator_py.dir/rosidl_generator_py/capella_ros_msg/msg/_single_detector_s.c.o[0m
[ 89%] [32mBuilding C object CMakeFiles/capella_ros_msg__rosidl_generator_py.dir/rosidl_generator_py/capella_ros_msg/msg/_detect_result_s.c.o[0m
[ 90%] [32mBuilding C object CMakeFiles/capella_ros_msg__rosidl_generator_py.dir/rosidl_generator_py/capella_ros_msg/msg/_velocities_s.c.o[0m
[ 90%] [32mBuilding C object CMakeFiles/capella_ros_msg__rosidl_generator_py.dir/rosidl_generator_py/capella_ros_msg/msg/_ir_data_s.c.o[0m
[ 90%] [32mBuilding C object CMakeFiles/capella_ros_msg__rosidl_generator_py.dir/rosidl_generator_py/capella_ros_msg/msg/_pid_s.c.o[0m
[ 90%] [32mBuilding C object CMakeFiles/capella_ros_msg__rosidl_generator_py.dir/rosidl_generator_py/capella_ros_msg/msg/_imu_s.c.o[0m
[ 90%] [32mBuilding C object CMakeFiles/capella_ros_msg__rosidl_generator_py.dir/rosidl_generator_py/capella_ros_msg/msg/_battery_s.c.o[0m
[ 92%] [32mBuilding C object CMakeFiles/capella_ros_msg__rosidl_generator_py.dir/rosidl_generator_py/capella_ros_msg/srv/_charge_pile_wifi_s.c.o[0m
[ 92%] [32mBuilding C object CMakeFiles/capella_ros_msg__rosidl_generator_py.dir/rosidl_generator_py/capella_ros_msg/msg/_contact_drive_stu_s.c.o[0m
[ 93%] [32mBuilding C object CMakeFiles/capella_ros_msg__rosidl_generator_py.dir/rosidl_generator_py/capella_ros_msg/msg/_atomize_switch_ctr_stu_s.c.o[0m
[ 94%] [32m[1mLinking C shared library rosidl_generator_py/capella_ros_msg/libcapella_ros_msg__rosidl_generator_py.so[0m
[ 94%] Built target capella_ros_msg__rosidl_generator_py
[ 96%] [32mBuilding C object CMakeFiles/capella_ros_msg__rosidl_typesupport_c__pyext.dir/rosidl_generator_py/capella_ros_msg/_capella_ros_msg_s.ep.rosidl_typesupport_c.c.o[0m
[ 96%] [32mBuilding C object CMakeFiles/capella_ros_msg__rosidl_typesupport_introspection_c__pyext.dir/rosidl_generator_py/capella_ros_msg/_capella_ros_msg_s.ep.rosidl_typesupport_introspection_c.c.o[0m
[ 97%] [32mBuilding C object CMakeFiles/capella_ros_msg__rosidl_typesupport_fastrtps_c__pyext.dir/rosidl_generator_py/capella_ros_msg/_capella_ros_msg_s.ep.rosidl_typesupport_fastrtps_c.c.o[0m
[ 98%] [32m[1mLinking C shared library rosidl_generator_py/capella_ros_msg/capella_ros_msg_s__rosidl_typesupport_fastrtps_c.cpython-310-x86_64-linux-gnu.so[0m
[ 99%] [32m[1mLinking C shared library rosidl_generator_py/capella_ros_msg/capella_ros_msg_s__rosidl_typesupport_introspection_c.cpython-310-x86_64-linux-gnu.so[0m
[100%] [32m[1mLinking C shared library rosidl_generator_py/capella_ros_msg/capella_ros_msg_s__rosidl_typesupport_c.cpython-310-x86_64-linux-gnu.so[0m
[100%] Built target capella_ros_msg__rosidl_typesupport_introspection_c__pyext
[100%] Built target capella_ros_msg__rosidl_typesupport_fastrtps_c__pyext
[100%] Built target capella_ros_msg__rosidl_typesupport_c__pyext
