[0.017s] Invoking command in '/home/ros2/git/mygit/capella_ros_dock/build/capella_ros_msg': CMAKE_PREFIX_PATH=/opt/ros/humble WSLENV=ELECTRON_RUN_AS_NODE/w:WT_SESSION::WT_PROFILE_ID /usr/bin/cmake --build /home/ros2/git/mygit/capella_ros_dock/build/capella_ros_msg -- -j12 -l12
[0.046s] [  1%] [34m[1mGenerating C code for ROS interfaces[0m
[0.055s] [  1%] [34m[1mGenerating C++ code for ROS interfaces[0m
[0.061s] [  1%] Built target ament_cmake_python_symlink_capella_ros_msg
[0.315s] running egg_info
[0.316s] creating capella_ros_msg.egg-info
[0.317s] writing capella_ros_msg.egg-info/PKG-INFO
[0.317s] writing dependency_links to capella_ros_msg.egg-info/dependency_links.txt
[0.317s] writing top-level names to capella_ros_msg.egg-info/top_level.txt
[0.318s] writing manifest file 'capella_ros_msg.egg-info/SOURCES.txt'
[0.324s] reading manifest file 'capella_ros_msg.egg-info/SOURCES.txt'
[0.325s] writing manifest file 'capella_ros_msg.egg-info/SOURCES.txt'
[0.381s] [  1%] Built target ament_cmake_python_build_capella_ros_msg_egg
[0.902s] [  1%] Built target capella_ros_msg__cpp
[0.914s] [  2%] [34m[1mGenerating C++ type support dispatch for ROS interfaces[0m
[0.915s] [  3%] [34m[1mGenerating C++ type support for eProsima Fast-RTPS[0m
[0.921s] [  4%] [34m[1mGenerating C++ introspection for ROS interfaces[0m
[0.960s] [  5%] [32mBuilding C object CMakeFiles/capella_ros_msg__rosidl_generator_c.dir/rosidl_generator_c/capella_ros_msg/msg/detail/battery__functions.c.o[0m
[0.960s] [  7%] [32mBuilding C object CMakeFiles/capella_ros_msg__rosidl_generator_c.dir/rosidl_generator_c/capella_ros_msg/msg/detail/atomize_switch_ctr_stu__functions.c.o[0m
[0.960s] [  7%] [32mBuilding C object CMakeFiles/capella_ros_msg__rosidl_generator_c.dir/rosidl_generator_c/capella_ros_msg/msg/detail/imu__functions.c.o[0m
[0.960s] [  8%] [32mBuilding C object CMakeFiles/capella_ros_msg__rosidl_generator_c.dir/rosidl_generator_c/capella_ros_msg/msg/detail/pid__functions.c.o[0m
[0.972s] [  9%] [32mBuilding C object CMakeFiles/capella_ros_msg__rosidl_generator_c.dir/rosidl_generator_c/capella_ros_msg/msg/detail/velocities__functions.c.o[0m
[0.975s] [ 10%] [32mBuilding C object CMakeFiles/capella_ros_msg__rosidl_generator_c.dir/rosidl_generator_c/capella_ros_msg/msg/detail/ir_data__functions.c.o[0m
[1.043s] [ 11%] [32mBuilding C object CMakeFiles/capella_ros_msg__rosidl_generator_c.dir/rosidl_generator_c/capella_ros_msg/msg/detail/contact_drive_stu__functions.c.o[0m
[1.044s] [ 12%] [32mBuilding C object CMakeFiles/capella_ros_msg__rosidl_generator_c.dir/rosidl_generator_c/capella_ros_msg/msg/detail/single_detector__functions.c.o[0m
[1.046s] [ 13%] [32mBuilding C object CMakeFiles/capella_ros_msg__rosidl_generator_c.dir/rosidl_generator_c/capella_ros_msg/msg/detail/detect_result__functions.c.o[0m
[1.193s] [ 14%] [32mBuilding C object CMakeFiles/capella_ros_msg__rosidl_generator_c.dir/rosidl_generator_c/capella_ros_msg/srv/detail/charge_pile_wifi__functions.c.o[0m
[1.338s] [ 15%] [32m[1mLinking C shared library libcapella_ros_msg__rosidl_generator_c.so[0m
[1.543s] [ 15%] Built target capella_ros_msg__rosidl_generator_c
[1.555s] [ 16%] [34m[1mGenerating C type support for eProsima Fast-RTPS[0m
[1.558s] [ 17%] [34m[1mGenerating C type support dispatch for ROS interfaces[0m
[1.583s] [ 18%] [34m[1mGenerating C introspection for ROS interfaces[0m
[1.610s] [ 19%] [32mBuilding CXX object CMakeFiles/capella_ros_msg__rosidl_typesupport_cpp.dir/rosidl_typesupport_cpp/capella_ros_msg/msg/pid__type_support.cpp.o[0m
[1.611s] [ 20%] [32mBuilding CXX object CMakeFiles/capella_ros_msg__rosidl_typesupport_cpp.dir/rosidl_typesupport_cpp/capella_ros_msg/msg/ir_data__type_support.cpp.o[0m
[1.618s] [ 21%] [32mBuilding CXX object CMakeFiles/capella_ros_msg__rosidl_typesupport_cpp.dir/rosidl_typesupport_cpp/capella_ros_msg/msg/contact_drive_stu__type_support.cpp.o[0m
[1.621s] [ 22%] [32mBuilding CXX object CMakeFiles/capella_ros_msg__rosidl_typesupport_cpp.dir/rosidl_typesupport_cpp/capella_ros_msg/msg/velocities__type_support.cpp.o[0m
[1.627s] [ 23%] [32mBuilding CXX object CMakeFiles/capella_ros_msg__rosidl_typesupport_cpp.dir/rosidl_typesupport_cpp/capella_ros_msg/msg/imu__type_support.cpp.o[0m
[1.634s] [ 24%] [32mBuilding CXX object CMakeFiles/capella_ros_msg__rosidl_typesupport_cpp.dir/rosidl_typesupport_cpp/capella_ros_msg/msg/battery__type_support.cpp.o[0m
[1.647s] [ 25%] [32mBuilding CXX object CMakeFiles/capella_ros_msg__rosidl_typesupport_cpp.dir/rosidl_typesupport_cpp/capella_ros_msg/msg/atomize_switch_ctr_stu__type_support.cpp.o[0m
[2.258s] [ 26%] [32mBuilding CXX object CMakeFiles/capella_ros_msg__rosidl_typesupport_introspection_cpp.dir/rosidl_typesupport_introspection_cpp/capella_ros_msg/msg/detail/battery__type_support.cpp.o[0m
[2.302s] [ 27%] [32mBuilding CXX object CMakeFiles/capella_ros_msg__rosidl_typesupport_cpp.dir/rosidl_typesupport_cpp/capella_ros_msg/msg/detect_result__type_support.cpp.o[0m
[2.315s] [ 28%] [32mBuilding CXX object CMakeFiles/capella_ros_msg__rosidl_typesupport_cpp.dir/rosidl_typesupport_cpp/capella_ros_msg/srv/charge_pile_wifi__type_support.cpp.o[0m
[2.316s] [ 29%] [32mBuilding CXX object CMakeFiles/capella_ros_msg__rosidl_typesupport_cpp.dir/rosidl_typesupport_cpp/capella_ros_msg/msg/single_detector__type_support.cpp.o[0m
[2.364s] [ 30%] [32mBuilding CXX object CMakeFiles/capella_ros_msg__rosidl_typesupport_introspection_cpp.dir/rosidl_typesupport_introspection_cpp/capella_ros_msg/msg/detail/imu__type_support.cpp.o[0m
[2.379s] [ 31%] [32mBuilding CXX object CMakeFiles/capella_ros_msg__rosidl_typesupport_fastrtps_cpp.dir/rosidl_typesupport_fastrtps_cpp/capella_ros_msg/msg/detail/dds_fastrtps/battery__type_support.cpp.o[0m
[2.435s] [ 32%] [32mBuilding CXX object CMakeFiles/capella_ros_msg__rosidl_typesupport_introspection_cpp.dir/rosidl_typesupport_introspection_cpp/capella_ros_msg/msg/detail/velocities__type_support.cpp.o[0m
[2.441s] [ 33%] [32mBuilding CXX object CMakeFiles/capella_ros_msg__rosidl_typesupport_introspection_cpp.dir/rosidl_typesupport_introspection_cpp/capella_ros_msg/msg/detail/pid__type_support.cpp.o[0m
[2.464s] [ 34%] [32mBuilding CXX object CMakeFiles/capella_ros_msg__rosidl_typesupport_fastrtps_cpp.dir/rosidl_typesupport_fastrtps_cpp/capella_ros_msg/msg/detail/dds_fastrtps/imu__type_support.cpp.o[0m
[2.647s] [ 35%] [32mBuilding CXX object CMakeFiles/capella_ros_msg__rosidl_typesupport_c.dir/rosidl_typesupport_c/capella_ros_msg/msg/battery__type_support.cpp.o[0m
[2.792s] [ 36%] [32mBuilding CXX object CMakeFiles/capella_ros_msg__rosidl_typesupport_c.dir/rosidl_typesupport_c/capella_ros_msg/msg/pid__type_support.cpp.o[0m
[2.792s] [ 37%] [32mBuilding CXX object CMakeFiles/capella_ros_msg__rosidl_typesupport_c.dir/rosidl_typesupport_c/capella_ros_msg/msg/imu__type_support.cpp.o[0m
[2.806s] [ 38%] [32mBuilding CXX object CMakeFiles/capella_ros_msg__rosidl_typesupport_c.dir/rosidl_typesupport_c/capella_ros_msg/msg/velocities__type_support.cpp.o[0m
[2.864s] [ 39%] [32mBuilding CXX object CMakeFiles/capella_ros_msg__rosidl_typesupport_c.dir/rosidl_typesupport_c/capella_ros_msg/msg/atomize_switch_ctr_stu__type_support.cpp.o[0m
[2.933s] [ 40%] [32mBuilding CXX object CMakeFiles/capella_ros_msg__rosidl_typesupport_c.dir/rosidl_typesupport_c/capella_ros_msg/msg/ir_data__type_support.cpp.o[0m
[2.997s] [ 41%] [32mBuilding CXX object CMakeFiles/capella_ros_msg__rosidl_typesupport_c.dir/rosidl_typesupport_c/capella_ros_msg/msg/contact_drive_stu__type_support.cpp.o[0m
[3.015s] [ 42%] [32m[1mLinking CXX shared library libcapella_ros_msg__rosidl_typesupport_cpp.so[0m
[3.016s] [ 43%] [32mBuilding CXX object CMakeFiles/capella_ros_msg__rosidl_typesupport_introspection_cpp.dir/rosidl_typesupport_introspection_cpp/capella_ros_msg/msg/detail/atomize_switch_ctr_stu__type_support.cpp.o[0m
[3.033s] [ 44%] [32mBuilding CXX object CMakeFiles/capella_ros_msg__rosidl_typesupport_c.dir/rosidl_typesupport_c/capella_ros_msg/msg/single_detector__type_support.cpp.o[0m
[3.041s] [ 44%] [32mBuilding CXX object CMakeFiles/capella_ros_msg__rosidl_typesupport_c.dir/rosidl_typesupport_c/capella_ros_msg/msg/detect_result__type_support.cpp.o[0m
[3.069s] [ 45%] [32mBuilding CXX object CMakeFiles/capella_ros_msg__rosidl_typesupport_fastrtps_c.dir/rosidl_typesupport_fastrtps_c/capella_ros_msg/msg/detail/battery__type_support_c.cpp.o[0m
[3.072s] [ 47%] [32mBuilding CXX object CMakeFiles/capella_ros_msg__rosidl_typesupport_c.dir/rosidl_typesupport_c/capella_ros_msg/srv/charge_pile_wifi__type_support.cpp.o[0m
[3.072s] [ 47%] [32mBuilding CXX object CMakeFiles/capella_ros_msg__rosidl_typesupport_introspection_cpp.dir/rosidl_typesupport_introspection_cpp/capella_ros_msg/msg/detail/ir_data__type_support.cpp.o[0m
[3.079s] [ 48%] [32mBuilding CXX object CMakeFiles/capella_ros_msg__rosidl_typesupport_introspection_cpp.dir/rosidl_typesupport_introspection_cpp/capella_ros_msg/msg/detail/contact_drive_stu__type_support.cpp.o[0m
[3.133s] [ 49%] [32mBuilding CXX object CMakeFiles/capella_ros_msg__rosidl_typesupport_introspection_cpp.dir/rosidl_typesupport_introspection_cpp/capella_ros_msg/msg/detail/single_detector__type_support.cpp.o[0m
[3.245s] [ 50%] [32m[1mLinking CXX shared library libcapella_ros_msg__rosidl_typesupport_c.so[0m
[3.296s] [ 51%] [32mBuilding CXX object CMakeFiles/capella_ros_msg__rosidl_typesupport_introspection_cpp.dir/rosidl_typesupport_introspection_cpp/capella_ros_msg/msg/detail/detect_result__type_support.cpp.o[0m
[3.345s] [ 51%] Built target capella_ros_msg__rosidl_typesupport_cpp
[3.459s] [ 52%] [32mBuilding CXX object CMakeFiles/capella_ros_msg__rosidl_typesupport_introspection_cpp.dir/rosidl_typesupport_introspection_cpp/capella_ros_msg/srv/detail/charge_pile_wifi__type_support.cpp.o[0m
[3.537s] [ 52%] [32mBuilding CXX object CMakeFiles/capella_ros_msg__rosidl_typesupport_fastrtps_cpp.dir/rosidl_typesupport_fastrtps_cpp/capella_ros_msg/msg/detail/dds_fastrtps/pid__type_support.cpp.o[0m
[3.577s] [ 53%] [32mBuilding C object CMakeFiles/capella_ros_msg__rosidl_typesupport_introspection_c.dir/rosidl_typesupport_introspection_c/capella_ros_msg/msg/detail/battery__type_support.c.o[0m
[3.634s] [ 54%] [32mBuilding CXX object CMakeFiles/capella_ros_msg__rosidl_typesupport_fastrtps_cpp.dir/rosidl_typesupport_fastrtps_cpp/capella_ros_msg/msg/detail/dds_fastrtps/velocities__type_support.cpp.o[0m
[3.656s] [ 54%] Built target capella_ros_msg__rosidl_typesupport_c
[3.694s] [ 55%] [32mBuilding CXX object CMakeFiles/capella_ros_msg__rosidl_typesupport_fastrtps_cpp.dir/rosidl_typesupport_fastrtps_cpp/capella_ros_msg/msg/detail/dds_fastrtps/atomize_switch_ctr_stu__type_support.cpp.o[0m
[3.716s] [ 56%] [32mBuilding CXX object CMakeFiles/capella_ros_msg__rosidl_typesupport_fastrtps_cpp.dir/rosidl_typesupport_fastrtps_cpp/capella_ros_msg/msg/detail/dds_fastrtps/ir_data__type_support.cpp.o[0m
[3.754s] [ 57%] [32mBuilding C object CMakeFiles/capella_ros_msg__rosidl_typesupport_introspection_c.dir/rosidl_typesupport_introspection_c/capella_ros_msg/msg/detail/imu__type_support.c.o[0m
[3.918s] [ 58%] [32mBuilding C object CMakeFiles/capella_ros_msg__rosidl_typesupport_introspection_c.dir/rosidl_typesupport_introspection_c/capella_ros_msg/msg/detail/pid__type_support.c.o[0m
[3.985s] [ 59%] [32mBuilding CXX object CMakeFiles/capella_ros_msg__rosidl_typesupport_fastrtps_cpp.dir/rosidl_typesupport_fastrtps_cpp/capella_ros_msg/msg/detail/dds_fastrtps/contact_drive_stu__type_support.cpp.o[0m
[4.029s] [ 60%] [32mBuilding C object CMakeFiles/capella_ros_msg__rosidl_typesupport_introspection_c.dir/rosidl_typesupport_introspection_c/capella_ros_msg/msg/detail/velocities__type_support.c.o[0m
[4.096s] [ 61%] [32mBuilding CXX object CMakeFiles/capella_ros_msg__rosidl_typesupport_fastrtps_cpp.dir/rosidl_typesupport_fastrtps_cpp/capella_ros_msg/msg/detail/dds_fastrtps/single_detector__type_support.cpp.o[0m
[4.177s] [ 62%] [32mBuilding C object CMakeFiles/capella_ros_msg__rosidl_typesupport_introspection_c.dir/rosidl_typesupport_introspection_c/capella_ros_msg/msg/detail/atomize_switch_ctr_stu__type_support.c.o[0m
[4.211s] [ 63%] [32mBuilding CXX object CMakeFiles/capella_ros_msg__rosidl_typesupport_fastrtps_c.dir/rosidl_typesupport_fastrtps_c/capella_ros_msg/msg/detail/imu__type_support_c.cpp.o[0m
[4.378s] [ 64%] [32mBuilding C object CMakeFiles/capella_ros_msg__rosidl_typesupport_introspection_c.dir/rosidl_typesupport_introspection_c/capella_ros_msg/msg/detail/ir_data__type_support.c.o[0m
[4.541s] [ 65%] [32mBuilding C object CMakeFiles/capella_ros_msg__rosidl_typesupport_introspection_c.dir/rosidl_typesupport_introspection_c/capella_ros_msg/msg/detail/contact_drive_stu__type_support.c.o[0m
[4.628s] [ 66%] [32mBuilding C object CMakeFiles/capella_ros_msg__rosidl_typesupport_introspection_c.dir/rosidl_typesupport_introspection_c/capella_ros_msg/msg/detail/single_detector__type_support.c.o[0m
[4.665s] [ 67%] [32mBuilding C object CMakeFiles/capella_ros_msg__rosidl_typesupport_introspection_c.dir/rosidl_typesupport_introspection_c/capella_ros_msg/msg/detail/detect_result__type_support.c.o[0m
[4.738s] [ 68%] [32mBuilding CXX object CMakeFiles/capella_ros_msg__rosidl_typesupport_fastrtps_c.dir/rosidl_typesupport_fastrtps_c/capella_ros_msg/msg/detail/pid__type_support_c.cpp.o[0m
[4.774s] [ 69%] [32mBuilding C object CMakeFiles/capella_ros_msg__rosidl_typesupport_introspection_c.dir/rosidl_typesupport_introspection_c/capella_ros_msg/srv/detail/charge_pile_wifi__type_support.c.o[0m
[4.803s] [ 70%] [32mBuilding CXX object CMakeFiles/capella_ros_msg__rosidl_typesupport_fastrtps_cpp.dir/rosidl_typesupport_fastrtps_cpp/capella_ros_msg/msg/detail/dds_fastrtps/detect_result__type_support.cpp.o[0m
[4.805s] [ 71%] [32mBuilding CXX object CMakeFiles/capella_ros_msg__rosidl_typesupport_fastrtps_cpp.dir/rosidl_typesupport_fastrtps_cpp/capella_ros_msg/srv/detail/dds_fastrtps/charge_pile_wifi__type_support.cpp.o[0m
[5.013s] [ 72%] [32m[1mLinking C shared library libcapella_ros_msg__rosidl_typesupport_introspection_c.so[0m
[5.404s] [ 73%] [32m[1mLinking CXX shared library libcapella_ros_msg__rosidl_typesupport_introspection_cpp.so[0m
[5.488s] [ 73%] Built target capella_ros_msg__rosidl_typesupport_introspection_c
[5.547s] [ 74%] [32mBuilding CXX object CMakeFiles/capella_ros_msg__rosidl_typesupport_fastrtps_c.dir/rosidl_typesupport_fastrtps_c/capella_ros_msg/msg/detail/velocities__type_support_c.cpp.o[0m
[5.741s] [ 75%] [32mBuilding CXX object CMakeFiles/capella_ros_msg__rosidl_typesupport_fastrtps_c.dir/rosidl_typesupport_fastrtps_c/capella_ros_msg/msg/detail/atomize_switch_ctr_stu__type_support_c.cpp.o[0m
[5.766s] [ 76%] [32mBuilding CXX object CMakeFiles/capella_ros_msg__rosidl_typesupport_fastrtps_c.dir/rosidl_typesupport_fastrtps_c/capella_ros_msg/msg/detail/ir_data__type_support_c.cpp.o[0m
[5.846s] [ 77%] [32mBuilding CXX object CMakeFiles/capella_ros_msg__rosidl_typesupport_fastrtps_c.dir/rosidl_typesupport_fastrtps_c/capella_ros_msg/msg/detail/contact_drive_stu__type_support_c.cpp.o[0m
[5.850s] [ 78%] [32mBuilding CXX object CMakeFiles/capella_ros_msg__rosidl_typesupport_fastrtps_c.dir/rosidl_typesupport_fastrtps_c/capella_ros_msg/msg/detail/detect_result__type_support_c.cpp.o[0m
[5.867s] [ 79%] [32mBuilding CXX object CMakeFiles/capella_ros_msg__rosidl_typesupport_fastrtps_c.dir/rosidl_typesupport_fastrtps_c/capella_ros_msg/msg/detail/single_detector__type_support_c.cpp.o[0m
[5.985s] [ 80%] [32mBuilding CXX object CMakeFiles/capella_ros_msg__rosidl_typesupport_fastrtps_c.dir/rosidl_typesupport_fastrtps_c/capella_ros_msg/srv/detail/charge_pile_wifi__type_support_c.cpp.o[0m
[6.159s] [ 80%] Built target capella_ros_msg__rosidl_typesupport_introspection_cpp
[6.599s] [ 81%] [32m[1mLinking CXX shared library libcapella_ros_msg__rosidl_typesupport_fastrtps_cpp.so[0m
[7.247s] [ 82%] [32m[1mLinking CXX shared library libcapella_ros_msg__rosidl_typesupport_fastrtps_c.so[0m
[7.316s] [ 82%] Built target capella_ros_msg__rosidl_typesupport_fastrtps_cpp
[7.850s] [ 82%] Built target capella_ros_msg__rosidl_typesupport_fastrtps_c
[7.945s] [ 82%] Built target capella_ros_msg
[7.989s] [ 83%] [34m[1mGenerating Python code for ROS interfaces[0m
[10.658s] [ 83%] Built target capella_ros_msg__py
[10.679s] [ 88%] [32mBuilding C object CMakeFiles/capella_ros_msg__rosidl_generator_py.dir/rosidl_generator_py/capella_ros_msg/msg/_single_detector_s.c.o[0m
[10.679s] [ 89%] [32mBuilding C object CMakeFiles/capella_ros_msg__rosidl_generator_py.dir/rosidl_generator_py/capella_ros_msg/msg/_detect_result_s.c.o[0m
[10.679s] [ 90%] [32mBuilding C object CMakeFiles/capella_ros_msg__rosidl_generator_py.dir/rosidl_generator_py/capella_ros_msg/msg/_velocities_s.c.o[0m
[10.679s] [ 90%] [32mBuilding C object CMakeFiles/capella_ros_msg__rosidl_generator_py.dir/rosidl_generator_py/capella_ros_msg/msg/_ir_data_s.c.o[0m
[10.679s] [ 90%] [32mBuilding C object CMakeFiles/capella_ros_msg__rosidl_generator_py.dir/rosidl_generator_py/capella_ros_msg/msg/_pid_s.c.o[0m
[10.679s] [ 90%] [32mBuilding C object CMakeFiles/capella_ros_msg__rosidl_generator_py.dir/rosidl_generator_py/capella_ros_msg/msg/_imu_s.c.o[0m
[10.680s] [ 90%] [32mBuilding C object CMakeFiles/capella_ros_msg__rosidl_generator_py.dir/rosidl_generator_py/capella_ros_msg/msg/_battery_s.c.o[0m
[10.680s] [ 92%] [32mBuilding C object CMakeFiles/capella_ros_msg__rosidl_generator_py.dir/rosidl_generator_py/capella_ros_msg/srv/_charge_pile_wifi_s.c.o[0m
[10.680s] [ 92%] [32mBuilding C object CMakeFiles/capella_ros_msg__rosidl_generator_py.dir/rosidl_generator_py/capella_ros_msg/msg/_contact_drive_stu_s.c.o[0m
[10.680s] [ 93%] [32mBuilding C object CMakeFiles/capella_ros_msg__rosidl_generator_py.dir/rosidl_generator_py/capella_ros_msg/msg/_atomize_switch_ctr_stu_s.c.o[0m
[10.949s] [ 94%] [32m[1mLinking C shared library rosidl_generator_py/capella_ros_msg/libcapella_ros_msg__rosidl_generator_py.so[0m
[11.161s] [ 94%] Built target capella_ros_msg__rosidl_generator_py
[11.182s] [ 96%] [32mBuilding C object CMakeFiles/capella_ros_msg__rosidl_typesupport_c__pyext.dir/rosidl_generator_py/capella_ros_msg/_capella_ros_msg_s.ep.rosidl_typesupport_c.c.o[0m
[11.182s] [ 96%] [32mBuilding C object CMakeFiles/capella_ros_msg__rosidl_typesupport_introspection_c__pyext.dir/rosidl_generator_py/capella_ros_msg/_capella_ros_msg_s.ep.rosidl_typesupport_introspection_c.c.o[0m
[11.182s] [ 97%] [32mBuilding C object CMakeFiles/capella_ros_msg__rosidl_typesupport_fastrtps_c__pyext.dir/rosidl_generator_py/capella_ros_msg/_capella_ros_msg_s.ep.rosidl_typesupport_fastrtps_c.c.o[0m
[11.381s] [ 98%] [32m[1mLinking C shared library rosidl_generator_py/capella_ros_msg/capella_ros_msg_s__rosidl_typesupport_fastrtps_c.cpython-310-x86_64-linux-gnu.so[0m
[11.384s] [ 99%] [32m[1mLinking C shared library rosidl_generator_py/capella_ros_msg/capella_ros_msg_s__rosidl_typesupport_introspection_c.cpython-310-x86_64-linux-gnu.so[0m
[11.391s] [100%] [32m[1mLinking C shared library rosidl_generator_py/capella_ros_msg/capella_ros_msg_s__rosidl_typesupport_c.cpython-310-x86_64-linux-gnu.so[0m
[11.479s] [100%] Built target capella_ros_msg__rosidl_typesupport_introspection_c__pyext
[11.480s] [100%] Built target capella_ros_msg__rosidl_typesupport_fastrtps_c__pyext
[11.505s] [100%] Built target capella_ros_msg__rosidl_typesupport_c__pyext
