[0.256s] DEBUG:colcon:Command line arguments: ['/usr/bin/colcon', 'build', '--merge-install', '--symlink-install', '--base-paths', 'src/capella_nav_and_carto_server', 'src/capella_ros_launcher', '--cmake-args', '-DCMAKE_BUILD_TYPE=RelWithDebInfo', '-DCMAKE_EXPORT_COMPILE_COMMANDS=On', '-Wall', '-Wextra', '-Wpedantic']
[0.256s] DEBUG:colcon:Parsed command line arguments: Namespace(log_base=None, log_level=None, verb_name='build', build_base='build', install_base='install', merge_install=True, symlink_install=True, test_result_base=None, continue_on_error=False, executor='parallel', parallel_workers=12, event_handlers=None, ignore_user_meta=False, metas=['./colcon.meta'], base_paths=['src/capella_nav_and_carto_server', 'src/capella_ros_launcher'], packages_ignore=None, packages_ignore_regex=None, paths=None, packages_up_to=None, packages_up_to_regex=None, packages_above=None, packages_above_and_dependencies=None, packages_above_depth=None, packages_select_by_dep=None, packages_skip_by_dep=None, packages_skip_up_to=None, packages_select_build_failed=False, packages_skip_build_finished=False, packages_select_test_failures=False, packages_skip_test_passed=False, packages_select=None, packages_skip=None, packages_select_regex=None, packages_skip_regex=None, packages_start=None, packages_end=None, allow_overriding=[], cmake_args=['-DCMAKE_BUILD_TYPE=RelWithDebInfo', '-DCMAKE_EXPORT_COMPILE_COMMANDS=On', '-Wall', '-Wextra', '-Wpedantic'], cmake_target=None, cmake_target_skip_unavailable=False, cmake_clean_cache=False, cmake_clean_first=False, cmake_force_configure=False, ament_cmake_args=None, catkin_cmake_args=None, catkin_skip_building_tests=False, verb_parser=<colcon_defaults.argument_parser.defaults.DefaultArgumentsDecorator object at 0x7ff3c2cf3610>, verb_extension=<colcon_core.verb.build.BuildVerb object at 0x7ff3c35089d0>, main=<bound method BuildVerb.main of <colcon_core.verb.build.BuildVerb object at 0x7ff3c35089d0>>)
[0.280s] Level 1:colcon.colcon_core.package_discovery:discover_packages(colcon_meta) check parameters
[0.280s] Level 1:colcon.colcon_core.package_discovery:discover_packages(recursive) check parameters
[0.280s] Level 1:colcon.colcon_core.package_discovery:discover_packages(ignore) check parameters
[0.280s] Level 1:colcon.colcon_core.package_discovery:discover_packages(path) check parameters
[0.280s] Level 1:colcon.colcon_core.package_discovery:discover_packages(recursive) discover
[0.280s] INFO:colcon.colcon_core.package_discovery:Crawling recursively for packages in '/home/ros2/git/mygit/capella_ros_dock/src/capella_nav_and_carto_server', '/home/ros2/git/mygit/capella_ros_dock/src/capella_ros_launcher'
[0.280s] Level 1:colcon.colcon_core.package_discovery:discover_packages(recursive) using defaults
[0.296s] Level 1:colcon.colcon_core.package_discovery:discover_packages(prefix_path) check parameters
[0.296s] Level 1:colcon.colcon_core.package_discovery:discover_packages(prefix_path) discover
[0.300s] DEBUG:colcon.colcon_installed_package_information.package_discovery:Found 386 installed packages in /opt/ros/humble
[0.301s] Level 1:colcon.colcon_core.package_discovery:discover_packages(prefix_path) using defaults
[0.339s] INFO:colcon.colcon_core.executor:Executing jobs using 'parallel' executor
[0.341s] DEBUG:colcon.colcon_parallel_executor.executor.parallel:run_until_complete
[0.342s] DEBUG:colcon.colcon_parallel_executor.executor.parallel:closing loop
[0.342s] DEBUG:colcon.colcon_parallel_executor.executor.parallel:loop closed
[0.342s] DEBUG:colcon.colcon_parallel_executor.executor.parallel:run_until_complete finished with '0'
[0.342s] DEBUG:colcon.colcon_core.event_reactor:joining thread
[0.378s] INFO:colcon.colcon_core.plugin_system:Skipping extension 'colcon_notification.desktop_notification.notify_send': Could not find 'notify-send'
[0.378s] INFO:colcon.colcon_core.plugin_system:Skipping extension 'colcon_notification.desktop_notification.terminal_notifier': Not used on non-Darwin systems
[0.378s] INFO:colcon.colcon_core.plugin_system:Skipping extension 'colcon_notification.desktop_notification.win32': Not used on non-Windows systems
[0.378s] INFO:colcon.colcon_notification.desktop_notification:Sending desktop notification using 'notify2'
[0.406s] DEBUG:colcon.colcon_notification.desktop_notification.notify2:Failed to initialize notify2: org.freedesktop.DBus.Error.ServiceUnknown: The name org.freedesktop.Notifications was not provided by any .service files
[0.406s] DEBUG:colcon.colcon_core.event_reactor:joined thread
[0.412s] INFO:colcon.colcon_core.plugin_system:Skipping extension 'colcon_core.shell.bat': Not used on non-Windows systems
[0.413s] INFO:colcon.colcon_core.shell:Creating prefix script '/home/ros2/git/mygit/capella_ros_dock/install/local_setup.ps1'
[0.413s] INFO:colcon.colcon_core.shell:Creating prefix util module '/home/ros2/git/mygit/capella_ros_dock/install/_local_setup_util_ps1.py'
[0.414s] INFO:colcon.colcon_core.shell:Creating prefix chain script '/home/ros2/git/mygit/capella_ros_dock/install/setup.ps1'
[0.415s] INFO:colcon.colcon_core.shell:Creating prefix script '/home/ros2/git/mygit/capella_ros_dock/install/local_setup.sh'
[0.416s] INFO:colcon.colcon_core.shell:Creating prefix util module '/home/ros2/git/mygit/capella_ros_dock/install/_local_setup_util_sh.py'
[0.416s] INFO:colcon.colcon_core.shell:Creating prefix chain script '/home/ros2/git/mygit/capella_ros_dock/install/setup.sh'
[0.417s] INFO:colcon.colcon_core.shell:Creating prefix script '/home/ros2/git/mygit/capella_ros_dock/install/local_setup.bash'
[0.417s] INFO:colcon.colcon_core.shell:Creating prefix chain script '/home/ros2/git/mygit/capella_ros_dock/install/setup.bash'
[0.418s] INFO:colcon.colcon_core.shell:Creating prefix script '/home/ros2/git/mygit/capella_ros_dock/install/local_setup.zsh'
[0.418s] INFO:colcon.colcon_core.shell:Creating prefix chain script '/home/ros2/git/mygit/capella_ros_dock/install/setup.zsh'
