1694059862.006594 [0]       ros2: config: Domain/General/MulticastRecvNetworkInterfaceAddresses/#text: preferred {}
1694059862.006631 [0]       ros2: config: Domain/General/Interfaces/NetworkInterface[@autodetermine]: false {}
1694059862.006640 [0]       ros2: config: Domain/General/Interfaces/NetworkInterface[@name]: br-69323427f17c {1}
1694059862.006645 [0]       ros2: config: Domain/General/Interfaces/NetworkInterface[@address]:  {}
1694059862.006650 [0]       ros2: config: Domain/General/Interfaces/NetworkInterface[@priority]: default {1}
1694059862.006655 [0]       ros2: config: Domain/General/Interfaces/NetworkInterface[@prefer_multicast]: false {}
1694059862.006660 [0]       ros2: config: Domain/General/Interfaces/NetworkInterface[@multicast]: default {1}
1694059862.006664 [0]       ros2: config: Domain/General/ExternalNetworkAddress/#text: auto {}
1694059862.006669 [0]       ros2: config: Domain/General/ExternalNetworkMask/#text: 0.0.0.0 {}
1694059862.006673 [0]       ros2: config: Domain/General/AllowMulticast/#text: default {1}
1694059862.006678 [0]       ros2: config: Domain/General/MulticastTimeToLive/#text: 32 {}
1694059862.006683 [0]       ros2: config: Domain/General/DontRoute/#text: false {}
1694059862.006689 [0]       ros2: config: Domain/General/Transport/#text: udp {}
1694059862.006695 [0]       ros2: config: Domain/General/EnableMulticastLoopback/#text: true {}
1694059862.006702 [0]       ros2: config: Domain/General/MaxMessageSize/#text: 65500 B {1}
1694059862.006709 [0]       ros2: config: Domain/General/MaxRexmitMessageSize/#text: 1456 B {}
1694059862.006715 [0]       ros2: config: Domain/General/FragmentSize/#text: 1344 B {}
1694059862.006721 [0]       ros2: config: Domain/General/RedundantNetworking/#text: false {}
1694059862.006729 [0]       ros2: config: Domain/Sizing/ReceiveBufferSize/#text: 1 MiB {}
1694059862.006736 [0]       ros2: config: Domain/Sizing/ReceiveBufferChunkSize/#text: 128 KiB {}
1694059862.006741 [0]       ros2: config: Domain/Compatibility/StandardsConformance/#text: lax {}
1694059862.006745 [0]       ros2: config: Domain/Compatibility/ExplicitlyPublishQosSetToDefault/#text: false {}
1694059862.006750 [0]       ros2: config: Domain/Compatibility/ManySocketsMode/#text: single {}
1694059862.006755 [0]       ros2: config: Domain/Compatibility/AssumeRtiHasPmdEndpoints/#text: false {}
1694059862.006762 [0]       ros2: config: Domain/Discovery/Tag/#text:  {}
1694059862.006767 [0]       ros2: config: Domain/Discovery/ExternalDomainId/#text: 0 {}
1694059862.006774 [0]       ros2: config: Domain/Discovery/DSGracePeriod/#text: 30 s {}
1694059862.006781 [0]       ros2: config: Domain/Discovery/ParticipantIndex/#text: none {}
1694059862.006787 [0]       ros2: config: Domain/Discovery/MaxAutoParticipantIndex/#text: 9 {}
1694059862.006792 [0]       ros2: config: Domain/Discovery/SPDPMulticastAddress/#text: 239.255.0.1 {}
1694059862.006799 [0]       ros2: config: Domain/Discovery/SPDPInterval/#text: 30 s {}
1694059862.006804 [0]       ros2: config: Domain/Discovery/DefaultMulticastAddress/#text: auto {}
1694059862.006808 [0]       ros2: config: Domain/Discovery/Ports/Base/#text: 7400 {}
1694059862.006813 [0]       ros2: config: Domain/Discovery/Ports/DomainGain/#text: 250 {}
1694059862.006829 [0]       ros2: config: Domain/Discovery/Ports/ParticipantGain/#text: 2 {}
1694059862.006835 [0]       ros2: config: Domain/Discovery/Ports/MulticastMetaOffset/#text: 0 {}
1694059862.006840 [0]       ros2: config: Domain/Discovery/Ports/UnicastMetaOffset/#text: 10 {}
1694059862.006844 [0]       ros2: config: Domain/Discovery/Ports/MulticastDataOffset/#text: 1 {}
1694059862.006849 [0]       ros2: config: Domain/Discovery/Ports/UnicastDataOffset/#text: 11 {}
1694059862.006853 [0]       ros2: config: Domain/Discovery/LeaseDuration/#text: 10 s {}
1694059862.006863 [0]       ros2: config: Domain/Tracing/Category/#text: fatal,error,warning,info,config {1}
1694059862.006867 [0]       ros2: config: Domain/Tracing/OutputFile/#text: cyclonedds.log {}
1694059862.006872 [0]       ros2: config: Domain/Tracing/AppendToFile/#text: false {}
1694059862.006881 [0]       ros2: config: Domain/Tracing/PacketCaptureFile/#text:  {}
1694059862.006886 [0]       ros2: config: Domain/Internal/DeliveryQueueMaxSamples/#text: 256 {}
1694059862.006890 [0]       ros2: config: Domain/Internal/PrimaryReorderMaxSamples/#text: 128 {}
1694059862.006894 [0]       ros2: config: Domain/Internal/SecondaryReorderMaxSamples/#text: 128 {}
1694059862.006898 [0]       ros2: config: Domain/Internal/DefragUnreliableMaxSamples/#text: 4 {}
1694059862.006903 [0]       ros2: config: Domain/Internal/DefragReliableMaxSamples/#text: 16 {}
1694059862.006907 [0]       ros2: config: Domain/Internal/BuiltinEndpointSet/#text: writers {}
1694059862.006911 [0]       ros2: config: Domain/Internal/MeasureHbToAckLatency/#text: false {}
1694059862.006915 [0]       ros2: config: Domain/Internal/UnicastResponseToSPDPMessages/#text: true {}
1694059862.006920 [0]       ros2: config: Domain/Internal/SynchronousDeliveryPriorityThreshold/#text: 0 {}
1694059862.006924 [0]       ros2: config: Domain/Internal/SynchronousDeliveryLatencyBound/#text: inf {}
1694059862.006929 [0]       ros2: config: Domain/Internal/MaxParticipants/#text: 0 {}
1694059862.006933 [0]       ros2: config: Domain/Internal/AccelerateRexmitBlockSize/#text: 0 {}
1694059862.006937 [0]       ros2: config: Domain/Internal/RetransmitMerging/#text: never {}
1694059862.006941 [0]       ros2: config: Domain/Internal/RetransmitMergingPeriod/#text: 5 ms {}
1694059862.006946 [0]       ros2: config: Domain/Internal/HeartbeatInterval/#text: 100 ms {}
1694059862.006951 [0]       ros2: config: Domain/Internal/HeartbeatInterval[@min]: 5 ms {}
1694059862.006955 [0]       ros2: config: Domain/Internal/HeartbeatInterval[@minsched]: 20 ms {}
1694059862.006960 [0]       ros2: config: Domain/Internal/HeartbeatInterval[@max]: 8 s {}
1694059862.006964 [0]       ros2: config: Domain/Internal/MaxQueuedRexmitBytes/#text: 512 KiB {}
1694059862.006968 [0]       ros2: config: Domain/Internal/MaxQueuedRexmitMessages/#text: 200 {}
1694059862.006973 [0]       ros2: config: Domain/Internal/WriterLingerDuration/#text: 1 s {}
1694059862.006977 [0]       ros2: config: Domain/Internal/SocketReceiveBufferSize[@min]: default {}
1694059862.006981 [0]       ros2: config: Domain/Internal/SocketReceiveBufferSize[@max]: default {}
1694059862.006986 [0]       ros2: config: Domain/Internal/SocketSendBufferSize[@min]: 64 KiB {}
1694059862.006990 [0]       ros2: config: Domain/Internal/SocketSendBufferSize[@max]: default {}
1694059862.006995 [0]       ros2: config: Domain/Internal/NackDelay/#text: 100 ms {}
1694059862.006999 [0]       ros2: config: Domain/Internal/AckDelay/#text: 10 ms {}
1694059862.007004 [0]       ros2: config: Domain/Internal/AutoReschedNackDelay/#text: 1 s {}
1694059862.007008 [0]       ros2: config: Domain/Internal/PreEmptiveAckDelay/#text: 10 ms {}
1694059862.007013 [0]       ros2: config: Domain/Internal/ScheduleTimeRounding/#text: 0 s {}
1694059862.007017 [0]       ros2: config: Domain/Internal/DDSI2DirectMaxThreads/#text: 1 {}
1694059862.007021 [0]       ros2: config: Domain/Internal/SquashParticipants/#text: false {}
1694059862.007025 [0]       ros2: config: Domain/Internal/SPDPResponseMaxDelay/#text: 0 s {}
1694059862.007030 [0]       ros2: config: Domain/Internal/LateAckMode/#text: false {}
1694059862.007034 [0]       ros2: config: Domain/Internal/RetryOnRejectBestEffort/#text: false {}
1694059862.007038 [0]       ros2: config: Domain/Internal/GenerateKeyhash/#text: false {}
1694059862.007043 [0]       ros2: config: Domain/Internal/MaxSampleSize/#text: 2147483647 B {}
1694059862.007047 [0]       ros2: config: Domain/Internal/WriteBatch/#text: false {}
1694059862.007051 [0]       ros2: config: Domain/Internal/LivelinessMonitoring/#text: false {}
1694059862.007056 [0]       ros2: config: Domain/Internal/LivelinessMonitoring[@StackTraces]: true {}
1694059862.007060 [0]       ros2: config: Domain/Internal/LivelinessMonitoring[@Interval]: 1 s {}
1694059862.007065 [0]       ros2: config: Domain/Internal/MonitorPort/#text: -1 {}
1694059862.007069 [0]       ros2: config: Domain/Internal/PrioritizeRetransmit/#text: true {}
1694059862.007076 [0]       ros2: config: Domain/Internal/UseMulticastIfMreqn/#text: 0 {}
1694059862.007080 [0]       ros2: config: Domain/Internal/RediscoveryBlacklistDuration/#text: 0 s {}
1694059862.007085 [0]       ros2: config: Domain/Internal/RediscoveryBlacklistDuration[@enforce]: false {}
1694059862.007089 [0]       ros2: config: Domain/Internal/MultipleReceiveThreads/#text: default {}
1694059862.007094 [0]       ros2: config: Domain/Internal/MultipleReceiveThreads[@maxretries]: 4294967295 {}
1694059862.007098 [0]       ros2: config: Domain/Internal/Test/XmitLossiness/#text: 0 {}
1694059862.007103 [0]       ros2: config: Domain/Internal/Watermarks/WhcLow/#text: 1 KiB {}
1694059862.007108 [0]       ros2: config: Domain/Internal/Watermarks/WhcHigh/#text: 500 KiB {1}
1694059862.007112 [0]       ros2: config: Domain/Internal/Watermarks/WhcHighInit/#text: 30 KiB {}
1694059862.007117 [0]       ros2: config: Domain/Internal/Watermarks/WhcAdaptive/#text: true {}
1694059862.007122 [0]       ros2: config: Domain/Internal/BurstSize/MaxRexmit/#text: 1 MiB {}
1694059862.007126 [0]       ros2: config: Domain/Internal/BurstSize/MaxInitTransmit/#text: 4294967295 {}
1694059862.007130 [0]       ros2: config: Domain/Internal/EnableExpensiveChecks/#text:  {}
1694059862.007135 [0]       ros2: config: Domain/TCP/NoDelay/#text: true {}
1694059862.007139 [0]       ros2: config: Domain/TCP/Port/#text: -1 {}
1694059862.007144 [0]       ros2: config: Domain/TCP/ReadTimeout/#text: 2 s {}
1694059862.007148 [0]       ros2: config: Domain/TCP/WriteTimeout/#text: 2 s {}
1694059862.007152 [0]       ros2: config: Domain/TCP/AlwaysUsePeeraddrForUnicast/#text: false {}
1694059862.007157 [0]       ros2: config: Domain/SSL/Enable/#text: false {}
1694059862.007161 [0]       ros2: config: Domain/SSL/CertificateVerification/#text: true {}
1694059862.007165 [0]       ros2: config: Domain/SSL/VerifyClient/#text: true {}
1694059862.007170 [0]       ros2: config: Domain/SSL/SelfSignedCertificates/#text: false {}
1694059862.007174 [0]       ros2: config: Domain/SSL/KeystoreFile/#text: keystore {}
1694059862.007178 [0]       ros2: config: Domain/SSL/KeyPassphrase/#text: secret {}
1694059862.007182 [0]       ros2: config: Domain/SSL/Ciphers/#text: ALL:!ADH:!LOW:!EXP:!MD5:@STRENGTH {}
1694059862.007187 [0]       ros2: config: Domain/SSL/EntropyFile/#text:  {}
1694059862.007191 [0]       ros2: config: Domain/SSL/MinimumTLSVersion/#text: 1.3 {}
1694059862.007196 [0]       ros2: config: Domain/SharedMemory/Enable/#text: false {}
1694059862.007200 [0]       ros2: config: Domain/SharedMemory/Locator/#text:  {}
1694059862.007204 [0]       ros2: config: Domain/SharedMemory/Prefix/#text: DDS_CYCLONE {}
1694059862.007208 [0]       ros2: config: Domain/SharedMemory/LogLevel/#text: info {}
1694059862.007213 [0]       ros2: config: Domain[@Id]: 0 {1}
1694059862.007233 [0]       ros2: started at 1694059862.067220 -- 2023-09-07 04:11:02+00:00
1694059862.007238 [0]       ros2: udp initialized
1694059862.008213 [0]       ros2: interfaces: lo udp/127.0.0.1(q1) enp1s0 udp/192.168.0.11(q9) wlp2s0 wireless udp/192.168.4.5(q9) br-186029474f45 udp/172.18.0.1(q9) br-69323427f17c udp/172.19.0.1(q9) docker0 udp/172.17.0.1(q9) enx344b50000000 udp/192.168.1.101(q9)
1694059862.008224 [0]       ros2: selected interfaces: br-69323427f17c (index 6 priority 0)
1694059862.008228 [0]       ros2: presumed robust multicast support, use for everything
1694059862.008242 [0]       ros2: ownip: udp/172.19.0.1
1694059862.008246 [0]       ros2: extmask: invalid/0 (not applicable)
1694059862.008250 [0]       ros2: SPDP MC: udp/239.255.0.1
1694059862.008254 [0]       ros2: default MC: udp/239.255.0.1
1694059862.008257 [0]       ros2: SSM support included
1694059862.008314 [0]       ros2: rtps_init: uc ports: disc 0 data 0
1694059862.008319 [0]       ros2: rtps_init: domainid 0 participantid -2
1694059862.008323 [0]       ros2: Unicast Ports: discovery 50179 data 50179
1694059862.008346 [0]       ros2: Multicast Ports: discovery 7400 data 7401 
1694059862.008367 [0]       ros2: interface br-69323427f17c: transmit port 35573
1694059862.847361 [0]       ros2: udp finalized
1694059862.847466 [0]       ros2: Finis.
