[0.018s] Invoking command in '/home/ros2/git/mygit/capella_ros_dock/build/capella_ros_dock_msgs': CMAKE_PREFIX_PATH=/opt/ros/humble WSLENV=ELECTRON_RUN_AS_NODE/w:WT_SESSION::WT_PROFILE_ID /usr/bin/cmake --build /home/ros2/git/mygit/capella_ros_dock/build/capella_ros_dock_msgs -- -j12 -l12
[0.050s] [  2%] Built target capella_ros_dock_msgs__cpp
[0.053s] [ 12%] Built target capella_ros_dock_msgs__rosidl_generator_c
[0.056s] [ 12%] Built target ament_cmake_python_symlink_capella_ros_dock_msgs
[0.074s] [ 25%] Built target capella_ros_dock_msgs__rosidl_typesupport_cpp
[0.076s] [ 33%] Built target capella_ros_dock_msgs__rosidl_typesupport_introspection_cpp
[0.081s] [ 43%] Built target capella_ros_dock_msgs__rosidl_typesupport_fastrtps_cpp
[0.085s] [ 53%] Built target capella_ros_dock_msgs__rosidl_typesupport_introspection_c
[0.085s] [ 64%] Built target capella_ros_dock_msgs__rosidl_typesupport_c
[0.085s] [ 74%] Built target capella_ros_dock_msgs__rosidl_typesupport_fastrtps_c
[0.104s] [ 74%] Built target capella_ros_dock_msgs
[0.120s] [ 76%] Built target capella_ros_dock_msgs__py
[0.136s] [ 84%] Built target capella_ros_dock_msgs__rosidl_generator_py
[0.152s] [ 97%] Built target capella_ros_dock_msgs__rosidl_typesupport_c__pyext
[0.152s] [ 97%] Built target capella_ros_dock_msgs__rosidl_typesupport_introspection_c__pyext
[0.152s] [100%] Built target capella_ros_dock_msgs__rosidl_typesupport_fastrtps_c__pyext
[0.244s] running egg_info
[0.245s] writing capella_ros_dock_msgs.egg-info/PKG-INFO
[0.245s] writing dependency_links to capella_ros_dock_msgs.egg-info/dependency_links.txt
[0.245s] writing top-level names to capella_ros_dock_msgs.egg-info/top_level.txt
[0.246s] reading manifest file 'capella_ros_dock_msgs.egg-info/SOURCES.txt'
[0.247s] writing manifest file 'capella_ros_dock_msgs.egg-info/SOURCES.txt'
[0.267s] [100%] Built target ament_cmake_python_build_capella_ros_dock_msgs_egg
[0.275s] Invoked command in '/home/ros2/git/mygit/capella_ros_dock/build/capella_ros_dock_msgs' returned '0': CMAKE_PREFIX_PATH=/opt/ros/humble WSLENV=ELECTRON_RUN_AS_NODE/w:WT_SESSION::WT_PROFILE_ID /usr/bin/cmake --build /home/ros2/git/mygit/capella_ros_dock/build/capella_ros_dock_msgs -- -j12 -l12
[0.326s] Invoking command in '/home/ros2/git/mygit/capella_ros_dock/build/capella_ros_dock_msgs': CMAKE_PREFIX_PATH=/opt/ros/humble WSLENV=ELECTRON_RUN_AS_NODE/w:WT_SESSION::WT_PROFILE_ID /usr/bin/cmake --install /home/ros2/git/mygit/capella_ros_dock/build/capella_ros_dock_msgs
[0.331s] -- Install configuration: "RelWithDebInfo"
[0.332s] -- Execute custom install script
[0.332s] -- Up-to-date symlink: /home/ros2/git/mygit/capella_ros_dock/install/share/ament_index/resource_index/rosidl_interfaces/capella_ros_dock_msgs
[0.333s] -- Up-to-date symlink: /home/ros2/git/mygit/capella_ros_dock/install/include/capella_ros_dock_msgs/capella_ros_dock_msgs/msg/detail/hazard_detection__functions.h
[0.333s] -- Up-to-date symlink: /home/ros2/git/mygit/capella_ros_dock/install/include/capella_ros_dock_msgs/capella_ros_dock_msgs/msg/detail/hazard_detection__struct.h
[0.333s] -- Up-to-date symlink: /home/ros2/git/mygit/capella_ros_dock/install/include/capella_ros_dock_msgs/capella_ros_dock_msgs/msg/detail/hazard_detection__type_support.h
[0.333s] -- Up-to-date symlink: /home/ros2/git/mygit/capella_ros_dock/install/include/capella_ros_dock_msgs/capella_ros_dock_msgs/msg/detail/hazard_detection_vector__functions.h
[0.333s] -- Up-to-date symlink: /home/ros2/git/mygit/capella_ros_dock/install/include/capella_ros_dock_msgs/capella_ros_dock_msgs/msg/detail/hazard_detection_vector__struct.h
[0.333s] -- Up-to-date symlink: /home/ros2/git/mygit/capella_ros_dock/install/include/capella_ros_dock_msgs/capella_ros_dock_msgs/msg/detail/hazard_detection_vector__type_support.h
[0.334s] -- Up-to-date symlink: /home/ros2/git/mygit/capella_ros_dock/install/include/capella_ros_dock_msgs/capella_ros_dock_msgs/msg/hazard_detection.h
[0.334s] -- Up-to-date symlink: /home/ros2/git/mygit/capella_ros_dock/install/include/capella_ros_dock_msgs/capella_ros_dock_msgs/msg/hazard_detection_vector.h
[0.334s] -- Up-to-date symlink: /home/ros2/git/mygit/capella_ros_dock/install/include/capella_ros_dock_msgs/capella_ros_dock_msgs/msg/rosidl_generator_c__visibility_control.h
[0.334s] -- Up-to-date symlink: /home/ros2/git/mygit/capella_ros_dock/install/share/capella_ros_dock_msgs/environment/library_path.sh
[0.334s] -- Up-to-date symlink: /home/ros2/git/mygit/capella_ros_dock/install/share/capella_ros_dock_msgs/environment/library_path.dsv
[0.335s] -- Up-to-date symlink: /home/ros2/git/mygit/capella_ros_dock/install/include/capella_ros_dock_msgs/capella_ros_dock_msgs/msg/detail/hazard_detection__rosidl_typesupport_fastrtps_c.h
[0.335s] -- Up-to-date symlink: /home/ros2/git/mygit/capella_ros_dock/install/include/capella_ros_dock_msgs/capella_ros_dock_msgs/msg/detail/hazard_detection_vector__rosidl_typesupport_fastrtps_c.h
[0.335s] -- Up-to-date symlink: /home/ros2/git/mygit/capella_ros_dock/install/include/capella_ros_dock_msgs/capella_ros_dock_msgs/msg/rosidl_typesupport_fastrtps_c__visibility_control.h
[0.335s] -- Up-to-date symlink: /home/ros2/git/mygit/capella_ros_dock/install/include/capella_ros_dock_msgs/capella_ros_dock_msgs/msg/detail/hazard_detection__rosidl_typesupport_introspection_c.h
[0.335s] -- Up-to-date symlink: /home/ros2/git/mygit/capella_ros_dock/install/include/capella_ros_dock_msgs/capella_ros_dock_msgs/msg/detail/hazard_detection_vector__rosidl_typesupport_introspection_c.h
[0.335s] -- Up-to-date symlink: /home/ros2/git/mygit/capella_ros_dock/install/include/capella_ros_dock_msgs/capella_ros_dock_msgs/msg/rosidl_typesupport_introspection_c__visibility_control.h
[0.335s] -- Up-to-date symlink: /home/ros2/git/mygit/capella_ros_dock/install/include/capella_ros_dock_msgs/capella_ros_dock_msgs/msg/detail/hazard_detection__builder.hpp
[0.336s] -- Up-to-date symlink: /home/ros2/git/mygit/capella_ros_dock/install/include/capella_ros_dock_msgs/capella_ros_dock_msgs/msg/detail/hazard_detection__struct.hpp
[0.336s] -- Up-to-date symlink: /home/ros2/git/mygit/capella_ros_dock/install/include/capella_ros_dock_msgs/capella_ros_dock_msgs/msg/detail/hazard_detection__traits.hpp
[0.336s] -- Up-to-date symlink: /home/ros2/git/mygit/capella_ros_dock/install/include/capella_ros_dock_msgs/capella_ros_dock_msgs/msg/detail/hazard_detection_vector__builder.hpp
[0.336s] -- Up-to-date symlink: /home/ros2/git/mygit/capella_ros_dock/install/include/capella_ros_dock_msgs/capella_ros_dock_msgs/msg/detail/hazard_detection_vector__struct.hpp
[0.336s] -- Up-to-date symlink: /home/ros2/git/mygit/capella_ros_dock/install/include/capella_ros_dock_msgs/capella_ros_dock_msgs/msg/detail/hazard_detection_vector__traits.hpp
[0.336s] -- Up-to-date symlink: /home/ros2/git/mygit/capella_ros_dock/install/include/capella_ros_dock_msgs/capella_ros_dock_msgs/msg/hazard_detection.hpp
[0.336s] -- Up-to-date symlink: /home/ros2/git/mygit/capella_ros_dock/install/include/capella_ros_dock_msgs/capella_ros_dock_msgs/msg/hazard_detection_vector.hpp
[0.337s] -- Up-to-date symlink: /home/ros2/git/mygit/capella_ros_dock/install/include/capella_ros_dock_msgs/capella_ros_dock_msgs/msg/detail/hazard_detection__rosidl_typesupport_fastrtps_cpp.hpp
[0.337s] -- Up-to-date symlink: /home/ros2/git/mygit/capella_ros_dock/install/include/capella_ros_dock_msgs/capella_ros_dock_msgs/msg/detail/hazard_detection_vector__rosidl_typesupport_fastrtps_cpp.hpp
[0.337s] -- Up-to-date symlink: /home/ros2/git/mygit/capella_ros_dock/install/include/capella_ros_dock_msgs/capella_ros_dock_msgs/msg/rosidl_typesupport_fastrtps_cpp__visibility_control.h
[0.337s] -- Up-to-date symlink: /home/ros2/git/mygit/capella_ros_dock/install/include/capella_ros_dock_msgs/capella_ros_dock_msgs/msg/detail/hazard_detection__rosidl_typesupport_introspection_cpp.hpp
[0.337s] -- Up-to-date symlink: /home/ros2/git/mygit/capella_ros_dock/install/include/capella_ros_dock_msgs/capella_ros_dock_msgs/msg/detail/hazard_detection_vector__rosidl_typesupport_introspection_cpp.hpp
[0.337s] -- Up-to-date symlink: /home/ros2/git/mygit/capella_ros_dock/install/share/capella_ros_dock_msgs/environment/pythonpath.sh
[0.337s] -- Up-to-date symlink: /home/ros2/git/mygit/capella_ros_dock/install/share/capella_ros_dock_msgs/environment/pythonpath.dsv
[0.337s] -- Up-to-date symlink: /home/ros2/git/mygit/capella_ros_dock/install/local/lib/python3.10/dist-packages/capella_ros_dock_msgs-0.0.0-py3.10.egg-info/PKG-INFO
[0.338s] -- Up-to-date symlink: /home/ros2/git/mygit/capella_ros_dock/install/local/lib/python3.10/dist-packages/capella_ros_dock_msgs-0.0.0-py3.10.egg-info/SOURCES.txt
[0.338s] -- Up-to-date symlink: /home/ros2/git/mygit/capella_ros_dock/install/local/lib/python3.10/dist-packages/capella_ros_dock_msgs-0.0.0-py3.10.egg-info/dependency_links.txt
[0.338s] -- Up-to-date symlink: /home/ros2/git/mygit/capella_ros_dock/install/local/lib/python3.10/dist-packages/capella_ros_dock_msgs-0.0.0-py3.10.egg-info/top_level.txt
[0.338s] -- Up-to-date symlink: /home/ros2/git/mygit/capella_ros_dock/install/local/lib/python3.10/dist-packages/capella_ros_dock_msgs/__init__.py
[0.338s] -- Up-to-date symlink: /home/ros2/git/mygit/capella_ros_dock/install/local/lib/python3.10/dist-packages/capella_ros_dock_msgs/_capella_ros_dock_msgs_s.ep.rosidl_typesupport_c.c
[0.339s] -- Up-to-date symlink: /home/ros2/git/mygit/capella_ros_dock/install/local/lib/python3.10/dist-packages/capella_ros_dock_msgs/_capella_ros_dock_msgs_s.ep.rosidl_typesupport_fastrtps_c.c
[0.339s] -- Up-to-date symlink: /home/ros2/git/mygit/capella_ros_dock/install/local/lib/python3.10/dist-packages/capella_ros_dock_msgs/_capella_ros_dock_msgs_s.ep.rosidl_typesupport_introspection_c.c
[0.339s] -- Up-to-date symlink: /home/ros2/git/mygit/capella_ros_dock/install/local/lib/python3.10/dist-packages/capella_ros_dock_msgs/capella_ros_dock_msgs_s__rosidl_typesupport_c.cpython-310-x86_64-linux-gnu.so
[0.340s] -- Up-to-date symlink: /home/ros2/git/mygit/capella_ros_dock/install/local/lib/python3.10/dist-packages/capella_ros_dock_msgs/capella_ros_dock_msgs_s__rosidl_typesupport_fastrtps_c.cpython-310-x86_64-linux-gnu.so
[0.340s] -- Up-to-date symlink: /home/ros2/git/mygit/capella_ros_dock/install/local/lib/python3.10/dist-packages/capella_ros_dock_msgs/capella_ros_dock_msgs_s__rosidl_typesupport_introspection_c.cpython-310-x86_64-linux-gnu.so
[0.340s] -- Up-to-date symlink: /home/ros2/git/mygit/capella_ros_dock/install/local/lib/python3.10/dist-packages/capella_ros_dock_msgs/libcapella_ros_dock_msgs__rosidl_generator_py.so
[0.340s] -- Up-to-date symlink: /home/ros2/git/mygit/capella_ros_dock/install/local/lib/python3.10/dist-packages/capella_ros_dock_msgs/msg/__init__.py
[0.341s] -- Up-to-date symlink: /home/ros2/git/mygit/capella_ros_dock/install/local/lib/python3.10/dist-packages/capella_ros_dock_msgs/msg/_hazard_detection.py
[0.341s] -- Up-to-date symlink: /home/ros2/git/mygit/capella_ros_dock/install/local/lib/python3.10/dist-packages/capella_ros_dock_msgs/msg/_hazard_detection_s.c
[0.341s] -- Up-to-date symlink: /home/ros2/git/mygit/capella_ros_dock/install/local/lib/python3.10/dist-packages/capella_ros_dock_msgs/msg/_hazard_detection_vector.py
[0.341s] -- Up-to-date symlink: /home/ros2/git/mygit/capella_ros_dock/install/local/lib/python3.10/dist-packages/capella_ros_dock_msgs/msg/_hazard_detection_vector_s.c
[0.341s] -- Up-to-date symlink: /home/ros2/git/mygit/capella_ros_dock/install/local/lib/python3.10/dist-packages/capella_ros_dock_msgs/capella_ros_dock_msgs_s__rosidl_typesupport_fastrtps_c.cpython-310-x86_64-linux-gnu.so
[0.341s] -- Up-to-date symlink: /home/ros2/git/mygit/capella_ros_dock/install/local/lib/python3.10/dist-packages/capella_ros_dock_msgs/capella_ros_dock_msgs_s__rosidl_typesupport_introspection_c.cpython-310-x86_64-linux-gnu.so
[0.341s] -- Up-to-date symlink: /home/ros2/git/mygit/capella_ros_dock/install/local/lib/python3.10/dist-packages/capella_ros_dock_msgs/capella_ros_dock_msgs_s__rosidl_typesupport_c.cpython-310-x86_64-linux-gnu.so
[0.341s] -- Up-to-date symlink: /home/ros2/git/mygit/capella_ros_dock/install/share/capella_ros_dock_msgs/msg/HazardDetection.idl
[0.341s] -- Up-to-date symlink: /home/ros2/git/mygit/capella_ros_dock/install/share/capella_ros_dock_msgs/msg/HazardDetectionVector.idl
[0.341s] -- Up-to-date symlink: /home/ros2/git/mygit/capella_ros_dock/install/share/capella_ros_dock_msgs/msg/HazardDetection.msg
[0.342s] -- Up-to-date symlink: /home/ros2/git/mygit/capella_ros_dock/install/share/capella_ros_dock_msgs/msg/HazardDetectionVector.msg
[0.342s] -- Up-to-date symlink: /home/ros2/git/mygit/capella_ros_dock/install/share/ament_index/resource_index/package_run_dependencies/capella_ros_dock_msgs
[0.342s] -- Up-to-date symlink: /home/ros2/git/mygit/capella_ros_dock/install/share/ament_index/resource_index/parent_prefix_path/capella_ros_dock_msgs
[0.342s] -- Up-to-date symlink: /home/ros2/git/mygit/capella_ros_dock/install/share/capella_ros_dock_msgs/environment/ament_prefix_path.sh
[0.342s] -- Up-to-date symlink: /home/ros2/git/mygit/capella_ros_dock/install/share/capella_ros_dock_msgs/environment/ament_prefix_path.dsv
[0.342s] -- Up-to-date symlink: /home/ros2/git/mygit/capella_ros_dock/install/share/capella_ros_dock_msgs/environment/path.sh
[0.342s] -- Up-to-date symlink: /home/ros2/git/mygit/capella_ros_dock/install/share/capella_ros_dock_msgs/environment/path.dsv
[0.342s] -- Up-to-date symlink: /home/ros2/git/mygit/capella_ros_dock/install/share/capella_ros_dock_msgs/local_setup.bash
[0.343s] -- Up-to-date symlink: /home/ros2/git/mygit/capella_ros_dock/install/share/capella_ros_dock_msgs/local_setup.sh
[0.343s] -- Up-to-date symlink: /home/ros2/git/mygit/capella_ros_dock/install/share/capella_ros_dock_msgs/local_setup.zsh
[0.343s] -- Up-to-date symlink: /home/ros2/git/mygit/capella_ros_dock/install/share/capella_ros_dock_msgs/local_setup.dsv
[0.343s] -- Symlinking: /home/ros2/git/mygit/capella_ros_dock/install/share/capella_ros_dock_msgs/package.dsv
[0.347s] -- Up-to-date symlink: /home/ros2/git/mygit/capella_ros_dock/install/share/ament_index/resource_index/packages/capella_ros_dock_msgs
[0.348s] -- Up-to-date symlink: /home/ros2/git/mygit/capella_ros_dock/install/share/capella_ros_dock_msgs/cmake/rosidl_cmake-extras.cmake
[0.348s] -- Up-to-date symlink: /home/ros2/git/mygit/capella_ros_dock/install/share/capella_ros_dock_msgs/cmake/ament_cmake_export_dependencies-extras.cmake
[0.348s] -- Up-to-date symlink: /home/ros2/git/mygit/capella_ros_dock/install/share/capella_ros_dock_msgs/cmake/ament_cmake_export_include_directories-extras.cmake
[0.349s] -- Up-to-date symlink: /home/ros2/git/mygit/capella_ros_dock/install/share/capella_ros_dock_msgs/cmake/ament_cmake_export_libraries-extras.cmake
[0.349s] -- Up-to-date symlink: /home/ros2/git/mygit/capella_ros_dock/install/share/capella_ros_dock_msgs/cmake/ament_cmake_export_targets-extras.cmake
[0.349s] -- Up-to-date symlink: /home/ros2/git/mygit/capella_ros_dock/install/share/capella_ros_dock_msgs/cmake/rosidl_cmake_export_typesupport_targets-extras.cmake
[0.349s] -- Up-to-date symlink: /home/ros2/git/mygit/capella_ros_dock/install/share/capella_ros_dock_msgs/cmake/rosidl_cmake_export_typesupport_libraries-extras.cmake
[0.349s] -- Up-to-date symlink: /home/ros2/git/mygit/capella_ros_dock/install/share/capella_ros_dock_msgs/cmake/capella_ros_dock_msgsConfig.cmake
[0.350s] -- Up-to-date symlink: /home/ros2/git/mygit/capella_ros_dock/install/share/capella_ros_dock_msgs/cmake/capella_ros_dock_msgsConfig-version.cmake
[0.350s] -- Up-to-date symlink: /home/ros2/git/mygit/capella_ros_dock/install/share/capella_ros_dock_msgs/package.xml
[0.350s] -- Up-to-date: /home/ros2/git/mygit/capella_ros_dock/install/lib/libcapella_ros_dock_msgs__rosidl_generator_c.so
[0.350s] -- Up-to-date: /home/ros2/git/mygit/capella_ros_dock/install/lib/libcapella_ros_dock_msgs__rosidl_typesupport_fastrtps_c.so
[0.350s] -- Up-to-date: /home/ros2/git/mygit/capella_ros_dock/install/lib/libcapella_ros_dock_msgs__rosidl_typesupport_introspection_c.so
[0.350s] -- Up-to-date: /home/ros2/git/mygit/capella_ros_dock/install/lib/libcapella_ros_dock_msgs__rosidl_typesupport_c.so
[0.350s] -- Up-to-date: /home/ros2/git/mygit/capella_ros_dock/install/lib/libcapella_ros_dock_msgs__rosidl_typesupport_fastrtps_cpp.so
[0.351s] -- Up-to-date: /home/ros2/git/mygit/capella_ros_dock/install/lib/libcapella_ros_dock_msgs__rosidl_typesupport_introspection_cpp.so
[0.351s] -- Up-to-date: /home/ros2/git/mygit/capella_ros_dock/install/lib/libcapella_ros_dock_msgs__rosidl_typesupport_cpp.so
[0.370s] Listing '/home/ros2/git/mygit/capella_ros_dock/install/local/lib/python3.10/dist-packages/capella_ros_dock_msgs'...
[0.370s] Listing '/home/ros2/git/mygit/capella_ros_dock/install/local/lib/python3.10/dist-packages/capella_ros_dock_msgs/msg'...
[0.373s] -- Up-to-date: /home/ros2/git/mygit/capella_ros_dock/install/lib/libcapella_ros_dock_msgs__rosidl_generator_py.so
[0.374s] -- Up-to-date: /home/ros2/git/mygit/capella_ros_dock/install/share/capella_ros_dock_msgs/cmake/export_capella_ros_dock_msgs__rosidl_generator_cExport.cmake
[0.374s] -- Up-to-date: /home/ros2/git/mygit/capella_ros_dock/install/share/capella_ros_dock_msgs/cmake/export_capella_ros_dock_msgs__rosidl_generator_cExport-relwithdebinfo.cmake
[0.374s] -- Up-to-date: /home/ros2/git/mygit/capella_ros_dock/install/share/capella_ros_dock_msgs/cmake/export_capella_ros_dock_msgs__rosidl_typesupport_fastrtps_cExport.cmake
[0.374s] -- Up-to-date: /home/ros2/git/mygit/capella_ros_dock/install/share/capella_ros_dock_msgs/cmake/export_capella_ros_dock_msgs__rosidl_typesupport_fastrtps_cExport-relwithdebinfo.cmake
[0.375s] -- Up-to-date: /home/ros2/git/mygit/capella_ros_dock/install/share/capella_ros_dock_msgs/cmake/capella_ros_dock_msgs__rosidl_typesupport_introspection_cExport.cmake
[0.375s] -- Up-to-date: /home/ros2/git/mygit/capella_ros_dock/install/share/capella_ros_dock_msgs/cmake/capella_ros_dock_msgs__rosidl_typesupport_introspection_cExport-relwithdebinfo.cmake
[0.375s] -- Up-to-date: /home/ros2/git/mygit/capella_ros_dock/install/share/capella_ros_dock_msgs/cmake/capella_ros_dock_msgs__rosidl_typesupport_cExport.cmake
[0.375s] -- Up-to-date: /home/ros2/git/mygit/capella_ros_dock/install/share/capella_ros_dock_msgs/cmake/capella_ros_dock_msgs__rosidl_typesupport_cExport-relwithdebinfo.cmake
[0.375s] -- Up-to-date: /home/ros2/git/mygit/capella_ros_dock/install/share/capella_ros_dock_msgs/cmake/export_capella_ros_dock_msgs__rosidl_generator_cppExport.cmake
[0.376s] -- Up-to-date: /home/ros2/git/mygit/capella_ros_dock/install/share/capella_ros_dock_msgs/cmake/export_capella_ros_dock_msgs__rosidl_typesupport_fastrtps_cppExport.cmake
[0.376s] -- Up-to-date: /home/ros2/git/mygit/capella_ros_dock/install/share/capella_ros_dock_msgs/cmake/export_capella_ros_dock_msgs__rosidl_typesupport_fastrtps_cppExport-relwithdebinfo.cmake
[0.376s] -- Up-to-date: /home/ros2/git/mygit/capella_ros_dock/install/share/capella_ros_dock_msgs/cmake/capella_ros_dock_msgs__rosidl_typesupport_introspection_cppExport.cmake
[0.376s] -- Up-to-date: /home/ros2/git/mygit/capella_ros_dock/install/share/capella_ros_dock_msgs/cmake/capella_ros_dock_msgs__rosidl_typesupport_introspection_cppExport-relwithdebinfo.cmake
[0.376s] -- Up-to-date: /home/ros2/git/mygit/capella_ros_dock/install/share/capella_ros_dock_msgs/cmake/capella_ros_dock_msgs__rosidl_typesupport_cppExport.cmake
[0.376s] -- Up-to-date: /home/ros2/git/mygit/capella_ros_dock/install/share/capella_ros_dock_msgs/cmake/capella_ros_dock_msgs__rosidl_typesupport_cppExport-relwithdebinfo.cmake
[0.376s] -- Up-to-date: /home/ros2/git/mygit/capella_ros_dock/install/share/capella_ros_dock_msgs/cmake/export_capella_ros_dock_msgs__rosidl_generator_pyExport.cmake
[0.376s] -- Up-to-date: /home/ros2/git/mygit/capella_ros_dock/install/share/capella_ros_dock_msgs/cmake/export_capella_ros_dock_msgs__rosidl_generator_pyExport-relwithdebinfo.cmake
[0.378s] Invoked command in '/home/ros2/git/mygit/capella_ros_dock/build/capella_ros_dock_msgs' returned '0': CMAKE_PREFIX_PATH=/opt/ros/humble WSLENV=ELECTRON_RUN_AS_NODE/w:WT_SESSION::WT_PROFILE_ID /usr/bin/cmake --install /home/ros2/git/mygit/capella_ros_dock/build/capella_ros_dock_msgs
