[0.213s] DEBUG:colcon:Command line arguments: ['/usr/bin/colcon', 'build', '--merge-install', '--symlink-install', '--cmake-args', '-DCMAKE_BUILD_TYPE=RelWithDebInfo', '-DCMAKE_EXPORT_COMPILE_COMMANDS=On', '-Wall', '-Wextra', '-Wpedantic']
[0.213s] DEBUG:colcon:Parsed command line arguments: Namespace(log_base=None, log_level=None, verb_name='build', build_base='build', install_base='install', merge_install=True, symlink_install=True, test_result_base=None, continue_on_error=False, executor='parallel', parallel_workers=12, event_handlers=None, ignore_user_meta=False, metas=['./colcon.meta'], base_paths=['.'], packages_ignore=None, packages_ignore_regex=None, paths=None, packages_up_to=None, packages_up_to_regex=None, packages_above=None, packages_above_and_dependencies=None, packages_above_depth=None, packages_select_by_dep=None, packages_skip_by_dep=None, packages_skip_up_to=None, packages_select_build_failed=False, packages_skip_build_finished=False, packages_select_test_failures=False, packages_skip_test_passed=False, packages_select=None, packages_skip=None, packages_select_regex=None, packages_skip_regex=None, packages_start=None, packages_end=None, allow_overriding=[], cmake_args=['-DCMAKE_BUILD_TYPE=RelWithDebInfo', '-DCMAKE_EXPORT_COMPILE_COMMANDS=On', '-Wall', '-Wextra', '-Wpedantic'], cmake_target=None, cmake_target_skip_unavailable=False, cmake_clean_cache=False, cmake_clean_first=False, cmake_force_configure=False, ament_cmake_args=None, catkin_cmake_args=None, catkin_skip_building_tests=False, verb_parser=<colcon_defaults.argument_parser.defaults.DefaultArgumentsDecorator object at 0x7f3187e93940>, verb_extension=<colcon_core.verb.build.BuildVerb object at 0x7f31886b4d60>, main=<bound method BuildVerb.main of <colcon_core.verb.build.BuildVerb object at 0x7f31886b4d60>>)
[0.231s] Level 1:colcon.colcon_core.package_discovery:discover_packages(colcon_meta) check parameters
[0.231s] Level 1:colcon.colcon_core.package_discovery:discover_packages(recursive) check parameters
[0.231s] Level 1:colcon.colcon_core.package_discovery:discover_packages(ignore) check parameters
[0.231s] Level 1:colcon.colcon_core.package_discovery:discover_packages(path) check parameters
[0.231s] Level 1:colcon.colcon_core.package_discovery:discover_packages(colcon_meta) discover
[0.231s] Level 1:colcon.colcon_core.package_discovery:discover_packages(recursive) discover
[0.231s] INFO:colcon.colcon_core.package_discovery:Crawling recursively for packages in '/home/ros2/git/mygit/capella_ros_dock'
[0.231s] Level 1:colcon.colcon_core.package_identification:_identify(.) by extensions ['ignore', 'ignore_ament_install']
[0.231s] Level 1:colcon.colcon_core.package_identification:_identify(.) by extension 'ignore'
[0.231s] Level 1:colcon.colcon_core.package_identification:_identify(.) by extension 'ignore_ament_install'
[0.232s] Level 1:colcon.colcon_core.package_identification:_identify(.) by extensions ['colcon_pkg']
[0.232s] Level 1:colcon.colcon_core.package_identification:_identify(.) by extension 'colcon_pkg'
[0.232s] Level 1:colcon.colcon_core.package_identification:_identify(.) by extensions ['colcon_meta']
[0.232s] Level 1:colcon.colcon_core.package_identification:_identify(.) by extension 'colcon_meta'
[0.232s] Level 1:colcon.colcon_core.package_identification:_identify(.) by extensions ['ros']
[0.232s] Level 1:colcon.colcon_core.package_identification:_identify(.) by extension 'ros'
[0.238s] Level 1:colcon.colcon_core.package_identification:_identify(.) by extensions ['cmake', 'python']
[0.238s] Level 1:colcon.colcon_core.package_identification:_identify(.) by extension 'cmake'
[0.238s] Level 1:colcon.colcon_core.package_identification:_identify(.) by extension 'python'
[0.238s] Level 1:colcon.colcon_core.package_identification:_identify(.) by extensions ['python_setup_py']
[0.238s] Level 1:colcon.colcon_core.package_identification:_identify(.) by extension 'python_setup_py'
[0.239s] Level 1:colcon.colcon_core.package_identification:_identify(build) by extensions ['ignore', 'ignore_ament_install']
[0.239s] Level 1:colcon.colcon_core.package_identification:_identify(build) by extension 'ignore'
[0.239s] Level 1:colcon.colcon_core.package_identification:_identify(build) ignored
[0.239s] Level 1:colcon.colcon_core.package_identification:_identify(capella_msgs) by extensions ['ignore', 'ignore_ament_install']
[0.239s] Level 1:colcon.colcon_core.package_identification:_identify(capella_msgs) by extension 'ignore'
[0.239s] Level 1:colcon.colcon_core.package_identification:_identify(capella_msgs) by extension 'ignore_ament_install'
[0.239s] Level 1:colcon.colcon_core.package_identification:_identify(capella_msgs) by extensions ['colcon_pkg']
[0.239s] Level 1:colcon.colcon_core.package_identification:_identify(capella_msgs) by extension 'colcon_pkg'
[0.239s] Level 1:colcon.colcon_core.package_identification:_identify(capella_msgs) by extensions ['colcon_meta']
[0.239s] Level 1:colcon.colcon_core.package_identification:_identify(capella_msgs) by extension 'colcon_meta'
[0.239s] Level 1:colcon.colcon_core.package_identification:_identify(capella_msgs) by extensions ['ros']
[0.239s] Level 1:colcon.colcon_core.package_identification:_identify(capella_msgs) by extension 'ros'
[0.239s] Level 1:colcon.colcon_core.package_identification:_identify(capella_msgs) by extensions ['cmake', 'python']
[0.239s] Level 1:colcon.colcon_core.package_identification:_identify(capella_msgs) by extension 'cmake'
[0.239s] Level 1:colcon.colcon_core.package_identification:_identify(capella_msgs) by extension 'python'
[0.239s] Level 1:colcon.colcon_core.package_identification:_identify(capella_msgs) by extensions ['python_setup_py']
[0.239s] Level 1:colcon.colcon_core.package_identification:_identify(capella_msgs) by extension 'python_setup_py'
[0.239s] Level 1:colcon.colcon_core.package_identification:_identify(capella_msgs/capella_ros_msg) by extensions ['ignore', 'ignore_ament_install']
[0.239s] Level 1:colcon.colcon_core.package_identification:_identify(capella_msgs/capella_ros_msg) by extension 'ignore'
[0.239s] Level 1:colcon.colcon_core.package_identification:_identify(capella_msgs/capella_ros_msg) by extension 'ignore_ament_install'
[0.239s] Level 1:colcon.colcon_core.package_identification:_identify(capella_msgs/capella_ros_msg) by extensions ['colcon_pkg']
[0.239s] Level 1:colcon.colcon_core.package_identification:_identify(capella_msgs/capella_ros_msg) by extension 'colcon_pkg'
[0.239s] Level 1:colcon.colcon_core.package_identification:_identify(capella_msgs/capella_ros_msg) by extensions ['colcon_meta']
[0.239s] Level 1:colcon.colcon_core.package_identification:_identify(capella_msgs/capella_ros_msg) by extension 'colcon_meta'
[0.239s] Level 1:colcon.colcon_core.package_identification:_identify(capella_msgs/capella_ros_msg) by extensions ['ros']
[0.239s] Level 1:colcon.colcon_core.package_identification:_identify(capella_msgs/capella_ros_msg) by extension 'ros'
[0.240s] DEBUG:colcon.colcon_core.package_identification:Package 'capella_msgs/capella_ros_msg' with type 'ros.ament_cmake' and name 'capella_ros_msg'
[0.241s] Level 1:colcon.colcon_core.package_identification:_identify(capella_msgs/capella_ros_service_interfaces) by extensions ['ignore', 'ignore_ament_install']
[0.241s] Level 1:colcon.colcon_core.package_identification:_identify(capella_msgs/capella_ros_service_interfaces) by extension 'ignore'
[0.241s] Level 1:colcon.colcon_core.package_identification:_identify(capella_msgs/capella_ros_service_interfaces) by extension 'ignore_ament_install'
[0.241s] Level 1:colcon.colcon_core.package_identification:_identify(capella_msgs/capella_ros_service_interfaces) by extensions ['colcon_pkg']
[0.241s] Level 1:colcon.colcon_core.package_identification:_identify(capella_msgs/capella_ros_service_interfaces) by extension 'colcon_pkg'
[0.241s] Level 1:colcon.colcon_core.package_identification:_identify(capella_msgs/capella_ros_service_interfaces) by extensions ['colcon_meta']
[0.241s] Level 1:colcon.colcon_core.package_identification:_identify(capella_msgs/capella_ros_service_interfaces) by extension 'colcon_meta'
[0.241s] Level 1:colcon.colcon_core.package_identification:_identify(capella_msgs/capella_ros_service_interfaces) by extensions ['ros']
[0.241s] Level 1:colcon.colcon_core.package_identification:_identify(capella_msgs/capella_ros_service_interfaces) by extension 'ros'
[0.241s] DEBUG:colcon.colcon_core.package_identification:Package 'capella_msgs/capella_ros_service_interfaces' with type 'ros.ament_cmake' and name 'capella_ros_service_interfaces'
[0.241s] Level 1:colcon.colcon_core.package_identification:_identify(capella_ros_dock) by extensions ['ignore', 'ignore_ament_install']
[0.241s] Level 1:colcon.colcon_core.package_identification:_identify(capella_ros_dock) by extension 'ignore'
[0.241s] Level 1:colcon.colcon_core.package_identification:_identify(capella_ros_dock) by extension 'ignore_ament_install'
[0.241s] Level 1:colcon.colcon_core.package_identification:_identify(capella_ros_dock) by extensions ['colcon_pkg']
[0.241s] Level 1:colcon.colcon_core.package_identification:_identify(capella_ros_dock) by extension 'colcon_pkg'
[0.242s] Level 1:colcon.colcon_core.package_identification:_identify(capella_ros_dock) by extensions ['colcon_meta']
[0.242s] Level 1:colcon.colcon_core.package_identification:_identify(capella_ros_dock) by extension 'colcon_meta'
[0.242s] Level 1:colcon.colcon_core.package_identification:_identify(capella_ros_dock) by extensions ['ros']
[0.242s] Level 1:colcon.colcon_core.package_identification:_identify(capella_ros_dock) by extension 'ros'
[0.242s] DEBUG:colcon.colcon_core.package_identification:Package 'capella_ros_dock' with type 'ros.ament_cmake' and name 'capella_ros_dock'
[0.242s] Level 1:colcon.colcon_core.package_identification:_identify(capella_ros_dock_msgs) by extensions ['ignore', 'ignore_ament_install']
[0.242s] Level 1:colcon.colcon_core.package_identification:_identify(capella_ros_dock_msgs) by extension 'ignore'
[0.242s] Level 1:colcon.colcon_core.package_identification:_identify(capella_ros_dock_msgs) by extension 'ignore_ament_install'
[0.242s] Level 1:colcon.colcon_core.package_identification:_identify(capella_ros_dock_msgs) by extensions ['colcon_pkg']
[0.242s] Level 1:colcon.colcon_core.package_identification:_identify(capella_ros_dock_msgs) by extension 'colcon_pkg'
[0.242s] Level 1:colcon.colcon_core.package_identification:_identify(capella_ros_dock_msgs) by extensions ['colcon_meta']
[0.242s] Level 1:colcon.colcon_core.package_identification:_identify(capella_ros_dock_msgs) by extension 'colcon_meta'
[0.242s] Level 1:colcon.colcon_core.package_identification:_identify(capella_ros_dock_msgs) by extensions ['ros']
[0.242s] Level 1:colcon.colcon_core.package_identification:_identify(capella_ros_dock_msgs) by extension 'ros'
[0.243s] DEBUG:colcon.colcon_core.package_identification:Package 'capella_ros_dock_msgs' with type 'ros.ament_cmake' and name 'capella_ros_dock_msgs'
[0.243s] Level 1:colcon.colcon_core.package_identification:_identify(install) by extensions ['ignore', 'ignore_ament_install']
[0.243s] Level 1:colcon.colcon_core.package_identification:_identify(install) by extension 'ignore'
[0.243s] Level 1:colcon.colcon_core.package_identification:_identify(install) ignored
[0.243s] Level 1:colcon.colcon_core.package_identification:_identify(log) by extensions ['ignore', 'ignore_ament_install']
[0.243s] Level 1:colcon.colcon_core.package_identification:_identify(log) by extension 'ignore'
[0.243s] Level 1:colcon.colcon_core.package_identification:_identify(log) ignored
[0.243s] Level 1:colcon.colcon_core.package_discovery:discover_packages(recursive) using defaults
[0.243s] Level 1:colcon.colcon_core.package_discovery:discover_packages(ignore) discover
[0.243s] Level 1:colcon.colcon_core.package_discovery:discover_packages(ignore) using defaults
[0.243s] Level 1:colcon.colcon_core.package_discovery:discover_packages(path) discover
[0.243s] Level 1:colcon.colcon_core.package_discovery:discover_packages(path) using defaults
[0.257s] Level 1:colcon.colcon_core.package_discovery:discover_packages(prefix_path) check parameters
[0.257s] Level 1:colcon.colcon_core.package_discovery:discover_packages(prefix_path) discover
[0.259s] DEBUG:colcon.colcon_installed_package_information.package_discovery:Found 386 installed packages in /opt/ros/humble
[0.260s] Level 1:colcon.colcon_core.package_discovery:discover_packages(prefix_path) using defaults
[0.299s] Level 5:colcon.colcon_core.verb:set package 'capella_ros_dock_msgs' build argument 'cmake_args' from command line to '['-DCMAKE_BUILD_TYPE=RelWithDebInfo', '-DCMAKE_EXPORT_COMPILE_COMMANDS=On', '-Wall', '-Wextra', '-Wpedantic']'
[0.299s] Level 5:colcon.colcon_core.verb:set package 'capella_ros_dock_msgs' build argument 'cmake_target' from command line to 'None'
[0.299s] Level 5:colcon.colcon_core.verb:set package 'capella_ros_dock_msgs' build argument 'cmake_target_skip_unavailable' from command line to 'False'
[0.299s] Level 5:colcon.colcon_core.verb:set package 'capella_ros_dock_msgs' build argument 'cmake_clean_cache' from command line to 'False'
[0.299s] Level 5:colcon.colcon_core.verb:set package 'capella_ros_dock_msgs' build argument 'cmake_clean_first' from command line to 'False'
[0.299s] Level 5:colcon.colcon_core.verb:set package 'capella_ros_dock_msgs' build argument 'cmake_force_configure' from command line to 'False'
[0.299s] Level 5:colcon.colcon_core.verb:set package 'capella_ros_dock_msgs' build argument 'ament_cmake_args' from command line to 'None'
[0.299s] Level 5:colcon.colcon_core.verb:set package 'capella_ros_dock_msgs' build argument 'catkin_cmake_args' from command line to 'None'
[0.299s] Level 5:colcon.colcon_core.verb:set package 'capella_ros_dock_msgs' build argument 'catkin_skip_building_tests' from command line to 'False'
[0.299s] DEBUG:colcon.colcon_core.verb:Building package 'capella_ros_dock_msgs' with the following arguments: {'ament_cmake_args': None, 'build_base': '/home/ros2/git/mygit/capella_ros_dock/build/capella_ros_dock_msgs', 'catkin_cmake_args': None, 'catkin_skip_building_tests': False, 'cmake_args': ['-DCMAKE_BUILD_TYPE=RelWithDebInfo', '-DCMAKE_EXPORT_COMPILE_COMMANDS=On', '-Wall', '-Wextra', '-Wpedantic'], 'cmake_clean_cache': False, 'cmake_clean_first': False, 'cmake_force_configure': False, 'cmake_target': None, 'cmake_target_skip_unavailable': False, 'install_base': '/home/ros2/git/mygit/capella_ros_dock/install', 'merge_install': True, 'path': '/home/ros2/git/mygit/capella_ros_dock/capella_ros_dock_msgs', 'symlink_install': True, 'test_result_base': None}
[0.299s] Level 5:colcon.colcon_core.verb:set package 'capella_ros_msg' build argument 'cmake_args' from command line to '['-DCMAKE_BUILD_TYPE=RelWithDebInfo', '-DCMAKE_EXPORT_COMPILE_COMMANDS=On', '-Wall', '-Wextra', '-Wpedantic']'
[0.300s] Level 5:colcon.colcon_core.verb:set package 'capella_ros_msg' build argument 'cmake_target' from command line to 'None'
[0.300s] Level 5:colcon.colcon_core.verb:set package 'capella_ros_msg' build argument 'cmake_target_skip_unavailable' from command line to 'False'
[0.300s] Level 5:colcon.colcon_core.verb:set package 'capella_ros_msg' build argument 'cmake_clean_cache' from command line to 'False'
[0.300s] Level 5:colcon.colcon_core.verb:set package 'capella_ros_msg' build argument 'cmake_clean_first' from command line to 'False'
[0.300s] Level 5:colcon.colcon_core.verb:set package 'capella_ros_msg' build argument 'cmake_force_configure' from command line to 'False'
[0.300s] Level 5:colcon.colcon_core.verb:set package 'capella_ros_msg' build argument 'ament_cmake_args' from command line to 'None'
[0.300s] Level 5:colcon.colcon_core.verb:set package 'capella_ros_msg' build argument 'catkin_cmake_args' from command line to 'None'
[0.300s] Level 5:colcon.colcon_core.verb:set package 'capella_ros_msg' build argument 'catkin_skip_building_tests' from command line to 'False'
[0.300s] DEBUG:colcon.colcon_core.verb:Building package 'capella_ros_msg' with the following arguments: {'ament_cmake_args': None, 'build_base': '/home/ros2/git/mygit/capella_ros_dock/build/capella_ros_msg', 'catkin_cmake_args': None, 'catkin_skip_building_tests': False, 'cmake_args': ['-DCMAKE_BUILD_TYPE=RelWithDebInfo', '-DCMAKE_EXPORT_COMPILE_COMMANDS=On', '-Wall', '-Wextra', '-Wpedantic'], 'cmake_clean_cache': False, 'cmake_clean_first': False, 'cmake_force_configure': False, 'cmake_target': None, 'cmake_target_skip_unavailable': False, 'install_base': '/home/ros2/git/mygit/capella_ros_dock/install', 'merge_install': True, 'path': '/home/ros2/git/mygit/capella_ros_dock/capella_msgs/capella_ros_msg', 'symlink_install': True, 'test_result_base': None}
[0.300s] Level 5:colcon.colcon_core.verb:set package 'capella_ros_service_interfaces' build argument 'cmake_args' from command line to '['-DCMAKE_BUILD_TYPE=RelWithDebInfo', '-DCMAKE_EXPORT_COMPILE_COMMANDS=On', '-Wall', '-Wextra', '-Wpedantic']'
[0.300s] Level 5:colcon.colcon_core.verb:set package 'capella_ros_service_interfaces' build argument 'cmake_target' from command line to 'None'
[0.300s] Level 5:colcon.colcon_core.verb:set package 'capella_ros_service_interfaces' build argument 'cmake_target_skip_unavailable' from command line to 'False'
[0.300s] Level 5:colcon.colcon_core.verb:set package 'capella_ros_service_interfaces' build argument 'cmake_clean_cache' from command line to 'False'
[0.300s] Level 5:colcon.colcon_core.verb:set package 'capella_ros_service_interfaces' build argument 'cmake_clean_first' from command line to 'False'
[0.300s] Level 5:colcon.colcon_core.verb:set package 'capella_ros_service_interfaces' build argument 'cmake_force_configure' from command line to 'False'
[0.300s] Level 5:colcon.colcon_core.verb:set package 'capella_ros_service_interfaces' build argument 'ament_cmake_args' from command line to 'None'
[0.300s] Level 5:colcon.colcon_core.verb:set package 'capella_ros_service_interfaces' build argument 'catkin_cmake_args' from command line to 'None'
[0.300s] Level 5:colcon.colcon_core.verb:set package 'capella_ros_service_interfaces' build argument 'catkin_skip_building_tests' from command line to 'False'
[0.300s] DEBUG:colcon.colcon_core.verb:Building package 'capella_ros_service_interfaces' with the following arguments: {'ament_cmake_args': None, 'build_base': '/home/ros2/git/mygit/capella_ros_dock/build/capella_ros_service_interfaces', 'catkin_cmake_args': None, 'catkin_skip_building_tests': False, 'cmake_args': ['-DCMAKE_BUILD_TYPE=RelWithDebInfo', '-DCMAKE_EXPORT_COMPILE_COMMANDS=On', '-Wall', '-Wextra', '-Wpedantic'], 'cmake_clean_cache': False, 'cmake_clean_first': False, 'cmake_force_configure': False, 'cmake_target': None, 'cmake_target_skip_unavailable': False, 'install_base': '/home/ros2/git/mygit/capella_ros_dock/install', 'merge_install': True, 'path': '/home/ros2/git/mygit/capella_ros_dock/capella_msgs/capella_ros_service_interfaces', 'symlink_install': True, 'test_result_base': None}
[0.301s] Level 5:colcon.colcon_core.verb:set package 'capella_ros_dock' build argument 'cmake_args' from command line to '['-DCMAKE_BUILD_TYPE=RelWithDebInfo', '-DCMAKE_EXPORT_COMPILE_COMMANDS=On', '-Wall', '-Wextra', '-Wpedantic']'
[0.301s] Level 5:colcon.colcon_core.verb:set package 'capella_ros_dock' build argument 'cmake_target' from command line to 'None'
[0.301s] Level 5:colcon.colcon_core.verb:set package 'capella_ros_dock' build argument 'cmake_target_skip_unavailable' from command line to 'False'
[0.301s] Level 5:colcon.colcon_core.verb:set package 'capella_ros_dock' build argument 'cmake_clean_cache' from command line to 'False'
[0.301s] Level 5:colcon.colcon_core.verb:set package 'capella_ros_dock' build argument 'cmake_clean_first' from command line to 'False'
[0.301s] Level 5:colcon.colcon_core.verb:set package 'capella_ros_dock' build argument 'cmake_force_configure' from command line to 'False'
[0.301s] Level 5:colcon.colcon_core.verb:set package 'capella_ros_dock' build argument 'ament_cmake_args' from command line to 'None'
[0.301s] Level 5:colcon.colcon_core.verb:set package 'capella_ros_dock' build argument 'catkin_cmake_args' from command line to 'None'
[0.301s] Level 5:colcon.colcon_core.verb:set package 'capella_ros_dock' build argument 'catkin_skip_building_tests' from command line to 'False'
[0.301s] DEBUG:colcon.colcon_core.verb:Building package 'capella_ros_dock' with the following arguments: {'ament_cmake_args': None, 'build_base': '/home/ros2/git/mygit/capella_ros_dock/build/capella_ros_dock', 'catkin_cmake_args': None, 'catkin_skip_building_tests': False, 'cmake_args': ['-DCMAKE_BUILD_TYPE=RelWithDebInfo', '-DCMAKE_EXPORT_COMPILE_COMMANDS=On', '-Wall', '-Wextra', '-Wpedantic'], 'cmake_clean_cache': False, 'cmake_clean_first': False, 'cmake_force_configure': False, 'cmake_target': None, 'cmake_target_skip_unavailable': False, 'install_base': '/home/ros2/git/mygit/capella_ros_dock/install', 'merge_install': True, 'path': '/home/ros2/git/mygit/capella_ros_dock/capella_ros_dock', 'symlink_install': True, 'test_result_base': None}
[0.301s] INFO:colcon.colcon_core.executor:Executing jobs using 'parallel' executor
[0.303s] DEBUG:colcon.colcon_parallel_executor.executor.parallel:run_until_complete
[0.304s] INFO:colcon.colcon_ros.task.ament_cmake.build:Building ROS package in '/home/ros2/git/mygit/capella_ros_dock/capella_ros_dock_msgs' with build type 'ament_cmake'
[0.304s] INFO:colcon.colcon_cmake.task.cmake.build:Building CMake package in '/home/ros2/git/mygit/capella_ros_dock/capella_ros_dock_msgs'
[0.307s] INFO:colcon.colcon_core.plugin_system:Skipping extension 'colcon_core.shell.bat': Not used on non-Windows systems
[0.307s] INFO:colcon.colcon_core.shell:Skip shell extension 'powershell' for command environment: Not usable outside of PowerShell
[0.307s] DEBUG:colcon.colcon_core.shell:Skip shell extension 'dsv' for command environment
[0.310s] INFO:colcon.colcon_ros.task.ament_cmake.build:Building ROS package in '/home/ros2/git/mygit/capella_ros_dock/capella_msgs/capella_ros_msg' with build type 'ament_cmake'
[0.310s] INFO:colcon.colcon_cmake.task.cmake.build:Building CMake package in '/home/ros2/git/mygit/capella_ros_dock/capella_msgs/capella_ros_msg'
[0.311s] INFO:colcon.colcon_core.shell:Skip shell extension 'powershell' for command environment: Not usable outside of PowerShell
[0.311s] DEBUG:colcon.colcon_core.shell:Skip shell extension 'dsv' for command environment
[0.314s] INFO:colcon.colcon_ros.task.ament_cmake.build:Building ROS package in '/home/ros2/git/mygit/capella_ros_dock/capella_msgs/capella_ros_service_interfaces' with build type 'ament_cmake'
[0.314s] INFO:colcon.colcon_cmake.task.cmake.build:Building CMake package in '/home/ros2/git/mygit/capella_ros_dock/capella_msgs/capella_ros_service_interfaces'
[0.315s] INFO:colcon.colcon_core.shell:Skip shell extension 'powershell' for command environment: Not usable outside of PowerShell
[0.315s] DEBUG:colcon.colcon_core.shell:Skip shell extension 'dsv' for command environment
[0.322s] DEBUG:colcon.colcon_core.event_handler.log_command:Invoking command in '/home/ros2/git/mygit/capella_ros_dock/build/capella_ros_dock_msgs': CMAKE_PREFIX_PATH=/opt/ros/humble WSLENV=ELECTRON_RUN_AS_NODE/w:WT_SESSION::WT_PROFILE_ID /usr/bin/cmake --build /home/ros2/git/mygit/capella_ros_dock/build/capella_ros_dock_msgs -- -j12 -l12
[0.327s] DEBUG:colcon.colcon_core.event_handler.log_command:Invoking command in '/home/ros2/git/mygit/capella_ros_dock/build/capella_ros_msg': CMAKE_PREFIX_PATH=/opt/ros/humble WSLENV=ELECTRON_RUN_AS_NODE/w:WT_SESSION::WT_PROFILE_ID /usr/bin/cmake --build /home/ros2/git/mygit/capella_ros_dock/build/capella_ros_msg -- -j12 -l12
[0.330s] DEBUG:colcon.colcon_core.event_handler.log_command:Invoking command in '/home/ros2/git/mygit/capella_ros_dock/build/capella_ros_service_interfaces': CMAKE_PREFIX_PATH=/opt/ros/humble WSLENV=ELECTRON_RUN_AS_NODE/w:WT_SESSION::WT_PROFILE_ID /usr/bin/cmake --build /home/ros2/git/mygit/capella_ros_dock/build/capella_ros_service_interfaces -- -j12 -l12
[0.580s] DEBUG:colcon.colcon_core.event_handler.log_command:Invoked command in '/home/ros2/git/mygit/capella_ros_dock/build/capella_ros_dock_msgs' returned '0': CMAKE_PREFIX_PATH=/opt/ros/humble WSLENV=ELECTRON_RUN_AS_NODE/w:WT_SESSION::WT_PROFILE_ID /usr/bin/cmake --build /home/ros2/git/mygit/capella_ros_dock/build/capella_ros_dock_msgs -- -j12 -l12
[0.589s] DEBUG:colcon.colcon_core.event_handler.log_command:Invoked command in '/home/ros2/git/mygit/capella_ros_dock/build/capella_ros_service_interfaces' returned '0': CMAKE_PREFIX_PATH=/opt/ros/humble WSLENV=ELECTRON_RUN_AS_NODE/w:WT_SESSION::WT_PROFILE_ID /usr/bin/cmake --build /home/ros2/git/mygit/capella_ros_dock/build/capella_ros_service_interfaces -- -j12 -l12
[0.590s] DEBUG:colcon.colcon_core.event_handler.log_command:Invoked command in '/home/ros2/git/mygit/capella_ros_dock/build/capella_ros_msg' returned '0': CMAKE_PREFIX_PATH=/opt/ros/humble WSLENV=ELECTRON_RUN_AS_NODE/w:WT_SESSION::WT_PROFILE_ID /usr/bin/cmake --build /home/ros2/git/mygit/capella_ros_dock/build/capella_ros_msg -- -j12 -l12
[0.630s] DEBUG:colcon.colcon_core.event_handler.log_command:Invoking command in '/home/ros2/git/mygit/capella_ros_dock/build/capella_ros_dock_msgs': CMAKE_PREFIX_PATH=/opt/ros/humble WSLENV=ELECTRON_RUN_AS_NODE/w:WT_SESSION::WT_PROFILE_ID /usr/bin/cmake --install /home/ros2/git/mygit/capella_ros_dock/build/capella_ros_dock_msgs
[0.681s] Level 1:colcon.colcon_core.environment:create_environment_scripts_only(capella_ros_dock_msgs)
[0.682s] DEBUG:colcon.colcon_core.event_handler.log_command:Invoked command in '/home/ros2/git/mygit/capella_ros_dock/build/capella_ros_dock_msgs' returned '0': CMAKE_PREFIX_PATH=/opt/ros/humble WSLENV=ELECTRON_RUN_AS_NODE/w:WT_SESSION::WT_PROFILE_ID /usr/bin/cmake --install /home/ros2/git/mygit/capella_ros_dock/build/capella_ros_dock_msgs
[0.685s] Level 1:colcon.colcon_core.environment:checking '/home/ros2/git/mygit/capella_ros_dock/install' for CMake module files
[0.686s] Level 1:colcon.colcon_core.environment:checking '/home/ros2/git/mygit/capella_ros_dock/install' for CMake config files
[0.688s] Level 1:colcon.colcon_core.shell:create_environment_hook('capella_ros_dock_msgs', 'cmake_prefix_path')
[0.689s] INFO:colcon.colcon_core.shell:Creating environment hook '/home/ros2/git/mygit/capella_ros_dock/install/share/capella_ros_dock_msgs/hook/cmake_prefix_path.ps1'
[0.689s] INFO:colcon.colcon_core.shell:Creating environment descriptor '/home/ros2/git/mygit/capella_ros_dock/install/share/capella_ros_dock_msgs/hook/cmake_prefix_path.dsv'
[0.690s] INFO:colcon.colcon_core.shell:Creating environment hook '/home/ros2/git/mygit/capella_ros_dock/install/share/capella_ros_dock_msgs/hook/cmake_prefix_path.sh'
[0.690s] Level 1:colcon.colcon_core.environment:checking '/home/ros2/git/mygit/capella_ros_dock/install/lib'
[0.691s] Level 1:colcon.colcon_core.shell:create_environment_hook('capella_ros_dock_msgs', 'ld_library_path_lib')
[0.691s] INFO:colcon.colcon_core.shell:Creating environment hook '/home/ros2/git/mygit/capella_ros_dock/install/share/capella_ros_dock_msgs/hook/ld_library_path_lib.ps1'
[0.692s] INFO:colcon.colcon_core.shell:Creating environment descriptor '/home/ros2/git/mygit/capella_ros_dock/install/share/capella_ros_dock_msgs/hook/ld_library_path_lib.dsv'
[0.692s] INFO:colcon.colcon_core.shell:Creating environment hook '/home/ros2/git/mygit/capella_ros_dock/install/share/capella_ros_dock_msgs/hook/ld_library_path_lib.sh'
[0.692s] Level 1:colcon.colcon_core.environment:checking '/home/ros2/git/mygit/capella_ros_dock/install/bin'
[0.692s] Level 1:colcon.colcon_core.environment:checking '/home/ros2/git/mygit/capella_ros_dock/install/lib/pkgconfig/capella_ros_dock_msgs.pc'
[0.692s] Level 1:colcon.colcon_core.environment:checking '/home/ros2/git/mygit/capella_ros_dock/install/lib/python3.10/site-packages'
[0.693s] Level 1:colcon.colcon_core.environment:checking '/home/ros2/git/mygit/capella_ros_dock/install/bin'
[0.694s] INFO:colcon.colcon_core.shell:Creating package script '/home/ros2/git/mygit/capella_ros_dock/install/share/capella_ros_dock_msgs/package.ps1'
[0.694s] INFO:colcon.colcon_core.shell:Creating package descriptor '/home/ros2/git/mygit/capella_ros_dock/install/share/capella_ros_dock_msgs/package.dsv'
[0.694s] INFO:colcon.colcon_core.shell:Creating package script '/home/ros2/git/mygit/capella_ros_dock/install/share/capella_ros_dock_msgs/package.sh'
[0.695s] INFO:colcon.colcon_core.shell:Creating package script '/home/ros2/git/mygit/capella_ros_dock/install/share/capella_ros_dock_msgs/package.bash'
[0.696s] INFO:colcon.colcon_core.shell:Creating package script '/home/ros2/git/mygit/capella_ros_dock/install/share/capella_ros_dock_msgs/package.zsh'
[0.696s] Level 1:colcon.colcon_core.environment:create_file_with_runtime_dependencies(/home/ros2/git/mygit/capella_ros_dock/install/share/colcon-core/packages/capella_ros_dock_msgs)
[0.713s] DEBUG:colcon.colcon_core.event_handler.log_command:Invoking command in '/home/ros2/git/mygit/capella_ros_dock/build/capella_ros_msg': CMAKE_PREFIX_PATH=/opt/ros/humble WSLENV=ELECTRON_RUN_AS_NODE/w:WT_SESSION::WT_PROFILE_ID /usr/bin/cmake --install /home/ros2/git/mygit/capella_ros_dock/build/capella_ros_msg
[0.740s] Level 1:colcon.colcon_core.environment:create_environment_scripts_only(capella_ros_dock_msgs)
[0.741s] Level 1:colcon.colcon_core.environment:checking '/home/ros2/git/mygit/capella_ros_dock/install' for CMake module files
[0.749s] Level 1:colcon.colcon_core.environment:checking '/home/ros2/git/mygit/capella_ros_dock/install' for CMake config files
[0.751s] Level 1:colcon.colcon_core.shell:create_environment_hook('capella_ros_dock_msgs', 'cmake_prefix_path')
[0.751s] INFO:colcon.colcon_core.shell:Creating environment hook '/home/ros2/git/mygit/capella_ros_dock/install/share/capella_ros_dock_msgs/hook/cmake_prefix_path.ps1'
[0.752s] INFO:colcon.colcon_core.shell:Creating environment descriptor '/home/ros2/git/mygit/capella_ros_dock/install/share/capella_ros_dock_msgs/hook/cmake_prefix_path.dsv'
[0.752s] INFO:colcon.colcon_core.shell:Creating environment hook '/home/ros2/git/mygit/capella_ros_dock/install/share/capella_ros_dock_msgs/hook/cmake_prefix_path.sh'
[0.753s] Level 1:colcon.colcon_core.environment:checking '/home/ros2/git/mygit/capella_ros_dock/install/lib'
[0.753s] Level 1:colcon.colcon_core.shell:create_environment_hook('capella_ros_dock_msgs', 'ld_library_path_lib')
[0.754s] INFO:colcon.colcon_core.shell:Creating environment hook '/home/ros2/git/mygit/capella_ros_dock/install/share/capella_ros_dock_msgs/hook/ld_library_path_lib.ps1'
[0.754s] INFO:colcon.colcon_core.shell:Creating environment descriptor '/home/ros2/git/mygit/capella_ros_dock/install/share/capella_ros_dock_msgs/hook/ld_library_path_lib.dsv'
[0.755s] INFO:colcon.colcon_core.shell:Creating environment hook '/home/ros2/git/mygit/capella_ros_dock/install/share/capella_ros_dock_msgs/hook/ld_library_path_lib.sh'
[0.755s] Level 1:colcon.colcon_core.environment:checking '/home/ros2/git/mygit/capella_ros_dock/install/bin'
[0.755s] Level 1:colcon.colcon_core.environment:checking '/home/ros2/git/mygit/capella_ros_dock/install/lib/pkgconfig/capella_ros_dock_msgs.pc'
[0.756s] Level 1:colcon.colcon_core.environment:checking '/home/ros2/git/mygit/capella_ros_dock/install/lib/python3.10/site-packages'
[0.756s] Level 1:colcon.colcon_core.environment:checking '/home/ros2/git/mygit/capella_ros_dock/install/bin'
[0.757s] INFO:colcon.colcon_core.shell:Creating package script '/home/ros2/git/mygit/capella_ros_dock/install/share/capella_ros_dock_msgs/package.ps1'
[0.758s] INFO:colcon.colcon_core.shell:Creating package descriptor '/home/ros2/git/mygit/capella_ros_dock/install/share/capella_ros_dock_msgs/package.dsv'
[0.758s] INFO:colcon.colcon_core.shell:Creating package script '/home/ros2/git/mygit/capella_ros_dock/install/share/capella_ros_dock_msgs/package.sh'
[0.759s] INFO:colcon.colcon_core.shell:Creating package script '/home/ros2/git/mygit/capella_ros_dock/install/share/capella_ros_dock_msgs/package.bash'
[0.759s] INFO:colcon.colcon_core.shell:Creating package script '/home/ros2/git/mygit/capella_ros_dock/install/share/capella_ros_dock_msgs/package.zsh'
[0.759s] Level 1:colcon.colcon_core.environment:create_file_with_runtime_dependencies(/home/ros2/git/mygit/capella_ros_dock/install/share/colcon-core/packages/capella_ros_dock_msgs)
[0.762s] DEBUG:colcon.colcon_core.event_handler.log_command:Invoking command in '/home/ros2/git/mygit/capella_ros_dock/build/capella_ros_service_interfaces': CMAKE_PREFIX_PATH=/opt/ros/humble WSLENV=ELECTRON_RUN_AS_NODE/w:WT_SESSION::WT_PROFILE_ID /usr/bin/cmake --install /home/ros2/git/mygit/capella_ros_dock/build/capella_ros_service_interfaces
[0.779s] Level 1:colcon.colcon_core.environment:create_environment_scripts_only(capella_ros_msg)
[0.781s] Level 1:colcon.colcon_core.environment:checking '/home/ros2/git/mygit/capella_ros_dock/install' for CMake module files
[0.784s] DEBUG:colcon.colcon_core.event_handler.log_command:Invoked command in '/home/ros2/git/mygit/capella_ros_dock/build/capella_ros_msg' returned '0': CMAKE_PREFIX_PATH=/opt/ros/humble WSLENV=ELECTRON_RUN_AS_NODE/w:WT_SESSION::WT_PROFILE_ID /usr/bin/cmake --install /home/ros2/git/mygit/capella_ros_dock/build/capella_ros_msg
[0.788s] Level 1:colcon.colcon_core.environment:checking '/home/ros2/git/mygit/capella_ros_dock/install' for CMake config files
[0.810s] Level 1:colcon.colcon_core.shell:create_environment_hook('capella_ros_msg', 'cmake_prefix_path')
[0.811s] INFO:colcon.colcon_core.shell:Creating environment hook '/home/ros2/git/mygit/capella_ros_dock/install/share/capella_ros_msg/hook/cmake_prefix_path.ps1'
[0.811s] INFO:colcon.colcon_core.shell:Creating environment descriptor '/home/ros2/git/mygit/capella_ros_dock/install/share/capella_ros_msg/hook/cmake_prefix_path.dsv'
[0.811s] INFO:colcon.colcon_core.shell:Creating environment hook '/home/ros2/git/mygit/capella_ros_dock/install/share/capella_ros_msg/hook/cmake_prefix_path.sh'
[0.812s] Level 1:colcon.colcon_core.environment:checking '/home/ros2/git/mygit/capella_ros_dock/install/lib'
[0.812s] Level 1:colcon.colcon_core.shell:create_environment_hook('capella_ros_msg', 'ld_library_path_lib')
[0.813s] INFO:colcon.colcon_core.shell:Creating environment hook '/home/ros2/git/mygit/capella_ros_dock/install/share/capella_ros_msg/hook/ld_library_path_lib.ps1'
[0.813s] INFO:colcon.colcon_core.shell:Creating environment descriptor '/home/ros2/git/mygit/capella_ros_dock/install/share/capella_ros_msg/hook/ld_library_path_lib.dsv'
[0.813s] INFO:colcon.colcon_core.shell:Creating environment hook '/home/ros2/git/mygit/capella_ros_dock/install/share/capella_ros_msg/hook/ld_library_path_lib.sh'
[0.813s] Level 1:colcon.colcon_core.environment:checking '/home/ros2/git/mygit/capella_ros_dock/install/bin'
[0.813s] Level 1:colcon.colcon_core.environment:checking '/home/ros2/git/mygit/capella_ros_dock/install/lib/pkgconfig/capella_ros_msg.pc'
[0.814s] Level 1:colcon.colcon_core.environment:checking '/home/ros2/git/mygit/capella_ros_dock/install/lib/python3.10/site-packages'
[0.814s] Level 1:colcon.colcon_core.environment:checking '/home/ros2/git/mygit/capella_ros_dock/install/bin'
[0.815s] INFO:colcon.colcon_core.shell:Creating package script '/home/ros2/git/mygit/capella_ros_dock/install/share/capella_ros_msg/package.ps1'
[0.815s] INFO:colcon.colcon_core.shell:Creating package descriptor '/home/ros2/git/mygit/capella_ros_dock/install/share/capella_ros_msg/package.dsv'
[0.816s] INFO:colcon.colcon_core.shell:Creating package script '/home/ros2/git/mygit/capella_ros_dock/install/share/capella_ros_msg/package.sh'
[0.816s] INFO:colcon.colcon_core.shell:Creating package script '/home/ros2/git/mygit/capella_ros_dock/install/share/capella_ros_msg/package.bash'
[0.816s] INFO:colcon.colcon_core.shell:Creating package script '/home/ros2/git/mygit/capella_ros_dock/install/share/capella_ros_msg/package.zsh'
[0.816s] Level 1:colcon.colcon_core.environment:create_file_with_runtime_dependencies(/home/ros2/git/mygit/capella_ros_dock/install/share/colcon-core/packages/capella_ros_msg)
[0.834s] Level 1:colcon.colcon_core.environment:create_environment_scripts_only(capella_ros_service_interfaces)
[0.835s] Level 1:colcon.colcon_core.environment:checking '/home/ros2/git/mygit/capella_ros_dock/install' for CMake module files
[0.835s] DEBUG:colcon.colcon_core.event_handler.log_command:Invoked command in '/home/ros2/git/mygit/capella_ros_dock/build/capella_ros_service_interfaces' returned '0': CMAKE_PREFIX_PATH=/opt/ros/humble WSLENV=ELECTRON_RUN_AS_NODE/w:WT_SESSION::WT_PROFILE_ID /usr/bin/cmake --install /home/ros2/git/mygit/capella_ros_dock/build/capella_ros_service_interfaces
[0.836s] Level 1:colcon.colcon_core.environment:checking '/home/ros2/git/mygit/capella_ros_dock/install' for CMake config files
[0.838s] Level 1:colcon.colcon_core.shell:create_environment_hook('capella_ros_service_interfaces', 'cmake_prefix_path')
[0.838s] INFO:colcon.colcon_core.shell:Creating environment hook '/home/ros2/git/mygit/capella_ros_dock/install/share/capella_ros_service_interfaces/hook/cmake_prefix_path.ps1'
[0.839s] INFO:colcon.colcon_core.shell:Creating environment descriptor '/home/ros2/git/mygit/capella_ros_dock/install/share/capella_ros_service_interfaces/hook/cmake_prefix_path.dsv'
[0.839s] INFO:colcon.colcon_core.shell:Creating environment hook '/home/ros2/git/mygit/capella_ros_dock/install/share/capella_ros_service_interfaces/hook/cmake_prefix_path.sh'
[0.839s] Level 1:colcon.colcon_core.environment:checking '/home/ros2/git/mygit/capella_ros_dock/install/lib'
[0.839s] Level 1:colcon.colcon_core.shell:create_environment_hook('capella_ros_service_interfaces', 'ld_library_path_lib')
[0.840s] INFO:colcon.colcon_core.shell:Creating environment hook '/home/ros2/git/mygit/capella_ros_dock/install/share/capella_ros_service_interfaces/hook/ld_library_path_lib.ps1'
[0.840s] INFO:colcon.colcon_core.shell:Creating environment descriptor '/home/ros2/git/mygit/capella_ros_dock/install/share/capella_ros_service_interfaces/hook/ld_library_path_lib.dsv'
[0.840s] INFO:colcon.colcon_core.shell:Creating environment hook '/home/ros2/git/mygit/capella_ros_dock/install/share/capella_ros_service_interfaces/hook/ld_library_path_lib.sh'
[0.841s] Level 1:colcon.colcon_core.environment:checking '/home/ros2/git/mygit/capella_ros_dock/install/bin'
[0.841s] Level 1:colcon.colcon_core.environment:checking '/home/ros2/git/mygit/capella_ros_dock/install/lib/pkgconfig/capella_ros_service_interfaces.pc'
[0.841s] Level 1:colcon.colcon_core.environment:checking '/home/ros2/git/mygit/capella_ros_dock/install/lib/python3.10/site-packages'
[0.841s] Level 1:colcon.colcon_core.environment:checking '/home/ros2/git/mygit/capella_ros_dock/install/bin'
[0.842s] INFO:colcon.colcon_core.shell:Creating package script '/home/ros2/git/mygit/capella_ros_dock/install/share/capella_ros_service_interfaces/package.ps1'
[0.842s] INFO:colcon.colcon_core.shell:Creating package descriptor '/home/ros2/git/mygit/capella_ros_dock/install/share/capella_ros_service_interfaces/package.dsv'
[0.842s] INFO:colcon.colcon_core.shell:Creating package script '/home/ros2/git/mygit/capella_ros_dock/install/share/capella_ros_service_interfaces/package.sh'
[0.843s] INFO:colcon.colcon_core.shell:Creating package script '/home/ros2/git/mygit/capella_ros_dock/install/share/capella_ros_service_interfaces/package.bash'
[0.843s] INFO:colcon.colcon_core.shell:Creating package script '/home/ros2/git/mygit/capella_ros_dock/install/share/capella_ros_service_interfaces/package.zsh'
[0.843s] Level 1:colcon.colcon_core.environment:create_file_with_runtime_dependencies(/home/ros2/git/mygit/capella_ros_dock/install/share/colcon-core/packages/capella_ros_service_interfaces)
[0.929s] Level 1:colcon.colcon_core.environment:create_environment_scripts_only(capella_ros_msg)
[0.930s] Level 1:colcon.colcon_core.environment:checking '/home/ros2/git/mygit/capella_ros_dock/install' for CMake module files
[0.931s] Level 1:colcon.colcon_core.environment:checking '/home/ros2/git/mygit/capella_ros_dock/install' for CMake config files
[0.933s] Level 1:colcon.colcon_core.shell:create_environment_hook('capella_ros_msg', 'cmake_prefix_path')
[0.934s] INFO:colcon.colcon_core.shell:Creating environment hook '/home/ros2/git/mygit/capella_ros_dock/install/share/capella_ros_msg/hook/cmake_prefix_path.ps1'
[0.934s] INFO:colcon.colcon_core.shell:Creating environment descriptor '/home/ros2/git/mygit/capella_ros_dock/install/share/capella_ros_msg/hook/cmake_prefix_path.dsv'
[0.934s] INFO:colcon.colcon_core.shell:Creating environment hook '/home/ros2/git/mygit/capella_ros_dock/install/share/capella_ros_msg/hook/cmake_prefix_path.sh'
[0.934s] Level 1:colcon.colcon_core.environment:checking '/home/ros2/git/mygit/capella_ros_dock/install/lib'
[0.935s] Level 1:colcon.colcon_core.shell:create_environment_hook('capella_ros_msg', 'ld_library_path_lib')
[0.935s] INFO:colcon.colcon_core.shell:Creating environment hook '/home/ros2/git/mygit/capella_ros_dock/install/share/capella_ros_msg/hook/ld_library_path_lib.ps1'
[0.936s] INFO:colcon.colcon_core.shell:Creating environment descriptor '/home/ros2/git/mygit/capella_ros_dock/install/share/capella_ros_msg/hook/ld_library_path_lib.dsv'
[0.936s] INFO:colcon.colcon_core.shell:Creating environment hook '/home/ros2/git/mygit/capella_ros_dock/install/share/capella_ros_msg/hook/ld_library_path_lib.sh'
[0.936s] Level 1:colcon.colcon_core.environment:checking '/home/ros2/git/mygit/capella_ros_dock/install/bin'
[0.936s] Level 1:colcon.colcon_core.environment:checking '/home/ros2/git/mygit/capella_ros_dock/install/lib/pkgconfig/capella_ros_msg.pc'
[0.936s] Level 1:colcon.colcon_core.environment:checking '/home/ros2/git/mygit/capella_ros_dock/install/lib/python3.10/site-packages'
[0.936s] Level 1:colcon.colcon_core.environment:checking '/home/ros2/git/mygit/capella_ros_dock/install/bin'
[0.937s] INFO:colcon.colcon_core.shell:Creating package script '/home/ros2/git/mygit/capella_ros_dock/install/share/capella_ros_msg/package.ps1'
[0.937s] INFO:colcon.colcon_core.shell:Creating package descriptor '/home/ros2/git/mygit/capella_ros_dock/install/share/capella_ros_msg/package.dsv'
[0.938s] INFO:colcon.colcon_core.shell:Creating package script '/home/ros2/git/mygit/capella_ros_dock/install/share/capella_ros_msg/package.sh'
[0.938s] INFO:colcon.colcon_core.shell:Creating package script '/home/ros2/git/mygit/capella_ros_dock/install/share/capella_ros_msg/package.bash'
[0.938s] INFO:colcon.colcon_core.shell:Creating package script '/home/ros2/git/mygit/capella_ros_dock/install/share/capella_ros_msg/package.zsh'
[0.938s] Level 1:colcon.colcon_core.environment:create_file_with_runtime_dependencies(/home/ros2/git/mygit/capella_ros_dock/install/share/colcon-core/packages/capella_ros_msg)
[0.990s] Level 1:colcon.colcon_core.environment:create_environment_scripts_only(capella_ros_service_interfaces)
[0.991s] Level 1:colcon.colcon_core.environment:checking '/home/ros2/git/mygit/capella_ros_dock/install' for CMake module files
[0.992s] Level 1:colcon.colcon_core.environment:checking '/home/ros2/git/mygit/capella_ros_dock/install' for CMake config files
[0.993s] Level 1:colcon.colcon_core.shell:create_environment_hook('capella_ros_service_interfaces', 'cmake_prefix_path')
[0.994s] INFO:colcon.colcon_core.shell:Creating environment hook '/home/ros2/git/mygit/capella_ros_dock/install/share/capella_ros_service_interfaces/hook/cmake_prefix_path.ps1'
[0.994s] INFO:colcon.colcon_core.shell:Creating environment descriptor '/home/ros2/git/mygit/capella_ros_dock/install/share/capella_ros_service_interfaces/hook/cmake_prefix_path.dsv'
[0.994s] INFO:colcon.colcon_core.shell:Creating environment hook '/home/ros2/git/mygit/capella_ros_dock/install/share/capella_ros_service_interfaces/hook/cmake_prefix_path.sh'
[0.995s] Level 1:colcon.colcon_core.environment:checking '/home/ros2/git/mygit/capella_ros_dock/install/lib'
[0.995s] Level 1:colcon.colcon_core.shell:create_environment_hook('capella_ros_service_interfaces', 'ld_library_path_lib')
[0.996s] INFO:colcon.colcon_core.shell:Creating environment hook '/home/ros2/git/mygit/capella_ros_dock/install/share/capella_ros_service_interfaces/hook/ld_library_path_lib.ps1'
[0.996s] INFO:colcon.colcon_core.shell:Creating environment descriptor '/home/ros2/git/mygit/capella_ros_dock/install/share/capella_ros_service_interfaces/hook/ld_library_path_lib.dsv'
[0.997s] INFO:colcon.colcon_core.shell:Creating environment hook '/home/ros2/git/mygit/capella_ros_dock/install/share/capella_ros_service_interfaces/hook/ld_library_path_lib.sh'
[0.997s] Level 1:colcon.colcon_core.environment:checking '/home/ros2/git/mygit/capella_ros_dock/install/bin'
[0.997s] Level 1:colcon.colcon_core.environment:checking '/home/ros2/git/mygit/capella_ros_dock/install/lib/pkgconfig/capella_ros_service_interfaces.pc'
[0.997s] Level 1:colcon.colcon_core.environment:checking '/home/ros2/git/mygit/capella_ros_dock/install/lib/python3.10/site-packages'
[0.997s] Level 1:colcon.colcon_core.environment:checking '/home/ros2/git/mygit/capella_ros_dock/install/bin'
[0.998s] INFO:colcon.colcon_core.shell:Creating package script '/home/ros2/git/mygit/capella_ros_dock/install/share/capella_ros_service_interfaces/package.ps1'
[0.998s] INFO:colcon.colcon_core.shell:Creating package descriptor '/home/ros2/git/mygit/capella_ros_dock/install/share/capella_ros_service_interfaces/package.dsv'
[0.999s] INFO:colcon.colcon_core.shell:Creating package script '/home/ros2/git/mygit/capella_ros_dock/install/share/capella_ros_service_interfaces/package.sh'
[0.999s] INFO:colcon.colcon_core.shell:Creating package script '/home/ros2/git/mygit/capella_ros_dock/install/share/capella_ros_service_interfaces/package.bash'
[1.000s] INFO:colcon.colcon_core.shell:Creating package script '/home/ros2/git/mygit/capella_ros_dock/install/share/capella_ros_service_interfaces/package.zsh'
[1.000s] Level 1:colcon.colcon_core.environment:create_file_with_runtime_dependencies(/home/ros2/git/mygit/capella_ros_dock/install/share/colcon-core/packages/capella_ros_service_interfaces)
[1.000s] INFO:colcon.colcon_ros.task.ament_cmake.build:Building ROS package in '/home/ros2/git/mygit/capella_ros_dock/capella_ros_dock' with build type 'ament_cmake'
[1.000s] INFO:colcon.colcon_cmake.task.cmake.build:Building CMake package in '/home/ros2/git/mygit/capella_ros_dock/capella_ros_dock'
[1.002s] INFO:colcon.colcon_core.shell:Skip shell extension 'powershell' for command environment: Not usable outside of PowerShell
[1.002s] DEBUG:colcon.colcon_core.shell:Skip shell extension 'dsv' for command environment
[1.156s] DEBUG:colcon.colcon_core.event_handler.log_command:Invoking command in '/home/ros2/git/mygit/capella_ros_dock/build/capella_ros_dock': AMENT_PREFIX_PATH=/home/ros2/git/mygit/capella_ros_dock/install:${AMENT_PREFIX_PATH} CMAKE_PREFIX_PATH=/home/ros2/git/mygit/capella_ros_dock/install:/opt/ros/humble LD_LIBRARY_PATH=/home/ros2/git/mygit/capella_ros_dock/install/lib:${LD_LIBRARY_PATH} PYTHONPATH=/home/ros2/git/mygit/capella_ros_dock/install/local/lib/python3.10/dist-packages:${PYTHONPATH} WSLENV=ELECTRON_RUN_AS_NODE/w:WT_SESSION::WT_PROFILE_ID /usr/bin/cmake --build /home/ros2/git/mygit/capella_ros_dock/build/capella_ros_dock -- -j12 -l12
[12.305s] DEBUG:colcon.colcon_core.event_handler.log_command:Invoked command in '/home/ros2/git/mygit/capella_ros_dock/build/capella_ros_dock' returned '2': AMENT_PREFIX_PATH=/home/ros2/git/mygit/capella_ros_dock/install:${AMENT_PREFIX_PATH} CMAKE_PREFIX_PATH=/home/ros2/git/mygit/capella_ros_dock/install:/opt/ros/humble LD_LIBRARY_PATH=/home/ros2/git/mygit/capella_ros_dock/install/lib:${LD_LIBRARY_PATH} PYTHONPATH=/home/ros2/git/mygit/capella_ros_dock/install/local/lib/python3.10/dist-packages:${PYTHONPATH} WSLENV=ELECTRON_RUN_AS_NODE/w:WT_SESSION::WT_PROFILE_ID /usr/bin/cmake --build /home/ros2/git/mygit/capella_ros_dock/build/capella_ros_dock -- -j12 -l12
[12.323s] Level 1:colcon.colcon_core.environment:create_environment_scripts_only(capella_ros_dock)
[12.324s] Level 1:colcon.colcon_core.environment:checking '/home/ros2/git/mygit/capella_ros_dock/install' for CMake module files
[12.325s] Level 1:colcon.colcon_core.environment:checking '/home/ros2/git/mygit/capella_ros_dock/install' for CMake config files
[12.328s] Level 1:colcon.colcon_core.shell:create_environment_hook('capella_ros_dock', 'cmake_prefix_path')
[12.329s] INFO:colcon.colcon_core.shell:Creating environment hook '/home/ros2/git/mygit/capella_ros_dock/install/share/capella_ros_dock/hook/cmake_prefix_path.ps1'
[12.330s] INFO:colcon.colcon_core.shell:Creating environment descriptor '/home/ros2/git/mygit/capella_ros_dock/install/share/capella_ros_dock/hook/cmake_prefix_path.dsv'
[12.330s] INFO:colcon.colcon_core.shell:Creating environment hook '/home/ros2/git/mygit/capella_ros_dock/install/share/capella_ros_dock/hook/cmake_prefix_path.sh'
[12.331s] Level 1:colcon.colcon_core.environment:checking '/home/ros2/git/mygit/capella_ros_dock/install/lib'
[12.331s] Level 1:colcon.colcon_core.shell:create_environment_hook('capella_ros_dock', 'ld_library_path_lib')
[12.331s] INFO:colcon.colcon_core.shell:Creating environment hook '/home/ros2/git/mygit/capella_ros_dock/install/share/capella_ros_dock/hook/ld_library_path_lib.ps1'
[12.332s] INFO:colcon.colcon_core.shell:Creating environment descriptor '/home/ros2/git/mygit/capella_ros_dock/install/share/capella_ros_dock/hook/ld_library_path_lib.dsv'
[12.332s] INFO:colcon.colcon_core.shell:Creating environment hook '/home/ros2/git/mygit/capella_ros_dock/install/share/capella_ros_dock/hook/ld_library_path_lib.sh'
[12.332s] Level 1:colcon.colcon_core.environment:checking '/home/ros2/git/mygit/capella_ros_dock/install/bin'
[12.332s] Level 1:colcon.colcon_core.environment:checking '/home/ros2/git/mygit/capella_ros_dock/install/lib/pkgconfig/capella_ros_dock.pc'
[12.332s] Level 1:colcon.colcon_core.environment:checking '/home/ros2/git/mygit/capella_ros_dock/install/lib/python3.10/site-packages'
[12.333s] Level 1:colcon.colcon_core.environment:checking '/home/ros2/git/mygit/capella_ros_dock/install/bin'
[12.333s] INFO:colcon.colcon_core.shell:Creating package script '/home/ros2/git/mygit/capella_ros_dock/install/share/capella_ros_dock/package.ps1'
[12.334s] INFO:colcon.colcon_core.shell:Creating package descriptor '/home/ros2/git/mygit/capella_ros_dock/install/share/capella_ros_dock/package.dsv'
[12.334s] INFO:colcon.colcon_core.shell:Creating package script '/home/ros2/git/mygit/capella_ros_dock/install/share/capella_ros_dock/package.sh'
[12.334s] INFO:colcon.colcon_core.shell:Creating package script '/home/ros2/git/mygit/capella_ros_dock/install/share/capella_ros_dock/package.bash'
[12.335s] INFO:colcon.colcon_core.shell:Creating package script '/home/ros2/git/mygit/capella_ros_dock/install/share/capella_ros_dock/package.zsh'
[12.335s] Level 1:colcon.colcon_core.environment:create_file_with_runtime_dependencies(/home/ros2/git/mygit/capella_ros_dock/install/share/colcon-core/packages/capella_ros_dock)
[12.345s] DEBUG:colcon.colcon_parallel_executor.executor.parallel:closing loop
[12.346s] DEBUG:colcon.colcon_parallel_executor.executor.parallel:loop closed
[12.346s] DEBUG:colcon.colcon_parallel_executor.executor.parallel:run_until_complete finished with '2'
[12.346s] DEBUG:colcon.colcon_core.event_reactor:joining thread
[12.373s] INFO:colcon.colcon_core.plugin_system:Skipping extension 'colcon_notification.desktop_notification.notify_send': Could not find 'notify-send'
[12.373s] INFO:colcon.colcon_core.plugin_system:Skipping extension 'colcon_notification.desktop_notification.terminal_notifier': Not used on non-Darwin systems
[12.373s] INFO:colcon.colcon_core.plugin_system:Skipping extension 'colcon_notification.desktop_notification.win32': Not used on non-Windows systems
[12.373s] INFO:colcon.colcon_notification.desktop_notification:Sending desktop notification using 'notify2'
[12.379s] DEBUG:colcon.colcon_notification.desktop_notification.notify2:Failed to initialize notify2: org.freedesktop.DBus.Error.ServiceUnknown: The name org.freedesktop.Notifications was not provided by any .service files
[12.380s] DEBUG:colcon.colcon_core.event_reactor:joined thread
[12.381s] INFO:colcon.colcon_core.shell:Creating prefix script '/home/ros2/git/mygit/capella_ros_dock/install/local_setup.ps1'
[12.382s] INFO:colcon.colcon_core.shell:Creating prefix util module '/home/ros2/git/mygit/capella_ros_dock/install/_local_setup_util_ps1.py'
[12.383s] INFO:colcon.colcon_core.shell:Creating prefix chain script '/home/ros2/git/mygit/capella_ros_dock/install/setup.ps1'
[12.385s] INFO:colcon.colcon_core.shell:Creating prefix script '/home/ros2/git/mygit/capella_ros_dock/install/local_setup.sh'
[12.385s] INFO:colcon.colcon_core.shell:Creating prefix util module '/home/ros2/git/mygit/capella_ros_dock/install/_local_setup_util_sh.py'
[12.386s] INFO:colcon.colcon_core.shell:Creating prefix chain script '/home/ros2/git/mygit/capella_ros_dock/install/setup.sh'
[12.387s] INFO:colcon.colcon_core.shell:Creating prefix script '/home/ros2/git/mygit/capella_ros_dock/install/local_setup.bash'
[12.388s] INFO:colcon.colcon_core.shell:Creating prefix chain script '/home/ros2/git/mygit/capella_ros_dock/install/setup.bash'
[12.389s] INFO:colcon.colcon_core.shell:Creating prefix script '/home/ros2/git/mygit/capella_ros_dock/install/local_setup.zsh'
[12.390s] INFO:colcon.colcon_core.shell:Creating prefix chain script '/home/ros2/git/mygit/capella_ros_dock/install/setup.zsh'
