[0.016s] Invoking command in '/home/ros2/git/mygit/capella_ros_dock/build/capella_ros_dock_msgs': CMAKE_PREFIX_PATH=/opt/ros/humble WSLENV=ELECTRON_RUN_AS_NODE/w:WT_SESSION::WT_PROFILE_ID /usr/bin/cmake --build /home/ros2/git/mygit/capella_ros_dock/build/capella_ros_dock_msgs -- -j12 -l12
[0.045s] [35m[1mConsolidate compiler generated dependencies of target capella_ros_dock_msgs__rosidl_generator_c[0m
[0.053s] [  2%] Built target capella_ros_dock_msgs__cpp
[0.054s] [ 12%] Built target capella_ros_dock_msgs__rosidl_generator_c
[0.058s] [ 12%] Built target ament_cmake_python_symlink_capella_ros_dock_msgs
[0.062s] [35m[1mConsolidate compiler generated dependencies of target capella_ros_dock_msgs__rosidl_typesupport_cpp[0m
[0.062s] [35m[1mConsolidate compiler generated dependencies of target capella_ros_dock_msgs__rosidl_typesupport_introspection_cpp[0m
[0.062s] [35m[1mConsolidate compiler generated dependencies of target capella_ros_dock_msgs__rosidl_typesupport_fastrtps_cpp[0m
[0.067s] [35m[1mConsolidate compiler generated dependencies of target capella_ros_dock_msgs__rosidl_typesupport_introspection_c[0m
[0.070s] [35m[1mConsolidate compiler generated dependencies of target capella_ros_dock_msgs__rosidl_typesupport_c[0m
[0.071s] [35m[1mConsolidate compiler generated dependencies of target capella_ros_dock_msgs__rosidl_typesupport_fastrtps_c[0m
[0.077s] [ 23%] Built target capella_ros_dock_msgs__rosidl_typesupport_cpp
[0.077s] [ 33%] Built target capella_ros_dock_msgs__rosidl_typesupport_introspection_cpp
[0.082s] [ 43%] Built target capella_ros_dock_msgs__rosidl_typesupport_fastrtps_cpp
[0.083s] [ 71%] Built target capella_ros_dock_msgs__rosidl_typesupport_fastrtps_c
[0.083s] [ 74%] Built target capella_ros_dock_msgs__rosidl_typesupport_introspection_c
[0.083s] [ 74%] Built target capella_ros_dock_msgs__rosidl_typesupport_c
[0.098s] [ 74%] Built target capella_ros_dock_msgs
[0.119s] [ 76%] Built target capella_ros_dock_msgs__py
[0.127s] [35m[1mConsolidate compiler generated dependencies of target capella_ros_dock_msgs__rosidl_generator_py[0m
[0.138s] [ 84%] Built target capella_ros_dock_msgs__rosidl_generator_py
[0.146s] [35m[1mConsolidate compiler generated dependencies of target capella_ros_dock_msgs__rosidl_typesupport_fastrtps_c__pyext[0m
[0.147s] [35m[1mConsolidate compiler generated dependencies of target capella_ros_dock_msgs__rosidl_typesupport_c__pyext[0m
[0.147s] [35m[1mConsolidate compiler generated dependencies of target capella_ros_dock_msgs__rosidl_typesupport_introspection_c__pyext[0m
[0.158s] [ 89%] Built target capella_ros_dock_msgs__rosidl_typesupport_fastrtps_c__pyext
[0.158s] [100%] Built target capella_ros_dock_msgs__rosidl_typesupport_c__pyext
[0.158s] [100%] Built target capella_ros_dock_msgs__rosidl_typesupport_introspection_c__pyext
[0.249s] running egg_info
[0.249s] writing capella_ros_dock_msgs.egg-info/PKG-INFO
[0.249s] writing dependency_links to capella_ros_dock_msgs.egg-info/dependency_links.txt
[0.250s] writing top-level names to capella_ros_dock_msgs.egg-info/top_level.txt
[0.251s] reading manifest file 'capella_ros_dock_msgs.egg-info/SOURCES.txt'
[0.251s] writing manifest file 'capella_ros_dock_msgs.egg-info/SOURCES.txt'
[0.272s] [100%] Built target ament_cmake_python_build_capella_ros_dock_msgs_egg
[0.282s] Invoked command in '/home/ros2/git/mygit/capella_ros_dock/build/capella_ros_dock_msgs' returned '0': CMAKE_PREFIX_PATH=/opt/ros/humble WSLENV=ELECTRON_RUN_AS_NODE/w:WT_SESSION::WT_PROFILE_ID /usr/bin/cmake --build /home/ros2/git/mygit/capella_ros_dock/build/capella_ros_dock_msgs -- -j12 -l12
[0.333s] Invoking command in '/home/ros2/git/mygit/capella_ros_dock/build/capella_ros_dock_msgs': CMAKE_PREFIX_PATH=/opt/ros/humble WSLENV=ELECTRON_RUN_AS_NODE/w:WT_SESSION::WT_PROFILE_ID /usr/bin/cmake --install /home/ros2/git/mygit/capella_ros_dock/build/capella_ros_dock_msgs
[0.337s] -- Install configuration: "RelWithDebInfo"
[0.338s] -- Execute custom install script
[0.338s] -- Up-to-date symlink: /home/ros2/git/mygit/capella_ros_dock/install/share/ament_index/resource_index/rosidl_interfaces/capella_ros_dock_msgs
[0.338s] -- Up-to-date symlink: /home/ros2/git/mygit/capella_ros_dock/install/include/capella_ros_dock_msgs/capella_ros_dock_msgs/msg/detail/hazard_detection__functions.h
[0.339s] -- Up-to-date symlink: /home/ros2/git/mygit/capella_ros_dock/install/include/capella_ros_dock_msgs/capella_ros_dock_msgs/msg/detail/hazard_detection__struct.h
[0.339s] -- Up-to-date symlink: /home/ros2/git/mygit/capella_ros_dock/install/include/capella_ros_dock_msgs/capella_ros_dock_msgs/msg/detail/hazard_detection__type_support.h
[0.339s] -- Up-to-date symlink: /home/ros2/git/mygit/capella_ros_dock/install/include/capella_ros_dock_msgs/capella_ros_dock_msgs/msg/detail/hazard_detection_vector__functions.h
[0.339s] -- Up-to-date symlink: /home/ros2/git/mygit/capella_ros_dock/install/include/capella_ros_dock_msgs/capella_ros_dock_msgs/msg/detail/hazard_detection_vector__struct.h
[0.339s] -- Up-to-date symlink: /home/ros2/git/mygit/capella_ros_dock/install/include/capella_ros_dock_msgs/capella_ros_dock_msgs/msg/detail/hazard_detection_vector__type_support.h
[0.339s] -- Up-to-date symlink: /home/ros2/git/mygit/capella_ros_dock/install/include/capella_ros_dock_msgs/capella_ros_dock_msgs/msg/hazard_detection.h
[0.340s] -- Up-to-date symlink: /home/ros2/git/mygit/capella_ros_dock/install/include/capella_ros_dock_msgs/capella_ros_dock_msgs/msg/hazard_detection_vector.h
[0.340s] -- Up-to-date symlink: /home/ros2/git/mygit/capella_ros_dock/install/include/capella_ros_dock_msgs/capella_ros_dock_msgs/msg/rosidl_generator_c__visibility_control.h
[0.340s] -- Up-to-date symlink: /home/ros2/git/mygit/capella_ros_dock/install/share/capella_ros_dock_msgs/environment/library_path.sh
[0.340s] -- Up-to-date symlink: /home/ros2/git/mygit/capella_ros_dock/install/share/capella_ros_dock_msgs/environment/library_path.dsv
[0.340s] -- Up-to-date symlink: /home/ros2/git/mygit/capella_ros_dock/install/include/capella_ros_dock_msgs/capella_ros_dock_msgs/msg/detail/hazard_detection__rosidl_typesupport_fastrtps_c.h
[0.340s] -- Up-to-date symlink: /home/ros2/git/mygit/capella_ros_dock/install/include/capella_ros_dock_msgs/capella_ros_dock_msgs/msg/detail/hazard_detection_vector__rosidl_typesupport_fastrtps_c.h
[0.340s] -- Up-to-date symlink: /home/ros2/git/mygit/capella_ros_dock/install/include/capella_ros_dock_msgs/capella_ros_dock_msgs/msg/rosidl_typesupport_fastrtps_c__visibility_control.h
[0.340s] -- Up-to-date symlink: /home/ros2/git/mygit/capella_ros_dock/install/include/capella_ros_dock_msgs/capella_ros_dock_msgs/msg/detail/hazard_detection__rosidl_typesupport_introspection_c.h
[0.340s] -- Up-to-date symlink: /home/ros2/git/mygit/capella_ros_dock/install/include/capella_ros_dock_msgs/capella_ros_dock_msgs/msg/detail/hazard_detection_vector__rosidl_typesupport_introspection_c.h
[0.341s] -- Up-to-date symlink: /home/ros2/git/mygit/capella_ros_dock/install/include/capella_ros_dock_msgs/capella_ros_dock_msgs/msg/rosidl_typesupport_introspection_c__visibility_control.h
[0.341s] -- Up-to-date symlink: /home/ros2/git/mygit/capella_ros_dock/install/include/capella_ros_dock_msgs/capella_ros_dock_msgs/msg/detail/hazard_detection__builder.hpp
[0.341s] -- Up-to-date symlink: /home/ros2/git/mygit/capella_ros_dock/install/include/capella_ros_dock_msgs/capella_ros_dock_msgs/msg/detail/hazard_detection__struct.hpp
[0.341s] -- Up-to-date symlink: /home/ros2/git/mygit/capella_ros_dock/install/include/capella_ros_dock_msgs/capella_ros_dock_msgs/msg/detail/hazard_detection__traits.hpp
[0.342s] -- Up-to-date symlink: /home/ros2/git/mygit/capella_ros_dock/install/include/capella_ros_dock_msgs/capella_ros_dock_msgs/msg/detail/hazard_detection_vector__builder.hpp
[0.342s] -- Up-to-date symlink: /home/ros2/git/mygit/capella_ros_dock/install/include/capella_ros_dock_msgs/capella_ros_dock_msgs/msg/detail/hazard_detection_vector__struct.hpp
[0.342s] -- Up-to-date symlink: /home/ros2/git/mygit/capella_ros_dock/install/include/capella_ros_dock_msgs/capella_ros_dock_msgs/msg/detail/hazard_detection_vector__traits.hpp
[0.342s] -- Up-to-date symlink: /home/ros2/git/mygit/capella_ros_dock/install/include/capella_ros_dock_msgs/capella_ros_dock_msgs/msg/hazard_detection.hpp
[0.342s] -- Up-to-date symlink: /home/ros2/git/mygit/capella_ros_dock/install/include/capella_ros_dock_msgs/capella_ros_dock_msgs/msg/hazard_detection_vector.hpp
[0.343s] -- Up-to-date symlink: /home/ros2/git/mygit/capella_ros_dock/install/include/capella_ros_dock_msgs/capella_ros_dock_msgs/msg/detail/hazard_detection__rosidl_typesupport_fastrtps_cpp.hpp
[0.343s] -- Up-to-date symlink: /home/ros2/git/mygit/capella_ros_dock/install/include/capella_ros_dock_msgs/capella_ros_dock_msgs/msg/detail/hazard_detection_vector__rosidl_typesupport_fastrtps_cpp.hpp
[0.343s] -- Up-to-date symlink: /home/ros2/git/mygit/capella_ros_dock/install/include/capella_ros_dock_msgs/capella_ros_dock_msgs/msg/rosidl_typesupport_fastrtps_cpp__visibility_control.h
[0.343s] -- Up-to-date symlink: /home/ros2/git/mygit/capella_ros_dock/install/include/capella_ros_dock_msgs/capella_ros_dock_msgs/msg/detail/hazard_detection__rosidl_typesupport_introspection_cpp.hpp
[0.343s] -- Up-to-date symlink: /home/ros2/git/mygit/capella_ros_dock/install/include/capella_ros_dock_msgs/capella_ros_dock_msgs/msg/detail/hazard_detection_vector__rosidl_typesupport_introspection_cpp.hpp
[0.343s] -- Up-to-date symlink: /home/ros2/git/mygit/capella_ros_dock/install/share/capella_ros_dock_msgs/environment/pythonpath.sh
[0.344s] -- Up-to-date symlink: /home/ros2/git/mygit/capella_ros_dock/install/share/capella_ros_dock_msgs/environment/pythonpath.dsv
[0.344s] -- Up-to-date symlink: /home/ros2/git/mygit/capella_ros_dock/install/local/lib/python3.10/dist-packages/capella_ros_dock_msgs-0.0.0-py3.10.egg-info/PKG-INFO
[0.344s] -- Up-to-date symlink: /home/ros2/git/mygit/capella_ros_dock/install/local/lib/python3.10/dist-packages/capella_ros_dock_msgs-0.0.0-py3.10.egg-info/SOURCES.txt
[0.344s] -- Up-to-date symlink: /home/ros2/git/mygit/capella_ros_dock/install/local/lib/python3.10/dist-packages/capella_ros_dock_msgs-0.0.0-py3.10.egg-info/dependency_links.txt
[0.344s] -- Up-to-date symlink: /home/ros2/git/mygit/capella_ros_dock/install/local/lib/python3.10/dist-packages/capella_ros_dock_msgs-0.0.0-py3.10.egg-info/top_level.txt
[0.345s] -- Up-to-date symlink: /home/ros2/git/mygit/capella_ros_dock/install/local/lib/python3.10/dist-packages/capella_ros_dock_msgs/__init__.py
[0.345s] -- Up-to-date symlink: /home/ros2/git/mygit/capella_ros_dock/install/local/lib/python3.10/dist-packages/capella_ros_dock_msgs/_capella_ros_dock_msgs_s.ep.rosidl_typesupport_c.c
[0.345s] -- Up-to-date symlink: /home/ros2/git/mygit/capella_ros_dock/install/local/lib/python3.10/dist-packages/capella_ros_dock_msgs/_capella_ros_dock_msgs_s.ep.rosidl_typesupport_fastrtps_c.c
[0.345s] -- Up-to-date symlink: /home/ros2/git/mygit/capella_ros_dock/install/local/lib/python3.10/dist-packages/capella_ros_dock_msgs/_capella_ros_dock_msgs_s.ep.rosidl_typesupport_introspection_c.c
[0.345s] -- Up-to-date symlink: /home/ros2/git/mygit/capella_ros_dock/install/local/lib/python3.10/dist-packages/capella_ros_dock_msgs/capella_ros_dock_msgs_s__rosidl_typesupport_c.cpython-310-x86_64-linux-gnu.so
[0.346s] -- Up-to-date symlink: /home/ros2/git/mygit/capella_ros_dock/install/local/lib/python3.10/dist-packages/capella_ros_dock_msgs/capella_ros_dock_msgs_s__rosidl_typesupport_fastrtps_c.cpython-310-x86_64-linux-gnu.so
[0.346s] -- Up-to-date symlink: /home/ros2/git/mygit/capella_ros_dock/install/local/lib/python3.10/dist-packages/capella_ros_dock_msgs/capella_ros_dock_msgs_s__rosidl_typesupport_introspection_c.cpython-310-x86_64-linux-gnu.so
[0.346s] -- Up-to-date symlink: /home/ros2/git/mygit/capella_ros_dock/install/local/lib/python3.10/dist-packages/capella_ros_dock_msgs/libcapella_ros_dock_msgs__rosidl_generator_py.so
[0.346s] -- Up-to-date symlink: /home/ros2/git/mygit/capella_ros_dock/install/local/lib/python3.10/dist-packages/capella_ros_dock_msgs/msg/__init__.py
[0.346s] -- Up-to-date symlink: /home/ros2/git/mygit/capella_ros_dock/install/local/lib/python3.10/dist-packages/capella_ros_dock_msgs/msg/_hazard_detection.py
[0.346s] -- Up-to-date symlink: /home/ros2/git/mygit/capella_ros_dock/install/local/lib/python3.10/dist-packages/capella_ros_dock_msgs/msg/_hazard_detection_s.c
[0.346s] -- Up-to-date symlink: /home/ros2/git/mygit/capella_ros_dock/install/local/lib/python3.10/dist-packages/capella_ros_dock_msgs/msg/_hazard_detection_vector.py
[0.346s] -- Up-to-date symlink: /home/ros2/git/mygit/capella_ros_dock/install/local/lib/python3.10/dist-packages/capella_ros_dock_msgs/msg/_hazard_detection_vector_s.c
[0.346s] -- Up-to-date symlink: /home/ros2/git/mygit/capella_ros_dock/install/local/lib/python3.10/dist-packages/capella_ros_dock_msgs/capella_ros_dock_msgs_s__rosidl_typesupport_fastrtps_c.cpython-310-x86_64-linux-gnu.so
[0.346s] -- Up-to-date symlink: /home/ros2/git/mygit/capella_ros_dock/install/local/lib/python3.10/dist-packages/capella_ros_dock_msgs/capella_ros_dock_msgs_s__rosidl_typesupport_introspection_c.cpython-310-x86_64-linux-gnu.so
[0.346s] -- Up-to-date symlink: /home/ros2/git/mygit/capella_ros_dock/install/local/lib/python3.10/dist-packages/capella_ros_dock_msgs/capella_ros_dock_msgs_s__rosidl_typesupport_c.cpython-310-x86_64-linux-gnu.so
[0.347s] -- Up-to-date symlink: /home/ros2/git/mygit/capella_ros_dock/install/share/capella_ros_dock_msgs/msg/HazardDetection.idl
[0.347s] -- Up-to-date symlink: /home/ros2/git/mygit/capella_ros_dock/install/share/capella_ros_dock_msgs/msg/HazardDetectionVector.idl
[0.347s] -- Up-to-date symlink: /home/ros2/git/mygit/capella_ros_dock/install/share/capella_ros_dock_msgs/msg/HazardDetection.msg
[0.347s] -- Up-to-date symlink: /home/ros2/git/mygit/capella_ros_dock/install/share/capella_ros_dock_msgs/msg/HazardDetectionVector.msg
[0.347s] -- Up-to-date symlink: /home/ros2/git/mygit/capella_ros_dock/install/share/ament_index/resource_index/package_run_dependencies/capella_ros_dock_msgs
[0.347s] -- Up-to-date symlink: /home/ros2/git/mygit/capella_ros_dock/install/share/ament_index/resource_index/parent_prefix_path/capella_ros_dock_msgs
[0.347s] -- Up-to-date symlink: /home/ros2/git/mygit/capella_ros_dock/install/share/capella_ros_dock_msgs/environment/ament_prefix_path.sh
[0.347s] -- Up-to-date symlink: /home/ros2/git/mygit/capella_ros_dock/install/share/capella_ros_dock_msgs/environment/ament_prefix_path.dsv
[0.347s] -- Up-to-date symlink: /home/ros2/git/mygit/capella_ros_dock/install/share/capella_ros_dock_msgs/environment/path.sh
[0.347s] -- Up-to-date symlink: /home/ros2/git/mygit/capella_ros_dock/install/share/capella_ros_dock_msgs/environment/path.dsv
[0.347s] -- Up-to-date symlink: /home/ros2/git/mygit/capella_ros_dock/install/share/capella_ros_dock_msgs/local_setup.bash
[0.348s] -- Up-to-date symlink: /home/ros2/git/mygit/capella_ros_dock/install/share/capella_ros_dock_msgs/local_setup.sh
[0.348s] -- Up-to-date symlink: /home/ros2/git/mygit/capella_ros_dock/install/share/capella_ros_dock_msgs/local_setup.zsh
[0.348s] -- Up-to-date symlink: /home/ros2/git/mygit/capella_ros_dock/install/share/capella_ros_dock_msgs/local_setup.dsv
[0.348s] -- Symlinking: /home/ros2/git/mygit/capella_ros_dock/install/share/capella_ros_dock_msgs/package.dsv
[0.351s] -- Up-to-date symlink: /home/ros2/git/mygit/capella_ros_dock/install/share/ament_index/resource_index/packages/capella_ros_dock_msgs
[0.351s] -- Up-to-date symlink: /home/ros2/git/mygit/capella_ros_dock/install/share/capella_ros_dock_msgs/cmake/rosidl_cmake-extras.cmake
[0.352s] -- Up-to-date symlink: /home/ros2/git/mygit/capella_ros_dock/install/share/capella_ros_dock_msgs/cmake/ament_cmake_export_dependencies-extras.cmake
[0.352s] -- Up-to-date symlink: /home/ros2/git/mygit/capella_ros_dock/install/share/capella_ros_dock_msgs/cmake/ament_cmake_export_include_directories-extras.cmake
[0.352s] -- Up-to-date symlink: /home/ros2/git/mygit/capella_ros_dock/install/share/capella_ros_dock_msgs/cmake/ament_cmake_export_libraries-extras.cmake
[0.352s] -- Up-to-date symlink: /home/ros2/git/mygit/capella_ros_dock/install/share/capella_ros_dock_msgs/cmake/ament_cmake_export_targets-extras.cmake
[0.353s] -- Up-to-date symlink: /home/ros2/git/mygit/capella_ros_dock/install/share/capella_ros_dock_msgs/cmake/rosidl_cmake_export_typesupport_targets-extras.cmake
[0.353s] -- Up-to-date symlink: /home/ros2/git/mygit/capella_ros_dock/install/share/capella_ros_dock_msgs/cmake/rosidl_cmake_export_typesupport_libraries-extras.cmake
[0.353s] -- Up-to-date symlink: /home/ros2/git/mygit/capella_ros_dock/install/share/capella_ros_dock_msgs/cmake/capella_ros_dock_msgsConfig.cmake
[0.353s] -- Up-to-date symlink: /home/ros2/git/mygit/capella_ros_dock/install/share/capella_ros_dock_msgs/cmake/capella_ros_dock_msgsConfig-version.cmake
[0.354s] -- Up-to-date symlink: /home/ros2/git/mygit/capella_ros_dock/install/share/capella_ros_dock_msgs/package.xml
[0.354s] -- Up-to-date: /home/ros2/git/mygit/capella_ros_dock/install/lib/libcapella_ros_dock_msgs__rosidl_generator_c.so
[0.354s] -- Up-to-date: /home/ros2/git/mygit/capella_ros_dock/install/lib/libcapella_ros_dock_msgs__rosidl_typesupport_fastrtps_c.so
[0.354s] -- Up-to-date: /home/ros2/git/mygit/capella_ros_dock/install/lib/libcapella_ros_dock_msgs__rosidl_typesupport_introspection_c.so
[0.354s] -- Up-to-date: /home/ros2/git/mygit/capella_ros_dock/install/lib/libcapella_ros_dock_msgs__rosidl_typesupport_c.so
[0.355s] -- Up-to-date: /home/ros2/git/mygit/capella_ros_dock/install/lib/libcapella_ros_dock_msgs__rosidl_typesupport_fastrtps_cpp.so
[0.355s] -- Up-to-date: /home/ros2/git/mygit/capella_ros_dock/install/lib/libcapella_ros_dock_msgs__rosidl_typesupport_introspection_cpp.so
[0.355s] -- Up-to-date: /home/ros2/git/mygit/capella_ros_dock/install/lib/libcapella_ros_dock_msgs__rosidl_typesupport_cpp.so
[0.374s] Listing '/home/ros2/git/mygit/capella_ros_dock/install/local/lib/python3.10/dist-packages/capella_ros_dock_msgs'...
[0.374s] Listing '/home/ros2/git/mygit/capella_ros_dock/install/local/lib/python3.10/dist-packages/capella_ros_dock_msgs/msg'...
[0.378s] -- Up-to-date: /home/ros2/git/mygit/capella_ros_dock/install/lib/libcapella_ros_dock_msgs__rosidl_generator_py.so
[0.379s] -- Up-to-date: /home/ros2/git/mygit/capella_ros_dock/install/share/capella_ros_dock_msgs/cmake/export_capella_ros_dock_msgs__rosidl_generator_cExport.cmake
[0.379s] -- Up-to-date: /home/ros2/git/mygit/capella_ros_dock/install/share/capella_ros_dock_msgs/cmake/export_capella_ros_dock_msgs__rosidl_generator_cExport-relwithdebinfo.cmake
[0.379s] -- Up-to-date: /home/ros2/git/mygit/capella_ros_dock/install/share/capella_ros_dock_msgs/cmake/export_capella_ros_dock_msgs__rosidl_typesupport_fastrtps_cExport.cmake
[0.379s] -- Up-to-date: /home/ros2/git/mygit/capella_ros_dock/install/share/capella_ros_dock_msgs/cmake/export_capella_ros_dock_msgs__rosidl_typesupport_fastrtps_cExport-relwithdebinfo.cmake
[0.379s] -- Up-to-date: /home/ros2/git/mygit/capella_ros_dock/install/share/capella_ros_dock_msgs/cmake/capella_ros_dock_msgs__rosidl_typesupport_introspection_cExport.cmake
[0.380s] -- Up-to-date: /home/ros2/git/mygit/capella_ros_dock/install/share/capella_ros_dock_msgs/cmake/capella_ros_dock_msgs__rosidl_typesupport_introspection_cExport-relwithdebinfo.cmake
[0.380s] -- Up-to-date: /home/ros2/git/mygit/capella_ros_dock/install/share/capella_ros_dock_msgs/cmake/capella_ros_dock_msgs__rosidl_typesupport_cExport.cmake
[0.380s] -- Up-to-date: /home/ros2/git/mygit/capella_ros_dock/install/share/capella_ros_dock_msgs/cmake/capella_ros_dock_msgs__rosidl_typesupport_cExport-relwithdebinfo.cmake
[0.380s] -- Up-to-date: /home/ros2/git/mygit/capella_ros_dock/install/share/capella_ros_dock_msgs/cmake/export_capella_ros_dock_msgs__rosidl_generator_cppExport.cmake
[0.380s] -- Up-to-date: /home/ros2/git/mygit/capella_ros_dock/install/share/capella_ros_dock_msgs/cmake/export_capella_ros_dock_msgs__rosidl_typesupport_fastrtps_cppExport.cmake
[0.380s] -- Up-to-date: /home/ros2/git/mygit/capella_ros_dock/install/share/capella_ros_dock_msgs/cmake/export_capella_ros_dock_msgs__rosidl_typesupport_fastrtps_cppExport-relwithdebinfo.cmake
[0.380s] -- Up-to-date: /home/ros2/git/mygit/capella_ros_dock/install/share/capella_ros_dock_msgs/cmake/capella_ros_dock_msgs__rosidl_typesupport_introspection_cppExport.cmake
[0.380s] -- Up-to-date: /home/ros2/git/mygit/capella_ros_dock/install/share/capella_ros_dock_msgs/cmake/capella_ros_dock_msgs__rosidl_typesupport_introspection_cppExport-relwithdebinfo.cmake
[0.381s] -- Up-to-date: /home/ros2/git/mygit/capella_ros_dock/install/share/capella_ros_dock_msgs/cmake/capella_ros_dock_msgs__rosidl_typesupport_cppExport.cmake
[0.381s] -- Up-to-date: /home/ros2/git/mygit/capella_ros_dock/install/share/capella_ros_dock_msgs/cmake/capella_ros_dock_msgs__rosidl_typesupport_cppExport-relwithdebinfo.cmake
[0.381s] -- Up-to-date: /home/ros2/git/mygit/capella_ros_dock/install/share/capella_ros_dock_msgs/cmake/export_capella_ros_dock_msgs__rosidl_generator_pyExport.cmake
[0.381s] -- Up-to-date: /home/ros2/git/mygit/capella_ros_dock/install/share/capella_ros_dock_msgs/cmake/export_capella_ros_dock_msgs__rosidl_generator_pyExport-relwithdebinfo.cmake
[0.382s] Invoked command in '/home/ros2/git/mygit/capella_ros_dock/build/capella_ros_dock_msgs' returned '0': CMAKE_PREFIX_PATH=/opt/ros/humble WSLENV=ELECTRON_RUN_AS_NODE/w:WT_SESSION::WT_PROFILE_ID /usr/bin/cmake --install /home/ros2/git/mygit/capella_ros_dock/build/capella_ros_dock_msgs
