[0.016s] Invoking command in '/home/ros2/git/mygit/capella_ros_dock/build/capella_ros_service_interfaces': CMAKE_PREFIX_PATH=/opt/ros/humble WSLENV=ELECTRON_RUN_AS_NODE/w:WT_SESSION::WT_PROFILE_ID /usr/bin/cmake --build /home/ros2/git/mygit/capella_ros_dock/build/capella_ros_service_interfaces -- -j12 -l12
[0.051s] [  0%] Built target capella_ros_service_interfaces__cpp
[0.061s] [ 12%] Built target capella_ros_service_interfaces__rosidl_generator_c
[0.064s] [ 12%] Built target ament_cmake_python_symlink_capella_ros_service_interfaces
[0.088s] [ 24%] Built target capella_ros_service_interfaces__rosidl_typesupport_cpp
[0.095s] [ 36%] Built target capella_ros_service_interfaces__rosidl_typesupport_introspection_cpp
[0.096s] [ 48%] Built target capella_ros_service_interfaces__rosidl_typesupport_fastrtps_cpp
[0.107s] [ 60%] Built target capella_ros_service_interfaces__rosidl_typesupport_c
[0.108s] [ 72%] Built target capella_ros_service_interfaces__rosidl_typesupport_introspection_c
[0.114s] [ 84%] Built target capella_ros_service_interfaces__rosidl_typesupport_fastrtps_c
[0.129s] [ 84%] Built target capella_ros_service_interfaces
[0.147s] [ 85%] Built target capella_ros_service_interfaces__py
[0.170s] [ 96%] Built target capella_ros_service_interfaces__rosidl_generator_py
[0.186s] [100%] Built target capella_ros_service_interfaces__rosidl_typesupport_fastrtps_c__pyext
[0.186s] [100%] Built target capella_ros_service_interfaces__rosidl_typesupport_c__pyext
[0.186s] [100%] Built target capella_ros_service_interfaces__rosidl_typesupport_introspection_c__pyext
[0.263s] running egg_info
[0.263s] writing capella_ros_service_interfaces.egg-info/PKG-INFO
[0.264s] writing dependency_links to capella_ros_service_interfaces.egg-info/dependency_links.txt
[0.264s] writing top-level names to capella_ros_service_interfaces.egg-info/top_level.txt
[0.266s] reading manifest file 'capella_ros_service_interfaces.egg-info/SOURCES.txt'
[0.267s] writing manifest file 'capella_ros_service_interfaces.egg-info/SOURCES.txt'
[0.294s] [100%] Built target ament_cmake_python_build_capella_ros_service_interfaces_egg
[0.301s] Invoked command in '/home/ros2/git/mygit/capella_ros_dock/build/capella_ros_service_interfaces' returned '0': CMAKE_PREFIX_PATH=/opt/ros/humble WSLENV=ELECTRON_RUN_AS_NODE/w:WT_SESSION::WT_PROFILE_ID /usr/bin/cmake --build /home/ros2/git/mygit/capella_ros_dock/build/capella_ros_service_interfaces -- -j12 -l12
[0.464s] Invoking command in '/home/ros2/git/mygit/capella_ros_dock/build/capella_ros_service_interfaces': CMAKE_PREFIX_PATH=/opt/ros/humble WSLENV=ELECTRON_RUN_AS_NODE/w:WT_SESSION::WT_PROFILE_ID /usr/bin/cmake --install /home/ros2/git/mygit/capella_ros_dock/build/capella_ros_service_interfaces
[0.470s] -- Install configuration: "RelWithDebInfo"
[0.471s] -- Execute custom install script
[0.471s] -- Up-to-date symlink: /home/ros2/git/mygit/capella_ros_dock/install/share/ament_index/resource_index/rosidl_interfaces/capella_ros_service_interfaces
[0.472s] -- Up-to-date symlink: /home/ros2/git/mygit/capella_ros_dock/install/include/capella_ros_service_interfaces/capella_ros_service_interfaces/msg/charge_marker_visible.h
[0.472s] -- Up-to-date symlink: /home/ros2/git/mygit/capella_ros_dock/install/include/capella_ros_service_interfaces/capella_ros_service_interfaces/msg/charge_state.h
[0.473s] -- Up-to-date symlink: /home/ros2/git/mygit/capella_ros_dock/install/include/capella_ros_service_interfaces/capella_ros_service_interfaces/msg/compressed_occupancy_grid.h
[0.473s] -- Up-to-date symlink: /home/ros2/git/mygit/capella_ros_dock/install/include/capella_ros_service_interfaces/capella_ros_service_interfaces/msg/detail/charge_marker_visible__functions.h
[0.473s] -- Up-to-date symlink: /home/ros2/git/mygit/capella_ros_dock/install/include/capella_ros_service_interfaces/capella_ros_service_interfaces/msg/detail/charge_marker_visible__struct.h
[0.473s] -- Up-to-date symlink: /home/ros2/git/mygit/capella_ros_dock/install/include/capella_ros_service_interfaces/capella_ros_service_interfaces/msg/detail/charge_marker_visible__type_support.h
[0.473s] -- Up-to-date symlink: /home/ros2/git/mygit/capella_ros_dock/install/include/capella_ros_service_interfaces/capella_ros_service_interfaces/msg/detail/charge_state__functions.h
[0.473s] -- Up-to-date symlink: /home/ros2/git/mygit/capella_ros_dock/install/include/capella_ros_service_interfaces/capella_ros_service_interfaces/msg/detail/charge_state__struct.h
[0.474s] -- Up-to-date symlink: /home/ros2/git/mygit/capella_ros_dock/install/include/capella_ros_service_interfaces/capella_ros_service_interfaces/msg/detail/charge_state__type_support.h
[0.474s] -- Up-to-date symlink: /home/ros2/git/mygit/capella_ros_dock/install/include/capella_ros_service_interfaces/capella_ros_service_interfaces/msg/detail/compressed_occupancy_grid__functions.h
[0.474s] -- Up-to-date symlink: /home/ros2/git/mygit/capella_ros_dock/install/include/capella_ros_service_interfaces/capella_ros_service_interfaces/msg/detail/compressed_occupancy_grid__struct.h
[0.474s] -- Up-to-date symlink: /home/ros2/git/mygit/capella_ros_dock/install/include/capella_ros_service_interfaces/capella_ros_service_interfaces/msg/detail/compressed_occupancy_grid__type_support.h
[0.474s] -- Up-to-date symlink: /home/ros2/git/mygit/capella_ros_dock/install/include/capella_ros_service_interfaces/capella_ros_service_interfaces/msg/detail/irdetection_status__functions.h
[0.474s] -- Up-to-date symlink: /home/ros2/git/mygit/capella_ros_dock/install/include/capella_ros_service_interfaces/capella_ros_service_interfaces/msg/detail/irdetection_status__struct.h
[0.474s] -- Up-to-date symlink: /home/ros2/git/mygit/capella_ros_dock/install/include/capella_ros_service_interfaces/capella_ros_service_interfaces/msg/detail/irdetection_status__type_support.h
[0.474s] -- Up-to-date symlink: /home/ros2/git/mygit/capella_ros_dock/install/include/capella_ros_service_interfaces/capella_ros_service_interfaces/msg/detail/irimage_data__functions.h
[0.474s] -- Up-to-date symlink: /home/ros2/git/mygit/capella_ros_dock/install/include/capella_ros_service_interfaces/capella_ros_service_interfaces/msg/detail/irimage_data__struct.h
[0.474s] -- Up-to-date symlink: /home/ros2/git/mygit/capella_ros_dock/install/include/capella_ros_service_interfaces/capella_ros_service_interfaces/msg/detail/irimage_data__type_support.h
[0.475s] -- Up-to-date symlink: /home/ros2/git/mygit/capella_ros_dock/install/include/capella_ros_service_interfaces/capella_ros_service_interfaces/msg/detail/irsdk_data__functions.h
[0.475s] -- Up-to-date symlink: /home/ros2/git/mygit/capella_ros_dock/install/include/capella_ros_service_interfaces/capella_ros_service_interfaces/msg/detail/irsdk_data__struct.h
[0.475s] -- Up-to-date symlink: /home/ros2/git/mygit/capella_ros_dock/install/include/capella_ros_service_interfaces/capella_ros_service_interfaces/msg/detail/irsdk_data__type_support.h
[0.475s] -- Up-to-date symlink: /home/ros2/git/mygit/capella_ros_dock/install/include/capella_ros_service_interfaces/capella_ros_service_interfaces/msg/detail/irtemperature_data__functions.h
[0.475s] -- Up-to-date symlink: /home/ros2/git/mygit/capella_ros_dock/install/include/capella_ros_service_interfaces/capella_ros_service_interfaces/msg/detail/irtemperature_data__struct.h
[0.475s] -- Up-to-date symlink: /home/ros2/git/mygit/capella_ros_dock/install/include/capella_ros_service_interfaces/capella_ros_service_interfaces/msg/detail/irtemperature_data__type_support.h
[0.476s] -- Up-to-date symlink: /home/ros2/git/mygit/capella_ros_dock/install/include/capella_ros_service_interfaces/capella_ros_service_interfaces/msg/detail/mission_status__functions.h
[0.476s] -- Up-to-date symlink: /home/ros2/git/mygit/capella_ros_dock/install/include/capella_ros_service_interfaces/capella_ros_service_interfaces/msg/detail/mission_status__struct.h
[0.476s] -- Up-to-date symlink: /home/ros2/git/mygit/capella_ros_dock/install/include/capella_ros_service_interfaces/capella_ros_service_interfaces/msg/detail/mission_status__type_support.h
[0.476s] -- Up-to-date symlink: /home/ros2/git/mygit/capella_ros_dock/install/include/capella_ros_service_interfaces/capella_ros_service_interfaces/msg/detail/person_distance__functions.h
[0.476s] -- Up-to-date symlink: /home/ros2/git/mygit/capella_ros_dock/install/include/capella_ros_service_interfaces/capella_ros_service_interfaces/msg/detail/person_distance__struct.h
[0.476s] -- Up-to-date symlink: /home/ros2/git/mygit/capella_ros_dock/install/include/capella_ros_service_interfaces/capella_ros_service_interfaces/msg/detail/person_distance__type_support.h
[0.476s] -- Up-to-date symlink: /home/ros2/git/mygit/capella_ros_dock/install/include/capella_ros_service_interfaces/capella_ros_service_interfaces/msg/irdetection_status.h
[0.476s] -- Up-to-date symlink: /home/ros2/git/mygit/capella_ros_dock/install/include/capella_ros_service_interfaces/capella_ros_service_interfaces/msg/irimage_data.h
[0.477s] -- Up-to-date symlink: /home/ros2/git/mygit/capella_ros_dock/install/include/capella_ros_service_interfaces/capella_ros_service_interfaces/msg/irsdk_data.h
[0.477s] -- Up-to-date symlink: /home/ros2/git/mygit/capella_ros_dock/install/include/capella_ros_service_interfaces/capella_ros_service_interfaces/msg/irtemperature_data.h
[0.477s] -- Up-to-date symlink: /home/ros2/git/mygit/capella_ros_dock/install/include/capella_ros_service_interfaces/capella_ros_service_interfaces/msg/mission_status.h
[0.477s] -- Up-to-date symlink: /home/ros2/git/mygit/capella_ros_dock/install/include/capella_ros_service_interfaces/capella_ros_service_interfaces/msg/person_distance.h
[0.477s] -- Up-to-date symlink: /home/ros2/git/mygit/capella_ros_dock/install/include/capella_ros_service_interfaces/capella_ros_service_interfaces/msg/rosidl_generator_c__visibility_control.h
[0.477s] -- Up-to-date symlink: /home/ros2/git/mygit/capella_ros_dock/install/include/capella_ros_service_interfaces/capella_ros_service_interfaces/srv/cartographer_mode.h
[0.477s] -- Up-to-date symlink: /home/ros2/git/mygit/capella_ros_dock/install/include/capella_ros_service_interfaces/capella_ros_service_interfaces/srv/detail/cartographer_mode__functions.h
[0.478s] -- Up-to-date symlink: /home/ros2/git/mygit/capella_ros_dock/install/include/capella_ros_service_interfaces/capella_ros_service_interfaces/srv/detail/cartographer_mode__struct.h
[0.478s] -- Up-to-date symlink: /home/ros2/git/mygit/capella_ros_dock/install/include/capella_ros_service_interfaces/capella_ros_service_interfaces/srv/detail/cartographer_mode__type_support.h
[0.478s] -- Up-to-date symlink: /home/ros2/git/mygit/capella_ros_dock/install/include/capella_ros_service_interfaces/capella_ros_service_interfaces/srv/detail/infrared_face_detection__functions.h
[0.478s] -- Up-to-date symlink: /home/ros2/git/mygit/capella_ros_dock/install/include/capella_ros_service_interfaces/capella_ros_service_interfaces/srv/detail/infrared_face_detection__struct.h
[0.478s] -- Up-to-date symlink: /home/ros2/git/mygit/capella_ros_dock/install/include/capella_ros_service_interfaces/capella_ros_service_interfaces/srv/detail/infrared_face_detection__type_support.h
[0.478s] -- Up-to-date symlink: /home/ros2/git/mygit/capella_ros_dock/install/include/capella_ros_service_interfaces/capella_ros_service_interfaces/srv/detail/nav_launch_mode__functions.h
[0.478s] -- Up-to-date symlink: /home/ros2/git/mygit/capella_ros_dock/install/include/capella_ros_service_interfaces/capella_ros_service_interfaces/srv/detail/nav_launch_mode__struct.h
[0.478s] -- Up-to-date symlink: /home/ros2/git/mygit/capella_ros_dock/install/include/capella_ros_service_interfaces/capella_ros_service_interfaces/srv/detail/nav_launch_mode__type_support.h
[0.479s] -- Up-to-date symlink: /home/ros2/git/mygit/capella_ros_dock/install/include/capella_ros_service_interfaces/capella_ros_service_interfaces/srv/detail/stop_nav_and_carto__functions.h
[0.479s] -- Up-to-date symlink: /home/ros2/git/mygit/capella_ros_dock/install/include/capella_ros_service_interfaces/capella_ros_service_interfaces/srv/detail/stop_nav_and_carto__struct.h
[0.479s] -- Up-to-date symlink: /home/ros2/git/mygit/capella_ros_dock/install/include/capella_ros_service_interfaces/capella_ros_service_interfaces/srv/detail/stop_nav_and_carto__type_support.h
[0.479s] -- Up-to-date symlink: /home/ros2/git/mygit/capella_ros_dock/install/include/capella_ros_service_interfaces/capella_ros_service_interfaces/srv/detail/switch_mode__functions.h
[0.479s] -- Up-to-date symlink: /home/ros2/git/mygit/capella_ros_dock/install/include/capella_ros_service_interfaces/capella_ros_service_interfaces/srv/detail/switch_mode__struct.h
[0.479s] -- Up-to-date symlink: /home/ros2/git/mygit/capella_ros_dock/install/include/capella_ros_service_interfaces/capella_ros_service_interfaces/srv/detail/switch_mode__type_support.h
[0.479s] -- Up-to-date symlink: /home/ros2/git/mygit/capella_ros_dock/install/include/capella_ros_service_interfaces/capella_ros_service_interfaces/srv/infrared_face_detection.h
[0.480s] -- Up-to-date symlink: /home/ros2/git/mygit/capella_ros_dock/install/include/capella_ros_service_interfaces/capella_ros_service_interfaces/srv/nav_launch_mode.h
[0.480s] -- Up-to-date symlink: /home/ros2/git/mygit/capella_ros_dock/install/include/capella_ros_service_interfaces/capella_ros_service_interfaces/srv/stop_nav_and_carto.h
[0.480s] -- Up-to-date symlink: /home/ros2/git/mygit/capella_ros_dock/install/include/capella_ros_service_interfaces/capella_ros_service_interfaces/srv/switch_mode.h
[0.480s] -- Up-to-date symlink: /home/ros2/git/mygit/capella_ros_dock/install/share/capella_ros_service_interfaces/environment/library_path.sh
[0.480s] -- Up-to-date symlink: /home/ros2/git/mygit/capella_ros_dock/install/share/capella_ros_service_interfaces/environment/library_path.dsv
[0.481s] -- Up-to-date symlink: /home/ros2/git/mygit/capella_ros_dock/install/include/capella_ros_service_interfaces/capella_ros_service_interfaces/msg/detail/charge_marker_visible__rosidl_typesupport_fastrtps_c.h
[0.481s] -- Up-to-date symlink: /home/ros2/git/mygit/capella_ros_dock/install/include/capella_ros_service_interfaces/capella_ros_service_interfaces/msg/detail/charge_state__rosidl_typesupport_fastrtps_c.h
[0.481s] -- Up-to-date symlink: /home/ros2/git/mygit/capella_ros_dock/install/include/capella_ros_service_interfaces/capella_ros_service_interfaces/msg/detail/compressed_occupancy_grid__rosidl_typesupport_fastrtps_c.h
[0.481s] -- Up-to-date symlink: /home/ros2/git/mygit/capella_ros_dock/install/include/capella_ros_service_interfaces/capella_ros_service_interfaces/msg/detail/irdetection_status__rosidl_typesupport_fastrtps_c.h
[0.481s] -- Up-to-date symlink: /home/ros2/git/mygit/capella_ros_dock/install/include/capella_ros_service_interfaces/capella_ros_service_interfaces/msg/detail/irimage_data__rosidl_typesupport_fastrtps_c.h
[0.481s] -- Up-to-date symlink: /home/ros2/git/mygit/capella_ros_dock/install/include/capella_ros_service_interfaces/capella_ros_service_interfaces/msg/detail/irsdk_data__rosidl_typesupport_fastrtps_c.h
[0.481s] -- Up-to-date symlink: /home/ros2/git/mygit/capella_ros_dock/install/include/capella_ros_service_interfaces/capella_ros_service_interfaces/msg/detail/irtemperature_data__rosidl_typesupport_fastrtps_c.h
[0.481s] -- Up-to-date symlink: /home/ros2/git/mygit/capella_ros_dock/install/include/capella_ros_service_interfaces/capella_ros_service_interfaces/msg/detail/mission_status__rosidl_typesupport_fastrtps_c.h
[0.481s] -- Up-to-date symlink: /home/ros2/git/mygit/capella_ros_dock/install/include/capella_ros_service_interfaces/capella_ros_service_interfaces/msg/detail/person_distance__rosidl_typesupport_fastrtps_c.h
[0.481s] -- Up-to-date symlink: /home/ros2/git/mygit/capella_ros_dock/install/include/capella_ros_service_interfaces/capella_ros_service_interfaces/msg/rosidl_typesupport_fastrtps_c__visibility_control.h
[0.481s] -- Up-to-date symlink: /home/ros2/git/mygit/capella_ros_dock/install/include/capella_ros_service_interfaces/capella_ros_service_interfaces/srv/detail/cartographer_mode__rosidl_typesupport_fastrtps_c.h
[0.481s] -- Up-to-date symlink: /home/ros2/git/mygit/capella_ros_dock/install/include/capella_ros_service_interfaces/capella_ros_service_interfaces/srv/detail/infrared_face_detection__rosidl_typesupport_fastrtps_c.h
[0.481s] -- Up-to-date symlink: /home/ros2/git/mygit/capella_ros_dock/install/include/capella_ros_service_interfaces/capella_ros_service_interfaces/srv/detail/nav_launch_mode__rosidl_typesupport_fastrtps_c.h
[0.482s] -- Up-to-date symlink: /home/ros2/git/mygit/capella_ros_dock/install/include/capella_ros_service_interfaces/capella_ros_service_interfaces/srv/detail/stop_nav_and_carto__rosidl_typesupport_fastrtps_c.h
[0.482s] -- Up-to-date symlink: /home/ros2/git/mygit/capella_ros_dock/install/include/capella_ros_service_interfaces/capella_ros_service_interfaces/srv/detail/switch_mode__rosidl_typesupport_fastrtps_c.h
[0.482s] -- Up-to-date symlink: /home/ros2/git/mygit/capella_ros_dock/install/include/capella_ros_service_interfaces/capella_ros_service_interfaces/msg/detail/charge_marker_visible__rosidl_typesupport_introspection_c.h
[0.482s] -- Up-to-date symlink: /home/ros2/git/mygit/capella_ros_dock/install/include/capella_ros_service_interfaces/capella_ros_service_interfaces/msg/detail/charge_state__rosidl_typesupport_introspection_c.h
[0.482s] -- Up-to-date symlink: /home/ros2/git/mygit/capella_ros_dock/install/include/capella_ros_service_interfaces/capella_ros_service_interfaces/msg/detail/compressed_occupancy_grid__rosidl_typesupport_introspection_c.h
[0.482s] -- Up-to-date symlink: /home/ros2/git/mygit/capella_ros_dock/install/include/capella_ros_service_interfaces/capella_ros_service_interfaces/msg/detail/irdetection_status__rosidl_typesupport_introspection_c.h
[0.482s] -- Up-to-date symlink: /home/ros2/git/mygit/capella_ros_dock/install/include/capella_ros_service_interfaces/capella_ros_service_interfaces/msg/detail/irimage_data__rosidl_typesupport_introspection_c.h
[0.483s] -- Up-to-date symlink: /home/ros2/git/mygit/capella_ros_dock/install/include/capella_ros_service_interfaces/capella_ros_service_interfaces/msg/detail/irsdk_data__rosidl_typesupport_introspection_c.h
[0.483s] -- Up-to-date symlink: /home/ros2/git/mygit/capella_ros_dock/install/include/capella_ros_service_interfaces/capella_ros_service_interfaces/msg/detail/irtemperature_data__rosidl_typesupport_introspection_c.h
[0.483s] -- Up-to-date symlink: /home/ros2/git/mygit/capella_ros_dock/install/include/capella_ros_service_interfaces/capella_ros_service_interfaces/msg/detail/mission_status__rosidl_typesupport_introspection_c.h
[0.483s] -- Up-to-date symlink: /home/ros2/git/mygit/capella_ros_dock/install/include/capella_ros_service_interfaces/capella_ros_service_interfaces/msg/detail/person_distance__rosidl_typesupport_introspection_c.h
[0.484s] -- Up-to-date symlink: /home/ros2/git/mygit/capella_ros_dock/install/include/capella_ros_service_interfaces/capella_ros_service_interfaces/msg/rosidl_typesupport_introspection_c__visibility_control.h
[0.484s] -- Up-to-date symlink: /home/ros2/git/mygit/capella_ros_dock/install/include/capella_ros_service_interfaces/capella_ros_service_interfaces/srv/detail/cartographer_mode__rosidl_typesupport_introspection_c.h
[0.484s] -- Up-to-date symlink: /home/ros2/git/mygit/capella_ros_dock/install/include/capella_ros_service_interfaces/capella_ros_service_interfaces/srv/detail/infrared_face_detection__rosidl_typesupport_introspection_c.h
[0.484s] -- Up-to-date symlink: /home/ros2/git/mygit/capella_ros_dock/install/include/capella_ros_service_interfaces/capella_ros_service_interfaces/srv/detail/nav_launch_mode__rosidl_typesupport_introspection_c.h
[0.484s] -- Up-to-date symlink: /home/ros2/git/mygit/capella_ros_dock/install/include/capella_ros_service_interfaces/capella_ros_service_interfaces/srv/detail/stop_nav_and_carto__rosidl_typesupport_introspection_c.h
[0.486s] -- Up-to-date symlink: /home/ros2/git/mygit/capella_ros_dock/install/include/capella_ros_service_interfaces/capella_ros_service_interfaces/srv/detail/switch_mode__rosidl_typesupport_introspection_c.h
[0.489s] -- Up-to-date symlink: /home/ros2/git/mygit/capella_ros_dock/install/include/capella_ros_service_interfaces/capella_ros_service_interfaces/msg/charge_marker_visible.hpp
[0.490s] -- Up-to-date symlink: /home/ros2/git/mygit/capella_ros_dock/install/include/capella_ros_service_interfaces/capella_ros_service_interfaces/msg/charge_state.hpp
[0.490s] -- Up-to-date symlink: /home/ros2/git/mygit/capella_ros_dock/install/include/capella_ros_service_interfaces/capella_ros_service_interfaces/msg/compressed_occupancy_grid.hpp
[0.490s] -- Up-to-date symlink: /home/ros2/git/mygit/capella_ros_dock/install/include/capella_ros_service_interfaces/capella_ros_service_interfaces/msg/detail/charge_marker_visible__builder.hpp
[0.490s] -- Up-to-date symlink: /home/ros2/git/mygit/capella_ros_dock/install/include/capella_ros_service_interfaces/capella_ros_service_interfaces/msg/detail/charge_marker_visible__struct.hpp
[0.491s] -- Up-to-date symlink: /home/ros2/git/mygit/capella_ros_dock/install/include/capella_ros_service_interfaces/capella_ros_service_interfaces/msg/detail/charge_marker_visible__traits.hpp
[0.491s] -- Up-to-date symlink: /home/ros2/git/mygit/capella_ros_dock/install/include/capella_ros_service_interfaces/capella_ros_service_interfaces/msg/detail/charge_state__builder.hpp
[0.491s] -- Up-to-date symlink: /home/ros2/git/mygit/capella_ros_dock/install/include/capella_ros_service_interfaces/capella_ros_service_interfaces/msg/detail/charge_state__struct.hpp
[0.492s] -- Up-to-date symlink: /home/ros2/git/mygit/capella_ros_dock/install/include/capella_ros_service_interfaces/capella_ros_service_interfaces/msg/detail/charge_state__traits.hpp
[0.492s] -- Up-to-date symlink: /home/ros2/git/mygit/capella_ros_dock/install/include/capella_ros_service_interfaces/capella_ros_service_interfaces/msg/detail/compressed_occupancy_grid__builder.hpp
[0.492s] -- Up-to-date symlink: /home/ros2/git/mygit/capella_ros_dock/install/include/capella_ros_service_interfaces/capella_ros_service_interfaces/msg/detail/compressed_occupancy_grid__struct.hpp
[0.492s] -- Up-to-date symlink: /home/ros2/git/mygit/capella_ros_dock/install/include/capella_ros_service_interfaces/capella_ros_service_interfaces/msg/detail/compressed_occupancy_grid__traits.hpp
[0.493s] -- Up-to-date symlink: /home/ros2/git/mygit/capella_ros_dock/install/include/capella_ros_service_interfaces/capella_ros_service_interfaces/msg/detail/irdetection_status__builder.hpp
[0.493s] -- Up-to-date symlink: /home/ros2/git/mygit/capella_ros_dock/install/include/capella_ros_service_interfaces/capella_ros_service_interfaces/msg/detail/irdetection_status__struct.hpp
[0.493s] -- Up-to-date symlink: /home/ros2/git/mygit/capella_ros_dock/install/include/capella_ros_service_interfaces/capella_ros_service_interfaces/msg/detail/irdetection_status__traits.hpp
[0.493s] -- Up-to-date symlink: /home/ros2/git/mygit/capella_ros_dock/install/include/capella_ros_service_interfaces/capella_ros_service_interfaces/msg/detail/irimage_data__builder.hpp
[0.493s] -- Up-to-date symlink: /home/ros2/git/mygit/capella_ros_dock/install/include/capella_ros_service_interfaces/capella_ros_service_interfaces/msg/detail/irimage_data__struct.hpp
[0.493s] -- Up-to-date symlink: /home/ros2/git/mygit/capella_ros_dock/install/include/capella_ros_service_interfaces/capella_ros_service_interfaces/msg/detail/irimage_data__traits.hpp
[0.493s] -- Up-to-date symlink: /home/ros2/git/mygit/capella_ros_dock/install/include/capella_ros_service_interfaces/capella_ros_service_interfaces/msg/detail/irsdk_data__builder.hpp
[0.494s] -- Up-to-date symlink: /home/ros2/git/mygit/capella_ros_dock/install/include/capella_ros_service_interfaces/capella_ros_service_interfaces/msg/detail/irsdk_data__struct.hpp
[0.494s] -- Up-to-date symlink: /home/ros2/git/mygit/capella_ros_dock/install/include/capella_ros_service_interfaces/capella_ros_service_interfaces/msg/detail/irsdk_data__traits.hpp
[0.494s] -- Up-to-date symlink: /home/ros2/git/mygit/capella_ros_dock/install/include/capella_ros_service_interfaces/capella_ros_service_interfaces/msg/detail/irtemperature_data__builder.hpp
[0.494s] -- Up-to-date symlink: /home/ros2/git/mygit/capella_ros_dock/install/include/capella_ros_service_interfaces/capella_ros_service_interfaces/msg/detail/irtemperature_data__struct.hpp
[0.494s] -- Up-to-date symlink: /home/ros2/git/mygit/capella_ros_dock/install/include/capella_ros_service_interfaces/capella_ros_service_interfaces/msg/detail/irtemperature_data__traits.hpp
[0.495s] -- Up-to-date symlink: /home/ros2/git/mygit/capella_ros_dock/install/include/capella_ros_service_interfaces/capella_ros_service_interfaces/msg/detail/mission_status__builder.hpp
[0.496s] -- Up-to-date symlink: /home/ros2/git/mygit/capella_ros_dock/install/include/capella_ros_service_interfaces/capella_ros_service_interfaces/msg/detail/mission_status__struct.hpp
[0.496s] -- Up-to-date symlink: /home/ros2/git/mygit/capella_ros_dock/install/include/capella_ros_service_interfaces/capella_ros_service_interfaces/msg/detail/mission_status__traits.hpp
[0.496s] -- Up-to-date symlink: /home/ros2/git/mygit/capella_ros_dock/install/include/capella_ros_service_interfaces/capella_ros_service_interfaces/msg/detail/person_distance__builder.hpp
[0.496s] -- Up-to-date symlink: /home/ros2/git/mygit/capella_ros_dock/install/include/capella_ros_service_interfaces/capella_ros_service_interfaces/msg/detail/person_distance__struct.hpp
[0.496s] -- Up-to-date symlink: /home/ros2/git/mygit/capella_ros_dock/install/include/capella_ros_service_interfaces/capella_ros_service_interfaces/msg/detail/person_distance__traits.hpp
[0.496s] -- Up-to-date symlink: /home/ros2/git/mygit/capella_ros_dock/install/include/capella_ros_service_interfaces/capella_ros_service_interfaces/msg/irdetection_status.hpp
[0.496s] -- Up-to-date symlink: /home/ros2/git/mygit/capella_ros_dock/install/include/capella_ros_service_interfaces/capella_ros_service_interfaces/msg/irimage_data.hpp
[0.496s] -- Up-to-date symlink: /home/ros2/git/mygit/capella_ros_dock/install/include/capella_ros_service_interfaces/capella_ros_service_interfaces/msg/irsdk_data.hpp
[0.496s] -- Up-to-date symlink: /home/ros2/git/mygit/capella_ros_dock/install/include/capella_ros_service_interfaces/capella_ros_service_interfaces/msg/irtemperature_data.hpp
[0.496s] -- Up-to-date symlink: /home/ros2/git/mygit/capella_ros_dock/install/include/capella_ros_service_interfaces/capella_ros_service_interfaces/msg/mission_status.hpp
[0.497s] -- Up-to-date symlink: /home/ros2/git/mygit/capella_ros_dock/install/include/capella_ros_service_interfaces/capella_ros_service_interfaces/msg/person_distance.hpp
[0.497s] -- Up-to-date symlink: /home/ros2/git/mygit/capella_ros_dock/install/include/capella_ros_service_interfaces/capella_ros_service_interfaces/srv/cartographer_mode.hpp
[0.497s] -- Up-to-date symlink: /home/ros2/git/mygit/capella_ros_dock/install/include/capella_ros_service_interfaces/capella_ros_service_interfaces/srv/detail/cartographer_mode__builder.hpp
[0.497s] -- Up-to-date symlink: /home/ros2/git/mygit/capella_ros_dock/install/include/capella_ros_service_interfaces/capella_ros_service_interfaces/srv/detail/cartographer_mode__struct.hpp
[0.497s] -- Up-to-date symlink: /home/ros2/git/mygit/capella_ros_dock/install/include/capella_ros_service_interfaces/capella_ros_service_interfaces/srv/detail/cartographer_mode__traits.hpp
[0.497s] -- Up-to-date symlink: /home/ros2/git/mygit/capella_ros_dock/install/include/capella_ros_service_interfaces/capella_ros_service_interfaces/srv/detail/infrared_face_detection__builder.hpp
[0.497s] -- Up-to-date symlink: /home/ros2/git/mygit/capella_ros_dock/install/include/capella_ros_service_interfaces/capella_ros_service_interfaces/srv/detail/infrared_face_detection__struct.hpp
[0.498s] -- Up-to-date symlink: /home/ros2/git/mygit/capella_ros_dock/install/include/capella_ros_service_interfaces/capella_ros_service_interfaces/srv/detail/infrared_face_detection__traits.hpp
[0.498s] -- Up-to-date symlink: /home/ros2/git/mygit/capella_ros_dock/install/include/capella_ros_service_interfaces/capella_ros_service_interfaces/srv/detail/nav_launch_mode__builder.hpp
[0.498s] -- Up-to-date symlink: /home/ros2/git/mygit/capella_ros_dock/install/include/capella_ros_service_interfaces/capella_ros_service_interfaces/srv/detail/nav_launch_mode__struct.hpp
[0.498s] -- Up-to-date symlink: /home/ros2/git/mygit/capella_ros_dock/install/include/capella_ros_service_interfaces/capella_ros_service_interfaces/srv/detail/nav_launch_mode__traits.hpp
[0.498s] -- Up-to-date symlink: /home/ros2/git/mygit/capella_ros_dock/install/include/capella_ros_service_interfaces/capella_ros_service_interfaces/srv/detail/stop_nav_and_carto__builder.hpp
[0.498s] -- Up-to-date symlink: /home/ros2/git/mygit/capella_ros_dock/install/include/capella_ros_service_interfaces/capella_ros_service_interfaces/srv/detail/stop_nav_and_carto__struct.hpp
[0.498s] -- Up-to-date symlink: /home/ros2/git/mygit/capella_ros_dock/install/include/capella_ros_service_interfaces/capella_ros_service_interfaces/srv/detail/stop_nav_and_carto__traits.hpp
[0.498s] -- Up-to-date symlink: /home/ros2/git/mygit/capella_ros_dock/install/include/capella_ros_service_interfaces/capella_ros_service_interfaces/srv/detail/switch_mode__builder.hpp
[0.498s] -- Up-to-date symlink: /home/ros2/git/mygit/capella_ros_dock/install/include/capella_ros_service_interfaces/capella_ros_service_interfaces/srv/detail/switch_mode__struct.hpp
[0.498s] -- Up-to-date symlink: /home/ros2/git/mygit/capella_ros_dock/install/include/capella_ros_service_interfaces/capella_ros_service_interfaces/srv/detail/switch_mode__traits.hpp
[0.498s] -- Up-to-date symlink: /home/ros2/git/mygit/capella_ros_dock/install/include/capella_ros_service_interfaces/capella_ros_service_interfaces/srv/infrared_face_detection.hpp
[0.499s] -- Up-to-date symlink: /home/ros2/git/mygit/capella_ros_dock/install/include/capella_ros_service_interfaces/capella_ros_service_interfaces/srv/nav_launch_mode.hpp
[0.499s] -- Up-to-date symlink: /home/ros2/git/mygit/capella_ros_dock/install/include/capella_ros_service_interfaces/capella_ros_service_interfaces/srv/stop_nav_and_carto.hpp
[0.499s] -- Up-to-date symlink: /home/ros2/git/mygit/capella_ros_dock/install/include/capella_ros_service_interfaces/capella_ros_service_interfaces/srv/switch_mode.hpp
[0.499s] -- Up-to-date symlink: /home/ros2/git/mygit/capella_ros_dock/install/include/capella_ros_service_interfaces/capella_ros_service_interfaces/msg/detail/charge_marker_visible__rosidl_typesupport_fastrtps_cpp.hpp
[0.499s] -- Up-to-date symlink: /home/ros2/git/mygit/capella_ros_dock/install/include/capella_ros_service_interfaces/capella_ros_service_interfaces/msg/detail/charge_state__rosidl_typesupport_fastrtps_cpp.hpp
[0.499s] -- Up-to-date symlink: /home/ros2/git/mygit/capella_ros_dock/install/include/capella_ros_service_interfaces/capella_ros_service_interfaces/msg/detail/compressed_occupancy_grid__rosidl_typesupport_fastrtps_cpp.hpp
[0.499s] -- Up-to-date symlink: /home/ros2/git/mygit/capella_ros_dock/install/include/capella_ros_service_interfaces/capella_ros_service_interfaces/msg/detail/irdetection_status__rosidl_typesupport_fastrtps_cpp.hpp
[0.499s] -- Up-to-date symlink: /home/ros2/git/mygit/capella_ros_dock/install/include/capella_ros_service_interfaces/capella_ros_service_interfaces/msg/detail/irimage_data__rosidl_typesupport_fastrtps_cpp.hpp
[0.499s] -- Up-to-date symlink: /home/ros2/git/mygit/capella_ros_dock/install/include/capella_ros_service_interfaces/capella_ros_service_interfaces/msg/detail/irsdk_data__rosidl_typesupport_fastrtps_cpp.hpp
[0.499s] -- Up-to-date symlink: /home/ros2/git/mygit/capella_ros_dock/install/include/capella_ros_service_interfaces/capella_ros_service_interfaces/msg/detail/irtemperature_data__rosidl_typesupport_fastrtps_cpp.hpp
[0.499s] -- Up-to-date symlink: /home/ros2/git/mygit/capella_ros_dock/install/include/capella_ros_service_interfaces/capella_ros_service_interfaces/msg/detail/mission_status__rosidl_typesupport_fastrtps_cpp.hpp
[0.500s] -- Up-to-date symlink: /home/ros2/git/mygit/capella_ros_dock/install/include/capella_ros_service_interfaces/capella_ros_service_interfaces/msg/detail/person_distance__rosidl_typesupport_fastrtps_cpp.hpp
[0.500s] -- Up-to-date symlink: /home/ros2/git/mygit/capella_ros_dock/install/include/capella_ros_service_interfaces/capella_ros_service_interfaces/msg/rosidl_typesupport_fastrtps_cpp__visibility_control.h
[0.500s] -- Up-to-date symlink: /home/ros2/git/mygit/capella_ros_dock/install/include/capella_ros_service_interfaces/capella_ros_service_interfaces/srv/detail/cartographer_mode__rosidl_typesupport_fastrtps_cpp.hpp
[0.500s] -- Up-to-date symlink: /home/ros2/git/mygit/capella_ros_dock/install/include/capella_ros_service_interfaces/capella_ros_service_interfaces/srv/detail/infrared_face_detection__rosidl_typesupport_fastrtps_cpp.hpp
[0.500s] -- Up-to-date symlink: /home/ros2/git/mygit/capella_ros_dock/install/include/capella_ros_service_interfaces/capella_ros_service_interfaces/srv/detail/nav_launch_mode__rosidl_typesupport_fastrtps_cpp.hpp
[0.500s] -- Up-to-date symlink: /home/ros2/git/mygit/capella_ros_dock/install/include/capella_ros_service_interfaces/capella_ros_service_interfaces/srv/detail/stop_nav_and_carto__rosidl_typesupport_fastrtps_cpp.hpp
[0.500s] -- Up-to-date symlink: /home/ros2/git/mygit/capella_ros_dock/install/include/capella_ros_service_interfaces/capella_ros_service_interfaces/srv/detail/switch_mode__rosidl_typesupport_fastrtps_cpp.hpp
[0.500s] -- Up-to-date symlink: /home/ros2/git/mygit/capella_ros_dock/install/include/capella_ros_service_interfaces/capella_ros_service_interfaces/msg/detail/charge_marker_visible__rosidl_typesupport_introspection_cpp.hpp
[0.500s] -- Up-to-date symlink: /home/ros2/git/mygit/capella_ros_dock/install/include/capella_ros_service_interfaces/capella_ros_service_interfaces/msg/detail/charge_state__rosidl_typesupport_introspection_cpp.hpp
[0.500s] -- Up-to-date symlink: /home/ros2/git/mygit/capella_ros_dock/install/include/capella_ros_service_interfaces/capella_ros_service_interfaces/msg/detail/compressed_occupancy_grid__rosidl_typesupport_introspection_cpp.hpp
[0.501s] -- Up-to-date symlink: /home/ros2/git/mygit/capella_ros_dock/install/include/capella_ros_service_interfaces/capella_ros_service_interfaces/msg/detail/irdetection_status__rosidl_typesupport_introspection_cpp.hpp
[0.501s] -- Up-to-date symlink: /home/ros2/git/mygit/capella_ros_dock/install/include/capella_ros_service_interfaces/capella_ros_service_interfaces/msg/detail/irimage_data__rosidl_typesupport_introspection_cpp.hpp
[0.501s] -- Up-to-date symlink: /home/ros2/git/mygit/capella_ros_dock/install/include/capella_ros_service_interfaces/capella_ros_service_interfaces/msg/detail/irsdk_data__rosidl_typesupport_introspection_cpp.hpp
[0.501s] -- Up-to-date symlink: /home/ros2/git/mygit/capella_ros_dock/install/include/capella_ros_service_interfaces/capella_ros_service_interfaces/msg/detail/irtemperature_data__rosidl_typesupport_introspection_cpp.hpp
[0.501s] -- Up-to-date symlink: /home/ros2/git/mygit/capella_ros_dock/install/include/capella_ros_service_interfaces/capella_ros_service_interfaces/msg/detail/mission_status__rosidl_typesupport_introspection_cpp.hpp
[0.501s] -- Up-to-date symlink: /home/ros2/git/mygit/capella_ros_dock/install/include/capella_ros_service_interfaces/capella_ros_service_interfaces/msg/detail/person_distance__rosidl_typesupport_introspection_cpp.hpp
[0.501s] -- Up-to-date symlink: /home/ros2/git/mygit/capella_ros_dock/install/include/capella_ros_service_interfaces/capella_ros_service_interfaces/srv/detail/cartographer_mode__rosidl_typesupport_introspection_cpp.hpp
[0.501s] -- Up-to-date symlink: /home/ros2/git/mygit/capella_ros_dock/install/include/capella_ros_service_interfaces/capella_ros_service_interfaces/srv/detail/infrared_face_detection__rosidl_typesupport_introspection_cpp.hpp
[0.501s] -- Up-to-date symlink: /home/ros2/git/mygit/capella_ros_dock/install/include/capella_ros_service_interfaces/capella_ros_service_interfaces/srv/detail/nav_launch_mode__rosidl_typesupport_introspection_cpp.hpp
[0.501s] -- Up-to-date symlink: /home/ros2/git/mygit/capella_ros_dock/install/include/capella_ros_service_interfaces/capella_ros_service_interfaces/srv/detail/stop_nav_and_carto__rosidl_typesupport_introspection_cpp.hpp
[0.502s] -- Up-to-date symlink: /home/ros2/git/mygit/capella_ros_dock/install/include/capella_ros_service_interfaces/capella_ros_service_interfaces/srv/detail/switch_mode__rosidl_typesupport_introspection_cpp.hpp
[0.502s] -- Up-to-date symlink: /home/ros2/git/mygit/capella_ros_dock/install/share/capella_ros_service_interfaces/environment/pythonpath.sh
[0.502s] -- Up-to-date symlink: /home/ros2/git/mygit/capella_ros_dock/install/share/capella_ros_service_interfaces/environment/pythonpath.dsv
[0.502s] -- Up-to-date symlink: /home/ros2/git/mygit/capella_ros_dock/install/local/lib/python3.10/dist-packages/capella_ros_service_interfaces-0.0.0-py3.10.egg-info/PKG-INFO
[0.502s] -- Up-to-date symlink: /home/ros2/git/mygit/capella_ros_dock/install/local/lib/python3.10/dist-packages/capella_ros_service_interfaces-0.0.0-py3.10.egg-info/SOURCES.txt
[0.502s] -- Up-to-date symlink: /home/ros2/git/mygit/capella_ros_dock/install/local/lib/python3.10/dist-packages/capella_ros_service_interfaces-0.0.0-py3.10.egg-info/dependency_links.txt
[0.503s] -- Up-to-date symlink: /home/ros2/git/mygit/capella_ros_dock/install/local/lib/python3.10/dist-packages/capella_ros_service_interfaces-0.0.0-py3.10.egg-info/top_level.txt
[0.503s] -- Up-to-date symlink: /home/ros2/git/mygit/capella_ros_dock/install/local/lib/python3.10/dist-packages/capella_ros_service_interfaces/__init__.py
[0.503s] -- Up-to-date symlink: /home/ros2/git/mygit/capella_ros_dock/install/local/lib/python3.10/dist-packages/capella_ros_service_interfaces/_capella_ros_service_interfaces_s.ep.rosidl_typesupport_c.c
[0.503s] -- Up-to-date symlink: /home/ros2/git/mygit/capella_ros_dock/install/local/lib/python3.10/dist-packages/capella_ros_service_interfaces/_capella_ros_service_interfaces_s.ep.rosidl_typesupport_fastrtps_c.c
[0.503s] -- Up-to-date symlink: /home/ros2/git/mygit/capella_ros_dock/install/local/lib/python3.10/dist-packages/capella_ros_service_interfaces/_capella_ros_service_interfaces_s.ep.rosidl_typesupport_introspection_c.c
[0.503s] -- Up-to-date symlink: /home/ros2/git/mygit/capella_ros_dock/install/local/lib/python3.10/dist-packages/capella_ros_service_interfaces/capella_ros_service_interfaces_s__rosidl_typesupport_c.cpython-310-x86_64-linux-gnu.so
[0.503s] -- Up-to-date symlink: /home/ros2/git/mygit/capella_ros_dock/install/local/lib/python3.10/dist-packages/capella_ros_service_interfaces/capella_ros_service_interfaces_s__rosidl_typesupport_fastrtps_c.cpython-310-x86_64-linux-gnu.so
[0.503s] -- Up-to-date symlink: /home/ros2/git/mygit/capella_ros_dock/install/local/lib/python3.10/dist-packages/capella_ros_service_interfaces/capella_ros_service_interfaces_s__rosidl_typesupport_introspection_c.cpython-310-x86_64-linux-gnu.so
[0.503s] -- Up-to-date symlink: /home/ros2/git/mygit/capella_ros_dock/install/local/lib/python3.10/dist-packages/capella_ros_service_interfaces/libcapella_ros_service_interfaces__rosidl_generator_py.so
[0.503s] -- Up-to-date symlink: /home/ros2/git/mygit/capella_ros_dock/install/local/lib/python3.10/dist-packages/capella_ros_service_interfaces/msg/__init__.py
[0.504s] -- Up-to-date symlink: /home/ros2/git/mygit/capella_ros_dock/install/local/lib/python3.10/dist-packages/capella_ros_service_interfaces/msg/_charge_marker_visible.py
[0.504s] -- Up-to-date symlink: /home/ros2/git/mygit/capella_ros_dock/install/local/lib/python3.10/dist-packages/capella_ros_service_interfaces/msg/_charge_marker_visible_s.c
[0.504s] -- Up-to-date symlink: /home/ros2/git/mygit/capella_ros_dock/install/local/lib/python3.10/dist-packages/capella_ros_service_interfaces/msg/_charge_state.py
[0.504s] -- Up-to-date symlink: /home/ros2/git/mygit/capella_ros_dock/install/local/lib/python3.10/dist-packages/capella_ros_service_interfaces/msg/_charge_state_s.c
[0.504s] -- Up-to-date symlink: /home/ros2/git/mygit/capella_ros_dock/install/local/lib/python3.10/dist-packages/capella_ros_service_interfaces/msg/_compressed_occupancy_grid.py
[0.504s] -- Up-to-date symlink: /home/ros2/git/mygit/capella_ros_dock/install/local/lib/python3.10/dist-packages/capella_ros_service_interfaces/msg/_compressed_occupancy_grid_s.c
[0.504s] -- Up-to-date symlink: /home/ros2/git/mygit/capella_ros_dock/install/local/lib/python3.10/dist-packages/capella_ros_service_interfaces/msg/_irdetection_status.py
[0.504s] -- Up-to-date symlink: /home/ros2/git/mygit/capella_ros_dock/install/local/lib/python3.10/dist-packages/capella_ros_service_interfaces/msg/_irdetection_status_s.c
[0.505s] -- Up-to-date symlink: /home/ros2/git/mygit/capella_ros_dock/install/local/lib/python3.10/dist-packages/capella_ros_service_interfaces/msg/_irimage_data.py
[0.505s] -- Up-to-date symlink: /home/ros2/git/mygit/capella_ros_dock/install/local/lib/python3.10/dist-packages/capella_ros_service_interfaces/msg/_irimage_data_s.c
[0.505s] -- Up-to-date symlink: /home/ros2/git/mygit/capella_ros_dock/install/local/lib/python3.10/dist-packages/capella_ros_service_interfaces/msg/_irsdk_data.py
[0.505s] -- Up-to-date symlink: /home/ros2/git/mygit/capella_ros_dock/install/local/lib/python3.10/dist-packages/capella_ros_service_interfaces/msg/_irsdk_data_s.c
[0.505s] -- Up-to-date symlink: /home/ros2/git/mygit/capella_ros_dock/install/local/lib/python3.10/dist-packages/capella_ros_service_interfaces/msg/_irtemperature_data.py
[0.505s] -- Up-to-date symlink: /home/ros2/git/mygit/capella_ros_dock/install/local/lib/python3.10/dist-packages/capella_ros_service_interfaces/msg/_irtemperature_data_s.c
[0.505s] -- Up-to-date symlink: /home/ros2/git/mygit/capella_ros_dock/install/local/lib/python3.10/dist-packages/capella_ros_service_interfaces/msg/_mission_status.py
[0.505s] -- Up-to-date symlink: /home/ros2/git/mygit/capella_ros_dock/install/local/lib/python3.10/dist-packages/capella_ros_service_interfaces/msg/_mission_status_s.c
[0.506s] -- Up-to-date symlink: /home/ros2/git/mygit/capella_ros_dock/install/local/lib/python3.10/dist-packages/capella_ros_service_interfaces/msg/_person_distance.py
[0.506s] -- Up-to-date symlink: /home/ros2/git/mygit/capella_ros_dock/install/local/lib/python3.10/dist-packages/capella_ros_service_interfaces/msg/_person_distance_s.c
[0.506s] -- Up-to-date symlink: /home/ros2/git/mygit/capella_ros_dock/install/local/lib/python3.10/dist-packages/capella_ros_service_interfaces/srv/__init__.py
[0.506s] -- Up-to-date symlink: /home/ros2/git/mygit/capella_ros_dock/install/local/lib/python3.10/dist-packages/capella_ros_service_interfaces/srv/_cartographer_mode.py
[0.506s] -- Up-to-date symlink: /home/ros2/git/mygit/capella_ros_dock/install/local/lib/python3.10/dist-packages/capella_ros_service_interfaces/srv/_cartographer_mode_s.c
[0.506s] -- Up-to-date symlink: /home/ros2/git/mygit/capella_ros_dock/install/local/lib/python3.10/dist-packages/capella_ros_service_interfaces/srv/_infrared_face_detection.py
[0.506s] -- Up-to-date symlink: /home/ros2/git/mygit/capella_ros_dock/install/local/lib/python3.10/dist-packages/capella_ros_service_interfaces/srv/_infrared_face_detection_s.c
[0.506s] -- Up-to-date symlink: /home/ros2/git/mygit/capella_ros_dock/install/local/lib/python3.10/dist-packages/capella_ros_service_interfaces/srv/_nav_launch_mode.py
[0.506s] -- Up-to-date symlink: /home/ros2/git/mygit/capella_ros_dock/install/local/lib/python3.10/dist-packages/capella_ros_service_interfaces/srv/_nav_launch_mode_s.c
[0.506s] -- Up-to-date symlink: /home/ros2/git/mygit/capella_ros_dock/install/local/lib/python3.10/dist-packages/capella_ros_service_interfaces/srv/_stop_nav_and_carto.py
[0.506s] -- Up-to-date symlink: /home/ros2/git/mygit/capella_ros_dock/install/local/lib/python3.10/dist-packages/capella_ros_service_interfaces/srv/_stop_nav_and_carto_s.c
[0.507s] -- Up-to-date symlink: /home/ros2/git/mygit/capella_ros_dock/install/local/lib/python3.10/dist-packages/capella_ros_service_interfaces/srv/_switch_mode.py
[0.507s] -- Up-to-date symlink: /home/ros2/git/mygit/capella_ros_dock/install/local/lib/python3.10/dist-packages/capella_ros_service_interfaces/srv/_switch_mode_s.c
[0.507s] -- Up-to-date symlink: /home/ros2/git/mygit/capella_ros_dock/install/local/lib/python3.10/dist-packages/capella_ros_service_interfaces/capella_ros_service_interfaces_s__rosidl_typesupport_fastrtps_c.cpython-310-x86_64-linux-gnu.so
[0.507s] -- Up-to-date symlink: /home/ros2/git/mygit/capella_ros_dock/install/local/lib/python3.10/dist-packages/capella_ros_service_interfaces/capella_ros_service_interfaces_s__rosidl_typesupport_introspection_c.cpython-310-x86_64-linux-gnu.so
[0.507s] -- Up-to-date symlink: /home/ros2/git/mygit/capella_ros_dock/install/local/lib/python3.10/dist-packages/capella_ros_service_interfaces/capella_ros_service_interfaces_s__rosidl_typesupport_c.cpython-310-x86_64-linux-gnu.so
[0.507s] -- Up-to-date symlink: /home/ros2/git/mygit/capella_ros_dock/install/share/capella_ros_service_interfaces/srv/SwitchMode.idl
[0.507s] -- Up-to-date symlink: /home/ros2/git/mygit/capella_ros_dock/install/share/capella_ros_service_interfaces/srv/CartographerMode.idl
[0.507s] -- Up-to-date symlink: /home/ros2/git/mygit/capella_ros_dock/install/share/capella_ros_service_interfaces/srv/NavLaunchMode.idl
[0.507s] -- Up-to-date symlink: /home/ros2/git/mygit/capella_ros_dock/install/share/capella_ros_service_interfaces/srv/StopNavAndCarto.idl
[0.507s] -- Up-to-date symlink: /home/ros2/git/mygit/capella_ros_dock/install/share/capella_ros_service_interfaces/msg/MissionStatus.idl
[0.508s] -- Up-to-date symlink: /home/ros2/git/mygit/capella_ros_dock/install/share/capella_ros_service_interfaces/msg/PersonDistance.idl
[0.508s] -- Up-to-date symlink: /home/ros2/git/mygit/capella_ros_dock/install/share/capella_ros_service_interfaces/msg/CompressedOccupancyGrid.idl
[0.508s] -- Up-to-date symlink: /home/ros2/git/mygit/capella_ros_dock/install/share/capella_ros_service_interfaces/msg/IrimageData.idl
[0.508s] -- Up-to-date symlink: /home/ros2/git/mygit/capella_ros_dock/install/share/capella_ros_service_interfaces/msg/IrtemperatureData.idl
[0.508s] -- Up-to-date symlink: /home/ros2/git/mygit/capella_ros_dock/install/share/capella_ros_service_interfaces/msg/IrsdkData.idl
[0.508s] -- Up-to-date symlink: /home/ros2/git/mygit/capella_ros_dock/install/share/capella_ros_service_interfaces/srv/InfraredFaceDetection.idl
[0.509s] -- Up-to-date symlink: /home/ros2/git/mygit/capella_ros_dock/install/share/capella_ros_service_interfaces/msg/ChargeState.idl
[0.509s] -- Up-to-date symlink: /home/ros2/git/mygit/capella_ros_dock/install/share/capella_ros_service_interfaces/msg/IrdetectionStatus.idl
[0.509s] -- Up-to-date symlink: /home/ros2/git/mygit/capella_ros_dock/install/share/capella_ros_service_interfaces/msg/ChargeMarkerVisible.idl
[0.509s] -- Up-to-date symlink: /home/ros2/git/mygit/capella_ros_dock/install/share/capella_ros_service_interfaces/srv/SwitchMode.srv
[0.509s] -- Up-to-date symlink: /home/ros2/git/mygit/capella_ros_dock/install/share/capella_ros_service_interfaces/srv/SwitchMode_Request.msg
[0.509s] -- Up-to-date symlink: /home/ros2/git/mygit/capella_ros_dock/install/share/capella_ros_service_interfaces/srv/SwitchMode_Response.msg
[0.509s] -- Up-to-date symlink: /home/ros2/git/mygit/capella_ros_dock/install/share/capella_ros_service_interfaces/srv/CartographerMode.srv
[0.509s] -- Up-to-date symlink: /home/ros2/git/mygit/capella_ros_dock/install/share/capella_ros_service_interfaces/srv/CartographerMode_Request.msg
[0.510s] -- Up-to-date symlink: /home/ros2/git/mygit/capella_ros_dock/install/share/capella_ros_service_interfaces/srv/CartographerMode_Response.msg
[0.510s] -- Up-to-date symlink: /home/ros2/git/mygit/capella_ros_dock/install/share/capella_ros_service_interfaces/srv/NavLaunchMode.srv
[0.510s] -- Up-to-date symlink: /home/ros2/git/mygit/capella_ros_dock/install/share/capella_ros_service_interfaces/srv/NavLaunchMode_Request.msg
[0.510s] -- Up-to-date symlink: /home/ros2/git/mygit/capella_ros_dock/install/share/capella_ros_service_interfaces/srv/NavLaunchMode_Response.msg
[0.510s] -- Up-to-date symlink: /home/ros2/git/mygit/capella_ros_dock/install/share/capella_ros_service_interfaces/srv/StopNavAndCarto.srv
[0.511s] -- Up-to-date symlink: /home/ros2/git/mygit/capella_ros_dock/install/share/capella_ros_service_interfaces/srv/StopNavAndCarto_Request.msg
[0.511s] -- Up-to-date symlink: /home/ros2/git/mygit/capella_ros_dock/install/share/capella_ros_service_interfaces/srv/StopNavAndCarto_Response.msg
[0.511s] -- Up-to-date symlink: /home/ros2/git/mygit/capella_ros_dock/install/share/capella_ros_service_interfaces/msg/MissionStatus.msg
[0.511s] -- Up-to-date symlink: /home/ros2/git/mygit/capella_ros_dock/install/share/capella_ros_service_interfaces/msg/PersonDistance.msg
[0.511s] -- Up-to-date symlink: /home/ros2/git/mygit/capella_ros_dock/install/share/capella_ros_service_interfaces/msg/CompressedOccupancyGrid.msg
[0.511s] -- Up-to-date symlink: /home/ros2/git/mygit/capella_ros_dock/install/share/capella_ros_service_interfaces/msg/IrimageData.msg
[0.511s] -- Up-to-date symlink: /home/ros2/git/mygit/capella_ros_dock/install/share/capella_ros_service_interfaces/msg/IrtemperatureData.msg
[0.511s] -- Up-to-date symlink: /home/ros2/git/mygit/capella_ros_dock/install/share/capella_ros_service_interfaces/msg/IrsdkData.msg
[0.512s] -- Up-to-date symlink: /home/ros2/git/mygit/capella_ros_dock/install/share/capella_ros_service_interfaces/srv/InfraredFaceDetection.srv
[0.512s] -- Up-to-date symlink: /home/ros2/git/mygit/capella_ros_dock/install/share/capella_ros_service_interfaces/srv/InfraredFaceDetection_Request.msg
[0.512s] -- Up-to-date symlink: /home/ros2/git/mygit/capella_ros_dock/install/share/capella_ros_service_interfaces/srv/InfraredFaceDetection_Response.msg
[0.512s] -- Up-to-date symlink: /home/ros2/git/mygit/capella_ros_dock/install/share/capella_ros_service_interfaces/msg/ChargeState.msg
[0.512s] -- Up-to-date symlink: /home/ros2/git/mygit/capella_ros_dock/install/share/capella_ros_service_interfaces/msg/IrdetectionStatus.msg
[0.512s] -- Up-to-date symlink: /home/ros2/git/mygit/capella_ros_dock/install/share/capella_ros_service_interfaces/msg/ChargeMarkerVisible.msg
[0.512s] -- Up-to-date symlink: /home/ros2/git/mygit/capella_ros_dock/install/share/ament_index/resource_index/package_run_dependencies/capella_ros_service_interfaces
[0.513s] -- Up-to-date symlink: /home/ros2/git/mygit/capella_ros_dock/install/share/ament_index/resource_index/parent_prefix_path/capella_ros_service_interfaces
[0.513s] -- Up-to-date symlink: /home/ros2/git/mygit/capella_ros_dock/install/share/capella_ros_service_interfaces/environment/ament_prefix_path.sh
[0.513s] -- Up-to-date symlink: /home/ros2/git/mygit/capella_ros_dock/install/share/capella_ros_service_interfaces/environment/ament_prefix_path.dsv
[0.513s] -- Up-to-date symlink: /home/ros2/git/mygit/capella_ros_dock/install/share/capella_ros_service_interfaces/environment/path.sh
[0.513s] -- Up-to-date symlink: /home/ros2/git/mygit/capella_ros_dock/install/share/capella_ros_service_interfaces/environment/path.dsv
[0.513s] -- Up-to-date symlink: /home/ros2/git/mygit/capella_ros_dock/install/share/capella_ros_service_interfaces/local_setup.bash
[0.514s] -- Up-to-date symlink: /home/ros2/git/mygit/capella_ros_dock/install/share/capella_ros_service_interfaces/local_setup.sh
[0.514s] -- Up-to-date symlink: /home/ros2/git/mygit/capella_ros_dock/install/share/capella_ros_service_interfaces/local_setup.zsh
[0.514s] -- Up-to-date symlink: /home/ros2/git/mygit/capella_ros_dock/install/share/capella_ros_service_interfaces/local_setup.dsv
[0.514s] -- Symlinking: /home/ros2/git/mygit/capella_ros_dock/install/share/capella_ros_service_interfaces/package.dsv
[0.514s] -- Up-to-date symlink: /home/ros2/git/mygit/capella_ros_dock/install/share/ament_index/resource_index/packages/capella_ros_service_interfaces
[0.514s] -- Up-to-date symlink: /home/ros2/git/mygit/capella_ros_dock/install/share/capella_ros_service_interfaces/cmake/rosidl_cmake-extras.cmake
[0.514s] -- Up-to-date symlink: /home/ros2/git/mygit/capella_ros_dock/install/share/capella_ros_service_interfaces/cmake/ament_cmake_export_dependencies-extras.cmake
[0.514s] -- Up-to-date symlink: /home/ros2/git/mygit/capella_ros_dock/install/share/capella_ros_service_interfaces/cmake/ament_cmake_export_include_directories-extras.cmake
[0.515s] -- Up-to-date symlink: /home/ros2/git/mygit/capella_ros_dock/install/share/capella_ros_service_interfaces/cmake/ament_cmake_export_libraries-extras.cmake
[0.515s] -- Up-to-date symlink: /home/ros2/git/mygit/capella_ros_dock/install/share/capella_ros_service_interfaces/cmake/ament_cmake_export_targets-extras.cmake
[0.515s] -- Up-to-date symlink: /home/ros2/git/mygit/capella_ros_dock/install/share/capella_ros_service_interfaces/cmake/rosidl_cmake_export_typesupport_targets-extras.cmake
[0.515s] -- Up-to-date symlink: /home/ros2/git/mygit/capella_ros_dock/install/share/capella_ros_service_interfaces/cmake/rosidl_cmake_export_typesupport_libraries-extras.cmake
[0.515s] -- Up-to-date symlink: /home/ros2/git/mygit/capella_ros_dock/install/share/capella_ros_service_interfaces/cmake/capella_ros_service_interfacesConfig.cmake
[0.515s] -- Up-to-date symlink: /home/ros2/git/mygit/capella_ros_dock/install/share/capella_ros_service_interfaces/cmake/capella_ros_service_interfacesConfig-version.cmake
[0.515s] -- Up-to-date symlink: /home/ros2/git/mygit/capella_ros_dock/install/share/capella_ros_service_interfaces/package.xml
[0.515s] -- Up-to-date: /home/ros2/git/mygit/capella_ros_dock/install/lib/libcapella_ros_service_interfaces__rosidl_generator_c.so
[0.515s] -- Up-to-date: /home/ros2/git/mygit/capella_ros_dock/install/lib/libcapella_ros_service_interfaces__rosidl_typesupport_fastrtps_c.so
[0.515s] -- Up-to-date: /home/ros2/git/mygit/capella_ros_dock/install/lib/libcapella_ros_service_interfaces__rosidl_typesupport_introspection_c.so
[0.515s] -- Up-to-date: /home/ros2/git/mygit/capella_ros_dock/install/lib/libcapella_ros_service_interfaces__rosidl_typesupport_c.so
[0.516s] -- Up-to-date: /home/ros2/git/mygit/capella_ros_dock/install/lib/libcapella_ros_service_interfaces__rosidl_typesupport_fastrtps_cpp.so
[0.516s] -- Up-to-date: /home/ros2/git/mygit/capella_ros_dock/install/lib/libcapella_ros_service_interfaces__rosidl_typesupport_introspection_cpp.so
[0.516s] -- Up-to-date: /home/ros2/git/mygit/capella_ros_dock/install/lib/libcapella_ros_service_interfaces__rosidl_typesupport_cpp.so
[0.537s] Listing '/home/ros2/git/mygit/capella_ros_dock/install/local/lib/python3.10/dist-packages/capella_ros_service_interfaces'...
[0.537s] Listing '/home/ros2/git/mygit/capella_ros_dock/install/local/lib/python3.10/dist-packages/capella_ros_service_interfaces/msg'...
[0.537s] Listing '/home/ros2/git/mygit/capella_ros_dock/install/local/lib/python3.10/dist-packages/capella_ros_service_interfaces/srv'...
[0.541s] -- Up-to-date: /home/ros2/git/mygit/capella_ros_dock/install/lib/libcapella_ros_service_interfaces__rosidl_generator_py.so
[0.542s] -- Up-to-date: /home/ros2/git/mygit/capella_ros_dock/install/share/capella_ros_service_interfaces/cmake/export_capella_ros_service_interfaces__rosidl_generator_cExport.cmake
[0.542s] -- Up-to-date: /home/ros2/git/mygit/capella_ros_dock/install/share/capella_ros_service_interfaces/cmake/export_capella_ros_service_interfaces__rosidl_generator_cExport-relwithdebinfo.cmake
[0.542s] -- Up-to-date: /home/ros2/git/mygit/capella_ros_dock/install/share/capella_ros_service_interfaces/cmake/export_capella_ros_service_interfaces__rosidl_typesupport_fastrtps_cExport.cmake
[0.542s] -- Up-to-date: /home/ros2/git/mygit/capella_ros_dock/install/share/capella_ros_service_interfaces/cmake/export_capella_ros_service_interfaces__rosidl_typesupport_fastrtps_cExport-relwithdebinfo.cmake
[0.543s] -- Up-to-date: /home/ros2/git/mygit/capella_ros_dock/install/share/capella_ros_service_interfaces/cmake/capella_ros_service_interfaces__rosidl_typesupport_introspection_cExport.cmake
[0.543s] -- Up-to-date: /home/ros2/git/mygit/capella_ros_dock/install/share/capella_ros_service_interfaces/cmake/capella_ros_service_interfaces__rosidl_typesupport_introspection_cExport-relwithdebinfo.cmake
[0.543s] -- Up-to-date: /home/ros2/git/mygit/capella_ros_dock/install/share/capella_ros_service_interfaces/cmake/capella_ros_service_interfaces__rosidl_typesupport_cExport.cmake
[0.543s] -- Up-to-date: /home/ros2/git/mygit/capella_ros_dock/install/share/capella_ros_service_interfaces/cmake/capella_ros_service_interfaces__rosidl_typesupport_cExport-relwithdebinfo.cmake
[0.543s] -- Up-to-date: /home/ros2/git/mygit/capella_ros_dock/install/share/capella_ros_service_interfaces/cmake/export_capella_ros_service_interfaces__rosidl_generator_cppExport.cmake
[0.543s] -- Up-to-date: /home/ros2/git/mygit/capella_ros_dock/install/share/capella_ros_service_interfaces/cmake/export_capella_ros_service_interfaces__rosidl_typesupport_fastrtps_cppExport.cmake
[0.544s] -- Up-to-date: /home/ros2/git/mygit/capella_ros_dock/install/share/capella_ros_service_interfaces/cmake/export_capella_ros_service_interfaces__rosidl_typesupport_fastrtps_cppExport-relwithdebinfo.cmake
[0.544s] -- Up-to-date: /home/ros2/git/mygit/capella_ros_dock/install/share/capella_ros_service_interfaces/cmake/capella_ros_service_interfaces__rosidl_typesupport_introspection_cppExport.cmake
[0.544s] -- Up-to-date: /home/ros2/git/mygit/capella_ros_dock/install/share/capella_ros_service_interfaces/cmake/capella_ros_service_interfaces__rosidl_typesupport_introspection_cppExport-relwithdebinfo.cmake
[0.544s] -- Up-to-date: /home/ros2/git/mygit/capella_ros_dock/install/share/capella_ros_service_interfaces/cmake/capella_ros_service_interfaces__rosidl_typesupport_cppExport.cmake
[0.544s] -- Up-to-date: /home/ros2/git/mygit/capella_ros_dock/install/share/capella_ros_service_interfaces/cmake/capella_ros_service_interfaces__rosidl_typesupport_cppExport-relwithdebinfo.cmake
[0.544s] -- Up-to-date: /home/ros2/git/mygit/capella_ros_dock/install/share/capella_ros_service_interfaces/cmake/export_capella_ros_service_interfaces__rosidl_generator_pyExport.cmake
[0.544s] -- Up-to-date: /home/ros2/git/mygit/capella_ros_dock/install/share/capella_ros_service_interfaces/cmake/export_capella_ros_service_interfaces__rosidl_generator_pyExport-relwithdebinfo.cmake
[0.547s] Invoked command in '/home/ros2/git/mygit/capella_ros_dock/build/capella_ros_service_interfaces' returned '0': CMAKE_PREFIX_PATH=/opt/ros/humble WSLENV=ELECTRON_RUN_AS_NODE/w:WT_SESSION::WT_PROFILE_ID /usr/bin/cmake --install /home/ros2/git/mygit/capella_ros_dock/build/capella_ros_service_interfaces
