[0.026s] Invoking command in '/home/ros2/git/mygit/capella_ros_dock/build/capella_ros_dock': CMAKE_PREFIX_PATH=/opt/ros/humble WSLENV=ELECTRON_RUN_AS_NODE/w:WT_SESSION::WT_PROFILE_ID /usr/bin/cmake /home/ros2/git/mygit/capella_ros_dock/capella_ros_dock -DCMAKE_BUILD_TYPE=RelWithDebInfo -DCMAKE_EXPORT_COMPILE_COMMANDS=On -Wall -Wextra -Wpedantic -DAMENT_CMAKE_SYMLINK_INSTALL=1 -DCMAKE_INSTALL_PREFIX=/home/ros2/git/mygit/capella_ros_dock/install
[0.040s] -- Found ament_cmake: 1.3.3 (/opt/ros/humble/share/ament_cmake/cmake)
[0.226s] -- Override CMake install command with custom implementation using symlinks instead of copying resources
[0.235s] -- Found angles: 1.15.0 (/opt/ros/humble/share/angles/cmake)
[0.237s] -- Found geometry_msgs: 4.2.3 (/opt/ros/humble/share/geometry_msgs/cmake)
[0.354s] -- Found rosidl_generator_c: 3.1.4 (/opt/ros/humble/share/rosidl_generator_c/cmake)
[0.356s] -- Found rosidl_adapter: 3.1.4 (/opt/ros/humble/share/rosidl_adapter/cmake)
[0.360s] -- Found rosidl_generator_cpp: 3.1.4 (/opt/ros/humble/share/rosidl_generator_cpp/cmake)
[0.370s] -- Using all available rosidl_typesupport_c: rosidl_typesupport_fastrtps_c;rosidl_typesupport_introspection_c
[0.382s] -- Using all available rosidl_typesupport_cpp: rosidl_typesupport_fastrtps_cpp;rosidl_typesupport_introspection_cpp
[0.472s] -- Found nav_msgs: 4.2.3 (/opt/ros/humble/share/nav_msgs/cmake)
[0.547s] -- Found rclcpp: 16.0.3 (/opt/ros/humble/share/rclcpp/cmake)
[0.587s] -- Found rmw_implementation_cmake: 6.1.1 (/opt/ros/humble/share/rmw_implementation_cmake/cmake)
[0.589s] -- Found rmw_fastrtps_cpp: 6.2.2 (/opt/ros/humble/share/rmw_fastrtps_cpp/cmake)
[6.084s] -- Using RMW implementation 'rmw_fastrtps_cpp' as default
[6.180s] -- Found rclcpp_action: 16.0.3 (/opt/ros/humble/share/rclcpp_action/cmake)
[6.260s] -- Found rclcpp_components: 16.0.3 (/opt/ros/humble/share/rclcpp_components/cmake)
[6.298s] -- Found tf2: 0.25.2 (/opt/ros/humble/share/tf2/cmake)
[6.303s] -- Found tf2_geometry_msgs: 0.25.2 (/opt/ros/humble/share/tf2_geometry_msgs/cmake)
[6.306s] -- Found eigen3_cmake_module: 0.1.1 (/opt/ros/humble/share/eigen3_cmake_module/cmake)
[6.307s] -- Ensuring Eigen3 include directory is part of orocos-kdl CMake target
[7.222s] -- Found capella_ros_dock_msgs: 0.0.0 (/home/ros2/git/mygit/capella_ros_dock/install/share/capella_ros_dock_msgs/cmake)
[8.164s] [31mCMake Error at CMakeLists.txt:27 (find_package):
[8.164s]   By not providing "Findcapella_ros_msgs.cmake" in CMAKE_MODULE_PATH this
[8.164s]   project has asked CMake to find a package configuration file provided by
[8.164s]   "capella_ros_msgs", but CMake did not find one.
[8.164s] 
[8.164s]   Could not find a package configuration file provided by "capella_ros_msgs"
[8.164s]   with any of the following names:
[8.164s] 
[8.164s]     capella_ros_msgsConfig.cmake
[8.164s]     capella_ros_msgs-config.cmake
[8.164s] 
[8.164s]   Add the installation prefix of "capella_ros_msgs" to CMAKE_PREFIX_PATH or
[8.164s]   set "capella_ros_msgs_DIR" to a directory containing one of the above
[8.165s]   files.  If "capella_ros_msgs" provides a separate development package or
[8.165s]   SDK, be sure it has been installed.
[8.165s] 
[8.165s] [0m
[8.165s] -- Configuring incomplete, errors occurred!
[8.165s] See also "/home/ros2/git/mygit/capella_ros_dock/build/capella_ros_dock/CMakeFiles/CMakeOutput.log".
[8.171s] Invoked command in '/home/ros2/git/mygit/capella_ros_dock/build/capella_ros_dock' returned '1': CMAKE_PREFIX_PATH=/opt/ros/humble WSLENV=ELECTRON_RUN_AS_NODE/w:WT_SESSION::WT_PROFILE_ID /usr/bin/cmake /home/ros2/git/mygit/capella_ros_dock/capella_ros_dock -DCMAKE_BUILD_TYPE=RelWithDebInfo -DCMAKE_EXPORT_COMPILE_COMMANDS=On -Wall -Wextra -Wpedantic -DAMENT_CMAKE_SYMLINK_INSTALL=1 -DCMAKE_INSTALL_PREFIX=/home/ros2/git/mygit/capella_ros_dock/install
