[0.210s] DEBUG:colcon:Command line arguments: ['/usr/bin/colcon', 'build', '--merge-install', '--symlink-install', '--cmake-args', '-DCMAKE_BUILD_TYPE=RelWithDebInfo', '-DCMAKE_EXPORT_COMPILE_COMMANDS=On', '-Wall', '-Wextra', '-Wpedantic']
[0.210s] DEBUG:colcon:Parsed command line arguments: Namespace(log_base=None, log_level=None, verb_name='build', build_base='build', install_base='install', merge_install=True, symlink_install=True, test_result_base=None, continue_on_error=False, executor='parallel', parallel_workers=12, event_handlers=None, ignore_user_meta=False, metas=['./colcon.meta'], base_paths=['.'], packages_ignore=None, packages_ignore_regex=None, paths=None, packages_up_to=None, packages_up_to_regex=None, packages_above=None, packages_above_and_dependencies=None, packages_above_depth=None, packages_select_by_dep=None, packages_skip_by_dep=None, packages_skip_up_to=None, packages_select_build_failed=False, packages_skip_build_finished=False, packages_select_test_failures=False, packages_skip_test_passed=False, packages_select=None, packages_skip=None, packages_select_regex=None, packages_skip_regex=None, packages_start=None, packages_end=None, allow_overriding=[], cmake_args=['-DCMAKE_BUILD_TYPE=RelWithDebInfo', '-DCMAKE_EXPORT_COMPILE_COMMANDS=On', '-Wall', '-Wextra', '-Wpedantic'], cmake_target=None, cmake_target_skip_unavailable=False, cmake_clean_cache=False, cmake_clean_first=False, cmake_force_configure=False, ament_cmake_args=None, catkin_cmake_args=None, catkin_skip_building_tests=False, verb_parser=<colcon_defaults.argument_parser.defaults.DefaultArgumentsDecorator object at 0x7f9ad53876d0>, verb_extension=<colcon_core.verb.build.BuildVerb object at 0x7f9ad5b9cd60>, main=<bound method BuildVerb.main of <colcon_core.verb.build.BuildVerb object at 0x7f9ad5b9cd60>>)
[0.231s] Level 1:colcon.colcon_core.package_discovery:discover_packages(colcon_meta) check parameters
[0.231s] Level 1:colcon.colcon_core.package_discovery:discover_packages(recursive) check parameters
[0.231s] Level 1:colcon.colcon_core.package_discovery:discover_packages(ignore) check parameters
[0.231s] Level 1:colcon.colcon_core.package_discovery:discover_packages(path) check parameters
[0.231s] Level 1:colcon.colcon_core.package_discovery:discover_packages(colcon_meta) discover
[0.231s] Level 1:colcon.colcon_core.package_discovery:discover_packages(recursive) discover
[0.231s] INFO:colcon.colcon_core.package_discovery:Crawling recursively for packages in '/home/ros2/git/mygit/capella_ros_dock'
[0.231s] Level 1:colcon.colcon_core.package_identification:_identify(.) by extensions ['ignore', 'ignore_ament_install']
[0.231s] Level 1:colcon.colcon_core.package_identification:_identify(.) by extension 'ignore'
[0.231s] Level 1:colcon.colcon_core.package_identification:_identify(.) by extension 'ignore_ament_install'
[0.231s] Level 1:colcon.colcon_core.package_identification:_identify(.) by extensions ['colcon_pkg']
[0.231s] Level 1:colcon.colcon_core.package_identification:_identify(.) by extension 'colcon_pkg'
[0.231s] Level 1:colcon.colcon_core.package_identification:_identify(.) by extensions ['colcon_meta']
[0.231s] Level 1:colcon.colcon_core.package_identification:_identify(.) by extension 'colcon_meta'
[0.231s] Level 1:colcon.colcon_core.package_identification:_identify(.) by extensions ['ros']
[0.231s] Level 1:colcon.colcon_core.package_identification:_identify(.) by extension 'ros'
[0.239s] Level 1:colcon.colcon_core.package_identification:_identify(.) by extensions ['cmake', 'python']
[0.240s] Level 1:colcon.colcon_core.package_identification:_identify(.) by extension 'cmake'
[0.240s] Level 1:colcon.colcon_core.package_identification:_identify(.) by extension 'python'
[0.240s] Level 1:colcon.colcon_core.package_identification:_identify(.) by extensions ['python_setup_py']
[0.240s] Level 1:colcon.colcon_core.package_identification:_identify(.) by extension 'python_setup_py'
[0.240s] Level 1:colcon.colcon_core.package_identification:_identify(build) by extensions ['ignore', 'ignore_ament_install']
[0.240s] Level 1:colcon.colcon_core.package_identification:_identify(build) by extension 'ignore'
[0.240s] Level 1:colcon.colcon_core.package_identification:_identify(build) ignored
[0.240s] Level 1:colcon.colcon_core.package_identification:_identify(capella_msgs) by extensions ['ignore', 'ignore_ament_install']
[0.240s] Level 1:colcon.colcon_core.package_identification:_identify(capella_msgs) by extension 'ignore'
[0.240s] Level 1:colcon.colcon_core.package_identification:_identify(capella_msgs) by extension 'ignore_ament_install'
[0.240s] Level 1:colcon.colcon_core.package_identification:_identify(capella_msgs) by extensions ['colcon_pkg']
[0.240s] Level 1:colcon.colcon_core.package_identification:_identify(capella_msgs) by extension 'colcon_pkg'
[0.240s] Level 1:colcon.colcon_core.package_identification:_identify(capella_msgs) by extensions ['colcon_meta']
[0.240s] Level 1:colcon.colcon_core.package_identification:_identify(capella_msgs) by extension 'colcon_meta'
[0.240s] Level 1:colcon.colcon_core.package_identification:_identify(capella_msgs) by extensions ['ros']
[0.240s] Level 1:colcon.colcon_core.package_identification:_identify(capella_msgs) by extension 'ros'
[0.240s] Level 1:colcon.colcon_core.package_identification:_identify(capella_msgs) by extensions ['cmake', 'python']
[0.240s] Level 1:colcon.colcon_core.package_identification:_identify(capella_msgs) by extension 'cmake'
[0.240s] Level 1:colcon.colcon_core.package_identification:_identify(capella_msgs) by extension 'python'
[0.240s] Level 1:colcon.colcon_core.package_identification:_identify(capella_msgs) by extensions ['python_setup_py']
[0.240s] Level 1:colcon.colcon_core.package_identification:_identify(capella_msgs) by extension 'python_setup_py'
[0.240s] Level 1:colcon.colcon_core.package_identification:_identify(capella_msgs/capella_ros_msg) by extensions ['ignore', 'ignore_ament_install']
[0.240s] Level 1:colcon.colcon_core.package_identification:_identify(capella_msgs/capella_ros_msg) by extension 'ignore'
[0.240s] Level 1:colcon.colcon_core.package_identification:_identify(capella_msgs/capella_ros_msg) by extension 'ignore_ament_install'
[0.240s] Level 1:colcon.colcon_core.package_identification:_identify(capella_msgs/capella_ros_msg) by extensions ['colcon_pkg']
[0.240s] Level 1:colcon.colcon_core.package_identification:_identify(capella_msgs/capella_ros_msg) by extension 'colcon_pkg'
[0.240s] Level 1:colcon.colcon_core.package_identification:_identify(capella_msgs/capella_ros_msg) by extensions ['colcon_meta']
[0.240s] Level 1:colcon.colcon_core.package_identification:_identify(capella_msgs/capella_ros_msg) by extension 'colcon_meta'
[0.240s] Level 1:colcon.colcon_core.package_identification:_identify(capella_msgs/capella_ros_msg) by extensions ['ros']
[0.241s] Level 1:colcon.colcon_core.package_identification:_identify(capella_msgs/capella_ros_msg) by extension 'ros'
[0.242s] DEBUG:colcon.colcon_core.package_identification:Package 'capella_msgs/capella_ros_msg' with type 'ros.ament_cmake' and name 'capella_ros_msg'
[0.242s] Level 1:colcon.colcon_core.package_identification:_identify(capella_msgs/capella_ros_service_interfaces) by extensions ['ignore', 'ignore_ament_install']
[0.242s] Level 1:colcon.colcon_core.package_identification:_identify(capella_msgs/capella_ros_service_interfaces) by extension 'ignore'
[0.242s] Level 1:colcon.colcon_core.package_identification:_identify(capella_msgs/capella_ros_service_interfaces) by extension 'ignore_ament_install'
[0.242s] Level 1:colcon.colcon_core.package_identification:_identify(capella_msgs/capella_ros_service_interfaces) by extensions ['colcon_pkg']
[0.242s] Level 1:colcon.colcon_core.package_identification:_identify(capella_msgs/capella_ros_service_interfaces) by extension 'colcon_pkg'
[0.242s] Level 1:colcon.colcon_core.package_identification:_identify(capella_msgs/capella_ros_service_interfaces) by extensions ['colcon_meta']
[0.242s] Level 1:colcon.colcon_core.package_identification:_identify(capella_msgs/capella_ros_service_interfaces) by extension 'colcon_meta'
[0.242s] Level 1:colcon.colcon_core.package_identification:_identify(capella_msgs/capella_ros_service_interfaces) by extensions ['ros']
[0.242s] Level 1:colcon.colcon_core.package_identification:_identify(capella_msgs/capella_ros_service_interfaces) by extension 'ros'
[0.243s] DEBUG:colcon.colcon_core.package_identification:Package 'capella_msgs/capella_ros_service_interfaces' with type 'ros.ament_cmake' and name 'capella_ros_service_interfaces'
[0.243s] Level 1:colcon.colcon_core.package_identification:_identify(capella_ros_dock) by extensions ['ignore', 'ignore_ament_install']
[0.243s] Level 1:colcon.colcon_core.package_identification:_identify(capella_ros_dock) by extension 'ignore'
[0.243s] Level 1:colcon.colcon_core.package_identification:_identify(capella_ros_dock) by extension 'ignore_ament_install'
[0.243s] Level 1:colcon.colcon_core.package_identification:_identify(capella_ros_dock) by extensions ['colcon_pkg']
[0.243s] Level 1:colcon.colcon_core.package_identification:_identify(capella_ros_dock) by extension 'colcon_pkg'
[0.243s] Level 1:colcon.colcon_core.package_identification:_identify(capella_ros_dock) by extensions ['colcon_meta']
[0.243s] Level 1:colcon.colcon_core.package_identification:_identify(capella_ros_dock) by extension 'colcon_meta'
[0.243s] Level 1:colcon.colcon_core.package_identification:_identify(capella_ros_dock) by extensions ['ros']
[0.243s] Level 1:colcon.colcon_core.package_identification:_identify(capella_ros_dock) by extension 'ros'
[0.243s] DEBUG:colcon.colcon_core.package_identification:Package 'capella_ros_dock' with type 'ros.ament_cmake' and name 'capella_ros_dock'
[0.244s] Level 1:colcon.colcon_core.package_identification:_identify(capella_ros_dock_msgs) by extensions ['ignore', 'ignore_ament_install']
[0.244s] Level 1:colcon.colcon_core.package_identification:_identify(capella_ros_dock_msgs) by extension 'ignore'
[0.244s] Level 1:colcon.colcon_core.package_identification:_identify(capella_ros_dock_msgs) by extension 'ignore_ament_install'
[0.244s] Level 1:colcon.colcon_core.package_identification:_identify(capella_ros_dock_msgs) by extensions ['colcon_pkg']
[0.244s] Level 1:colcon.colcon_core.package_identification:_identify(capella_ros_dock_msgs) by extension 'colcon_pkg'
[0.244s] Level 1:colcon.colcon_core.package_identification:_identify(capella_ros_dock_msgs) by extensions ['colcon_meta']
[0.244s] Level 1:colcon.colcon_core.package_identification:_identify(capella_ros_dock_msgs) by extension 'colcon_meta'
[0.244s] Level 1:colcon.colcon_core.package_identification:_identify(capella_ros_dock_msgs) by extensions ['ros']
[0.244s] Level 1:colcon.colcon_core.package_identification:_identify(capella_ros_dock_msgs) by extension 'ros'
[0.244s] DEBUG:colcon.colcon_core.package_identification:Package 'capella_ros_dock_msgs' with type 'ros.ament_cmake' and name 'capella_ros_dock_msgs'
[0.244s] Level 1:colcon.colcon_core.package_identification:_identify(install) by extensions ['ignore', 'ignore_ament_install']
[0.244s] Level 1:colcon.colcon_core.package_identification:_identify(install) by extension 'ignore'
[0.244s] Level 1:colcon.colcon_core.package_identification:_identify(install) ignored
[0.244s] Level 1:colcon.colcon_core.package_identification:_identify(log) by extensions ['ignore', 'ignore_ament_install']
[0.244s] Level 1:colcon.colcon_core.package_identification:_identify(log) by extension 'ignore'
[0.244s] Level 1:colcon.colcon_core.package_identification:_identify(log) ignored
[0.244s] Level 1:colcon.colcon_core.package_discovery:discover_packages(recursive) using defaults
[0.245s] Level 1:colcon.colcon_core.package_discovery:discover_packages(ignore) discover
[0.245s] Level 1:colcon.colcon_core.package_discovery:discover_packages(ignore) using defaults
[0.245s] Level 1:colcon.colcon_core.package_discovery:discover_packages(path) discover
[0.245s] Level 1:colcon.colcon_core.package_discovery:discover_packages(path) using defaults
[0.263s] Level 1:colcon.colcon_core.package_discovery:discover_packages(prefix_path) check parameters
[0.263s] Level 1:colcon.colcon_core.package_discovery:discover_packages(prefix_path) discover
[0.265s] DEBUG:colcon.colcon_installed_package_information.package_discovery:Found 386 installed packages in /opt/ros/humble
[0.267s] Level 1:colcon.colcon_core.package_discovery:discover_packages(prefix_path) using defaults
[0.307s] Level 5:colcon.colcon_core.verb:set package 'capella_ros_dock_msgs' build argument 'cmake_args' from command line to '['-DCMAKE_BUILD_TYPE=RelWithDebInfo', '-DCMAKE_EXPORT_COMPILE_COMMANDS=On', '-Wall', '-Wextra', '-Wpedantic']'
[0.308s] Level 5:colcon.colcon_core.verb:set package 'capella_ros_dock_msgs' build argument 'cmake_target' from command line to 'None'
[0.308s] Level 5:colcon.colcon_core.verb:set package 'capella_ros_dock_msgs' build argument 'cmake_target_skip_unavailable' from command line to 'False'
[0.308s] Level 5:colcon.colcon_core.verb:set package 'capella_ros_dock_msgs' build argument 'cmake_clean_cache' from command line to 'False'
[0.308s] Level 5:colcon.colcon_core.verb:set package 'capella_ros_dock_msgs' build argument 'cmake_clean_first' from command line to 'False'
[0.308s] Level 5:colcon.colcon_core.verb:set package 'capella_ros_dock_msgs' build argument 'cmake_force_configure' from command line to 'False'
[0.308s] Level 5:colcon.colcon_core.verb:set package 'capella_ros_dock_msgs' build argument 'ament_cmake_args' from command line to 'None'
[0.308s] Level 5:colcon.colcon_core.verb:set package 'capella_ros_dock_msgs' build argument 'catkin_cmake_args' from command line to 'None'
[0.308s] Level 5:colcon.colcon_core.verb:set package 'capella_ros_dock_msgs' build argument 'catkin_skip_building_tests' from command line to 'False'
[0.308s] DEBUG:colcon.colcon_core.verb:Building package 'capella_ros_dock_msgs' with the following arguments: {'ament_cmake_args': None, 'build_base': '/home/ros2/git/mygit/capella_ros_dock/build/capella_ros_dock_msgs', 'catkin_cmake_args': None, 'catkin_skip_building_tests': False, 'cmake_args': ['-DCMAKE_BUILD_TYPE=RelWithDebInfo', '-DCMAKE_EXPORT_COMPILE_COMMANDS=On', '-Wall', '-Wextra', '-Wpedantic'], 'cmake_clean_cache': False, 'cmake_clean_first': False, 'cmake_force_configure': False, 'cmake_target': None, 'cmake_target_skip_unavailable': False, 'install_base': '/home/ros2/git/mygit/capella_ros_dock/install', 'merge_install': True, 'path': '/home/ros2/git/mygit/capella_ros_dock/capella_ros_dock_msgs', 'symlink_install': True, 'test_result_base': None}
[0.308s] Level 5:colcon.colcon_core.verb:set package 'capella_ros_msg' build argument 'cmake_args' from command line to '['-DCMAKE_BUILD_TYPE=RelWithDebInfo', '-DCMAKE_EXPORT_COMPILE_COMMANDS=On', '-Wall', '-Wextra', '-Wpedantic']'
[0.308s] Level 5:colcon.colcon_core.verb:set package 'capella_ros_msg' build argument 'cmake_target' from command line to 'None'
[0.308s] Level 5:colcon.colcon_core.verb:set package 'capella_ros_msg' build argument 'cmake_target_skip_unavailable' from command line to 'False'
[0.308s] Level 5:colcon.colcon_core.verb:set package 'capella_ros_msg' build argument 'cmake_clean_cache' from command line to 'False'
[0.308s] Level 5:colcon.colcon_core.verb:set package 'capella_ros_msg' build argument 'cmake_clean_first' from command line to 'False'
[0.308s] Level 5:colcon.colcon_core.verb:set package 'capella_ros_msg' build argument 'cmake_force_configure' from command line to 'False'
[0.308s] Level 5:colcon.colcon_core.verb:set package 'capella_ros_msg' build argument 'ament_cmake_args' from command line to 'None'
[0.308s] Level 5:colcon.colcon_core.verb:set package 'capella_ros_msg' build argument 'catkin_cmake_args' from command line to 'None'
[0.308s] Level 5:colcon.colcon_core.verb:set package 'capella_ros_msg' build argument 'catkin_skip_building_tests' from command line to 'False'
[0.308s] DEBUG:colcon.colcon_core.verb:Building package 'capella_ros_msg' with the following arguments: {'ament_cmake_args': None, 'build_base': '/home/ros2/git/mygit/capella_ros_dock/build/capella_ros_msg', 'catkin_cmake_args': None, 'catkin_skip_building_tests': False, 'cmake_args': ['-DCMAKE_BUILD_TYPE=RelWithDebInfo', '-DCMAKE_EXPORT_COMPILE_COMMANDS=On', '-Wall', '-Wextra', '-Wpedantic'], 'cmake_clean_cache': False, 'cmake_clean_first': False, 'cmake_force_configure': False, 'cmake_target': None, 'cmake_target_skip_unavailable': False, 'install_base': '/home/ros2/git/mygit/capella_ros_dock/install', 'merge_install': True, 'path': '/home/ros2/git/mygit/capella_ros_dock/capella_msgs/capella_ros_msg', 'symlink_install': True, 'test_result_base': None}
[0.309s] Level 5:colcon.colcon_core.verb:set package 'capella_ros_service_interfaces' build argument 'cmake_args' from command line to '['-DCMAKE_BUILD_TYPE=RelWithDebInfo', '-DCMAKE_EXPORT_COMPILE_COMMANDS=On', '-Wall', '-Wextra', '-Wpedantic']'
[0.309s] Level 5:colcon.colcon_core.verb:set package 'capella_ros_service_interfaces' build argument 'cmake_target' from command line to 'None'
[0.309s] Level 5:colcon.colcon_core.verb:set package 'capella_ros_service_interfaces' build argument 'cmake_target_skip_unavailable' from command line to 'False'
[0.309s] Level 5:colcon.colcon_core.verb:set package 'capella_ros_service_interfaces' build argument 'cmake_clean_cache' from command line to 'False'
[0.309s] Level 5:colcon.colcon_core.verb:set package 'capella_ros_service_interfaces' build argument 'cmake_clean_first' from command line to 'False'
[0.309s] Level 5:colcon.colcon_core.verb:set package 'capella_ros_service_interfaces' build argument 'cmake_force_configure' from command line to 'False'
[0.309s] Level 5:colcon.colcon_core.verb:set package 'capella_ros_service_interfaces' build argument 'ament_cmake_args' from command line to 'None'
[0.309s] Level 5:colcon.colcon_core.verb:set package 'capella_ros_service_interfaces' build argument 'catkin_cmake_args' from command line to 'None'
[0.309s] Level 5:colcon.colcon_core.verb:set package 'capella_ros_service_interfaces' build argument 'catkin_skip_building_tests' from command line to 'False'
[0.309s] DEBUG:colcon.colcon_core.verb:Building package 'capella_ros_service_interfaces' with the following arguments: {'ament_cmake_args': None, 'build_base': '/home/ros2/git/mygit/capella_ros_dock/build/capella_ros_service_interfaces', 'catkin_cmake_args': None, 'catkin_skip_building_tests': False, 'cmake_args': ['-DCMAKE_BUILD_TYPE=RelWithDebInfo', '-DCMAKE_EXPORT_COMPILE_COMMANDS=On', '-Wall', '-Wextra', '-Wpedantic'], 'cmake_clean_cache': False, 'cmake_clean_first': False, 'cmake_force_configure': False, 'cmake_target': None, 'cmake_target_skip_unavailable': False, 'install_base': '/home/ros2/git/mygit/capella_ros_dock/install', 'merge_install': True, 'path': '/home/ros2/git/mygit/capella_ros_dock/capella_msgs/capella_ros_service_interfaces', 'symlink_install': True, 'test_result_base': None}
[0.310s] Level 5:colcon.colcon_core.verb:set package 'capella_ros_dock' build argument 'cmake_args' from command line to '['-DCMAKE_BUILD_TYPE=RelWithDebInfo', '-DCMAKE_EXPORT_COMPILE_COMMANDS=On', '-Wall', '-Wextra', '-Wpedantic']'
[0.310s] Level 5:colcon.colcon_core.verb:set package 'capella_ros_dock' build argument 'cmake_target' from command line to 'None'
[0.310s] Level 5:colcon.colcon_core.verb:set package 'capella_ros_dock' build argument 'cmake_target_skip_unavailable' from command line to 'False'
[0.310s] Level 5:colcon.colcon_core.verb:set package 'capella_ros_dock' build argument 'cmake_clean_cache' from command line to 'False'
[0.310s] Level 5:colcon.colcon_core.verb:set package 'capella_ros_dock' build argument 'cmake_clean_first' from command line to 'False'
[0.310s] Level 5:colcon.colcon_core.verb:set package 'capella_ros_dock' build argument 'cmake_force_configure' from command line to 'False'
[0.310s] Level 5:colcon.colcon_core.verb:set package 'capella_ros_dock' build argument 'ament_cmake_args' from command line to 'None'
[0.310s] Level 5:colcon.colcon_core.verb:set package 'capella_ros_dock' build argument 'catkin_cmake_args' from command line to 'None'
[0.310s] Level 5:colcon.colcon_core.verb:set package 'capella_ros_dock' build argument 'catkin_skip_building_tests' from command line to 'False'
[0.310s] DEBUG:colcon.colcon_core.verb:Building package 'capella_ros_dock' with the following arguments: {'ament_cmake_args': None, 'build_base': '/home/ros2/git/mygit/capella_ros_dock/build/capella_ros_dock', 'catkin_cmake_args': None, 'catkin_skip_building_tests': False, 'cmake_args': ['-DCMAKE_BUILD_TYPE=RelWithDebInfo', '-DCMAKE_EXPORT_COMPILE_COMMANDS=On', '-Wall', '-Wextra', '-Wpedantic'], 'cmake_clean_cache': False, 'cmake_clean_first': False, 'cmake_force_configure': False, 'cmake_target': None, 'cmake_target_skip_unavailable': False, 'install_base': '/home/ros2/git/mygit/capella_ros_dock/install', 'merge_install': True, 'path': '/home/ros2/git/mygit/capella_ros_dock/capella_ros_dock', 'symlink_install': True, 'test_result_base': None}
[0.310s] INFO:colcon.colcon_core.executor:Executing jobs using 'parallel' executor
[0.312s] DEBUG:colcon.colcon_parallel_executor.executor.parallel:run_until_complete
[0.312s] INFO:colcon.colcon_ros.task.ament_cmake.build:Building ROS package in '/home/ros2/git/mygit/capella_ros_dock/capella_ros_dock_msgs' with build type 'ament_cmake'
[0.312s] INFO:colcon.colcon_cmake.task.cmake.build:Building CMake package in '/home/ros2/git/mygit/capella_ros_dock/capella_ros_dock_msgs'
[0.316s] INFO:colcon.colcon_core.plugin_system:Skipping extension 'colcon_core.shell.bat': Not used on non-Windows systems
[0.316s] INFO:colcon.colcon_core.shell:Skip shell extension 'powershell' for command environment: Not usable outside of PowerShell
[0.316s] DEBUG:colcon.colcon_core.shell:Skip shell extension 'dsv' for command environment
[0.319s] INFO:colcon.colcon_ros.task.ament_cmake.build:Building ROS package in '/home/ros2/git/mygit/capella_ros_dock/capella_msgs/capella_ros_msg' with build type 'ament_cmake'
[0.320s] INFO:colcon.colcon_cmake.task.cmake.build:Building CMake package in '/home/ros2/git/mygit/capella_ros_dock/capella_msgs/capella_ros_msg'
[0.321s] INFO:colcon.colcon_core.shell:Skip shell extension 'powershell' for command environment: Not usable outside of PowerShell
[0.321s] DEBUG:colcon.colcon_core.shell:Skip shell extension 'dsv' for command environment
[0.324s] INFO:colcon.colcon_ros.task.ament_cmake.build:Building ROS package in '/home/ros2/git/mygit/capella_ros_dock/capella_msgs/capella_ros_service_interfaces' with build type 'ament_cmake'
[0.324s] INFO:colcon.colcon_cmake.task.cmake.build:Building CMake package in '/home/ros2/git/mygit/capella_ros_dock/capella_msgs/capella_ros_service_interfaces'
[0.325s] INFO:colcon.colcon_core.shell:Skip shell extension 'powershell' for command environment: Not usable outside of PowerShell
[0.325s] DEBUG:colcon.colcon_core.shell:Skip shell extension 'dsv' for command environment
[0.332s] DEBUG:colcon.colcon_core.event_handler.log_command:Invoking command in '/home/ros2/git/mygit/capella_ros_dock/build/capella_ros_dock_msgs': CMAKE_PREFIX_PATH=/opt/ros/humble WSLENV=ELECTRON_RUN_AS_NODE/w:WT_SESSION::WT_PROFILE_ID /usr/bin/cmake --build /home/ros2/git/mygit/capella_ros_dock/build/capella_ros_dock_msgs -- -j12 -l12
[0.337s] DEBUG:colcon.colcon_core.event_handler.log_command:Invoking command in '/home/ros2/git/mygit/capella_ros_dock/build/capella_ros_msg': CMAKE_PREFIX_PATH=/opt/ros/humble WSLENV=ELECTRON_RUN_AS_NODE/w:WT_SESSION::WT_PROFILE_ID /usr/bin/cmake --build /home/ros2/git/mygit/capella_ros_dock/build/capella_ros_msg -- -j12 -l12
[0.340s] DEBUG:colcon.colcon_core.event_handler.log_command:Invoking command in '/home/ros2/git/mygit/capella_ros_dock/build/capella_ros_service_interfaces': CMAKE_PREFIX_PATH=/opt/ros/humble WSLENV=ELECTRON_RUN_AS_NODE/w:WT_SESSION::WT_PROFILE_ID /usr/bin/cmake --build /home/ros2/git/mygit/capella_ros_dock/build/capella_ros_service_interfaces -- -j12 -l12
[0.605s] DEBUG:colcon.colcon_core.event_handler.log_command:Invoked command in '/home/ros2/git/mygit/capella_ros_dock/build/capella_ros_dock_msgs' returned '0': CMAKE_PREFIX_PATH=/opt/ros/humble WSLENV=ELECTRON_RUN_AS_NODE/w:WT_SESSION::WT_PROFILE_ID /usr/bin/cmake --build /home/ros2/git/mygit/capella_ros_dock/build/capella_ros_dock_msgs -- -j12 -l12
[0.609s] DEBUG:colcon.colcon_core.event_handler.log_command:Invoked command in '/home/ros2/git/mygit/capella_ros_dock/build/capella_ros_service_interfaces' returned '0': CMAKE_PREFIX_PATH=/opt/ros/humble WSLENV=ELECTRON_RUN_AS_NODE/w:WT_SESSION::WT_PROFILE_ID /usr/bin/cmake --build /home/ros2/git/mygit/capella_ros_dock/build/capella_ros_service_interfaces -- -j12 -l12
[0.613s] DEBUG:colcon.colcon_core.event_handler.log_command:Invoked command in '/home/ros2/git/mygit/capella_ros_dock/build/capella_ros_msg' returned '0': CMAKE_PREFIX_PATH=/opt/ros/humble WSLENV=ELECTRON_RUN_AS_NODE/w:WT_SESSION::WT_PROFILE_ID /usr/bin/cmake --build /home/ros2/git/mygit/capella_ros_dock/build/capella_ros_msg -- -j12 -l12
[0.650s] DEBUG:colcon.colcon_core.event_handler.log_command:Invoking command in '/home/ros2/git/mygit/capella_ros_dock/build/capella_ros_dock_msgs': CMAKE_PREFIX_PATH=/opt/ros/humble WSLENV=ELECTRON_RUN_AS_NODE/w:WT_SESSION::WT_PROFILE_ID /usr/bin/cmake --install /home/ros2/git/mygit/capella_ros_dock/build/capella_ros_dock_msgs
[0.704s] Level 1:colcon.colcon_core.environment:create_environment_scripts_only(capella_ros_dock_msgs)
[0.705s] DEBUG:colcon.colcon_core.event_handler.log_command:Invoked command in '/home/ros2/git/mygit/capella_ros_dock/build/capella_ros_dock_msgs' returned '0': CMAKE_PREFIX_PATH=/opt/ros/humble WSLENV=ELECTRON_RUN_AS_NODE/w:WT_SESSION::WT_PROFILE_ID /usr/bin/cmake --install /home/ros2/git/mygit/capella_ros_dock/build/capella_ros_dock_msgs
[0.708s] Level 1:colcon.colcon_core.environment:checking '/home/ros2/git/mygit/capella_ros_dock/install' for CMake module files
[0.709s] Level 1:colcon.colcon_core.environment:checking '/home/ros2/git/mygit/capella_ros_dock/install' for CMake config files
[0.710s] Level 1:colcon.colcon_core.shell:create_environment_hook('capella_ros_dock_msgs', 'cmake_prefix_path')
[0.711s] INFO:colcon.colcon_core.shell:Creating environment hook '/home/ros2/git/mygit/capella_ros_dock/install/share/capella_ros_dock_msgs/hook/cmake_prefix_path.ps1'
[0.712s] INFO:colcon.colcon_core.shell:Creating environment descriptor '/home/ros2/git/mygit/capella_ros_dock/install/share/capella_ros_dock_msgs/hook/cmake_prefix_path.dsv'
[0.712s] INFO:colcon.colcon_core.shell:Creating environment hook '/home/ros2/git/mygit/capella_ros_dock/install/share/capella_ros_dock_msgs/hook/cmake_prefix_path.sh'
[0.713s] Level 1:colcon.colcon_core.environment:checking '/home/ros2/git/mygit/capella_ros_dock/install/lib'
[0.713s] Level 1:colcon.colcon_core.shell:create_environment_hook('capella_ros_dock_msgs', 'ld_library_path_lib')
[0.714s] INFO:colcon.colcon_core.shell:Creating environment hook '/home/ros2/git/mygit/capella_ros_dock/install/share/capella_ros_dock_msgs/hook/ld_library_path_lib.ps1'
[0.714s] INFO:colcon.colcon_core.shell:Creating environment descriptor '/home/ros2/git/mygit/capella_ros_dock/install/share/capella_ros_dock_msgs/hook/ld_library_path_lib.dsv'
[0.715s] INFO:colcon.colcon_core.shell:Creating environment hook '/home/ros2/git/mygit/capella_ros_dock/install/share/capella_ros_dock_msgs/hook/ld_library_path_lib.sh'
[0.715s] Level 1:colcon.colcon_core.environment:checking '/home/ros2/git/mygit/capella_ros_dock/install/bin'
[0.715s] Level 1:colcon.colcon_core.environment:checking '/home/ros2/git/mygit/capella_ros_dock/install/lib/pkgconfig/capella_ros_dock_msgs.pc'
[0.715s] Level 1:colcon.colcon_core.environment:checking '/home/ros2/git/mygit/capella_ros_dock/install/lib/python3.10/site-packages'
[0.715s] Level 1:colcon.colcon_core.environment:checking '/home/ros2/git/mygit/capella_ros_dock/install/bin'
[0.716s] INFO:colcon.colcon_core.shell:Creating package script '/home/ros2/git/mygit/capella_ros_dock/install/share/capella_ros_dock_msgs/package.ps1'
[0.717s] INFO:colcon.colcon_core.shell:Creating package descriptor '/home/ros2/git/mygit/capella_ros_dock/install/share/capella_ros_dock_msgs/package.dsv'
[0.717s] INFO:colcon.colcon_core.shell:Creating package script '/home/ros2/git/mygit/capella_ros_dock/install/share/capella_ros_dock_msgs/package.sh'
[0.717s] INFO:colcon.colcon_core.shell:Creating package script '/home/ros2/git/mygit/capella_ros_dock/install/share/capella_ros_dock_msgs/package.bash'
[0.718s] INFO:colcon.colcon_core.shell:Creating package script '/home/ros2/git/mygit/capella_ros_dock/install/share/capella_ros_dock_msgs/package.zsh'
[0.718s] Level 1:colcon.colcon_core.environment:create_file_with_runtime_dependencies(/home/ros2/git/mygit/capella_ros_dock/install/share/colcon-core/packages/capella_ros_dock_msgs)
[0.734s] DEBUG:colcon.colcon_core.event_handler.log_command:Invoking command in '/home/ros2/git/mygit/capella_ros_dock/build/capella_ros_msg': CMAKE_PREFIX_PATH=/opt/ros/humble WSLENV=ELECTRON_RUN_AS_NODE/w:WT_SESSION::WT_PROFILE_ID /usr/bin/cmake --install /home/ros2/git/mygit/capella_ros_dock/build/capella_ros_msg
[0.766s] Level 1:colcon.colcon_core.environment:create_environment_scripts_only(capella_ros_dock_msgs)
[0.769s] Level 1:colcon.colcon_core.environment:checking '/home/ros2/git/mygit/capella_ros_dock/install' for CMake module files
[0.775s] Level 1:colcon.colcon_core.environment:checking '/home/ros2/git/mygit/capella_ros_dock/install' for CMake config files
[0.777s] Level 1:colcon.colcon_core.shell:create_environment_hook('capella_ros_dock_msgs', 'cmake_prefix_path')
[0.778s] INFO:colcon.colcon_core.shell:Creating environment hook '/home/ros2/git/mygit/capella_ros_dock/install/share/capella_ros_dock_msgs/hook/cmake_prefix_path.ps1'
[0.778s] INFO:colcon.colcon_core.shell:Creating environment descriptor '/home/ros2/git/mygit/capella_ros_dock/install/share/capella_ros_dock_msgs/hook/cmake_prefix_path.dsv'
[0.778s] INFO:colcon.colcon_core.shell:Creating environment hook '/home/ros2/git/mygit/capella_ros_dock/install/share/capella_ros_dock_msgs/hook/cmake_prefix_path.sh'
[0.778s] Level 1:colcon.colcon_core.environment:checking '/home/ros2/git/mygit/capella_ros_dock/install/lib'
[0.779s] Level 1:colcon.colcon_core.shell:create_environment_hook('capella_ros_dock_msgs', 'ld_library_path_lib')
[0.779s] INFO:colcon.colcon_core.shell:Creating environment hook '/home/ros2/git/mygit/capella_ros_dock/install/share/capella_ros_dock_msgs/hook/ld_library_path_lib.ps1'
[0.780s] INFO:colcon.colcon_core.shell:Creating environment descriptor '/home/ros2/git/mygit/capella_ros_dock/install/share/capella_ros_dock_msgs/hook/ld_library_path_lib.dsv'
[0.780s] INFO:colcon.colcon_core.shell:Creating environment hook '/home/ros2/git/mygit/capella_ros_dock/install/share/capella_ros_dock_msgs/hook/ld_library_path_lib.sh'
[0.780s] Level 1:colcon.colcon_core.environment:checking '/home/ros2/git/mygit/capella_ros_dock/install/bin'
[0.780s] Level 1:colcon.colcon_core.environment:checking '/home/ros2/git/mygit/capella_ros_dock/install/lib/pkgconfig/capella_ros_dock_msgs.pc'
[0.780s] Level 1:colcon.colcon_core.environment:checking '/home/ros2/git/mygit/capella_ros_dock/install/lib/python3.10/site-packages'
[0.780s] Level 1:colcon.colcon_core.environment:checking '/home/ros2/git/mygit/capella_ros_dock/install/bin'
[0.781s] INFO:colcon.colcon_core.shell:Creating package script '/home/ros2/git/mygit/capella_ros_dock/install/share/capella_ros_dock_msgs/package.ps1'
[0.781s] INFO:colcon.colcon_core.shell:Creating package descriptor '/home/ros2/git/mygit/capella_ros_dock/install/share/capella_ros_dock_msgs/package.dsv'
[0.782s] INFO:colcon.colcon_core.shell:Creating package script '/home/ros2/git/mygit/capella_ros_dock/install/share/capella_ros_dock_msgs/package.sh'
[0.782s] INFO:colcon.colcon_core.shell:Creating package script '/home/ros2/git/mygit/capella_ros_dock/install/share/capella_ros_dock_msgs/package.bash'
[0.782s] INFO:colcon.colcon_core.shell:Creating package script '/home/ros2/git/mygit/capella_ros_dock/install/share/capella_ros_dock_msgs/package.zsh'
[0.783s] Level 1:colcon.colcon_core.environment:create_file_with_runtime_dependencies(/home/ros2/git/mygit/capella_ros_dock/install/share/colcon-core/packages/capella_ros_dock_msgs)
[0.786s] DEBUG:colcon.colcon_core.event_handler.log_command:Invoking command in '/home/ros2/git/mygit/capella_ros_dock/build/capella_ros_service_interfaces': CMAKE_PREFIX_PATH=/opt/ros/humble WSLENV=ELECTRON_RUN_AS_NODE/w:WT_SESSION::WT_PROFILE_ID /usr/bin/cmake --install /home/ros2/git/mygit/capella_ros_dock/build/capella_ros_service_interfaces
[0.801s] Level 1:colcon.colcon_core.environment:create_environment_scripts_only(capella_ros_msg)
[0.802s] Level 1:colcon.colcon_core.environment:checking '/home/ros2/git/mygit/capella_ros_dock/install' for CMake module files
[0.808s] Level 1:colcon.colcon_core.environment:checking '/home/ros2/git/mygit/capella_ros_dock/install' for CMake config files
[0.810s] DEBUG:colcon.colcon_core.event_handler.log_command:Invoked command in '/home/ros2/git/mygit/capella_ros_dock/build/capella_ros_msg' returned '0': CMAKE_PREFIX_PATH=/opt/ros/humble WSLENV=ELECTRON_RUN_AS_NODE/w:WT_SESSION::WT_PROFILE_ID /usr/bin/cmake --install /home/ros2/git/mygit/capella_ros_dock/build/capella_ros_msg
[0.833s] Level 1:colcon.colcon_core.shell:create_environment_hook('capella_ros_msg', 'cmake_prefix_path')
[0.834s] INFO:colcon.colcon_core.shell:Creating environment hook '/home/ros2/git/mygit/capella_ros_dock/install/share/capella_ros_msg/hook/cmake_prefix_path.ps1'
[0.834s] INFO:colcon.colcon_core.shell:Creating environment descriptor '/home/ros2/git/mygit/capella_ros_dock/install/share/capella_ros_msg/hook/cmake_prefix_path.dsv'
[0.834s] INFO:colcon.colcon_core.shell:Creating environment hook '/home/ros2/git/mygit/capella_ros_dock/install/share/capella_ros_msg/hook/cmake_prefix_path.sh'
[0.835s] Level 1:colcon.colcon_core.environment:checking '/home/ros2/git/mygit/capella_ros_dock/install/lib'
[0.835s] Level 1:colcon.colcon_core.shell:create_environment_hook('capella_ros_msg', 'ld_library_path_lib')
[0.836s] INFO:colcon.colcon_core.shell:Creating environment hook '/home/ros2/git/mygit/capella_ros_dock/install/share/capella_ros_msg/hook/ld_library_path_lib.ps1'
[0.836s] INFO:colcon.colcon_core.shell:Creating environment descriptor '/home/ros2/git/mygit/capella_ros_dock/install/share/capella_ros_msg/hook/ld_library_path_lib.dsv'
[0.836s] INFO:colcon.colcon_core.shell:Creating environment hook '/home/ros2/git/mygit/capella_ros_dock/install/share/capella_ros_msg/hook/ld_library_path_lib.sh'
[0.837s] Level 1:colcon.colcon_core.environment:checking '/home/ros2/git/mygit/capella_ros_dock/install/bin'
[0.837s] Level 1:colcon.colcon_core.environment:checking '/home/ros2/git/mygit/capella_ros_dock/install/lib/pkgconfig/capella_ros_msg.pc'
[0.837s] Level 1:colcon.colcon_core.environment:checking '/home/ros2/git/mygit/capella_ros_dock/install/lib/python3.10/site-packages'
[0.837s] Level 1:colcon.colcon_core.environment:checking '/home/ros2/git/mygit/capella_ros_dock/install/bin'
[0.838s] INFO:colcon.colcon_core.shell:Creating package script '/home/ros2/git/mygit/capella_ros_dock/install/share/capella_ros_msg/package.ps1'
[0.838s] INFO:colcon.colcon_core.shell:Creating package descriptor '/home/ros2/git/mygit/capella_ros_dock/install/share/capella_ros_msg/package.dsv'
[0.838s] INFO:colcon.colcon_core.shell:Creating package script '/home/ros2/git/mygit/capella_ros_dock/install/share/capella_ros_msg/package.sh'
[0.839s] INFO:colcon.colcon_core.shell:Creating package script '/home/ros2/git/mygit/capella_ros_dock/install/share/capella_ros_msg/package.bash'
[0.839s] INFO:colcon.colcon_core.shell:Creating package script '/home/ros2/git/mygit/capella_ros_dock/install/share/capella_ros_msg/package.zsh'
[0.839s] Level 1:colcon.colcon_core.environment:create_file_with_runtime_dependencies(/home/ros2/git/mygit/capella_ros_dock/install/share/colcon-core/packages/capella_ros_msg)
[0.853s] Level 1:colcon.colcon_core.environment:create_environment_scripts_only(capella_ros_service_interfaces)
[0.854s] Level 1:colcon.colcon_core.environment:checking '/home/ros2/git/mygit/capella_ros_dock/install' for CMake module files
[0.855s] DEBUG:colcon.colcon_core.event_handler.log_command:Invoked command in '/home/ros2/git/mygit/capella_ros_dock/build/capella_ros_service_interfaces' returned '0': CMAKE_PREFIX_PATH=/opt/ros/humble WSLENV=ELECTRON_RUN_AS_NODE/w:WT_SESSION::WT_PROFILE_ID /usr/bin/cmake --install /home/ros2/git/mygit/capella_ros_dock/build/capella_ros_service_interfaces
[0.855s] Level 1:colcon.colcon_core.environment:checking '/home/ros2/git/mygit/capella_ros_dock/install' for CMake config files
[0.857s] Level 1:colcon.colcon_core.shell:create_environment_hook('capella_ros_service_interfaces', 'cmake_prefix_path')
[0.858s] INFO:colcon.colcon_core.shell:Creating environment hook '/home/ros2/git/mygit/capella_ros_dock/install/share/capella_ros_service_interfaces/hook/cmake_prefix_path.ps1'
[0.858s] INFO:colcon.colcon_core.shell:Creating environment descriptor '/home/ros2/git/mygit/capella_ros_dock/install/share/capella_ros_service_interfaces/hook/cmake_prefix_path.dsv'
[0.858s] INFO:colcon.colcon_core.shell:Creating environment hook '/home/ros2/git/mygit/capella_ros_dock/install/share/capella_ros_service_interfaces/hook/cmake_prefix_path.sh'
[0.859s] Level 1:colcon.colcon_core.environment:checking '/home/ros2/git/mygit/capella_ros_dock/install/lib'
[0.859s] Level 1:colcon.colcon_core.shell:create_environment_hook('capella_ros_service_interfaces', 'ld_library_path_lib')
[0.859s] INFO:colcon.colcon_core.shell:Creating environment hook '/home/ros2/git/mygit/capella_ros_dock/install/share/capella_ros_service_interfaces/hook/ld_library_path_lib.ps1'
[0.860s] INFO:colcon.colcon_core.shell:Creating environment descriptor '/home/ros2/git/mygit/capella_ros_dock/install/share/capella_ros_service_interfaces/hook/ld_library_path_lib.dsv'
[0.860s] INFO:colcon.colcon_core.shell:Creating environment hook '/home/ros2/git/mygit/capella_ros_dock/install/share/capella_ros_service_interfaces/hook/ld_library_path_lib.sh'
[0.860s] Level 1:colcon.colcon_core.environment:checking '/home/ros2/git/mygit/capella_ros_dock/install/bin'
[0.860s] Level 1:colcon.colcon_core.environment:checking '/home/ros2/git/mygit/capella_ros_dock/install/lib/pkgconfig/capella_ros_service_interfaces.pc'
[0.860s] Level 1:colcon.colcon_core.environment:checking '/home/ros2/git/mygit/capella_ros_dock/install/lib/python3.10/site-packages'
[0.860s] Level 1:colcon.colcon_core.environment:checking '/home/ros2/git/mygit/capella_ros_dock/install/bin'
[0.861s] INFO:colcon.colcon_core.shell:Creating package script '/home/ros2/git/mygit/capella_ros_dock/install/share/capella_ros_service_interfaces/package.ps1'
[0.862s] INFO:colcon.colcon_core.shell:Creating package descriptor '/home/ros2/git/mygit/capella_ros_dock/install/share/capella_ros_service_interfaces/package.dsv'
[0.862s] INFO:colcon.colcon_core.shell:Creating package script '/home/ros2/git/mygit/capella_ros_dock/install/share/capella_ros_service_interfaces/package.sh'
[0.863s] INFO:colcon.colcon_core.shell:Creating package script '/home/ros2/git/mygit/capella_ros_dock/install/share/capella_ros_service_interfaces/package.bash'
[0.863s] INFO:colcon.colcon_core.shell:Creating package script '/home/ros2/git/mygit/capella_ros_dock/install/share/capella_ros_service_interfaces/package.zsh'
[0.863s] Level 1:colcon.colcon_core.environment:create_file_with_runtime_dependencies(/home/ros2/git/mygit/capella_ros_dock/install/share/colcon-core/packages/capella_ros_service_interfaces)
[0.958s] Level 1:colcon.colcon_core.environment:create_environment_scripts_only(capella_ros_msg)
[0.960s] Level 1:colcon.colcon_core.environment:checking '/home/ros2/git/mygit/capella_ros_dock/install' for CMake module files
[0.960s] Level 1:colcon.colcon_core.environment:checking '/home/ros2/git/mygit/capella_ros_dock/install' for CMake config files
[0.963s] Level 1:colcon.colcon_core.shell:create_environment_hook('capella_ros_msg', 'cmake_prefix_path')
[0.964s] INFO:colcon.colcon_core.shell:Creating environment hook '/home/ros2/git/mygit/capella_ros_dock/install/share/capella_ros_msg/hook/cmake_prefix_path.ps1'
[0.965s] INFO:colcon.colcon_core.shell:Creating environment descriptor '/home/ros2/git/mygit/capella_ros_dock/install/share/capella_ros_msg/hook/cmake_prefix_path.dsv'
[0.965s] INFO:colcon.colcon_core.shell:Creating environment hook '/home/ros2/git/mygit/capella_ros_dock/install/share/capella_ros_msg/hook/cmake_prefix_path.sh'
[0.966s] Level 1:colcon.colcon_core.environment:checking '/home/ros2/git/mygit/capella_ros_dock/install/lib'
[0.966s] Level 1:colcon.colcon_core.shell:create_environment_hook('capella_ros_msg', 'ld_library_path_lib')
[0.967s] INFO:colcon.colcon_core.shell:Creating environment hook '/home/ros2/git/mygit/capella_ros_dock/install/share/capella_ros_msg/hook/ld_library_path_lib.ps1'
[0.967s] INFO:colcon.colcon_core.shell:Creating environment descriptor '/home/ros2/git/mygit/capella_ros_dock/install/share/capella_ros_msg/hook/ld_library_path_lib.dsv'
[0.967s] INFO:colcon.colcon_core.shell:Creating environment hook '/home/ros2/git/mygit/capella_ros_dock/install/share/capella_ros_msg/hook/ld_library_path_lib.sh'
[0.968s] Level 1:colcon.colcon_core.environment:checking '/home/ros2/git/mygit/capella_ros_dock/install/bin'
[0.968s] Level 1:colcon.colcon_core.environment:checking '/home/ros2/git/mygit/capella_ros_dock/install/lib/pkgconfig/capella_ros_msg.pc'
[0.968s] Level 1:colcon.colcon_core.environment:checking '/home/ros2/git/mygit/capella_ros_dock/install/lib/python3.10/site-packages'
[0.968s] Level 1:colcon.colcon_core.environment:checking '/home/ros2/git/mygit/capella_ros_dock/install/bin'
[0.969s] INFO:colcon.colcon_core.shell:Creating package script '/home/ros2/git/mygit/capella_ros_dock/install/share/capella_ros_msg/package.ps1'
[0.970s] INFO:colcon.colcon_core.shell:Creating package descriptor '/home/ros2/git/mygit/capella_ros_dock/install/share/capella_ros_msg/package.dsv'
[0.970s] INFO:colcon.colcon_core.shell:Creating package script '/home/ros2/git/mygit/capella_ros_dock/install/share/capella_ros_msg/package.sh'
[0.970s] INFO:colcon.colcon_core.shell:Creating package script '/home/ros2/git/mygit/capella_ros_dock/install/share/capella_ros_msg/package.bash'
[0.970s] INFO:colcon.colcon_core.shell:Creating package script '/home/ros2/git/mygit/capella_ros_dock/install/share/capella_ros_msg/package.zsh'
[0.971s] Level 1:colcon.colcon_core.environment:create_file_with_runtime_dependencies(/home/ros2/git/mygit/capella_ros_dock/install/share/colcon-core/packages/capella_ros_msg)
[1.020s] Level 1:colcon.colcon_core.environment:create_environment_scripts_only(capella_ros_service_interfaces)
[1.022s] Level 1:colcon.colcon_core.environment:checking '/home/ros2/git/mygit/capella_ros_dock/install' for CMake module files
[1.022s] Level 1:colcon.colcon_core.environment:checking '/home/ros2/git/mygit/capella_ros_dock/install' for CMake config files
[1.024s] Level 1:colcon.colcon_core.shell:create_environment_hook('capella_ros_service_interfaces', 'cmake_prefix_path')
[1.025s] INFO:colcon.colcon_core.shell:Creating environment hook '/home/ros2/git/mygit/capella_ros_dock/install/share/capella_ros_service_interfaces/hook/cmake_prefix_path.ps1'
[1.025s] INFO:colcon.colcon_core.shell:Creating environment descriptor '/home/ros2/git/mygit/capella_ros_dock/install/share/capella_ros_service_interfaces/hook/cmake_prefix_path.dsv'
[1.026s] INFO:colcon.colcon_core.shell:Creating environment hook '/home/ros2/git/mygit/capella_ros_dock/install/share/capella_ros_service_interfaces/hook/cmake_prefix_path.sh'
[1.026s] Level 1:colcon.colcon_core.environment:checking '/home/ros2/git/mygit/capella_ros_dock/install/lib'
[1.026s] Level 1:colcon.colcon_core.shell:create_environment_hook('capella_ros_service_interfaces', 'ld_library_path_lib')
[1.027s] INFO:colcon.colcon_core.shell:Creating environment hook '/home/ros2/git/mygit/capella_ros_dock/install/share/capella_ros_service_interfaces/hook/ld_library_path_lib.ps1'
[1.027s] INFO:colcon.colcon_core.shell:Creating environment descriptor '/home/ros2/git/mygit/capella_ros_dock/install/share/capella_ros_service_interfaces/hook/ld_library_path_lib.dsv'
[1.027s] INFO:colcon.colcon_core.shell:Creating environment hook '/home/ros2/git/mygit/capella_ros_dock/install/share/capella_ros_service_interfaces/hook/ld_library_path_lib.sh'
[1.028s] Level 1:colcon.colcon_core.environment:checking '/home/ros2/git/mygit/capella_ros_dock/install/bin'
[1.028s] Level 1:colcon.colcon_core.environment:checking '/home/ros2/git/mygit/capella_ros_dock/install/lib/pkgconfig/capella_ros_service_interfaces.pc'
[1.028s] Level 1:colcon.colcon_core.environment:checking '/home/ros2/git/mygit/capella_ros_dock/install/lib/python3.10/site-packages'
[1.028s] Level 1:colcon.colcon_core.environment:checking '/home/ros2/git/mygit/capella_ros_dock/install/bin'
[1.029s] INFO:colcon.colcon_core.shell:Creating package script '/home/ros2/git/mygit/capella_ros_dock/install/share/capella_ros_service_interfaces/package.ps1'
[1.029s] INFO:colcon.colcon_core.shell:Creating package descriptor '/home/ros2/git/mygit/capella_ros_dock/install/share/capella_ros_service_interfaces/package.dsv'
[1.030s] INFO:colcon.colcon_core.shell:Creating package script '/home/ros2/git/mygit/capella_ros_dock/install/share/capella_ros_service_interfaces/package.sh'
[1.030s] INFO:colcon.colcon_core.shell:Creating package script '/home/ros2/git/mygit/capella_ros_dock/install/share/capella_ros_service_interfaces/package.bash'
[1.030s] INFO:colcon.colcon_core.shell:Creating package script '/home/ros2/git/mygit/capella_ros_dock/install/share/capella_ros_service_interfaces/package.zsh'
[1.030s] Level 1:colcon.colcon_core.environment:create_file_with_runtime_dependencies(/home/ros2/git/mygit/capella_ros_dock/install/share/colcon-core/packages/capella_ros_service_interfaces)
[1.031s] INFO:colcon.colcon_ros.task.ament_cmake.build:Building ROS package in '/home/ros2/git/mygit/capella_ros_dock/capella_ros_dock' with build type 'ament_cmake'
[1.031s] INFO:colcon.colcon_cmake.task.cmake.build:Building CMake package in '/home/ros2/git/mygit/capella_ros_dock/capella_ros_dock'
[1.032s] INFO:colcon.colcon_core.shell:Skip shell extension 'powershell' for command environment: Not usable outside of PowerShell
[1.032s] DEBUG:colcon.colcon_core.shell:Skip shell extension 'dsv' for command environment
[1.219s] DEBUG:colcon.colcon_core.event_handler.log_command:Invoking command in '/home/ros2/git/mygit/capella_ros_dock/build/capella_ros_dock': AMENT_PREFIX_PATH=/home/ros2/git/mygit/capella_ros_dock/install:${AMENT_PREFIX_PATH} CMAKE_PREFIX_PATH=/home/ros2/git/mygit/capella_ros_dock/install:/opt/ros/humble LD_LIBRARY_PATH=/home/ros2/git/mygit/capella_ros_dock/install/lib:${LD_LIBRARY_PATH} PYTHONPATH=/home/ros2/git/mygit/capella_ros_dock/install/local/lib/python3.10/dist-packages:${PYTHONPATH} WSLENV=ELECTRON_RUN_AS_NODE/w:WT_SESSION::WT_PROFILE_ID /usr/bin/cmake --build /home/ros2/git/mygit/capella_ros_dock/build/capella_ros_dock -- -j12 -l12
[1.455s] DEBUG:colcon.colcon_core.event_handler.log_command:Invoked command in '/home/ros2/git/mygit/capella_ros_dock/build/capella_ros_dock' returned '2': AMENT_PREFIX_PATH=/home/ros2/git/mygit/capella_ros_dock/install:${AMENT_PREFIX_PATH} CMAKE_PREFIX_PATH=/home/ros2/git/mygit/capella_ros_dock/install:/opt/ros/humble LD_LIBRARY_PATH=/home/ros2/git/mygit/capella_ros_dock/install/lib:${LD_LIBRARY_PATH} PYTHONPATH=/home/ros2/git/mygit/capella_ros_dock/install/local/lib/python3.10/dist-packages:${PYTHONPATH} WSLENV=ELECTRON_RUN_AS_NODE/w:WT_SESSION::WT_PROFILE_ID /usr/bin/cmake --build /home/ros2/git/mygit/capella_ros_dock/build/capella_ros_dock -- -j12 -l12
[1.477s] Level 1:colcon.colcon_core.environment:create_environment_scripts_only(capella_ros_dock)
[1.478s] Level 1:colcon.colcon_core.environment:checking '/home/ros2/git/mygit/capella_ros_dock/install' for CMake module files
[1.478s] Level 1:colcon.colcon_core.environment:checking '/home/ros2/git/mygit/capella_ros_dock/install' for CMake config files
[1.480s] Level 1:colcon.colcon_core.shell:create_environment_hook('capella_ros_dock', 'cmake_prefix_path')
[1.480s] INFO:colcon.colcon_core.shell:Creating environment hook '/home/ros2/git/mygit/capella_ros_dock/install/share/capella_ros_dock/hook/cmake_prefix_path.ps1'
[1.481s] INFO:colcon.colcon_core.shell:Creating environment descriptor '/home/ros2/git/mygit/capella_ros_dock/install/share/capella_ros_dock/hook/cmake_prefix_path.dsv'
[1.481s] INFO:colcon.colcon_core.shell:Creating environment hook '/home/ros2/git/mygit/capella_ros_dock/install/share/capella_ros_dock/hook/cmake_prefix_path.sh'
[1.481s] Level 1:colcon.colcon_core.environment:checking '/home/ros2/git/mygit/capella_ros_dock/install/lib'
[1.481s] Level 1:colcon.colcon_core.shell:create_environment_hook('capella_ros_dock', 'ld_library_path_lib')
[1.482s] INFO:colcon.colcon_core.shell:Creating environment hook '/home/ros2/git/mygit/capella_ros_dock/install/share/capella_ros_dock/hook/ld_library_path_lib.ps1'
[1.482s] INFO:colcon.colcon_core.shell:Creating environment descriptor '/home/ros2/git/mygit/capella_ros_dock/install/share/capella_ros_dock/hook/ld_library_path_lib.dsv'
[1.483s] INFO:colcon.colcon_core.shell:Creating environment hook '/home/ros2/git/mygit/capella_ros_dock/install/share/capella_ros_dock/hook/ld_library_path_lib.sh'
[1.483s] Level 1:colcon.colcon_core.environment:checking '/home/ros2/git/mygit/capella_ros_dock/install/bin'
[1.483s] Level 1:colcon.colcon_core.environment:checking '/home/ros2/git/mygit/capella_ros_dock/install/lib/pkgconfig/capella_ros_dock.pc'
[1.483s] Level 1:colcon.colcon_core.environment:checking '/home/ros2/git/mygit/capella_ros_dock/install/lib/python3.10/site-packages'
[1.484s] Level 1:colcon.colcon_core.environment:checking '/home/ros2/git/mygit/capella_ros_dock/install/bin'
[1.485s] INFO:colcon.colcon_core.shell:Creating package script '/home/ros2/git/mygit/capella_ros_dock/install/share/capella_ros_dock/package.ps1'
[1.485s] INFO:colcon.colcon_core.shell:Creating package descriptor '/home/ros2/git/mygit/capella_ros_dock/install/share/capella_ros_dock/package.dsv'
[1.486s] INFO:colcon.colcon_core.shell:Creating package script '/home/ros2/git/mygit/capella_ros_dock/install/share/capella_ros_dock/package.sh'
[1.486s] INFO:colcon.colcon_core.shell:Creating package script '/home/ros2/git/mygit/capella_ros_dock/install/share/capella_ros_dock/package.bash'
[1.486s] INFO:colcon.colcon_core.shell:Creating package script '/home/ros2/git/mygit/capella_ros_dock/install/share/capella_ros_dock/package.zsh'
[1.487s] Level 1:colcon.colcon_core.environment:create_file_with_runtime_dependencies(/home/ros2/git/mygit/capella_ros_dock/install/share/colcon-core/packages/capella_ros_dock)
[1.497s] DEBUG:colcon.colcon_parallel_executor.executor.parallel:closing loop
[1.497s] DEBUG:colcon.colcon_parallel_executor.executor.parallel:loop closed
[1.498s] DEBUG:colcon.colcon_parallel_executor.executor.parallel:run_until_complete finished with '2'
[1.498s] DEBUG:colcon.colcon_core.event_reactor:joining thread
[1.528s] INFO:colcon.colcon_core.plugin_system:Skipping extension 'colcon_notification.desktop_notification.notify_send': Could not find 'notify-send'
[1.528s] INFO:colcon.colcon_core.plugin_system:Skipping extension 'colcon_notification.desktop_notification.terminal_notifier': Not used on non-Darwin systems
[1.528s] INFO:colcon.colcon_core.plugin_system:Skipping extension 'colcon_notification.desktop_notification.win32': Not used on non-Windows systems
[1.528s] INFO:colcon.colcon_notification.desktop_notification:Sending desktop notification using 'notify2'
[1.537s] DEBUG:colcon.colcon_notification.desktop_notification.notify2:Failed to initialize notify2: org.freedesktop.DBus.Error.ServiceUnknown: The name org.freedesktop.Notifications was not provided by any .service files
[1.538s] DEBUG:colcon.colcon_core.event_reactor:joined thread
[1.540s] INFO:colcon.colcon_core.shell:Creating prefix script '/home/ros2/git/mygit/capella_ros_dock/install/local_setup.ps1'
[1.541s] INFO:colcon.colcon_core.shell:Creating prefix util module '/home/ros2/git/mygit/capella_ros_dock/install/_local_setup_util_ps1.py'
[1.543s] INFO:colcon.colcon_core.shell:Creating prefix chain script '/home/ros2/git/mygit/capella_ros_dock/install/setup.ps1'
[1.545s] INFO:colcon.colcon_core.shell:Creating prefix script '/home/ros2/git/mygit/capella_ros_dock/install/local_setup.sh'
[1.545s] INFO:colcon.colcon_core.shell:Creating prefix util module '/home/ros2/git/mygit/capella_ros_dock/install/_local_setup_util_sh.py'
[1.546s] INFO:colcon.colcon_core.shell:Creating prefix chain script '/home/ros2/git/mygit/capella_ros_dock/install/setup.sh'
[1.548s] INFO:colcon.colcon_core.shell:Creating prefix script '/home/ros2/git/mygit/capella_ros_dock/install/local_setup.bash'
[1.548s] INFO:colcon.colcon_core.shell:Creating prefix chain script '/home/ros2/git/mygit/capella_ros_dock/install/setup.bash'
[1.550s] INFO:colcon.colcon_core.shell:Creating prefix script '/home/ros2/git/mygit/capella_ros_dock/install/local_setup.zsh'
[1.550s] INFO:colcon.colcon_core.shell:Creating prefix chain script '/home/ros2/git/mygit/capella_ros_dock/install/setup.zsh'
