[0.017s] Invoking command in '/home/ros2/git/mygit/capella_ros_dock/build/capella_ros_msg': CMAKE_PREFIX_PATH=/opt/ros/humble WSLENV=ELECTRON_RUN_AS_NODE/w:WT_SESSION::WT_PROFILE_ID /usr/bin/cmake --build /home/ros2/git/mygit/capella_ros_dock/build/capella_ros_msg -- -j12 -l12
[0.049s] [  0%] Built target capella_ros_msg__cpp
[0.056s] [  0%] Built target ament_cmake_python_symlink_capella_ros_msg
[0.058s] [ 12%] Built target capella_ros_msg__rosidl_generator_c
[0.074s] [ 24%] Built target capella_ros_msg__rosidl_typesupport_introspection_cpp
[0.085s] [ 35%] Built target capella_ros_msg__rosidl_typesupport_fastrtps_cpp
[0.087s] [ 47%] Built target capella_ros_msg__rosidl_typesupport_cpp
[0.087s] [ 68%] Built target capella_ros_msg__rosidl_typesupport_c
[0.087s] [ 70%] Built target capella_ros_msg__rosidl_typesupport_fastrtps_c
[0.087s] [ 82%] Built target capella_ros_msg__rosidl_typesupport_introspection_c
[0.103s] [ 82%] Built target capella_ros_msg
[0.117s] [ 83%] Built target capella_ros_msg__py
[0.134s] [ 94%] Built target capella_ros_msg__rosidl_generator_py
[0.152s] [ 97%] Built target capella_ros_msg__rosidl_typesupport_fastrtps_c__pyext
[0.152s] [ 98%] Built target capella_ros_msg__rosidl_typesupport_introspection_c__pyext
[0.153s] [100%] Built target capella_ros_msg__rosidl_typesupport_c__pyext
[0.268s] running egg_info
[0.269s] writing capella_ros_msg.egg-info/PKG-INFO
[0.270s] writing dependency_links to capella_ros_msg.egg-info/dependency_links.txt
[0.270s] writing top-level names to capella_ros_msg.egg-info/top_level.txt
[0.272s] reading manifest file 'capella_ros_msg.egg-info/SOURCES.txt'
[0.273s] writing manifest file 'capella_ros_msg.egg-info/SOURCES.txt'
[0.310s] [100%] Built target ament_cmake_python_build_capella_ros_msg_egg
[0.319s] Invoked command in '/home/ros2/git/mygit/capella_ros_dock/build/capella_ros_msg' returned '0': CMAKE_PREFIX_PATH=/opt/ros/humble WSLENV=ELECTRON_RUN_AS_NODE/w:WT_SESSION::WT_PROFILE_ID /usr/bin/cmake --build /home/ros2/git/mygit/capella_ros_dock/build/capella_ros_msg -- -j12 -l12
[0.474s] Invoking command in '/home/ros2/git/mygit/capella_ros_dock/build/capella_ros_msg': CMAKE_PREFIX_PATH=/opt/ros/humble WSLENV=ELECTRON_RUN_AS_NODE/w:WT_SESSION::WT_PROFILE_ID /usr/bin/cmake --install /home/ros2/git/mygit/capella_ros_dock/build/capella_ros_msg
[0.478s] -- Install configuration: "RelWithDebInfo"
[0.479s] -- Execute custom install script
[0.480s] -- Up-to-date symlink: /home/ros2/git/mygit/capella_ros_dock/install/share/ament_index/resource_index/rosidl_interfaces/capella_ros_msg
[0.480s] -- Up-to-date symlink: /home/ros2/git/mygit/capella_ros_dock/install/include/capella_ros_msg/capella_ros_msg/msg/atomize_switch_ctr_stu.h
[0.481s] -- Up-to-date symlink: /home/ros2/git/mygit/capella_ros_dock/install/include/capella_ros_msg/capella_ros_msg/msg/battery.h
[0.481s] -- Up-to-date symlink: /home/ros2/git/mygit/capella_ros_dock/install/include/capella_ros_msg/capella_ros_msg/msg/contact_drive_stu.h
[0.481s] -- Up-to-date symlink: /home/ros2/git/mygit/capella_ros_dock/install/include/capella_ros_msg/capella_ros_msg/msg/detail/atomize_switch_ctr_stu__functions.h
[0.482s] -- Up-to-date symlink: /home/ros2/git/mygit/capella_ros_dock/install/include/capella_ros_msg/capella_ros_msg/msg/detail/atomize_switch_ctr_stu__struct.h
[0.482s] -- Up-to-date symlink: /home/ros2/git/mygit/capella_ros_dock/install/include/capella_ros_msg/capella_ros_msg/msg/detail/atomize_switch_ctr_stu__type_support.h
[0.482s] -- Up-to-date symlink: /home/ros2/git/mygit/capella_ros_dock/install/include/capella_ros_msg/capella_ros_msg/msg/detail/battery__functions.h
[0.482s] -- Up-to-date symlink: /home/ros2/git/mygit/capella_ros_dock/install/include/capella_ros_msg/capella_ros_msg/msg/detail/battery__struct.h
[0.482s] -- Up-to-date symlink: /home/ros2/git/mygit/capella_ros_dock/install/include/capella_ros_msg/capella_ros_msg/msg/detail/battery__type_support.h
[0.483s] -- Up-to-date symlink: /home/ros2/git/mygit/capella_ros_dock/install/include/capella_ros_msg/capella_ros_msg/msg/detail/contact_drive_stu__functions.h
[0.483s] -- Up-to-date symlink: /home/ros2/git/mygit/capella_ros_dock/install/include/capella_ros_msg/capella_ros_msg/msg/detail/contact_drive_stu__struct.h
[0.483s] -- Up-to-date symlink: /home/ros2/git/mygit/capella_ros_dock/install/include/capella_ros_msg/capella_ros_msg/msg/detail/contact_drive_stu__type_support.h
[0.484s] -- Up-to-date symlink: /home/ros2/git/mygit/capella_ros_dock/install/include/capella_ros_msg/capella_ros_msg/msg/detail/detect_result__functions.h
[0.485s] -- Up-to-date symlink: /home/ros2/git/mygit/capella_ros_dock/install/include/capella_ros_msg/capella_ros_msg/msg/detail/detect_result__struct.h
[0.486s] -- Up-to-date symlink: /home/ros2/git/mygit/capella_ros_dock/install/include/capella_ros_msg/capella_ros_msg/msg/detail/detect_result__type_support.h
[0.486s] -- Up-to-date symlink: /home/ros2/git/mygit/capella_ros_dock/install/include/capella_ros_msg/capella_ros_msg/msg/detail/imu__functions.h
[0.487s] -- Up-to-date symlink: /home/ros2/git/mygit/capella_ros_dock/install/include/capella_ros_msg/capella_ros_msg/msg/detail/imu__struct.h
[0.487s] -- Up-to-date symlink: /home/ros2/git/mygit/capella_ros_dock/install/include/capella_ros_msg/capella_ros_msg/msg/detail/imu__type_support.h
[0.487s] -- Up-to-date symlink: /home/ros2/git/mygit/capella_ros_dock/install/include/capella_ros_msg/capella_ros_msg/msg/detail/ir_data__functions.h
[0.487s] -- Up-to-date symlink: /home/ros2/git/mygit/capella_ros_dock/install/include/capella_ros_msg/capella_ros_msg/msg/detail/ir_data__struct.h
[0.488s] -- Up-to-date symlink: /home/ros2/git/mygit/capella_ros_dock/install/include/capella_ros_msg/capella_ros_msg/msg/detail/ir_data__type_support.h
[0.488s] -- Up-to-date symlink: /home/ros2/git/mygit/capella_ros_dock/install/include/capella_ros_msg/capella_ros_msg/msg/detail/pid__functions.h
[0.488s] -- Up-to-date symlink: /home/ros2/git/mygit/capella_ros_dock/install/include/capella_ros_msg/capella_ros_msg/msg/detail/pid__struct.h
[0.488s] -- Up-to-date symlink: /home/ros2/git/mygit/capella_ros_dock/install/include/capella_ros_msg/capella_ros_msg/msg/detail/pid__type_support.h
[0.488s] -- Up-to-date symlink: /home/ros2/git/mygit/capella_ros_dock/install/include/capella_ros_msg/capella_ros_msg/msg/detail/single_detector__functions.h
[0.488s] -- Up-to-date symlink: /home/ros2/git/mygit/capella_ros_dock/install/include/capella_ros_msg/capella_ros_msg/msg/detail/single_detector__struct.h
[0.489s] -- Up-to-date symlink: /home/ros2/git/mygit/capella_ros_dock/install/include/capella_ros_msg/capella_ros_msg/msg/detail/single_detector__type_support.h
[0.489s] -- Up-to-date symlink: /home/ros2/git/mygit/capella_ros_dock/install/include/capella_ros_msg/capella_ros_msg/msg/detail/velocities__functions.h
[0.489s] -- Up-to-date symlink: /home/ros2/git/mygit/capella_ros_dock/install/include/capella_ros_msg/capella_ros_msg/msg/detail/velocities__struct.h
[0.490s] -- Up-to-date symlink: /home/ros2/git/mygit/capella_ros_dock/install/include/capella_ros_msg/capella_ros_msg/msg/detail/velocities__type_support.h
[0.490s] -- Up-to-date symlink: /home/ros2/git/mygit/capella_ros_dock/install/include/capella_ros_msg/capella_ros_msg/msg/detect_result.h
[0.490s] -- Up-to-date symlink: /home/ros2/git/mygit/capella_ros_dock/install/include/capella_ros_msg/capella_ros_msg/msg/imu.h
[0.491s] -- Up-to-date symlink: /home/ros2/git/mygit/capella_ros_dock/install/include/capella_ros_msg/capella_ros_msg/msg/ir_data.h
[0.491s] -- Up-to-date symlink: /home/ros2/git/mygit/capella_ros_dock/install/include/capella_ros_msg/capella_ros_msg/msg/pid.h
[0.491s] -- Up-to-date symlink: /home/ros2/git/mygit/capella_ros_dock/install/include/capella_ros_msg/capella_ros_msg/msg/rosidl_generator_c__visibility_control.h
[0.491s] -- Up-to-date symlink: /home/ros2/git/mygit/capella_ros_dock/install/include/capella_ros_msg/capella_ros_msg/msg/single_detector.h
[0.492s] -- Up-to-date symlink: /home/ros2/git/mygit/capella_ros_dock/install/include/capella_ros_msg/capella_ros_msg/msg/velocities.h
[0.492s] -- Up-to-date symlink: /home/ros2/git/mygit/capella_ros_dock/install/include/capella_ros_msg/capella_ros_msg/srv/charge_pile_wifi.h
[0.492s] -- Up-to-date symlink: /home/ros2/git/mygit/capella_ros_dock/install/include/capella_ros_msg/capella_ros_msg/srv/detail/charge_pile_wifi__functions.h
[0.493s] -- Up-to-date symlink: /home/ros2/git/mygit/capella_ros_dock/install/include/capella_ros_msg/capella_ros_msg/srv/detail/charge_pile_wifi__struct.h
[0.493s] -- Up-to-date symlink: /home/ros2/git/mygit/capella_ros_dock/install/include/capella_ros_msg/capella_ros_msg/srv/detail/charge_pile_wifi__type_support.h
[0.494s] -- Up-to-date symlink: /home/ros2/git/mygit/capella_ros_dock/install/share/capella_ros_msg/environment/library_path.sh
[0.494s] -- Up-to-date symlink: /home/ros2/git/mygit/capella_ros_dock/install/share/capella_ros_msg/environment/library_path.dsv
[0.495s] -- Up-to-date symlink: /home/ros2/git/mygit/capella_ros_dock/install/include/capella_ros_msg/capella_ros_msg/msg/detail/atomize_switch_ctr_stu__rosidl_typesupport_fastrtps_c.h
[0.495s] -- Up-to-date symlink: /home/ros2/git/mygit/capella_ros_dock/install/include/capella_ros_msg/capella_ros_msg/msg/detail/battery__rosidl_typesupport_fastrtps_c.h
[0.495s] -- Up-to-date symlink: /home/ros2/git/mygit/capella_ros_dock/install/include/capella_ros_msg/capella_ros_msg/msg/detail/contact_drive_stu__rosidl_typesupport_fastrtps_c.h
[0.496s] -- Up-to-date symlink: /home/ros2/git/mygit/capella_ros_dock/install/include/capella_ros_msg/capella_ros_msg/msg/detail/detect_result__rosidl_typesupport_fastrtps_c.h
[0.496s] -- Up-to-date symlink: /home/ros2/git/mygit/capella_ros_dock/install/include/capella_ros_msg/capella_ros_msg/msg/detail/imu__rosidl_typesupport_fastrtps_c.h
[0.496s] -- Up-to-date symlink: /home/ros2/git/mygit/capella_ros_dock/install/include/capella_ros_msg/capella_ros_msg/msg/detail/ir_data__rosidl_typesupport_fastrtps_c.h
[0.496s] -- Up-to-date symlink: /home/ros2/git/mygit/capella_ros_dock/install/include/capella_ros_msg/capella_ros_msg/msg/detail/pid__rosidl_typesupport_fastrtps_c.h
[0.496s] -- Up-to-date symlink: /home/ros2/git/mygit/capella_ros_dock/install/include/capella_ros_msg/capella_ros_msg/msg/detail/single_detector__rosidl_typesupport_fastrtps_c.h
[0.496s] -- Up-to-date symlink: /home/ros2/git/mygit/capella_ros_dock/install/include/capella_ros_msg/capella_ros_msg/msg/detail/velocities__rosidl_typesupport_fastrtps_c.h
[0.496s] -- Up-to-date symlink: /home/ros2/git/mygit/capella_ros_dock/install/include/capella_ros_msg/capella_ros_msg/msg/rosidl_typesupport_fastrtps_c__visibility_control.h
[0.497s] -- Up-to-date symlink: /home/ros2/git/mygit/capella_ros_dock/install/include/capella_ros_msg/capella_ros_msg/srv/detail/charge_pile_wifi__rosidl_typesupport_fastrtps_c.h
[0.498s] -- Up-to-date symlink: /home/ros2/git/mygit/capella_ros_dock/install/include/capella_ros_msg/capella_ros_msg/msg/atomize_switch_ctr_stu.hpp
[0.498s] -- Up-to-date symlink: /home/ros2/git/mygit/capella_ros_dock/install/include/capella_ros_msg/capella_ros_msg/msg/battery.hpp
[0.499s] -- Up-to-date symlink: /home/ros2/git/mygit/capella_ros_dock/install/include/capella_ros_msg/capella_ros_msg/msg/contact_drive_stu.hpp
[0.499s] -- Up-to-date symlink: /home/ros2/git/mygit/capella_ros_dock/install/include/capella_ros_msg/capella_ros_msg/msg/detail/atomize_switch_ctr_stu__builder.hpp
[0.500s] -- Up-to-date symlink: /home/ros2/git/mygit/capella_ros_dock/install/include/capella_ros_msg/capella_ros_msg/msg/detail/atomize_switch_ctr_stu__struct.hpp
[0.500s] -- Up-to-date symlink: /home/ros2/git/mygit/capella_ros_dock/install/include/capella_ros_msg/capella_ros_msg/msg/detail/atomize_switch_ctr_stu__traits.hpp
[0.500s] -- Up-to-date symlink: /home/ros2/git/mygit/capella_ros_dock/install/include/capella_ros_msg/capella_ros_msg/msg/detail/battery__builder.hpp
[0.501s] -- Up-to-date symlink: /home/ros2/git/mygit/capella_ros_dock/install/include/capella_ros_msg/capella_ros_msg/msg/detail/battery__struct.hpp
[0.501s] -- Up-to-date symlink: /home/ros2/git/mygit/capella_ros_dock/install/include/capella_ros_msg/capella_ros_msg/msg/detail/battery__traits.hpp
[0.501s] -- Up-to-date symlink: /home/ros2/git/mygit/capella_ros_dock/install/include/capella_ros_msg/capella_ros_msg/msg/detail/contact_drive_stu__builder.hpp
[0.501s] -- Up-to-date symlink: /home/ros2/git/mygit/capella_ros_dock/install/include/capella_ros_msg/capella_ros_msg/msg/detail/contact_drive_stu__struct.hpp
[0.501s] -- Up-to-date symlink: /home/ros2/git/mygit/capella_ros_dock/install/include/capella_ros_msg/capella_ros_msg/msg/detail/contact_drive_stu__traits.hpp
[0.502s] -- Up-to-date symlink: /home/ros2/git/mygit/capella_ros_dock/install/include/capella_ros_msg/capella_ros_msg/msg/detail/detect_result__builder.hpp
[0.502s] -- Up-to-date symlink: /home/ros2/git/mygit/capella_ros_dock/install/include/capella_ros_msg/capella_ros_msg/msg/detail/detect_result__struct.hpp
[0.502s] -- Up-to-date symlink: /home/ros2/git/mygit/capella_ros_dock/install/include/capella_ros_msg/capella_ros_msg/msg/detail/detect_result__traits.hpp
[0.502s] -- Up-to-date symlink: /home/ros2/git/mygit/capella_ros_dock/install/include/capella_ros_msg/capella_ros_msg/msg/detail/imu__builder.hpp
[0.503s] -- Up-to-date symlink: /home/ros2/git/mygit/capella_ros_dock/install/include/capella_ros_msg/capella_ros_msg/msg/detail/imu__struct.hpp
[0.503s] -- Up-to-date symlink: /home/ros2/git/mygit/capella_ros_dock/install/include/capella_ros_msg/capella_ros_msg/msg/detail/imu__traits.hpp
[0.504s] -- Up-to-date symlink: /home/ros2/git/mygit/capella_ros_dock/install/include/capella_ros_msg/capella_ros_msg/msg/detail/ir_data__builder.hpp
[0.504s] -- Up-to-date symlink: /home/ros2/git/mygit/capella_ros_dock/install/include/capella_ros_msg/capella_ros_msg/msg/detail/ir_data__struct.hpp
[0.504s] -- Up-to-date symlink: /home/ros2/git/mygit/capella_ros_dock/install/include/capella_ros_msg/capella_ros_msg/msg/detail/ir_data__traits.hpp
[0.504s] -- Up-to-date symlink: /home/ros2/git/mygit/capella_ros_dock/install/include/capella_ros_msg/capella_ros_msg/msg/detail/pid__builder.hpp
[0.504s] -- Up-to-date symlink: /home/ros2/git/mygit/capella_ros_dock/install/include/capella_ros_msg/capella_ros_msg/msg/detail/pid__struct.hpp
[0.505s] -- Up-to-date symlink: /home/ros2/git/mygit/capella_ros_dock/install/include/capella_ros_msg/capella_ros_msg/msg/detail/pid__traits.hpp
[0.505s] -- Up-to-date symlink: /home/ros2/git/mygit/capella_ros_dock/install/include/capella_ros_msg/capella_ros_msg/msg/detail/single_detector__builder.hpp
[0.505s] -- Up-to-date symlink: /home/ros2/git/mygit/capella_ros_dock/install/include/capella_ros_msg/capella_ros_msg/msg/detail/single_detector__struct.hpp
[0.505s] -- Up-to-date symlink: /home/ros2/git/mygit/capella_ros_dock/install/include/capella_ros_msg/capella_ros_msg/msg/detail/single_detector__traits.hpp
[0.505s] -- Up-to-date symlink: /home/ros2/git/mygit/capella_ros_dock/install/include/capella_ros_msg/capella_ros_msg/msg/detail/velocities__builder.hpp
[0.505s] -- Up-to-date symlink: /home/ros2/git/mygit/capella_ros_dock/install/include/capella_ros_msg/capella_ros_msg/msg/detail/velocities__struct.hpp
[0.506s] -- Up-to-date symlink: /home/ros2/git/mygit/capella_ros_dock/install/include/capella_ros_msg/capella_ros_msg/msg/detail/velocities__traits.hpp
[0.506s] -- Up-to-date symlink: /home/ros2/git/mygit/capella_ros_dock/install/include/capella_ros_msg/capella_ros_msg/msg/detect_result.hpp
[0.506s] -- Up-to-date symlink: /home/ros2/git/mygit/capella_ros_dock/install/include/capella_ros_msg/capella_ros_msg/msg/imu.hpp
[0.506s] -- Up-to-date symlink: /home/ros2/git/mygit/capella_ros_dock/install/include/capella_ros_msg/capella_ros_msg/msg/ir_data.hpp
[0.506s] -- Up-to-date symlink: /home/ros2/git/mygit/capella_ros_dock/install/include/capella_ros_msg/capella_ros_msg/msg/pid.hpp
[0.506s] -- Up-to-date symlink: /home/ros2/git/mygit/capella_ros_dock/install/include/capella_ros_msg/capella_ros_msg/msg/single_detector.hpp
[0.506s] -- Up-to-date symlink: /home/ros2/git/mygit/capella_ros_dock/install/include/capella_ros_msg/capella_ros_msg/msg/velocities.hpp
[0.507s] -- Up-to-date symlink: /home/ros2/git/mygit/capella_ros_dock/install/include/capella_ros_msg/capella_ros_msg/srv/charge_pile_wifi.hpp
[0.507s] -- Up-to-date symlink: /home/ros2/git/mygit/capella_ros_dock/install/include/capella_ros_msg/capella_ros_msg/srv/detail/charge_pile_wifi__builder.hpp
[0.508s] -- Up-to-date symlink: /home/ros2/git/mygit/capella_ros_dock/install/include/capella_ros_msg/capella_ros_msg/srv/detail/charge_pile_wifi__struct.hpp
[0.508s] -- Up-to-date symlink: /home/ros2/git/mygit/capella_ros_dock/install/include/capella_ros_msg/capella_ros_msg/srv/detail/charge_pile_wifi__traits.hpp
[0.508s] -- Up-to-date symlink: /home/ros2/git/mygit/capella_ros_dock/install/include/capella_ros_msg/capella_ros_msg/msg/detail/atomize_switch_ctr_stu__rosidl_typesupport_fastrtps_cpp.hpp
[0.509s] -- Up-to-date symlink: /home/ros2/git/mygit/capella_ros_dock/install/include/capella_ros_msg/capella_ros_msg/msg/detail/battery__rosidl_typesupport_fastrtps_cpp.hpp
[0.509s] -- Up-to-date symlink: /home/ros2/git/mygit/capella_ros_dock/install/include/capella_ros_msg/capella_ros_msg/msg/detail/contact_drive_stu__rosidl_typesupport_fastrtps_cpp.hpp
[0.509s] -- Up-to-date symlink: /home/ros2/git/mygit/capella_ros_dock/install/include/capella_ros_msg/capella_ros_msg/msg/detail/detect_result__rosidl_typesupport_fastrtps_cpp.hpp
[0.510s] -- Up-to-date symlink: /home/ros2/git/mygit/capella_ros_dock/install/include/capella_ros_msg/capella_ros_msg/msg/detail/imu__rosidl_typesupport_fastrtps_cpp.hpp
[0.510s] -- Up-to-date symlink: /home/ros2/git/mygit/capella_ros_dock/install/include/capella_ros_msg/capella_ros_msg/msg/detail/ir_data__rosidl_typesupport_fastrtps_cpp.hpp
[0.512s] -- Up-to-date symlink: /home/ros2/git/mygit/capella_ros_dock/install/include/capella_ros_msg/capella_ros_msg/msg/detail/pid__rosidl_typesupport_fastrtps_cpp.hpp
[0.512s] -- Up-to-date symlink: /home/ros2/git/mygit/capella_ros_dock/install/include/capella_ros_msg/capella_ros_msg/msg/detail/single_detector__rosidl_typesupport_fastrtps_cpp.hpp
[0.513s] -- Up-to-date symlink: /home/ros2/git/mygit/capella_ros_dock/install/include/capella_ros_msg/capella_ros_msg/msg/detail/velocities__rosidl_typesupport_fastrtps_cpp.hpp
[0.513s] -- Up-to-date symlink: /home/ros2/git/mygit/capella_ros_dock/install/include/capella_ros_msg/capella_ros_msg/msg/rosidl_typesupport_fastrtps_cpp__visibility_control.h
[0.513s] -- Up-to-date symlink: /home/ros2/git/mygit/capella_ros_dock/install/include/capella_ros_msg/capella_ros_msg/srv/detail/charge_pile_wifi__rosidl_typesupport_fastrtps_cpp.hpp
[0.513s] -- Up-to-date symlink: /home/ros2/git/mygit/capella_ros_dock/install/include/capella_ros_msg/capella_ros_msg/msg/detail/atomize_switch_ctr_stu__rosidl_typesupport_introspection_c.h
[0.513s] -- Up-to-date symlink: /home/ros2/git/mygit/capella_ros_dock/install/include/capella_ros_msg/capella_ros_msg/msg/detail/battery__rosidl_typesupport_introspection_c.h
[0.513s] -- Up-to-date symlink: /home/ros2/git/mygit/capella_ros_dock/install/include/capella_ros_msg/capella_ros_msg/msg/detail/contact_drive_stu__rosidl_typesupport_introspection_c.h
[0.514s] -- Up-to-date symlink: /home/ros2/git/mygit/capella_ros_dock/install/include/capella_ros_msg/capella_ros_msg/msg/detail/detect_result__rosidl_typesupport_introspection_c.h
[0.514s] -- Up-to-date symlink: /home/ros2/git/mygit/capella_ros_dock/install/include/capella_ros_msg/capella_ros_msg/msg/detail/imu__rosidl_typesupport_introspection_c.h
[0.514s] -- Up-to-date symlink: /home/ros2/git/mygit/capella_ros_dock/install/include/capella_ros_msg/capella_ros_msg/msg/detail/ir_data__rosidl_typesupport_introspection_c.h
[0.514s] -- Up-to-date symlink: /home/ros2/git/mygit/capella_ros_dock/install/include/capella_ros_msg/capella_ros_msg/msg/detail/pid__rosidl_typesupport_introspection_c.h
[0.514s] -- Up-to-date symlink: /home/ros2/git/mygit/capella_ros_dock/install/include/capella_ros_msg/capella_ros_msg/msg/detail/single_detector__rosidl_typesupport_introspection_c.h
[0.514s] -- Up-to-date symlink: /home/ros2/git/mygit/capella_ros_dock/install/include/capella_ros_msg/capella_ros_msg/msg/detail/velocities__rosidl_typesupport_introspection_c.h
[0.514s] -- Up-to-date symlink: /home/ros2/git/mygit/capella_ros_dock/install/include/capella_ros_msg/capella_ros_msg/msg/rosidl_typesupport_introspection_c__visibility_control.h
[0.515s] -- Up-to-date symlink: /home/ros2/git/mygit/capella_ros_dock/install/include/capella_ros_msg/capella_ros_msg/srv/detail/charge_pile_wifi__rosidl_typesupport_introspection_c.h
[0.515s] -- Up-to-date symlink: /home/ros2/git/mygit/capella_ros_dock/install/include/capella_ros_msg/capella_ros_msg/msg/detail/atomize_switch_ctr_stu__rosidl_typesupport_introspection_cpp.hpp
[0.515s] -- Up-to-date symlink: /home/ros2/git/mygit/capella_ros_dock/install/include/capella_ros_msg/capella_ros_msg/msg/detail/battery__rosidl_typesupport_introspection_cpp.hpp
[0.515s] -- Up-to-date symlink: /home/ros2/git/mygit/capella_ros_dock/install/include/capella_ros_msg/capella_ros_msg/msg/detail/contact_drive_stu__rosidl_typesupport_introspection_cpp.hpp
[0.516s] -- Up-to-date symlink: /home/ros2/git/mygit/capella_ros_dock/install/include/capella_ros_msg/capella_ros_msg/msg/detail/detect_result__rosidl_typesupport_introspection_cpp.hpp
[0.516s] -- Up-to-date symlink: /home/ros2/git/mygit/capella_ros_dock/install/include/capella_ros_msg/capella_ros_msg/msg/detail/imu__rosidl_typesupport_introspection_cpp.hpp
[0.516s] -- Up-to-date symlink: /home/ros2/git/mygit/capella_ros_dock/install/include/capella_ros_msg/capella_ros_msg/msg/detail/ir_data__rosidl_typesupport_introspection_cpp.hpp
[0.516s] -- Up-to-date symlink: /home/ros2/git/mygit/capella_ros_dock/install/include/capella_ros_msg/capella_ros_msg/msg/detail/pid__rosidl_typesupport_introspection_cpp.hpp
[0.516s] -- Up-to-date symlink: /home/ros2/git/mygit/capella_ros_dock/install/include/capella_ros_msg/capella_ros_msg/msg/detail/single_detector__rosidl_typesupport_introspection_cpp.hpp
[0.516s] -- Up-to-date symlink: /home/ros2/git/mygit/capella_ros_dock/install/include/capella_ros_msg/capella_ros_msg/msg/detail/velocities__rosidl_typesupport_introspection_cpp.hpp
[0.516s] -- Up-to-date symlink: /home/ros2/git/mygit/capella_ros_dock/install/include/capella_ros_msg/capella_ros_msg/srv/detail/charge_pile_wifi__rosidl_typesupport_introspection_cpp.hpp
[0.516s] -- Up-to-date symlink: /home/ros2/git/mygit/capella_ros_dock/install/share/capella_ros_msg/environment/pythonpath.sh
[0.517s] -- Up-to-date symlink: /home/ros2/git/mygit/capella_ros_dock/install/share/capella_ros_msg/environment/pythonpath.dsv
[0.517s] -- Up-to-date symlink: /home/ros2/git/mygit/capella_ros_dock/install/local/lib/python3.10/dist-packages/capella_ros_msg-0.0.0-py3.10.egg-info/PKG-INFO
[0.517s] -- Up-to-date symlink: /home/ros2/git/mygit/capella_ros_dock/install/local/lib/python3.10/dist-packages/capella_ros_msg-0.0.0-py3.10.egg-info/SOURCES.txt
[0.517s] -- Up-to-date symlink: /home/ros2/git/mygit/capella_ros_dock/install/local/lib/python3.10/dist-packages/capella_ros_msg-0.0.0-py3.10.egg-info/dependency_links.txt
[0.517s] -- Up-to-date symlink: /home/ros2/git/mygit/capella_ros_dock/install/local/lib/python3.10/dist-packages/capella_ros_msg-0.0.0-py3.10.egg-info/top_level.txt
[0.518s] -- Up-to-date symlink: /home/ros2/git/mygit/capella_ros_dock/install/local/lib/python3.10/dist-packages/capella_ros_msg/__init__.py
[0.518s] -- Up-to-date symlink: /home/ros2/git/mygit/capella_ros_dock/install/local/lib/python3.10/dist-packages/capella_ros_msg/_capella_ros_msg_s.ep.rosidl_typesupport_c.c
[0.518s] -- Up-to-date symlink: /home/ros2/git/mygit/capella_ros_dock/install/local/lib/python3.10/dist-packages/capella_ros_msg/_capella_ros_msg_s.ep.rosidl_typesupport_fastrtps_c.c
[0.518s] -- Up-to-date symlink: /home/ros2/git/mygit/capella_ros_dock/install/local/lib/python3.10/dist-packages/capella_ros_msg/_capella_ros_msg_s.ep.rosidl_typesupport_introspection_c.c
[0.519s] -- Up-to-date symlink: /home/ros2/git/mygit/capella_ros_dock/install/local/lib/python3.10/dist-packages/capella_ros_msg/capella_ros_msg_s__rosidl_typesupport_c.cpython-310-x86_64-linux-gnu.so
[0.519s] -- Up-to-date symlink: /home/ros2/git/mygit/capella_ros_dock/install/local/lib/python3.10/dist-packages/capella_ros_msg/capella_ros_msg_s__rosidl_typesupport_fastrtps_c.cpython-310-x86_64-linux-gnu.so
[0.519s] -- Up-to-date symlink: /home/ros2/git/mygit/capella_ros_dock/install/local/lib/python3.10/dist-packages/capella_ros_msg/capella_ros_msg_s__rosidl_typesupport_introspection_c.cpython-310-x86_64-linux-gnu.so
[0.520s] -- Up-to-date symlink: /home/ros2/git/mygit/capella_ros_dock/install/local/lib/python3.10/dist-packages/capella_ros_msg/libcapella_ros_msg__rosidl_generator_py.so
[0.520s] -- Up-to-date symlink: /home/ros2/git/mygit/capella_ros_dock/install/local/lib/python3.10/dist-packages/capella_ros_msg/msg/__init__.py
[0.520s] -- Up-to-date symlink: /home/ros2/git/mygit/capella_ros_dock/install/local/lib/python3.10/dist-packages/capella_ros_msg/msg/_atomize_switch_ctr_stu.py
[0.520s] -- Up-to-date symlink: /home/ros2/git/mygit/capella_ros_dock/install/local/lib/python3.10/dist-packages/capella_ros_msg/msg/_atomize_switch_ctr_stu_s.c
[0.521s] -- Up-to-date symlink: /home/ros2/git/mygit/capella_ros_dock/install/local/lib/python3.10/dist-packages/capella_ros_msg/msg/_battery.py
[0.521s] -- Up-to-date symlink: /home/ros2/git/mygit/capella_ros_dock/install/local/lib/python3.10/dist-packages/capella_ros_msg/msg/_battery_s.c
[0.521s] -- Up-to-date symlink: /home/ros2/git/mygit/capella_ros_dock/install/local/lib/python3.10/dist-packages/capella_ros_msg/msg/_contact_drive_stu.py
[0.521s] -- Up-to-date symlink: /home/ros2/git/mygit/capella_ros_dock/install/local/lib/python3.10/dist-packages/capella_ros_msg/msg/_contact_drive_stu_s.c
[0.522s] -- Up-to-date symlink: /home/ros2/git/mygit/capella_ros_dock/install/local/lib/python3.10/dist-packages/capella_ros_msg/msg/_detect_result.py
[0.523s] -- Up-to-date symlink: /home/ros2/git/mygit/capella_ros_dock/install/local/lib/python3.10/dist-packages/capella_ros_msg/msg/_detect_result_s.c
[0.523s] -- Up-to-date symlink: /home/ros2/git/mygit/capella_ros_dock/install/local/lib/python3.10/dist-packages/capella_ros_msg/msg/_imu.py
[0.524s] -- Up-to-date symlink: /home/ros2/git/mygit/capella_ros_dock/install/local/lib/python3.10/dist-packages/capella_ros_msg/msg/_imu_s.c
[0.524s] -- Up-to-date symlink: /home/ros2/git/mygit/capella_ros_dock/install/local/lib/python3.10/dist-packages/capella_ros_msg/msg/_ir_data.py
[0.524s] -- Up-to-date symlink: /home/ros2/git/mygit/capella_ros_dock/install/local/lib/python3.10/dist-packages/capella_ros_msg/msg/_ir_data_s.c
[0.524s] -- Up-to-date symlink: /home/ros2/git/mygit/capella_ros_dock/install/local/lib/python3.10/dist-packages/capella_ros_msg/msg/_pid.py
[0.525s] -- Up-to-date symlink: /home/ros2/git/mygit/capella_ros_dock/install/local/lib/python3.10/dist-packages/capella_ros_msg/msg/_pid_s.c
[0.525s] -- Up-to-date symlink: /home/ros2/git/mygit/capella_ros_dock/install/local/lib/python3.10/dist-packages/capella_ros_msg/msg/_single_detector.py
[0.526s] -- Up-to-date symlink: /home/ros2/git/mygit/capella_ros_dock/install/local/lib/python3.10/dist-packages/capella_ros_msg/msg/_single_detector_s.c
[0.526s] -- Up-to-date symlink: /home/ros2/git/mygit/capella_ros_dock/install/local/lib/python3.10/dist-packages/capella_ros_msg/msg/_velocities.py
[0.526s] -- Up-to-date symlink: /home/ros2/git/mygit/capella_ros_dock/install/local/lib/python3.10/dist-packages/capella_ros_msg/msg/_velocities_s.c
[0.526s] -- Up-to-date symlink: /home/ros2/git/mygit/capella_ros_dock/install/local/lib/python3.10/dist-packages/capella_ros_msg/srv/__init__.py
[0.526s] -- Up-to-date symlink: /home/ros2/git/mygit/capella_ros_dock/install/local/lib/python3.10/dist-packages/capella_ros_msg/srv/_charge_pile_wifi.py
[0.526s] -- Up-to-date symlink: /home/ros2/git/mygit/capella_ros_dock/install/local/lib/python3.10/dist-packages/capella_ros_msg/srv/_charge_pile_wifi_s.c
[0.526s] -- Up-to-date symlink: /home/ros2/git/mygit/capella_ros_dock/install/local/lib/python3.10/dist-packages/capella_ros_msg/capella_ros_msg_s__rosidl_typesupport_fastrtps_c.cpython-310-x86_64-linux-gnu.so
[0.526s] -- Up-to-date symlink: /home/ros2/git/mygit/capella_ros_dock/install/local/lib/python3.10/dist-packages/capella_ros_msg/capella_ros_msg_s__rosidl_typesupport_introspection_c.cpython-310-x86_64-linux-gnu.so
[0.527s] -- Up-to-date symlink: /home/ros2/git/mygit/capella_ros_dock/install/local/lib/python3.10/dist-packages/capella_ros_msg/capella_ros_msg_s__rosidl_typesupport_c.cpython-310-x86_64-linux-gnu.so
[0.527s] -- Up-to-date symlink: /home/ros2/git/mygit/capella_ros_dock/install/share/capella_ros_msg/msg/Battery.idl
[0.527s] -- Up-to-date symlink: /home/ros2/git/mygit/capella_ros_dock/install/share/capella_ros_msg/msg/Imu.idl
[0.527s] -- Up-to-date symlink: /home/ros2/git/mygit/capella_ros_dock/install/share/capella_ros_msg/msg/PID.idl
[0.527s] -- Up-to-date symlink: /home/ros2/git/mygit/capella_ros_dock/install/share/capella_ros_msg/msg/Velocities.idl
[0.527s] -- Up-to-date symlink: /home/ros2/git/mygit/capella_ros_dock/install/share/capella_ros_msg/msg/AtomizeSwitchCtrStu.idl
[0.527s] -- Up-to-date symlink: /home/ros2/git/mygit/capella_ros_dock/install/share/capella_ros_msg/msg/IrData.idl
[0.527s] -- Up-to-date symlink: /home/ros2/git/mygit/capella_ros_dock/install/share/capella_ros_msg/msg/ContactDriveStu.idl
[0.527s] -- Up-to-date symlink: /home/ros2/git/mygit/capella_ros_dock/install/share/capella_ros_msg/msg/SingleDetector.idl
[0.527s] -- Up-to-date symlink: /home/ros2/git/mygit/capella_ros_dock/install/share/capella_ros_msg/msg/DetectResult.idl
[0.527s] -- Up-to-date symlink: /home/ros2/git/mygit/capella_ros_dock/install/share/capella_ros_msg/srv/ChargePileWifi.idl
[0.528s] -- Up-to-date symlink: /home/ros2/git/mygit/capella_ros_dock/install/share/capella_ros_msg/msg/Battery.msg
[0.528s] -- Up-to-date symlink: /home/ros2/git/mygit/capella_ros_dock/install/share/capella_ros_msg/msg/Imu.msg
[0.528s] -- Up-to-date symlink: /home/ros2/git/mygit/capella_ros_dock/install/share/capella_ros_msg/msg/PID.msg
[0.528s] -- Up-to-date symlink: /home/ros2/git/mygit/capella_ros_dock/install/share/capella_ros_msg/msg/Velocities.msg
[0.528s] -- Up-to-date symlink: /home/ros2/git/mygit/capella_ros_dock/install/share/capella_ros_msg/msg/AtomizeSwitchCtrStu.msg
[0.528s] -- Up-to-date symlink: /home/ros2/git/mygit/capella_ros_dock/install/share/capella_ros_msg/msg/IrData.msg
[0.528s] -- Up-to-date symlink: /home/ros2/git/mygit/capella_ros_dock/install/share/capella_ros_msg/msg/ContactDriveStu.msg
[0.528s] -- Up-to-date symlink: /home/ros2/git/mygit/capella_ros_dock/install/share/capella_ros_msg/msg/SingleDetector.msg
[0.529s] -- Up-to-date symlink: /home/ros2/git/mygit/capella_ros_dock/install/share/capella_ros_msg/msg/DetectResult.msg
[0.529s] -- Up-to-date symlink: /home/ros2/git/mygit/capella_ros_dock/install/share/capella_ros_msg/srv/ChargePileWifi.srv
[0.529s] -- Up-to-date symlink: /home/ros2/git/mygit/capella_ros_dock/install/share/capella_ros_msg/srv/ChargePileWifi_Request.msg
[0.529s] -- Up-to-date symlink: /home/ros2/git/mygit/capella_ros_dock/install/share/capella_ros_msg/srv/ChargePileWifi_Response.msg
[0.530s] -- Up-to-date symlink: /home/ros2/git/mygit/capella_ros_dock/install/share/ament_index/resource_index/package_run_dependencies/capella_ros_msg
[0.532s] -- Up-to-date symlink: /home/ros2/git/mygit/capella_ros_dock/install/share/ament_index/resource_index/parent_prefix_path/capella_ros_msg
[0.536s] -- Up-to-date symlink: /home/ros2/git/mygit/capella_ros_dock/install/share/capella_ros_msg/environment/ament_prefix_path.sh
[0.537s] -- Up-to-date symlink: /home/ros2/git/mygit/capella_ros_dock/install/share/capella_ros_msg/environment/ament_prefix_path.dsv
[0.537s] -- Up-to-date symlink: /home/ros2/git/mygit/capella_ros_dock/install/share/capella_ros_msg/environment/path.sh
[0.537s] -- Up-to-date symlink: /home/ros2/git/mygit/capella_ros_dock/install/share/capella_ros_msg/environment/path.dsv
[0.538s] -- Up-to-date symlink: /home/ros2/git/mygit/capella_ros_dock/install/share/capella_ros_msg/local_setup.bash
[0.538s] -- Up-to-date symlink: /home/ros2/git/mygit/capella_ros_dock/install/share/capella_ros_msg/local_setup.sh
[0.538s] -- Up-to-date symlink: /home/ros2/git/mygit/capella_ros_dock/install/share/capella_ros_msg/local_setup.zsh
[0.538s] -- Up-to-date symlink: /home/ros2/git/mygit/capella_ros_dock/install/share/capella_ros_msg/local_setup.dsv
[0.539s] -- Symlinking: /home/ros2/git/mygit/capella_ros_dock/install/share/capella_ros_msg/package.dsv
[0.540s] -- Up-to-date symlink: /home/ros2/git/mygit/capella_ros_dock/install/share/ament_index/resource_index/packages/capella_ros_msg
[0.540s] -- Up-to-date symlink: /home/ros2/git/mygit/capella_ros_dock/install/share/capella_ros_msg/cmake/rosidl_cmake-extras.cmake
[0.540s] -- Up-to-date symlink: /home/ros2/git/mygit/capella_ros_dock/install/share/capella_ros_msg/cmake/ament_cmake_export_dependencies-extras.cmake
[0.540s] -- Up-to-date symlink: /home/ros2/git/mygit/capella_ros_dock/install/share/capella_ros_msg/cmake/ament_cmake_export_include_directories-extras.cmake
[0.541s] -- Up-to-date symlink: /home/ros2/git/mygit/capella_ros_dock/install/share/capella_ros_msg/cmake/ament_cmake_export_libraries-extras.cmake
[0.541s] -- Up-to-date symlink: /home/ros2/git/mygit/capella_ros_dock/install/share/capella_ros_msg/cmake/ament_cmake_export_targets-extras.cmake
[0.541s] -- Up-to-date symlink: /home/ros2/git/mygit/capella_ros_dock/install/share/capella_ros_msg/cmake/rosidl_cmake_export_typesupport_targets-extras.cmake
[0.541s] -- Up-to-date symlink: /home/ros2/git/mygit/capella_ros_dock/install/share/capella_ros_msg/cmake/rosidl_cmake_export_typesupport_libraries-extras.cmake
[0.541s] -- Up-to-date symlink: /home/ros2/git/mygit/capella_ros_dock/install/share/capella_ros_msg/cmake/capella_ros_msgConfig.cmake
[0.541s] -- Up-to-date symlink: /home/ros2/git/mygit/capella_ros_dock/install/share/capella_ros_msg/cmake/capella_ros_msgConfig-version.cmake
[0.541s] -- Up-to-date symlink: /home/ros2/git/mygit/capella_ros_dock/install/share/capella_ros_msg/package.xml
[0.542s] -- Up-to-date: /home/ros2/git/mygit/capella_ros_dock/install/lib/libcapella_ros_msg__rosidl_generator_c.so
[0.542s] -- Up-to-date: /home/ros2/git/mygit/capella_ros_dock/install/lib/libcapella_ros_msg__rosidl_typesupport_fastrtps_c.so
[0.542s] -- Up-to-date: /home/ros2/git/mygit/capella_ros_dock/install/lib/libcapella_ros_msg__rosidl_typesupport_fastrtps_cpp.so
[0.542s] -- Up-to-date: /home/ros2/git/mygit/capella_ros_dock/install/lib/libcapella_ros_msg__rosidl_typesupport_introspection_c.so
[0.542s] -- Up-to-date: /home/ros2/git/mygit/capella_ros_dock/install/lib/libcapella_ros_msg__rosidl_typesupport_c.so
[0.543s] -- Up-to-date: /home/ros2/git/mygit/capella_ros_dock/install/lib/libcapella_ros_msg__rosidl_typesupport_introspection_cpp.so
[0.543s] -- Up-to-date: /home/ros2/git/mygit/capella_ros_dock/install/lib/libcapella_ros_msg__rosidl_typesupport_cpp.so
[0.581s] Listing '/home/ros2/git/mygit/capella_ros_dock/install/local/lib/python3.10/dist-packages/capella_ros_msg'...
[0.581s] Listing '/home/ros2/git/mygit/capella_ros_dock/install/local/lib/python3.10/dist-packages/capella_ros_msg/msg'...
[0.582s] Listing '/home/ros2/git/mygit/capella_ros_dock/install/local/lib/python3.10/dist-packages/capella_ros_msg/srv'...
[0.589s] -- Up-to-date: /home/ros2/git/mygit/capella_ros_dock/install/lib/libcapella_ros_msg__rosidl_generator_py.so
[0.589s] -- Up-to-date: /home/ros2/git/mygit/capella_ros_dock/install/share/capella_ros_msg/cmake/export_capella_ros_msg__rosidl_generator_cExport.cmake
[0.589s] -- Up-to-date: /home/ros2/git/mygit/capella_ros_dock/install/share/capella_ros_msg/cmake/export_capella_ros_msg__rosidl_generator_cExport-relwithdebinfo.cmake
[0.589s] -- Up-to-date: /home/ros2/git/mygit/capella_ros_dock/install/share/capella_ros_msg/cmake/export_capella_ros_msg__rosidl_typesupport_fastrtps_cExport.cmake
[0.589s] -- Up-to-date: /home/ros2/git/mygit/capella_ros_dock/install/share/capella_ros_msg/cmake/export_capella_ros_msg__rosidl_typesupport_fastrtps_cExport-relwithdebinfo.cmake
[0.590s] -- Up-to-date: /home/ros2/git/mygit/capella_ros_dock/install/share/capella_ros_msg/cmake/export_capella_ros_msg__rosidl_generator_cppExport.cmake
[0.590s] -- Up-to-date: /home/ros2/git/mygit/capella_ros_dock/install/share/capella_ros_msg/cmake/export_capella_ros_msg__rosidl_typesupport_fastrtps_cppExport.cmake
[0.590s] -- Up-to-date: /home/ros2/git/mygit/capella_ros_dock/install/share/capella_ros_msg/cmake/export_capella_ros_msg__rosidl_typesupport_fastrtps_cppExport-relwithdebinfo.cmake
[0.590s] -- Up-to-date: /home/ros2/git/mygit/capella_ros_dock/install/share/capella_ros_msg/cmake/capella_ros_msg__rosidl_typesupport_introspection_cExport.cmake
[0.591s] -- Up-to-date: /home/ros2/git/mygit/capella_ros_dock/install/share/capella_ros_msg/cmake/capella_ros_msg__rosidl_typesupport_introspection_cExport-relwithdebinfo.cmake
[0.591s] -- Up-to-date: /home/ros2/git/mygit/capella_ros_dock/install/share/capella_ros_msg/cmake/capella_ros_msg__rosidl_typesupport_cExport.cmake
[0.591s] -- Up-to-date: /home/ros2/git/mygit/capella_ros_dock/install/share/capella_ros_msg/cmake/capella_ros_msg__rosidl_typesupport_cExport-relwithdebinfo.cmake
[0.591s] -- Up-to-date: /home/ros2/git/mygit/capella_ros_dock/install/share/capella_ros_msg/cmake/capella_ros_msg__rosidl_typesupport_introspection_cppExport.cmake
[0.591s] -- Up-to-date: /home/ros2/git/mygit/capella_ros_dock/install/share/capella_ros_msg/cmake/capella_ros_msg__rosidl_typesupport_introspection_cppExport-relwithdebinfo.cmake
[0.591s] -- Up-to-date: /home/ros2/git/mygit/capella_ros_dock/install/share/capella_ros_msg/cmake/capella_ros_msg__rosidl_typesupport_cppExport.cmake
[0.592s] -- Up-to-date: /home/ros2/git/mygit/capella_ros_dock/install/share/capella_ros_msg/cmake/capella_ros_msg__rosidl_typesupport_cppExport-relwithdebinfo.cmake
[0.592s] -- Up-to-date: /home/ros2/git/mygit/capella_ros_dock/install/share/capella_ros_msg/cmake/export_capella_ros_msg__rosidl_generator_pyExport.cmake
[0.593s] -- Up-to-date: /home/ros2/git/mygit/capella_ros_dock/install/share/capella_ros_msg/cmake/export_capella_ros_msg__rosidl_generator_pyExport-relwithdebinfo.cmake
[0.620s] Invoked command in '/home/ros2/git/mygit/capella_ros_dock/build/capella_ros_msg' returned '0': CMAKE_PREFIX_PATH=/opt/ros/humble WSLENV=ELECTRON_RUN_AS_NODE/w:WT_SESSION::WT_PROFILE_ID /usr/bin/cmake --install /home/ros2/git/mygit/capella_ros_dock/build/capella_ros_msg
