[  1%] [34m[1mGenerating C code for ROS interfaces[0m
[  1%] [34m[1mGenerating C++ code for ROS interfaces[0m
[  1%] Built target ament_cmake_python_symlink_capella_ros_service_interfaces
running egg_info
creating capella_ros_service_interfaces.egg-info
writing capella_ros_service_interfaces.egg-info/PKG-INFO
writing dependency_links to capella_ros_service_interfaces.egg-info/dependency_links.txt
writing top-level names to capella_ros_service_interfaces.egg-info/top_level.txt
writing manifest file 'capella_ros_service_interfaces.egg-info/SOURCES.txt'
reading manifest file 'capella_ros_service_interfaces.egg-info/SOURCES.txt'
writing manifest file 'capella_ros_service_interfaces.egg-info/SOURCES.txt'
[  1%] Built target ament_cmake_python_build_capella_ros_service_interfaces_egg
[  1%] Built target capella_ros_service_interfaces__cpp
[  3%] [34m[1mGenerating C++ type support for eProsima Fast-RTPS[0m
[  3%] [34m[1mGenerating C++ introspection for ROS interfaces[0m
[  3%] [34m[1mGenerating C++ type support dispatch for ROS interfaces[0m
[  3%] [32mBuilding C object CMakeFiles/capella_ros_service_interfaces__rosidl_generator_c.dir/rosidl_generator_c/capella_ros_service_interfaces/srv/detail/switch_mode__functions.c.o[0m
[  4%] [32mBuilding C object CMakeFiles/capella_ros_service_interfaces__rosidl_generator_c.dir/rosidl_generator_c/capella_ros_service_interfaces/srv/detail/cartographer_mode__functions.c.o[0m
[  6%] [32mBuilding C object CMakeFiles/capella_ros_service_interfaces__rosidl_generator_c.dir/rosidl_generator_c/capella_ros_service_interfaces/srv/detail/stop_nav_and_carto__functions.c.o[0m
[  6%] [32mBuilding C object CMakeFiles/capella_ros_service_interfaces__rosidl_generator_c.dir/rosidl_generator_c/capella_ros_service_interfaces/srv/detail/nav_launch_mode__functions.c.o[0m
[  6%] [32mBuilding C object CMakeFiles/capella_ros_service_interfaces__rosidl_generator_c.dir/rosidl_generator_c/capella_ros_service_interfaces/msg/detail/mission_status__functions.c.o[0m
[  7%] [32mBuilding C object CMakeFiles/capella_ros_service_interfaces__rosidl_generator_c.dir/rosidl_generator_c/capella_ros_service_interfaces/msg/detail/person_distance__functions.c.o[0m
[  8%] [32mBuilding C object CMakeFiles/capella_ros_service_interfaces__rosidl_generator_c.dir/rosidl_generator_c/capella_ros_service_interfaces/msg/detail/compressed_occupancy_grid__functions.c.o[0m
[  9%] [32mBuilding C object CMakeFiles/capella_ros_service_interfaces__rosidl_generator_c.dir/rosidl_generator_c/capella_ros_service_interfaces/msg/detail/irimage_data__functions.c.o[0m
[  9%] [32mBuilding C object CMakeFiles/capella_ros_service_interfaces__rosidl_generator_c.dir/rosidl_generator_c/capella_ros_service_interfaces/msg/detail/irtemperature_data__functions.c.o[0m
[ 10%] [32mBuilding C object CMakeFiles/capella_ros_service_interfaces__rosidl_generator_c.dir/rosidl_generator_c/capella_ros_service_interfaces/msg/detail/irsdk_data__functions.c.o[0m
[ 11%] [32mBuilding C object CMakeFiles/capella_ros_service_interfaces__rosidl_generator_c.dir/rosidl_generator_c/capella_ros_service_interfaces/srv/detail/infrared_face_detection__functions.c.o[0m
[ 12%] [32mBuilding C object CMakeFiles/capella_ros_service_interfaces__rosidl_generator_c.dir/rosidl_generator_c/capella_ros_service_interfaces/msg/detail/charge_state__functions.c.o[0m
[ 13%] [32mBuilding CXX object CMakeFiles/capella_ros_service_interfaces__rosidl_typesupport_introspection_cpp.dir/rosidl_typesupport_introspection_cpp/capella_ros_service_interfaces/srv/detail/switch_mode__type_support.cpp.o[0m
[ 13%] [32mBuilding C object CMakeFiles/capella_ros_service_interfaces__rosidl_generator_c.dir/rosidl_generator_c/capella_ros_service_interfaces/msg/detail/irdetection_status__functions.c.o[0m
[ 14%] [32mBuilding CXX object CMakeFiles/capella_ros_service_interfaces__rosidl_typesupport_introspection_cpp.dir/rosidl_typesupport_introspection_cpp/capella_ros_service_interfaces/srv/detail/nav_launch_mode__type_support.cpp.o[0m
[ 15%] [32mBuilding CXX object CMakeFiles/capella_ros_service_interfaces__rosidl_typesupport_introspection_cpp.dir/rosidl_typesupport_introspection_cpp/capella_ros_service_interfaces/srv/detail/cartographer_mode__type_support.cpp.o[0m
[ 15%] [32mBuilding CXX object CMakeFiles/capella_ros_service_interfaces__rosidl_typesupport_introspection_cpp.dir/rosidl_typesupport_introspection_cpp/capella_ros_service_interfaces/srv/detail/stop_nav_and_carto__type_support.cpp.o[0m
[ 16%] [32mBuilding C object CMakeFiles/capella_ros_service_interfaces__rosidl_generator_c.dir/rosidl_generator_c/capella_ros_service_interfaces/msg/detail/charge_marker_visible__functions.c.o[0m
[ 17%] [32mBuilding CXX object CMakeFiles/capella_ros_service_interfaces__rosidl_typesupport_cpp.dir/rosidl_typesupport_cpp/capella_ros_service_interfaces/srv/switch_mode__type_support.cpp.o[0m
[ 18%] [32mBuilding CXX object CMakeFiles/capella_ros_service_interfaces__rosidl_typesupport_cpp.dir/rosidl_typesupport_cpp/capella_ros_service_interfaces/srv/cartographer_mode__type_support.cpp.o[0m
[ 19%] [32mBuilding CXX object CMakeFiles/capella_ros_service_interfaces__rosidl_typesupport_introspection_cpp.dir/rosidl_typesupport_introspection_cpp/capella_ros_service_interfaces/msg/detail/mission_status__type_support.cpp.o[0m
[ 20%] [32mBuilding CXX object CMakeFiles/capella_ros_service_interfaces__rosidl_typesupport_cpp.dir/rosidl_typesupport_cpp/capella_ros_service_interfaces/srv/stop_nav_and_carto__type_support.cpp.o[0m
[ 20%] [32mBuilding CXX object CMakeFiles/capella_ros_service_interfaces__rosidl_typesupport_cpp.dir/rosidl_typesupport_cpp/capella_ros_service_interfaces/srv/nav_launch_mode__type_support.cpp.o[0m
[ 21%] [32mBuilding CXX object CMakeFiles/capella_ros_service_interfaces__rosidl_typesupport_cpp.dir/rosidl_typesupport_cpp/capella_ros_service_interfaces/msg/mission_status__type_support.cpp.o[0m
[ 22%] [32m[1mLinking C shared library libcapella_ros_service_interfaces__rosidl_generator_c.so[0m
[ 23%] [32mBuilding CXX object CMakeFiles/capella_ros_service_interfaces__rosidl_typesupport_fastrtps_cpp.dir/rosidl_typesupport_fastrtps_cpp/capella_ros_service_interfaces/srv/detail/dds_fastrtps/switch_mode__type_support.cpp.o[0m
[ 23%] Built target capella_ros_service_interfaces__rosidl_generator_c
[ 24%] [34m[1mGenerating C type support for eProsima Fast-RTPS[0m
[ 24%] [32mBuilding CXX object CMakeFiles/capella_ros_service_interfaces__rosidl_typesupport_cpp.dir/rosidl_typesupport_cpp/capella_ros_service_interfaces/msg/person_distance__type_support.cpp.o[0m
[ 25%] [32mBuilding CXX object CMakeFiles/capella_ros_service_interfaces__rosidl_typesupport_introspection_cpp.dir/rosidl_typesupport_introspection_cpp/capella_ros_service_interfaces/msg/detail/person_distance__type_support.cpp.o[0m
[ 27%] [34m[1mGenerating C introspection for ROS interfaces[0m
[ 27%] [32mBuilding CXX object CMakeFiles/capella_ros_service_interfaces__rosidl_typesupport_introspection_cpp.dir/rosidl_typesupport_introspection_cpp/capella_ros_service_interfaces/msg/detail/compressed_occupancy_grid__type_support.cpp.o[0m
[ 28%] [32mBuilding CXX object CMakeFiles/capella_ros_service_interfaces__rosidl_typesupport_cpp.dir/rosidl_typesupport_cpp/capella_ros_service_interfaces/msg/compressed_occupancy_grid__type_support.cpp.o[0m
[ 29%] [32mBuilding CXX object CMakeFiles/capella_ros_service_interfaces__rosidl_typesupport_cpp.dir/rosidl_typesupport_cpp/capella_ros_service_interfaces/msg/irimage_data__type_support.cpp.o[0m
[ 30%] [32mBuilding CXX object CMakeFiles/capella_ros_service_interfaces__rosidl_typesupport_cpp.dir/rosidl_typesupport_cpp/capella_ros_service_interfaces/msg/irtemperature_data__type_support.cpp.o[0m
[ 30%] [32mBuilding CXX object CMakeFiles/capella_ros_service_interfaces__rosidl_typesupport_introspection_cpp.dir/rosidl_typesupport_introspection_cpp/capella_ros_service_interfaces/msg/detail/irimage_data__type_support.cpp.o[0m
[ 31%] [32mBuilding CXX object CMakeFiles/capella_ros_service_interfaces__rosidl_typesupport_introspection_cpp.dir/rosidl_typesupport_introspection_cpp/capella_ros_service_interfaces/msg/detail/irtemperature_data__type_support.cpp.o[0m
[ 32%] [32mBuilding CXX object CMakeFiles/capella_ros_service_interfaces__rosidl_typesupport_introspection_cpp.dir/rosidl_typesupport_introspection_cpp/capella_ros_service_interfaces/msg/detail/irsdk_data__type_support.cpp.o[0m
[ 32%] [32mBuilding CXX object CMakeFiles/capella_ros_service_interfaces__rosidl_typesupport_cpp.dir/rosidl_typesupport_cpp/capella_ros_service_interfaces/msg/irsdk_data__type_support.cpp.o[0m
[ 33%] [32mBuilding CXX object CMakeFiles/capella_ros_service_interfaces__rosidl_typesupport_cpp.dir/rosidl_typesupport_cpp/capella_ros_service_interfaces/srv/infrared_face_detection__type_support.cpp.o[0m
[ 34%] [32mBuilding CXX object CMakeFiles/capella_ros_service_interfaces__rosidl_typesupport_cpp.dir/rosidl_typesupport_cpp/capella_ros_service_interfaces/msg/charge_state__type_support.cpp.o[0m
[ 35%] [32mBuilding CXX object CMakeFiles/capella_ros_service_interfaces__rosidl_typesupport_introspection_cpp.dir/rosidl_typesupport_introspection_cpp/capella_ros_service_interfaces/srv/detail/infrared_face_detection__type_support.cpp.o[0m
[ 36%] [32mBuilding CXX object CMakeFiles/capella_ros_service_interfaces__rosidl_typesupport_fastrtps_cpp.dir/rosidl_typesupport_fastrtps_cpp/capella_ros_service_interfaces/srv/detail/dds_fastrtps/cartographer_mode__type_support.cpp.o[0m
[ 36%] [32mBuilding CXX object CMakeFiles/capella_ros_service_interfaces__rosidl_typesupport_introspection_cpp.dir/rosidl_typesupport_introspection_cpp/capella_ros_service_interfaces/msg/detail/charge_state__type_support.cpp.o[0m
[ 37%] [32mBuilding CXX object CMakeFiles/capella_ros_service_interfaces__rosidl_typesupport_cpp.dir/rosidl_typesupport_cpp/capella_ros_service_interfaces/msg/irdetection_status__type_support.cpp.o[0m
[ 37%] [32mBuilding CXX object CMakeFiles/capella_ros_service_interfaces__rosidl_typesupport_cpp.dir/rosidl_typesupport_cpp/capella_ros_service_interfaces/msg/charge_marker_visible__type_support.cpp.o[0m
[ 38%] [32mBuilding CXX object CMakeFiles/capella_ros_service_interfaces__rosidl_typesupport_introspection_cpp.dir/rosidl_typesupport_introspection_cpp/capella_ros_service_interfaces/msg/detail/irdetection_status__type_support.cpp.o[0m
[ 39%] [32mBuilding CXX object CMakeFiles/capella_ros_service_interfaces__rosidl_typesupport_introspection_cpp.dir/rosidl_typesupport_introspection_cpp/capella_ros_service_interfaces/msg/detail/charge_marker_visible__type_support.cpp.o[0m
[ 39%] [32mBuilding CXX object CMakeFiles/capella_ros_service_interfaces__rosidl_typesupport_fastrtps_cpp.dir/rosidl_typesupport_fastrtps_cpp/capella_ros_service_interfaces/srv/detail/dds_fastrtps/nav_launch_mode__type_support.cpp.o[0m
[ 40%] [32mBuilding CXX object CMakeFiles/capella_ros_service_interfaces__rosidl_typesupport_fastrtps_cpp.dir/rosidl_typesupport_fastrtps_cpp/capella_ros_service_interfaces/srv/detail/dds_fastrtps/stop_nav_and_carto__type_support.cpp.o[0m
[ 41%] [34m[1mGenerating C type support dispatch for ROS interfaces[0m
[ 42%] [32mBuilding CXX object CMakeFiles/capella_ros_service_interfaces__rosidl_typesupport_fastrtps_cpp.dir/rosidl_typesupport_fastrtps_cpp/capella_ros_service_interfaces/msg/detail/dds_fastrtps/mission_status__type_support.cpp.o[0m
[ 43%] [32m[1mLinking CXX shared library libcapella_ros_service_interfaces__rosidl_typesupport_cpp.so[0m
[ 44%] [32mBuilding CXX object CMakeFiles/capella_ros_service_interfaces__rosidl_typesupport_fastrtps_cpp.dir/rosidl_typesupport_fastrtps_cpp/capella_ros_service_interfaces/msg/detail/dds_fastrtps/person_distance__type_support.cpp.o[0m
[ 44%] [32mBuilding CXX object CMakeFiles/capella_ros_service_interfaces__rosidl_typesupport_fastrtps_cpp.dir/rosidl_typesupport_fastrtps_cpp/capella_ros_service_interfaces/msg/detail/dds_fastrtps/compressed_occupancy_grid__type_support.cpp.o[0m
[ 45%] [32mBuilding CXX object CMakeFiles/capella_ros_service_interfaces__rosidl_typesupport_fastrtps_cpp.dir/rosidl_typesupport_fastrtps_cpp/capella_ros_service_interfaces/msg/detail/dds_fastrtps/irimage_data__type_support.cpp.o[0m
[ 46%] [32mBuilding CXX object CMakeFiles/capella_ros_service_interfaces__rosidl_typesupport_fastrtps_c.dir/rosidl_typesupport_fastrtps_c/capella_ros_service_interfaces/srv/detail/switch_mode__type_support_c.cpp.o[0m
[ 47%] [32mBuilding C object CMakeFiles/capella_ros_service_interfaces__rosidl_typesupport_introspection_c.dir/rosidl_typesupport_introspection_c/capella_ros_service_interfaces/srv/detail/cartographer_mode__type_support.c.o[0m
[ 48%] [32mBuilding C object CMakeFiles/capella_ros_service_interfaces__rosidl_typesupport_introspection_c.dir/rosidl_typesupport_introspection_c/capella_ros_service_interfaces/srv/detail/switch_mode__type_support.c.o[0m
[ 48%] Built target capella_ros_service_interfaces__rosidl_typesupport_cpp
[ 48%] [32mBuilding CXX object CMakeFiles/capella_ros_service_interfaces__rosidl_typesupport_fastrtps_c.dir/rosidl_typesupport_fastrtps_c/capella_ros_service_interfaces/srv/detail/cartographer_mode__type_support_c.cpp.o[0m
[ 48%] [32mBuilding C object CMakeFiles/capella_ros_service_interfaces__rosidl_typesupport_introspection_c.dir/rosidl_typesupport_introspection_c/capella_ros_service_interfaces/srv/detail/nav_launch_mode__type_support.c.o[0m
[ 49%] [32mBuilding C object CMakeFiles/capella_ros_service_interfaces__rosidl_typesupport_introspection_c.dir/rosidl_typesupport_introspection_c/capella_ros_service_interfaces/srv/detail/stop_nav_and_carto__type_support.c.o[0m
[ 50%] [32m[1mLinking CXX shared library libcapella_ros_service_interfaces__rosidl_typesupport_introspection_cpp.so[0m
[ 51%] [32mBuilding C object CMakeFiles/capella_ros_service_interfaces__rosidl_typesupport_introspection_c.dir/rosidl_typesupport_introspection_c/capella_ros_service_interfaces/msg/detail/mission_status__type_support.c.o[0m
[ 52%] [32mBuilding C object CMakeFiles/capella_ros_service_interfaces__rosidl_typesupport_introspection_c.dir/rosidl_typesupport_introspection_c/capella_ros_service_interfaces/msg/detail/person_distance__type_support.c.o[0m
[ 53%] [32mBuilding CXX object CMakeFiles/capella_ros_service_interfaces__rosidl_typesupport_fastrtps_cpp.dir/rosidl_typesupport_fastrtps_cpp/capella_ros_service_interfaces/msg/detail/dds_fastrtps/irtemperature_data__type_support.cpp.o[0m
[ 53%] [32mBuilding C object CMakeFiles/capella_ros_service_interfaces__rosidl_typesupport_introspection_c.dir/rosidl_typesupport_introspection_c/capella_ros_service_interfaces/msg/detail/compressed_occupancy_grid__type_support.c.o[0m
[ 54%] [32mBuilding C object CMakeFiles/capella_ros_service_interfaces__rosidl_typesupport_introspection_c.dir/rosidl_typesupport_introspection_c/capella_ros_service_interfaces/msg/detail/irimage_data__type_support.c.o[0m
[ 55%] [32mBuilding CXX object CMakeFiles/capella_ros_service_interfaces__rosidl_typesupport_fastrtps_cpp.dir/rosidl_typesupport_fastrtps_cpp/capella_ros_service_interfaces/msg/detail/dds_fastrtps/irsdk_data__type_support.cpp.o[0m
[ 56%] [32mBuilding C object CMakeFiles/capella_ros_service_interfaces__rosidl_typesupport_introspection_c.dir/rosidl_typesupport_introspection_c/capella_ros_service_interfaces/msg/detail/irtemperature_data__type_support.c.o[0m
[ 56%] [32mBuilding C object CMakeFiles/capella_ros_service_interfaces__rosidl_typesupport_introspection_c.dir/rosidl_typesupport_introspection_c/capella_ros_service_interfaces/msg/detail/irsdk_data__type_support.c.o[0m
[ 56%] [32mBuilding CXX object CMakeFiles/capella_ros_service_interfaces__rosidl_typesupport_fastrtps_cpp.dir/rosidl_typesupport_fastrtps_cpp/capella_ros_service_interfaces/srv/detail/dds_fastrtps/infrared_face_detection__type_support.cpp.o[0m
[ 57%] [32mBuilding C object CMakeFiles/capella_ros_service_interfaces__rosidl_typesupport_introspection_c.dir/rosidl_typesupport_introspection_c/capella_ros_service_interfaces/srv/detail/infrared_face_detection__type_support.c.o[0m
[ 58%] [32mBuilding CXX object CMakeFiles/capella_ros_service_interfaces__rosidl_typesupport_fastrtps_cpp.dir/rosidl_typesupport_fastrtps_cpp/capella_ros_service_interfaces/msg/detail/dds_fastrtps/charge_state__type_support.cpp.o[0m
[ 59%] [32mBuilding C object CMakeFiles/capella_ros_service_interfaces__rosidl_typesupport_introspection_c.dir/rosidl_typesupport_introspection_c/capella_ros_service_interfaces/msg/detail/charge_state__type_support.c.o[0m
[ 60%] [32mBuilding C object CMakeFiles/capella_ros_service_interfaces__rosidl_typesupport_introspection_c.dir/rosidl_typesupport_introspection_c/capella_ros_service_interfaces/msg/detail/irdetection_status__type_support.c.o[0m
[ 60%] Built target capella_ros_service_interfaces__rosidl_typesupport_introspection_cpp
[ 61%] [32mBuilding CXX object CMakeFiles/capella_ros_service_interfaces__rosidl_typesupport_fastrtps_cpp.dir/rosidl_typesupport_fastrtps_cpp/capella_ros_service_interfaces/msg/detail/dds_fastrtps/irdetection_status__type_support.cpp.o[0m
[ 61%] [32mBuilding C object CMakeFiles/capella_ros_service_interfaces__rosidl_typesupport_introspection_c.dir/rosidl_typesupport_introspection_c/capella_ros_service_interfaces/msg/detail/charge_marker_visible__type_support.c.o[0m
[ 63%] [32mBuilding CXX object CMakeFiles/capella_ros_service_interfaces__rosidl_typesupport_fastrtps_cpp.dir/rosidl_typesupport_fastrtps_cpp/capella_ros_service_interfaces/msg/detail/dds_fastrtps/charge_marker_visible__type_support.cpp.o[0m
[ 63%] [32mBuilding CXX object CMakeFiles/capella_ros_service_interfaces__rosidl_typesupport_fastrtps_c.dir/rosidl_typesupport_fastrtps_c/capella_ros_service_interfaces/srv/detail/nav_launch_mode__type_support_c.cpp.o[0m
[ 64%] [32mBuilding CXX object CMakeFiles/capella_ros_service_interfaces__rosidl_typesupport_fastrtps_c.dir/rosidl_typesupport_fastrtps_c/capella_ros_service_interfaces/srv/detail/stop_nav_and_carto__type_support_c.cpp.o[0m
[ 65%] [32mBuilding CXX object CMakeFiles/capella_ros_service_interfaces__rosidl_typesupport_fastrtps_c.dir/rosidl_typesupport_fastrtps_c/capella_ros_service_interfaces/msg/detail/mission_status__type_support_c.cpp.o[0m
[ 66%] [32mBuilding CXX object CMakeFiles/capella_ros_service_interfaces__rosidl_typesupport_fastrtps_c.dir/rosidl_typesupport_fastrtps_c/capella_ros_service_interfaces/msg/detail/person_distance__type_support_c.cpp.o[0m
[ 66%] [32m[1mLinking C shared library libcapella_ros_service_interfaces__rosidl_typesupport_introspection_c.so[0m
[ 67%] [32mBuilding CXX object CMakeFiles/capella_ros_service_interfaces__rosidl_typesupport_fastrtps_c.dir/rosidl_typesupport_fastrtps_c/capella_ros_service_interfaces/msg/detail/compressed_occupancy_grid__type_support_c.cpp.o[0m
[ 68%] [32mBuilding CXX object CMakeFiles/capella_ros_service_interfaces__rosidl_typesupport_fastrtps_c.dir/rosidl_typesupport_fastrtps_c/capella_ros_service_interfaces/msg/detail/irimage_data__type_support_c.cpp.o[0m
[ 68%] Built target capella_ros_service_interfaces__rosidl_typesupport_introspection_c
[ 68%] [32mBuilding CXX object CMakeFiles/capella_ros_service_interfaces__rosidl_typesupport_c.dir/rosidl_typesupport_c/capella_ros_service_interfaces/srv/switch_mode__type_support.cpp.o[0m
[ 69%] [32mBuilding CXX object CMakeFiles/capella_ros_service_interfaces__rosidl_typesupport_c.dir/rosidl_typesupport_c/capella_ros_service_interfaces/srv/cartographer_mode__type_support.cpp.o[0m
[ 70%] [32mBuilding CXX object CMakeFiles/capella_ros_service_interfaces__rosidl_typesupport_c.dir/rosidl_typesupport_c/capella_ros_service_interfaces/srv/nav_launch_mode__type_support.cpp.o[0m
[ 71%] [32mBuilding CXX object CMakeFiles/capella_ros_service_interfaces__rosidl_typesupport_c.dir/rosidl_typesupport_c/capella_ros_service_interfaces/srv/stop_nav_and_carto__type_support.cpp.o[0m
[ 72%] [32mBuilding CXX object CMakeFiles/capella_ros_service_interfaces__rosidl_typesupport_fastrtps_c.dir/rosidl_typesupport_fastrtps_c/capella_ros_service_interfaces/msg/detail/irtemperature_data__type_support_c.cpp.o[0m
[ 72%] [32mBuilding CXX object CMakeFiles/capella_ros_service_interfaces__rosidl_typesupport_fastrtps_c.dir/rosidl_typesupport_fastrtps_c/capella_ros_service_interfaces/msg/detail/irsdk_data__type_support_c.cpp.o[0m
[ 72%] [32mBuilding CXX object CMakeFiles/capella_ros_service_interfaces__rosidl_typesupport_c.dir/rosidl_typesupport_c/capella_ros_service_interfaces/msg/mission_status__type_support.cpp.o[0m
[ 73%] [32mBuilding CXX object CMakeFiles/capella_ros_service_interfaces__rosidl_typesupport_c.dir/rosidl_typesupport_c/capella_ros_service_interfaces/msg/person_distance__type_support.cpp.o[0m
[ 74%] [32mBuilding CXX object CMakeFiles/capella_ros_service_interfaces__rosidl_typesupport_fastrtps_c.dir/rosidl_typesupport_fastrtps_c/capella_ros_service_interfaces/srv/detail/infrared_face_detection__type_support_c.cpp.o[0m
[ 75%] [32mBuilding CXX object CMakeFiles/capella_ros_service_interfaces__rosidl_typesupport_fastrtps_c.dir/rosidl_typesupport_fastrtps_c/capella_ros_service_interfaces/msg/detail/charge_state__type_support_c.cpp.o[0m
[ 76%] [32mBuilding CXX object CMakeFiles/capella_ros_service_interfaces__rosidl_typesupport_c.dir/rosidl_typesupport_c/capella_ros_service_interfaces/msg/compressed_occupancy_grid__type_support.cpp.o[0m
[ 77%] [32mBuilding CXX object CMakeFiles/capella_ros_service_interfaces__rosidl_typesupport_fastrtps_c.dir/rosidl_typesupport_fastrtps_c/capella_ros_service_interfaces/msg/detail/irdetection_status__type_support_c.cpp.o[0m
[ 78%] [32mBuilding CXX object CMakeFiles/capella_ros_service_interfaces__rosidl_typesupport_c.dir/rosidl_typesupport_c/capella_ros_service_interfaces/msg/irimage_data__type_support.cpp.o[0m
[ 78%] [32mBuilding CXX object CMakeFiles/capella_ros_service_interfaces__rosidl_typesupport_c.dir/rosidl_typesupport_c/capella_ros_service_interfaces/msg/irtemperature_data__type_support.cpp.o[0m
[ 78%] [32mBuilding CXX object CMakeFiles/capella_ros_service_interfaces__rosidl_typesupport_fastrtps_c.dir/rosidl_typesupport_fastrtps_c/capella_ros_service_interfaces/msg/detail/charge_marker_visible__type_support_c.cpp.o[0m
[ 79%] [32mBuilding CXX object CMakeFiles/capella_ros_service_interfaces__rosidl_typesupport_c.dir/rosidl_typesupport_c/capella_ros_service_interfaces/msg/irsdk_data__type_support.cpp.o[0m
[ 80%] [32mBuilding CXX object CMakeFiles/capella_ros_service_interfaces__rosidl_typesupport_c.dir/rosidl_typesupport_c/capella_ros_service_interfaces/msg/charge_state__type_support.cpp.o[0m
[ 81%] [32mBuilding CXX object CMakeFiles/capella_ros_service_interfaces__rosidl_typesupport_c.dir/rosidl_typesupport_c/capella_ros_service_interfaces/srv/infrared_face_detection__type_support.cpp.o[0m
[ 81%] [32mBuilding CXX object CMakeFiles/capella_ros_service_interfaces__rosidl_typesupport_c.dir/rosidl_typesupport_c/capella_ros_service_interfaces/msg/irdetection_status__type_support.cpp.o[0m
[ 82%] [32mBuilding CXX object CMakeFiles/capella_ros_service_interfaces__rosidl_typesupport_c.dir/rosidl_typesupport_c/capella_ros_service_interfaces/msg/charge_marker_visible__type_support.cpp.o[0m
[ 83%] [32m[1mLinking CXX shared library libcapella_ros_service_interfaces__rosidl_typesupport_c.so[0m
[ 83%] [32m[1mLinking CXX shared library libcapella_ros_service_interfaces__rosidl_typesupport_fastrtps_cpp.so[0m
[ 83%] Built target capella_ros_service_interfaces__rosidl_typesupport_c
[ 83%] Built target capella_ros_service_interfaces__rosidl_typesupport_fastrtps_cpp
[ 84%] [32m[1mLinking CXX shared library libcapella_ros_service_interfaces__rosidl_typesupport_fastrtps_c.so[0m
[ 84%] Built target capella_ros_service_interfaces__rosidl_typesupport_fastrtps_c
[ 84%] Built target capella_ros_service_interfaces
[ 85%] [34m[1mGenerating Python code for ROS interfaces[0m
[ 85%] Built target capella_ros_service_interfaces__py
[ 90%] [32mBuilding C object CMakeFiles/capella_ros_service_interfaces__rosidl_generator_py.dir/rosidl_generator_py/capella_ros_service_interfaces/srv/_stop_nav_and_carto_s.c.o[0m
[ 90%] [32mBuilding C object CMakeFiles/capella_ros_service_interfaces__rosidl_generator_py.dir/rosidl_generator_py/capella_ros_service_interfaces/msg/_person_distance_s.c.o[0m
[ 90%] [32mBuilding C object CMakeFiles/capella_ros_service_interfaces__rosidl_generator_py.dir/rosidl_generator_py/capella_ros_service_interfaces/srv/_cartographer_mode_s.c.o[0m
[ 90%] [32mBuilding C object CMakeFiles/capella_ros_service_interfaces__rosidl_generator_py.dir/rosidl_generator_py/capella_ros_service_interfaces/msg/_irimage_data_s.c.o[0m
[ 90%] [32mBuilding C object CMakeFiles/capella_ros_service_interfaces__rosidl_generator_py.dir/rosidl_generator_py/capella_ros_service_interfaces/srv/_switch_mode_s.c.o[0m
[ 90%] [32mBuilding C object CMakeFiles/capella_ros_service_interfaces__rosidl_generator_py.dir/rosidl_generator_py/capella_ros_service_interfaces/msg/_mission_status_s.c.o[0m
[ 92%] [32mBuilding C object CMakeFiles/capella_ros_service_interfaces__rosidl_generator_py.dir/rosidl_generator_py/capella_ros_service_interfaces/msg/_compressed_occupancy_grid_s.c.o[0m
[ 92%] [32mBuilding C object CMakeFiles/capella_ros_service_interfaces__rosidl_generator_py.dir/rosidl_generator_py/capella_ros_service_interfaces/msg/_irtemperature_data_s.c.o[0m
[ 90%] [32mBuilding C object CMakeFiles/capella_ros_service_interfaces__rosidl_generator_py.dir/rosidl_generator_py/capella_ros_service_interfaces/srv/_nav_launch_mode_s.c.o[0m
[ 93%] [32mBuilding C object CMakeFiles/capella_ros_service_interfaces__rosidl_generator_py.dir/rosidl_generator_py/capella_ros_service_interfaces/msg/_irsdk_data_s.c.o[0m
[ 93%] [32mBuilding C object CMakeFiles/capella_ros_service_interfaces__rosidl_generator_py.dir/rosidl_generator_py/capella_ros_service_interfaces/srv/_infrared_face_detection_s.c.o[0m
[ 94%] [32mBuilding C object CMakeFiles/capella_ros_service_interfaces__rosidl_generator_py.dir/rosidl_generator_py/capella_ros_service_interfaces/msg/_charge_state_s.c.o[0m
[ 95%] [32mBuilding C object CMakeFiles/capella_ros_service_interfaces__rosidl_generator_py.dir/rosidl_generator_py/capella_ros_service_interfaces/msg/_charge_marker_visible_s.c.o[0m
[ 95%] [32mBuilding C object CMakeFiles/capella_ros_service_interfaces__rosidl_generator_py.dir/rosidl_generator_py/capella_ros_service_interfaces/msg/_irdetection_status_s.c.o[0m
[ 96%] [32m[1mLinking C shared library rosidl_generator_py/capella_ros_service_interfaces/libcapella_ros_service_interfaces__rosidl_generator_py.so[0m
[ 96%] Built target capella_ros_service_interfaces__rosidl_generator_py
[ 97%] [32mBuilding C object CMakeFiles/capella_ros_service_interfaces__rosidl_typesupport_c__pyext.dir/rosidl_generator_py/capella_ros_service_interfaces/_capella_ros_service_interfaces_s.ep.rosidl_typesupport_c.c.o[0m
[ 98%] [32mBuilding C object CMakeFiles/capella_ros_service_interfaces__rosidl_typesupport_fastrtps_c__pyext.dir/rosidl_generator_py/capella_ros_service_interfaces/_capella_ros_service_interfaces_s.ep.rosidl_typesupport_fastrtps_c.c.o[0m
[ 99%] [32mBuilding C object CMakeFiles/capella_ros_service_interfaces__rosidl_typesupport_introspection_c__pyext.dir/rosidl_generator_py/capella_ros_service_interfaces/_capella_ros_service_interfaces_s.ep.rosidl_typesupport_introspection_c.c.o[0m
[100%] [32m[1mLinking C shared library rosidl_generator_py/capella_ros_service_interfaces/capella_ros_service_interfaces_s__rosidl_typesupport_c.cpython-310-x86_64-linux-gnu.so[0m
[100%] [32m[1mLinking C shared library rosidl_generator_py/capella_ros_service_interfaces/capella_ros_service_interfaces_s__rosidl_typesupport_introspection_c.cpython-310-x86_64-linux-gnu.so[0m
[100%] [32m[1mLinking C shared library rosidl_generator_py/capella_ros_service_interfaces/capella_ros_service_interfaces_s__rosidl_typesupport_fastrtps_c.cpython-310-x86_64-linux-gnu.so[0m
[100%] Built target capella_ros_service_interfaces__rosidl_typesupport_introspection_c__pyext
[100%] Built target capella_ros_service_interfaces__rosidl_typesupport_c__pyext
[100%] Built target capella_ros_service_interfaces__rosidl_typesupport_fastrtps_c__pyext
