[0.018s] Invoking command in '/home/ros2/git/mygit/capella_ros_dock/build/capella_ros_service_interfaces': CMAKE_PREFIX_PATH=/opt/ros/humble WSLENV=ELECTRON_RUN_AS_NODE/w:WT_SESSION::WT_PROFILE_ID /usr/bin/cmake --build /home/ros2/git/mygit/capella_ros_dock/build/capella_ros_service_interfaces -- -j12 -l12
[0.054s] [  1%] [34m[1mGenerating C code for ROS interfaces[0m
[0.061s] [  1%] [34m[1mGenerating C++ code for ROS interfaces[0m
[0.068s] [  1%] Built target ament_cmake_python_symlink_capella_ros_service_interfaces
[0.326s] running egg_info
[0.327s] creating capella_ros_service_interfaces.egg-info
[0.328s] writing capella_ros_service_interfaces.egg-info/PKG-INFO
[0.328s] writing dependency_links to capella_ros_service_interfaces.egg-info/dependency_links.txt
[0.329s] writing top-level names to capella_ros_service_interfaces.egg-info/top_level.txt
[0.329s] writing manifest file 'capella_ros_service_interfaces.egg-info/SOURCES.txt'
[0.334s] reading manifest file 'capella_ros_service_interfaces.egg-info/SOURCES.txt'
[0.335s] writing manifest file 'capella_ros_service_interfaces.egg-info/SOURCES.txt'
[0.389s] [  1%] Built target ament_cmake_python_build_capella_ros_service_interfaces_egg
[1.511s] [  1%] Built target capella_ros_service_interfaces__cpp
[1.526s] [  3%] [34m[1mGenerating C++ type support for eProsima Fast-RTPS[0m
[1.527s] [  3%] [34m[1mGenerating C++ introspection for ROS interfaces[0m
[1.527s] [  3%] [34m[1mGenerating C++ type support dispatch for ROS interfaces[0m
[3.044s] [  3%] [32mBuilding C object CMakeFiles/capella_ros_service_interfaces__rosidl_generator_c.dir/rosidl_generator_c/capella_ros_service_interfaces/srv/detail/switch_mode__functions.c.o[0m
[3.046s] [  4%] [32mBuilding C object CMakeFiles/capella_ros_service_interfaces__rosidl_generator_c.dir/rosidl_generator_c/capella_ros_service_interfaces/srv/detail/cartographer_mode__functions.c.o[0m
[3.065s] [  6%] [32mBuilding C object CMakeFiles/capella_ros_service_interfaces__rosidl_generator_c.dir/rosidl_generator_c/capella_ros_service_interfaces/srv/detail/stop_nav_and_carto__functions.c.o[0m
[3.066s] [  6%] [32mBuilding C object CMakeFiles/capella_ros_service_interfaces__rosidl_generator_c.dir/rosidl_generator_c/capella_ros_service_interfaces/srv/detail/nav_launch_mode__functions.c.o[0m
[3.138s] [  6%] [32mBuilding C object CMakeFiles/capella_ros_service_interfaces__rosidl_generator_c.dir/rosidl_generator_c/capella_ros_service_interfaces/msg/detail/mission_status__functions.c.o[0m
[3.171s] [  7%] [32mBuilding C object CMakeFiles/capella_ros_service_interfaces__rosidl_generator_c.dir/rosidl_generator_c/capella_ros_service_interfaces/msg/detail/person_distance__functions.c.o[0m
[3.183s] [  8%] [32mBuilding C object CMakeFiles/capella_ros_service_interfaces__rosidl_generator_c.dir/rosidl_generator_c/capella_ros_service_interfaces/msg/detail/compressed_occupancy_grid__functions.c.o[0m
[3.206s] [  9%] [32mBuilding C object CMakeFiles/capella_ros_service_interfaces__rosidl_generator_c.dir/rosidl_generator_c/capella_ros_service_interfaces/msg/detail/irimage_data__functions.c.o[0m
[3.408s] [  9%] [32mBuilding C object CMakeFiles/capella_ros_service_interfaces__rosidl_generator_c.dir/rosidl_generator_c/capella_ros_service_interfaces/msg/detail/irtemperature_data__functions.c.o[0m
[3.433s] [ 10%] [32mBuilding C object CMakeFiles/capella_ros_service_interfaces__rosidl_generator_c.dir/rosidl_generator_c/capella_ros_service_interfaces/msg/detail/irsdk_data__functions.c.o[0m
[3.458s] [ 11%] [32mBuilding C object CMakeFiles/capella_ros_service_interfaces__rosidl_generator_c.dir/rosidl_generator_c/capella_ros_service_interfaces/srv/detail/infrared_face_detection__functions.c.o[0m
[3.473s] [ 12%] [32mBuilding C object CMakeFiles/capella_ros_service_interfaces__rosidl_generator_c.dir/rosidl_generator_c/capella_ros_service_interfaces/msg/detail/charge_state__functions.c.o[0m
[3.511s] [ 13%] [32mBuilding CXX object CMakeFiles/capella_ros_service_interfaces__rosidl_typesupport_introspection_cpp.dir/rosidl_typesupport_introspection_cpp/capella_ros_service_interfaces/srv/detail/switch_mode__type_support.cpp.o[0m
[3.524s] [ 13%] [32mBuilding C object CMakeFiles/capella_ros_service_interfaces__rosidl_generator_c.dir/rosidl_generator_c/capella_ros_service_interfaces/msg/detail/irdetection_status__functions.c.o[0m
[3.604s] [ 14%] [32mBuilding CXX object CMakeFiles/capella_ros_service_interfaces__rosidl_typesupport_introspection_cpp.dir/rosidl_typesupport_introspection_cpp/capella_ros_service_interfaces/srv/detail/nav_launch_mode__type_support.cpp.o[0m
[3.610s] [ 15%] [32mBuilding CXX object CMakeFiles/capella_ros_service_interfaces__rosidl_typesupport_introspection_cpp.dir/rosidl_typesupport_introspection_cpp/capella_ros_service_interfaces/srv/detail/cartographer_mode__type_support.cpp.o[0m
[3.621s] [ 15%] [32mBuilding CXX object CMakeFiles/capella_ros_service_interfaces__rosidl_typesupport_introspection_cpp.dir/rosidl_typesupport_introspection_cpp/capella_ros_service_interfaces/srv/detail/stop_nav_and_carto__type_support.cpp.o[0m
[3.624s] [ 16%] [32mBuilding C object CMakeFiles/capella_ros_service_interfaces__rosidl_generator_c.dir/rosidl_generator_c/capella_ros_service_interfaces/msg/detail/charge_marker_visible__functions.c.o[0m
[3.680s] [ 17%] [32mBuilding CXX object CMakeFiles/capella_ros_service_interfaces__rosidl_typesupport_cpp.dir/rosidl_typesupport_cpp/capella_ros_service_interfaces/srv/switch_mode__type_support.cpp.o[0m
[3.730s] [ 18%] [32mBuilding CXX object CMakeFiles/capella_ros_service_interfaces__rosidl_typesupport_cpp.dir/rosidl_typesupport_cpp/capella_ros_service_interfaces/srv/cartographer_mode__type_support.cpp.o[0m
[3.902s] [ 19%] [32mBuilding CXX object CMakeFiles/capella_ros_service_interfaces__rosidl_typesupport_introspection_cpp.dir/rosidl_typesupport_introspection_cpp/capella_ros_service_interfaces/msg/detail/mission_status__type_support.cpp.o[0m
[3.908s] [ 20%] [32mBuilding CXX object CMakeFiles/capella_ros_service_interfaces__rosidl_typesupport_cpp.dir/rosidl_typesupport_cpp/capella_ros_service_interfaces/srv/stop_nav_and_carto__type_support.cpp.o[0m
[3.937s] [ 20%] [32mBuilding CXX object CMakeFiles/capella_ros_service_interfaces__rosidl_typesupport_cpp.dir/rosidl_typesupport_cpp/capella_ros_service_interfaces/srv/nav_launch_mode__type_support.cpp.o[0m
[3.957s] [ 21%] [32mBuilding CXX object CMakeFiles/capella_ros_service_interfaces__rosidl_typesupport_cpp.dir/rosidl_typesupport_cpp/capella_ros_service_interfaces/msg/mission_status__type_support.cpp.o[0m
[3.989s] [ 22%] [32m[1mLinking C shared library libcapella_ros_service_interfaces__rosidl_generator_c.so[0m
[4.317s] [ 23%] [32mBuilding CXX object CMakeFiles/capella_ros_service_interfaces__rosidl_typesupport_fastrtps_cpp.dir/rosidl_typesupport_fastrtps_cpp/capella_ros_service_interfaces/srv/detail/dds_fastrtps/switch_mode__type_support.cpp.o[0m
[4.416s] [ 23%] Built target capella_ros_service_interfaces__rosidl_generator_c
[4.570s] [ 24%] [34m[1mGenerating C type support for eProsima Fast-RTPS[0m
[5.006s] [ 24%] [32mBuilding CXX object CMakeFiles/capella_ros_service_interfaces__rosidl_typesupport_cpp.dir/rosidl_typesupport_cpp/capella_ros_service_interfaces/msg/person_distance__type_support.cpp.o[0m
[5.031s] [ 25%] [32mBuilding CXX object CMakeFiles/capella_ros_service_interfaces__rosidl_typesupport_introspection_cpp.dir/rosidl_typesupport_introspection_cpp/capella_ros_service_interfaces/msg/detail/person_distance__type_support.cpp.o[0m
[5.128s] [ 27%] [34m[1mGenerating C introspection for ROS interfaces[0m
[5.128s] [ 27%] [32mBuilding CXX object CMakeFiles/capella_ros_service_interfaces__rosidl_typesupport_introspection_cpp.dir/rosidl_typesupport_introspection_cpp/capella_ros_service_interfaces/msg/detail/compressed_occupancy_grid__type_support.cpp.o[0m
[5.173s] [ 28%] [32mBuilding CXX object CMakeFiles/capella_ros_service_interfaces__rosidl_typesupport_cpp.dir/rosidl_typesupport_cpp/capella_ros_service_interfaces/msg/compressed_occupancy_grid__type_support.cpp.o[0m
[5.181s] [ 29%] [32mBuilding CXX object CMakeFiles/capella_ros_service_interfaces__rosidl_typesupport_cpp.dir/rosidl_typesupport_cpp/capella_ros_service_interfaces/msg/irimage_data__type_support.cpp.o[0m
[5.440s] [ 30%] [32mBuilding CXX object CMakeFiles/capella_ros_service_interfaces__rosidl_typesupport_cpp.dir/rosidl_typesupport_cpp/capella_ros_service_interfaces/msg/irtemperature_data__type_support.cpp.o[0m
[5.761s] [ 30%] [32mBuilding CXX object CMakeFiles/capella_ros_service_interfaces__rosidl_typesupport_introspection_cpp.dir/rosidl_typesupport_introspection_cpp/capella_ros_service_interfaces/msg/detail/irimage_data__type_support.cpp.o[0m
[5.901s] [ 31%] [32mBuilding CXX object CMakeFiles/capella_ros_service_interfaces__rosidl_typesupport_introspection_cpp.dir/rosidl_typesupport_introspection_cpp/capella_ros_service_interfaces/msg/detail/irtemperature_data__type_support.cpp.o[0m
[6.260s] [ 32%] [32mBuilding CXX object CMakeFiles/capella_ros_service_interfaces__rosidl_typesupport_introspection_cpp.dir/rosidl_typesupport_introspection_cpp/capella_ros_service_interfaces/msg/detail/irsdk_data__type_support.cpp.o[0m
[6.283s] [ 32%] [32mBuilding CXX object CMakeFiles/capella_ros_service_interfaces__rosidl_typesupport_cpp.dir/rosidl_typesupport_cpp/capella_ros_service_interfaces/msg/irsdk_data__type_support.cpp.o[0m
[6.404s] [ 33%] [32mBuilding CXX object CMakeFiles/capella_ros_service_interfaces__rosidl_typesupport_cpp.dir/rosidl_typesupport_cpp/capella_ros_service_interfaces/srv/infrared_face_detection__type_support.cpp.o[0m
[6.437s] [ 34%] [32mBuilding CXX object CMakeFiles/capella_ros_service_interfaces__rosidl_typesupport_cpp.dir/rosidl_typesupport_cpp/capella_ros_service_interfaces/msg/charge_state__type_support.cpp.o[0m
[6.462s] [ 35%] [32mBuilding CXX object CMakeFiles/capella_ros_service_interfaces__rosidl_typesupport_introspection_cpp.dir/rosidl_typesupport_introspection_cpp/capella_ros_service_interfaces/srv/detail/infrared_face_detection__type_support.cpp.o[0m
[6.578s] [ 36%] [32mBuilding CXX object CMakeFiles/capella_ros_service_interfaces__rosidl_typesupport_fastrtps_cpp.dir/rosidl_typesupport_fastrtps_cpp/capella_ros_service_interfaces/srv/detail/dds_fastrtps/cartographer_mode__type_support.cpp.o[0m
[6.760s] [ 36%] [32mBuilding CXX object CMakeFiles/capella_ros_service_interfaces__rosidl_typesupport_introspection_cpp.dir/rosidl_typesupport_introspection_cpp/capella_ros_service_interfaces/msg/detail/charge_state__type_support.cpp.o[0m
[6.796s] [ 37%] [32mBuilding CXX object CMakeFiles/capella_ros_service_interfaces__rosidl_typesupport_cpp.dir/rosidl_typesupport_cpp/capella_ros_service_interfaces/msg/irdetection_status__type_support.cpp.o[0m
[6.872s] [ 37%] [32mBuilding CXX object CMakeFiles/capella_ros_service_interfaces__rosidl_typesupport_cpp.dir/rosidl_typesupport_cpp/capella_ros_service_interfaces/msg/charge_marker_visible__type_support.cpp.o[0m
[7.235s] [ 38%] [32mBuilding CXX object CMakeFiles/capella_ros_service_interfaces__rosidl_typesupport_introspection_cpp.dir/rosidl_typesupport_introspection_cpp/capella_ros_service_interfaces/msg/detail/irdetection_status__type_support.cpp.o[0m
[7.320s] [ 39%] [32mBuilding CXX object CMakeFiles/capella_ros_service_interfaces__rosidl_typesupport_introspection_cpp.dir/rosidl_typesupport_introspection_cpp/capella_ros_service_interfaces/msg/detail/charge_marker_visible__type_support.cpp.o[0m
[7.422s] [ 39%] [32mBuilding CXX object CMakeFiles/capella_ros_service_interfaces__rosidl_typesupport_fastrtps_cpp.dir/rosidl_typesupport_fastrtps_cpp/capella_ros_service_interfaces/srv/detail/dds_fastrtps/nav_launch_mode__type_support.cpp.o[0m
[7.448s] [ 40%] [32mBuilding CXX object CMakeFiles/capella_ros_service_interfaces__rosidl_typesupport_fastrtps_cpp.dir/rosidl_typesupport_fastrtps_cpp/capella_ros_service_interfaces/srv/detail/dds_fastrtps/stop_nav_and_carto__type_support.cpp.o[0m
[7.482s] [ 41%] [34m[1mGenerating C type support dispatch for ROS interfaces[0m
[7.505s] [ 42%] [32mBuilding CXX object CMakeFiles/capella_ros_service_interfaces__rosidl_typesupport_fastrtps_cpp.dir/rosidl_typesupport_fastrtps_cpp/capella_ros_service_interfaces/msg/detail/dds_fastrtps/mission_status__type_support.cpp.o[0m
[7.551s] [ 43%] [32m[1mLinking CXX shared library libcapella_ros_service_interfaces__rosidl_typesupport_cpp.so[0m
[7.790s] [ 44%] [32mBuilding CXX object CMakeFiles/capella_ros_service_interfaces__rosidl_typesupport_fastrtps_cpp.dir/rosidl_typesupport_fastrtps_cpp/capella_ros_service_interfaces/msg/detail/dds_fastrtps/person_distance__type_support.cpp.o[0m
[7.869s] [ 44%] [32mBuilding CXX object CMakeFiles/capella_ros_service_interfaces__rosidl_typesupport_fastrtps_cpp.dir/rosidl_typesupport_fastrtps_cpp/capella_ros_service_interfaces/msg/detail/dds_fastrtps/compressed_occupancy_grid__type_support.cpp.o[0m
[7.878s] [ 45%] [32mBuilding CXX object CMakeFiles/capella_ros_service_interfaces__rosidl_typesupport_fastrtps_cpp.dir/rosidl_typesupport_fastrtps_cpp/capella_ros_service_interfaces/msg/detail/dds_fastrtps/irimage_data__type_support.cpp.o[0m
[7.946s] [ 46%] [32mBuilding CXX object CMakeFiles/capella_ros_service_interfaces__rosidl_typesupport_fastrtps_c.dir/rosidl_typesupport_fastrtps_c/capella_ros_service_interfaces/srv/detail/switch_mode__type_support_c.cpp.o[0m
[7.956s] [ 47%] [32mBuilding C object CMakeFiles/capella_ros_service_interfaces__rosidl_typesupport_introspection_c.dir/rosidl_typesupport_introspection_c/capella_ros_service_interfaces/srv/detail/cartographer_mode__type_support.c.o[0m
[7.961s] [ 48%] [32mBuilding C object CMakeFiles/capella_ros_service_interfaces__rosidl_typesupport_introspection_c.dir/rosidl_typesupport_introspection_c/capella_ros_service_interfaces/srv/detail/switch_mode__type_support.c.o[0m
[7.981s] [ 48%] Built target capella_ros_service_interfaces__rosidl_typesupport_cpp
[8.009s] [ 48%] [32mBuilding CXX object CMakeFiles/capella_ros_service_interfaces__rosidl_typesupport_fastrtps_c.dir/rosidl_typesupport_fastrtps_c/capella_ros_service_interfaces/srv/detail/cartographer_mode__type_support_c.cpp.o[0m
[8.071s] [ 48%] [32mBuilding C object CMakeFiles/capella_ros_service_interfaces__rosidl_typesupport_introspection_c.dir/rosidl_typesupport_introspection_c/capella_ros_service_interfaces/srv/detail/nav_launch_mode__type_support.c.o[0m
[8.090s] [ 49%] [32mBuilding C object CMakeFiles/capella_ros_service_interfaces__rosidl_typesupport_introspection_c.dir/rosidl_typesupport_introspection_c/capella_ros_service_interfaces/srv/detail/stop_nav_and_carto__type_support.c.o[0m
[8.165s] [ 50%] [32m[1mLinking CXX shared library libcapella_ros_service_interfaces__rosidl_typesupport_introspection_cpp.so[0m
[8.190s] [ 51%] [32mBuilding C object CMakeFiles/capella_ros_service_interfaces__rosidl_typesupport_introspection_c.dir/rosidl_typesupport_introspection_c/capella_ros_service_interfaces/msg/detail/mission_status__type_support.c.o[0m
[8.258s] [ 52%] [32mBuilding C object CMakeFiles/capella_ros_service_interfaces__rosidl_typesupport_introspection_c.dir/rosidl_typesupport_introspection_c/capella_ros_service_interfaces/msg/detail/person_distance__type_support.c.o[0m
[8.335s] [ 53%] [32mBuilding CXX object CMakeFiles/capella_ros_service_interfaces__rosidl_typesupport_fastrtps_cpp.dir/rosidl_typesupport_fastrtps_cpp/capella_ros_service_interfaces/msg/detail/dds_fastrtps/irtemperature_data__type_support.cpp.o[0m
[8.372s] [ 53%] [32mBuilding C object CMakeFiles/capella_ros_service_interfaces__rosidl_typesupport_introspection_c.dir/rosidl_typesupport_introspection_c/capella_ros_service_interfaces/msg/detail/compressed_occupancy_grid__type_support.c.o[0m
[8.376s] [ 54%] [32mBuilding C object CMakeFiles/capella_ros_service_interfaces__rosidl_typesupport_introspection_c.dir/rosidl_typesupport_introspection_c/capella_ros_service_interfaces/msg/detail/irimage_data__type_support.c.o[0m
[8.434s] [ 55%] [32mBuilding CXX object CMakeFiles/capella_ros_service_interfaces__rosidl_typesupport_fastrtps_cpp.dir/rosidl_typesupport_fastrtps_cpp/capella_ros_service_interfaces/msg/detail/dds_fastrtps/irsdk_data__type_support.cpp.o[0m
[8.492s] [ 56%] [32mBuilding C object CMakeFiles/capella_ros_service_interfaces__rosidl_typesupport_introspection_c.dir/rosidl_typesupport_introspection_c/capella_ros_service_interfaces/msg/detail/irtemperature_data__type_support.c.o[0m
[8.511s] [ 56%] [32mBuilding C object CMakeFiles/capella_ros_service_interfaces__rosidl_typesupport_introspection_c.dir/rosidl_typesupport_introspection_c/capella_ros_service_interfaces/msg/detail/irsdk_data__type_support.c.o[0m
[8.536s] [ 56%] [32mBuilding CXX object CMakeFiles/capella_ros_service_interfaces__rosidl_typesupport_fastrtps_cpp.dir/rosidl_typesupport_fastrtps_cpp/capella_ros_service_interfaces/srv/detail/dds_fastrtps/infrared_face_detection__type_support.cpp.o[0m
[8.610s] [ 57%] [32mBuilding C object CMakeFiles/capella_ros_service_interfaces__rosidl_typesupport_introspection_c.dir/rosidl_typesupport_introspection_c/capella_ros_service_interfaces/srv/detail/infrared_face_detection__type_support.c.o[0m
[8.672s] [ 58%] [32mBuilding CXX object CMakeFiles/capella_ros_service_interfaces__rosidl_typesupport_fastrtps_cpp.dir/rosidl_typesupport_fastrtps_cpp/capella_ros_service_interfaces/msg/detail/dds_fastrtps/charge_state__type_support.cpp.o[0m
[8.683s] [ 59%] [32mBuilding C object CMakeFiles/capella_ros_service_interfaces__rosidl_typesupport_introspection_c.dir/rosidl_typesupport_introspection_c/capella_ros_service_interfaces/msg/detail/charge_state__type_support.c.o[0m
[8.733s] [ 60%] [32mBuilding C object CMakeFiles/capella_ros_service_interfaces__rosidl_typesupport_introspection_c.dir/rosidl_typesupport_introspection_c/capella_ros_service_interfaces/msg/detail/irdetection_status__type_support.c.o[0m
[8.747s] [ 60%] Built target capella_ros_service_interfaces__rosidl_typesupport_introspection_cpp
[8.775s] [ 61%] [32mBuilding CXX object CMakeFiles/capella_ros_service_interfaces__rosidl_typesupport_fastrtps_cpp.dir/rosidl_typesupport_fastrtps_cpp/capella_ros_service_interfaces/msg/detail/dds_fastrtps/irdetection_status__type_support.cpp.o[0m
[8.818s] [ 61%] [32mBuilding C object CMakeFiles/capella_ros_service_interfaces__rosidl_typesupport_introspection_c.dir/rosidl_typesupport_introspection_c/capella_ros_service_interfaces/msg/detail/charge_marker_visible__type_support.c.o[0m
[8.830s] [ 63%] [32mBuilding CXX object CMakeFiles/capella_ros_service_interfaces__rosidl_typesupport_fastrtps_cpp.dir/rosidl_typesupport_fastrtps_cpp/capella_ros_service_interfaces/msg/detail/dds_fastrtps/charge_marker_visible__type_support.cpp.o[0m
[8.830s] [ 63%] [32mBuilding CXX object CMakeFiles/capella_ros_service_interfaces__rosidl_typesupport_fastrtps_c.dir/rosidl_typesupport_fastrtps_c/capella_ros_service_interfaces/srv/detail/nav_launch_mode__type_support_c.cpp.o[0m
[8.884s] [ 64%] [32mBuilding CXX object CMakeFiles/capella_ros_service_interfaces__rosidl_typesupport_fastrtps_c.dir/rosidl_typesupport_fastrtps_c/capella_ros_service_interfaces/srv/detail/stop_nav_and_carto__type_support_c.cpp.o[0m
[8.894s] [ 65%] [32mBuilding CXX object CMakeFiles/capella_ros_service_interfaces__rosidl_typesupport_fastrtps_c.dir/rosidl_typesupport_fastrtps_c/capella_ros_service_interfaces/msg/detail/mission_status__type_support_c.cpp.o[0m
[8.984s] [ 66%] [32mBuilding CXX object CMakeFiles/capella_ros_service_interfaces__rosidl_typesupport_fastrtps_c.dir/rosidl_typesupport_fastrtps_c/capella_ros_service_interfaces/msg/detail/person_distance__type_support_c.cpp.o[0m
[9.005s] [ 66%] [32m[1mLinking C shared library libcapella_ros_service_interfaces__rosidl_typesupport_introspection_c.so[0m
[9.245s] [ 67%] [32mBuilding CXX object CMakeFiles/capella_ros_service_interfaces__rosidl_typesupport_fastrtps_c.dir/rosidl_typesupport_fastrtps_c/capella_ros_service_interfaces/msg/detail/compressed_occupancy_grid__type_support_c.cpp.o[0m
[9.311s] [ 68%] [32mBuilding CXX object CMakeFiles/capella_ros_service_interfaces__rosidl_typesupport_fastrtps_c.dir/rosidl_typesupport_fastrtps_c/capella_ros_service_interfaces/msg/detail/irimage_data__type_support_c.cpp.o[0m
[9.388s] [ 68%] Built target capella_ros_service_interfaces__rosidl_typesupport_introspection_c
[9.395s] [ 68%] [32mBuilding CXX object CMakeFiles/capella_ros_service_interfaces__rosidl_typesupport_c.dir/rosidl_typesupport_c/capella_ros_service_interfaces/srv/switch_mode__type_support.cpp.o[0m
[9.399s] [ 69%] [32mBuilding CXX object CMakeFiles/capella_ros_service_interfaces__rosidl_typesupport_c.dir/rosidl_typesupport_c/capella_ros_service_interfaces/srv/cartographer_mode__type_support.cpp.o[0m
[9.495s] [ 70%] [32mBuilding CXX object CMakeFiles/capella_ros_service_interfaces__rosidl_typesupport_c.dir/rosidl_typesupport_c/capella_ros_service_interfaces/srv/nav_launch_mode__type_support.cpp.o[0m
[9.505s] [ 71%] [32mBuilding CXX object CMakeFiles/capella_ros_service_interfaces__rosidl_typesupport_c.dir/rosidl_typesupport_c/capella_ros_service_interfaces/srv/stop_nav_and_carto__type_support.cpp.o[0m
[9.592s] [ 72%] [32mBuilding CXX object CMakeFiles/capella_ros_service_interfaces__rosidl_typesupport_fastrtps_c.dir/rosidl_typesupport_fastrtps_c/capella_ros_service_interfaces/msg/detail/irtemperature_data__type_support_c.cpp.o[0m
[9.611s] [ 72%] [32mBuilding CXX object CMakeFiles/capella_ros_service_interfaces__rosidl_typesupport_fastrtps_c.dir/rosidl_typesupport_fastrtps_c/capella_ros_service_interfaces/msg/detail/irsdk_data__type_support_c.cpp.o[0m
[9.626s] [ 72%] [32mBuilding CXX object CMakeFiles/capella_ros_service_interfaces__rosidl_typesupport_c.dir/rosidl_typesupport_c/capella_ros_service_interfaces/msg/mission_status__type_support.cpp.o[0m
[9.640s] [ 73%] [32mBuilding CXX object CMakeFiles/capella_ros_service_interfaces__rosidl_typesupport_c.dir/rosidl_typesupport_c/capella_ros_service_interfaces/msg/person_distance__type_support.cpp.o[0m
[9.649s] [ 74%] [32mBuilding CXX object CMakeFiles/capella_ros_service_interfaces__rosidl_typesupport_fastrtps_c.dir/rosidl_typesupport_fastrtps_c/capella_ros_service_interfaces/srv/detail/infrared_face_detection__type_support_c.cpp.o[0m
[9.740s] [ 75%] [32mBuilding CXX object CMakeFiles/capella_ros_service_interfaces__rosidl_typesupport_fastrtps_c.dir/rosidl_typesupport_fastrtps_c/capella_ros_service_interfaces/msg/detail/charge_state__type_support_c.cpp.o[0m
[9.753s] [ 76%] [32mBuilding CXX object CMakeFiles/capella_ros_service_interfaces__rosidl_typesupport_c.dir/rosidl_typesupport_c/capella_ros_service_interfaces/msg/compressed_occupancy_grid__type_support.cpp.o[0m
[9.763s] [ 77%] [32mBuilding CXX object CMakeFiles/capella_ros_service_interfaces__rosidl_typesupport_fastrtps_c.dir/rosidl_typesupport_fastrtps_c/capella_ros_service_interfaces/msg/detail/irdetection_status__type_support_c.cpp.o[0m
[9.777s] [ 78%] [32mBuilding CXX object CMakeFiles/capella_ros_service_interfaces__rosidl_typesupport_c.dir/rosidl_typesupport_c/capella_ros_service_interfaces/msg/irimage_data__type_support.cpp.o[0m
[9.917s] [ 78%] [32mBuilding CXX object CMakeFiles/capella_ros_service_interfaces__rosidl_typesupport_c.dir/rosidl_typesupport_c/capella_ros_service_interfaces/msg/irtemperature_data__type_support.cpp.o[0m
[9.935s] [ 78%] [32mBuilding CXX object CMakeFiles/capella_ros_service_interfaces__rosidl_typesupport_fastrtps_c.dir/rosidl_typesupport_fastrtps_c/capella_ros_service_interfaces/msg/detail/charge_marker_visible__type_support_c.cpp.o[0m
[9.959s] [ 79%] [32mBuilding CXX object CMakeFiles/capella_ros_service_interfaces__rosidl_typesupport_c.dir/rosidl_typesupport_c/capella_ros_service_interfaces/msg/irsdk_data__type_support.cpp.o[0m
[10.007s] [ 80%] [32mBuilding CXX object CMakeFiles/capella_ros_service_interfaces__rosidl_typesupport_c.dir/rosidl_typesupport_c/capella_ros_service_interfaces/msg/charge_state__type_support.cpp.o[0m
[10.020s] [ 81%] [32mBuilding CXX object CMakeFiles/capella_ros_service_interfaces__rosidl_typesupport_c.dir/rosidl_typesupport_c/capella_ros_service_interfaces/srv/infrared_face_detection__type_support.cpp.o[0m
[10.024s] [ 81%] [32mBuilding CXX object CMakeFiles/capella_ros_service_interfaces__rosidl_typesupport_c.dir/rosidl_typesupport_c/capella_ros_service_interfaces/msg/irdetection_status__type_support.cpp.o[0m
[10.035s] [ 82%] [32mBuilding CXX object CMakeFiles/capella_ros_service_interfaces__rosidl_typesupport_c.dir/rosidl_typesupport_c/capella_ros_service_interfaces/msg/charge_marker_visible__type_support.cpp.o[0m
[10.120s] [ 83%] [32m[1mLinking CXX shared library libcapella_ros_service_interfaces__rosidl_typesupport_c.so[0m
[10.126s] [ 83%] [32m[1mLinking CXX shared library libcapella_ros_service_interfaces__rosidl_typesupport_fastrtps_cpp.so[0m
[10.424s] [ 83%] Built target capella_ros_service_interfaces__rosidl_typesupport_c
[10.523s] [ 83%] Built target capella_ros_service_interfaces__rosidl_typesupport_fastrtps_cpp
[10.539s] [ 84%] [32m[1mLinking CXX shared library libcapella_ros_service_interfaces__rosidl_typesupport_fastrtps_c.so[0m
[10.910s] [ 84%] Built target capella_ros_service_interfaces__rosidl_typesupport_fastrtps_c
[10.933s] [ 84%] Built target capella_ros_service_interfaces
[10.955s] [ 85%] [34m[1mGenerating Python code for ROS interfaces[0m
[12.818s] [ 85%] Built target capella_ros_service_interfaces__py
[12.833s] [ 90%] [32mBuilding C object CMakeFiles/capella_ros_service_interfaces__rosidl_generator_py.dir/rosidl_generator_py/capella_ros_service_interfaces/srv/_stop_nav_and_carto_s.c.o[0m
[12.833s] [ 90%] [32mBuilding C object CMakeFiles/capella_ros_service_interfaces__rosidl_generator_py.dir/rosidl_generator_py/capella_ros_service_interfaces/msg/_person_distance_s.c.o[0m
[12.833s] [ 90%] [32mBuilding C object CMakeFiles/capella_ros_service_interfaces__rosidl_generator_py.dir/rosidl_generator_py/capella_ros_service_interfaces/srv/_cartographer_mode_s.c.o[0m
[12.833s] [ 90%] [32mBuilding C object CMakeFiles/capella_ros_service_interfaces__rosidl_generator_py.dir/rosidl_generator_py/capella_ros_service_interfaces/msg/_irimage_data_s.c.o[0m
[12.833s] [ 90%] [32mBuilding C object CMakeFiles/capella_ros_service_interfaces__rosidl_generator_py.dir/rosidl_generator_py/capella_ros_service_interfaces/srv/_switch_mode_s.c.o[0m
[12.833s] [ 90%] [32mBuilding C object CMakeFiles/capella_ros_service_interfaces__rosidl_generator_py.dir/rosidl_generator_py/capella_ros_service_interfaces/msg/_mission_status_s.c.o[0m
[12.834s] [ 92%] [32mBuilding C object CMakeFiles/capella_ros_service_interfaces__rosidl_generator_py.dir/rosidl_generator_py/capella_ros_service_interfaces/msg/_compressed_occupancy_grid_s.c.o[0m
[12.834s] [ 92%] [32mBuilding C object CMakeFiles/capella_ros_service_interfaces__rosidl_generator_py.dir/rosidl_generator_py/capella_ros_service_interfaces/msg/_irtemperature_data_s.c.o[0m
[12.834s] [ 90%] [32mBuilding C object CMakeFiles/capella_ros_service_interfaces__rosidl_generator_py.dir/rosidl_generator_py/capella_ros_service_interfaces/srv/_nav_launch_mode_s.c.o[0m
[12.840s] [ 93%] [32mBuilding C object CMakeFiles/capella_ros_service_interfaces__rosidl_generator_py.dir/rosidl_generator_py/capella_ros_service_interfaces/msg/_irsdk_data_s.c.o[0m
[12.840s] [ 93%] [32mBuilding C object CMakeFiles/capella_ros_service_interfaces__rosidl_generator_py.dir/rosidl_generator_py/capella_ros_service_interfaces/srv/_infrared_face_detection_s.c.o[0m
[12.844s] [ 94%] [32mBuilding C object CMakeFiles/capella_ros_service_interfaces__rosidl_generator_py.dir/rosidl_generator_py/capella_ros_service_interfaces/msg/_charge_state_s.c.o[0m
[12.996s] [ 95%] [32mBuilding C object CMakeFiles/capella_ros_service_interfaces__rosidl_generator_py.dir/rosidl_generator_py/capella_ros_service_interfaces/msg/_charge_marker_visible_s.c.o[0m
[12.997s] [ 95%] [32mBuilding C object CMakeFiles/capella_ros_service_interfaces__rosidl_generator_py.dir/rosidl_generator_py/capella_ros_service_interfaces/msg/_irdetection_status_s.c.o[0m
[13.106s] [ 96%] [32m[1mLinking C shared library rosidl_generator_py/capella_ros_service_interfaces/libcapella_ros_service_interfaces__rosidl_generator_py.so[0m
[13.187s] [ 96%] Built target capella_ros_service_interfaces__rosidl_generator_py
[13.201s] [ 97%] [32mBuilding C object CMakeFiles/capella_ros_service_interfaces__rosidl_typesupport_c__pyext.dir/rosidl_generator_py/capella_ros_service_interfaces/_capella_ros_service_interfaces_s.ep.rosidl_typesupport_c.c.o[0m
[13.201s] [ 98%] [32mBuilding C object CMakeFiles/capella_ros_service_interfaces__rosidl_typesupport_fastrtps_c__pyext.dir/rosidl_generator_py/capella_ros_service_interfaces/_capella_ros_service_interfaces_s.ep.rosidl_typesupport_fastrtps_c.c.o[0m
[13.201s] [ 99%] [32mBuilding C object CMakeFiles/capella_ros_service_interfaces__rosidl_typesupport_introspection_c__pyext.dir/rosidl_generator_py/capella_ros_service_interfaces/_capella_ros_service_interfaces_s.ep.rosidl_typesupport_introspection_c.c.o[0m
[13.512s] [100%] [32m[1mLinking C shared library rosidl_generator_py/capella_ros_service_interfaces/capella_ros_service_interfaces_s__rosidl_typesupport_c.cpython-310-x86_64-linux-gnu.so[0m
[13.513s] [100%] [32m[1mLinking C shared library rosidl_generator_py/capella_ros_service_interfaces/capella_ros_service_interfaces_s__rosidl_typesupport_introspection_c.cpython-310-x86_64-linux-gnu.so[0m
[13.518s] [100%] [32m[1mLinking C shared library rosidl_generator_py/capella_ros_service_interfaces/capella_ros_service_interfaces_s__rosidl_typesupport_fastrtps_c.cpython-310-x86_64-linux-gnu.so[0m
[13.641s] [100%] Built target capella_ros_service_interfaces__rosidl_typesupport_introspection_c__pyext
[13.644s] [100%] Built target capella_ros_service_interfaces__rosidl_typesupport_c__pyext
[13.675s] [100%] Built target capella_ros_service_interfaces__rosidl_typesupport_fastrtps_c__pyext
