[0.020s] Invoking command in '/home/ros2/git/mygit/capella_ros_dock/build/capella_ros_service_interfaces': CMAKE_PREFIX_PATH=/opt/ros/humble WSLENV=ELECTRON_RUN_AS_NODE/w:WT_SESSION::WT_PROFILE_ID /usr/bin/cmake --build /home/ros2/git/mygit/capella_ros_dock/build/capella_ros_service_interfaces -- -j12 -l12
[0.127s] [  0%] Built target capella_ros_service_interfaces__cpp
[0.137s] [  0%] Built target ament_cmake_python_symlink_capella_ros_service_interfaces
[0.139s] [ 12%] Built target capella_ros_service_interfaces__rosidl_generator_c
[0.164s] [ 24%] Built target capella_ros_service_interfaces__rosidl_typesupport_cpp
[0.165s] [ 36%] Built target capella_ros_service_interfaces__rosidl_typesupport_fastrtps_cpp
[0.171s] [ 48%] Built target capella_ros_service_interfaces__rosidl_typesupport_introspection_cpp
[0.175s] [ 60%] Built target capella_ros_service_interfaces__rosidl_typesupport_c
[0.186s] [ 72%] Built target capella_ros_service_interfaces__rosidl_typesupport_fastrtps_c
[0.189s] [ 84%] Built target capella_ros_service_interfaces__rosidl_typesupport_introspection_c
[0.209s] [ 84%] Built target capella_ros_service_interfaces
[0.235s] [ 85%] Built target capella_ros_service_interfaces__py
[0.263s] [ 96%] Built target capella_ros_service_interfaces__rosidl_generator_py
[0.285s] [ 98%] Built target capella_ros_service_interfaces__rosidl_typesupport_introspection_c__pyext
[0.286s] [ 99%] Built target capella_ros_service_interfaces__rosidl_typesupport_c__pyext
[0.287s] [100%] Built target capella_ros_service_interfaces__rosidl_typesupport_fastrtps_c__pyext
[0.348s] running egg_info
[0.350s] writing capella_ros_service_interfaces.egg-info/PKG-INFO
[0.350s] writing dependency_links to capella_ros_service_interfaces.egg-info/dependency_links.txt
[0.350s] writing top-level names to capella_ros_service_interfaces.egg-info/top_level.txt
[0.353s] reading manifest file 'capella_ros_service_interfaces.egg-info/SOURCES.txt'
[0.354s] writing manifest file 'capella_ros_service_interfaces.egg-info/SOURCES.txt'
[0.383s] [100%] Built target ament_cmake_python_build_capella_ros_service_interfaces_egg
[0.392s] Invoked command in '/home/ros2/git/mygit/capella_ros_dock/build/capella_ros_service_interfaces' returned '0': CMAKE_PREFIX_PATH=/opt/ros/humble WSLENV=ELECTRON_RUN_AS_NODE/w:WT_SESSION::WT_PROFILE_ID /usr/bin/cmake --build /home/ros2/git/mygit/capella_ros_dock/build/capella_ros_service_interfaces -- -j12 -l12
[0.564s] Invoking command in '/home/ros2/git/mygit/capella_ros_dock/build/capella_ros_service_interfaces': CMAKE_PREFIX_PATH=/opt/ros/humble WSLENV=ELECTRON_RUN_AS_NODE/w:WT_SESSION::WT_PROFILE_ID /usr/bin/cmake --install /home/ros2/git/mygit/capella_ros_dock/build/capella_ros_service_interfaces
[0.571s] -- Install configuration: "RelWithDebInfo"
[0.573s] -- Execute custom install script
[0.573s] -- Up-to-date symlink: /home/ros2/git/mygit/capella_ros_dock/install/share/ament_index/resource_index/rosidl_interfaces/capella_ros_service_interfaces
[0.574s] -- Up-to-date symlink: /home/ros2/git/mygit/capella_ros_dock/install/include/capella_ros_service_interfaces/capella_ros_service_interfaces/msg/charge_marker_visible.h
[0.575s] -- Up-to-date symlink: /home/ros2/git/mygit/capella_ros_dock/install/include/capella_ros_service_interfaces/capella_ros_service_interfaces/msg/charge_state.h
[0.575s] -- Up-to-date symlink: /home/ros2/git/mygit/capella_ros_dock/install/include/capella_ros_service_interfaces/capella_ros_service_interfaces/msg/compressed_occupancy_grid.h
[0.575s] -- Up-to-date symlink: /home/ros2/git/mygit/capella_ros_dock/install/include/capella_ros_service_interfaces/capella_ros_service_interfaces/msg/detail/charge_marker_visible__functions.h
[0.575s] -- Up-to-date symlink: /home/ros2/git/mygit/capella_ros_dock/install/include/capella_ros_service_interfaces/capella_ros_service_interfaces/msg/detail/charge_marker_visible__struct.h
[0.576s] -- Up-to-date symlink: /home/ros2/git/mygit/capella_ros_dock/install/include/capella_ros_service_interfaces/capella_ros_service_interfaces/msg/detail/charge_marker_visible__type_support.h
[0.576s] -- Up-to-date symlink: /home/ros2/git/mygit/capella_ros_dock/install/include/capella_ros_service_interfaces/capella_ros_service_interfaces/msg/detail/charge_state__functions.h
[0.576s] -- Up-to-date symlink: /home/ros2/git/mygit/capella_ros_dock/install/include/capella_ros_service_interfaces/capella_ros_service_interfaces/msg/detail/charge_state__struct.h
[0.577s] -- Up-to-date symlink: /home/ros2/git/mygit/capella_ros_dock/install/include/capella_ros_service_interfaces/capella_ros_service_interfaces/msg/detail/charge_state__type_support.h
[0.577s] -- Up-to-date symlink: /home/ros2/git/mygit/capella_ros_dock/install/include/capella_ros_service_interfaces/capella_ros_service_interfaces/msg/detail/compressed_occupancy_grid__functions.h
[0.577s] -- Up-to-date symlink: /home/ros2/git/mygit/capella_ros_dock/install/include/capella_ros_service_interfaces/capella_ros_service_interfaces/msg/detail/compressed_occupancy_grid__struct.h
[0.577s] -- Up-to-date symlink: /home/ros2/git/mygit/capella_ros_dock/install/include/capella_ros_service_interfaces/capella_ros_service_interfaces/msg/detail/compressed_occupancy_grid__type_support.h
[0.578s] -- Up-to-date symlink: /home/ros2/git/mygit/capella_ros_dock/install/include/capella_ros_service_interfaces/capella_ros_service_interfaces/msg/detail/irdetection_status__functions.h
[0.578s] -- Up-to-date symlink: /home/ros2/git/mygit/capella_ros_dock/install/include/capella_ros_service_interfaces/capella_ros_service_interfaces/msg/detail/irdetection_status__struct.h
[0.578s] -- Up-to-date symlink: /home/ros2/git/mygit/capella_ros_dock/install/include/capella_ros_service_interfaces/capella_ros_service_interfaces/msg/detail/irdetection_status__type_support.h
[0.579s] -- Up-to-date symlink: /home/ros2/git/mygit/capella_ros_dock/install/include/capella_ros_service_interfaces/capella_ros_service_interfaces/msg/detail/irimage_data__functions.h
[0.579s] -- Up-to-date symlink: /home/ros2/git/mygit/capella_ros_dock/install/include/capella_ros_service_interfaces/capella_ros_service_interfaces/msg/detail/irimage_data__struct.h
[0.579s] -- Up-to-date symlink: /home/ros2/git/mygit/capella_ros_dock/install/include/capella_ros_service_interfaces/capella_ros_service_interfaces/msg/detail/irimage_data__type_support.h
[0.580s] -- Up-to-date symlink: /home/ros2/git/mygit/capella_ros_dock/install/include/capella_ros_service_interfaces/capella_ros_service_interfaces/msg/detail/irsdk_data__functions.h
[0.580s] -- Up-to-date symlink: /home/ros2/git/mygit/capella_ros_dock/install/include/capella_ros_service_interfaces/capella_ros_service_interfaces/msg/detail/irsdk_data__struct.h
[0.580s] -- Up-to-date symlink: /home/ros2/git/mygit/capella_ros_dock/install/include/capella_ros_service_interfaces/capella_ros_service_interfaces/msg/detail/irsdk_data__type_support.h
[0.580s] -- Up-to-date symlink: /home/ros2/git/mygit/capella_ros_dock/install/include/capella_ros_service_interfaces/capella_ros_service_interfaces/msg/detail/irtemperature_data__functions.h
[0.581s] -- Up-to-date symlink: /home/ros2/git/mygit/capella_ros_dock/install/include/capella_ros_service_interfaces/capella_ros_service_interfaces/msg/detail/irtemperature_data__struct.h
[0.581s] -- Up-to-date symlink: /home/ros2/git/mygit/capella_ros_dock/install/include/capella_ros_service_interfaces/capella_ros_service_interfaces/msg/detail/irtemperature_data__type_support.h
[0.581s] -- Up-to-date symlink: /home/ros2/git/mygit/capella_ros_dock/install/include/capella_ros_service_interfaces/capella_ros_service_interfaces/msg/detail/mission_status__functions.h
[0.582s] -- Up-to-date symlink: /home/ros2/git/mygit/capella_ros_dock/install/include/capella_ros_service_interfaces/capella_ros_service_interfaces/msg/detail/mission_status__struct.h
[0.582s] -- Up-to-date symlink: /home/ros2/git/mygit/capella_ros_dock/install/include/capella_ros_service_interfaces/capella_ros_service_interfaces/msg/detail/mission_status__type_support.h
[0.582s] -- Up-to-date symlink: /home/ros2/git/mygit/capella_ros_dock/install/include/capella_ros_service_interfaces/capella_ros_service_interfaces/msg/detail/person_distance__functions.h
[0.583s] -- Up-to-date symlink: /home/ros2/git/mygit/capella_ros_dock/install/include/capella_ros_service_interfaces/capella_ros_service_interfaces/msg/detail/person_distance__struct.h
[0.583s] -- Up-to-date symlink: /home/ros2/git/mygit/capella_ros_dock/install/include/capella_ros_service_interfaces/capella_ros_service_interfaces/msg/detail/person_distance__type_support.h
[0.583s] -- Up-to-date symlink: /home/ros2/git/mygit/capella_ros_dock/install/include/capella_ros_service_interfaces/capella_ros_service_interfaces/msg/irdetection_status.h
[0.584s] -- Up-to-date symlink: /home/ros2/git/mygit/capella_ros_dock/install/include/capella_ros_service_interfaces/capella_ros_service_interfaces/msg/irimage_data.h
[0.584s] -- Up-to-date symlink: /home/ros2/git/mygit/capella_ros_dock/install/include/capella_ros_service_interfaces/capella_ros_service_interfaces/msg/irsdk_data.h
[0.584s] -- Up-to-date symlink: /home/ros2/git/mygit/capella_ros_dock/install/include/capella_ros_service_interfaces/capella_ros_service_interfaces/msg/irtemperature_data.h
[0.585s] -- Up-to-date symlink: /home/ros2/git/mygit/capella_ros_dock/install/include/capella_ros_service_interfaces/capella_ros_service_interfaces/msg/mission_status.h
[0.585s] -- Up-to-date symlink: /home/ros2/git/mygit/capella_ros_dock/install/include/capella_ros_service_interfaces/capella_ros_service_interfaces/msg/person_distance.h
[0.585s] -- Up-to-date symlink: /home/ros2/git/mygit/capella_ros_dock/install/include/capella_ros_service_interfaces/capella_ros_service_interfaces/msg/rosidl_generator_c__visibility_control.h
[0.586s] -- Up-to-date symlink: /home/ros2/git/mygit/capella_ros_dock/install/include/capella_ros_service_interfaces/capella_ros_service_interfaces/srv/cartographer_mode.h
[0.586s] -- Up-to-date symlink: /home/ros2/git/mygit/capella_ros_dock/install/include/capella_ros_service_interfaces/capella_ros_service_interfaces/srv/detail/cartographer_mode__functions.h
[0.586s] -- Up-to-date symlink: /home/ros2/git/mygit/capella_ros_dock/install/include/capella_ros_service_interfaces/capella_ros_service_interfaces/srv/detail/cartographer_mode__struct.h
[0.587s] -- Up-to-date symlink: /home/ros2/git/mygit/capella_ros_dock/install/include/capella_ros_service_interfaces/capella_ros_service_interfaces/srv/detail/cartographer_mode__type_support.h
[0.587s] -- Up-to-date symlink: /home/ros2/git/mygit/capella_ros_dock/install/include/capella_ros_service_interfaces/capella_ros_service_interfaces/srv/detail/infrared_face_detection__functions.h
[0.587s] -- Up-to-date symlink: /home/ros2/git/mygit/capella_ros_dock/install/include/capella_ros_service_interfaces/capella_ros_service_interfaces/srv/detail/infrared_face_detection__struct.h
[0.587s] -- Up-to-date symlink: /home/ros2/git/mygit/capella_ros_dock/install/include/capella_ros_service_interfaces/capella_ros_service_interfaces/srv/detail/infrared_face_detection__type_support.h
[0.588s] -- Up-to-date symlink: /home/ros2/git/mygit/capella_ros_dock/install/include/capella_ros_service_interfaces/capella_ros_service_interfaces/srv/detail/nav_launch_mode__functions.h
[0.588s] -- Up-to-date symlink: /home/ros2/git/mygit/capella_ros_dock/install/include/capella_ros_service_interfaces/capella_ros_service_interfaces/srv/detail/nav_launch_mode__struct.h
[0.588s] -- Up-to-date symlink: /home/ros2/git/mygit/capella_ros_dock/install/include/capella_ros_service_interfaces/capella_ros_service_interfaces/srv/detail/nav_launch_mode__type_support.h
[0.589s] -- Up-to-date symlink: /home/ros2/git/mygit/capella_ros_dock/install/include/capella_ros_service_interfaces/capella_ros_service_interfaces/srv/detail/stop_nav_and_carto__functions.h
[0.589s] -- Up-to-date symlink: /home/ros2/git/mygit/capella_ros_dock/install/include/capella_ros_service_interfaces/capella_ros_service_interfaces/srv/detail/stop_nav_and_carto__struct.h
[0.589s] -- Up-to-date symlink: /home/ros2/git/mygit/capella_ros_dock/install/include/capella_ros_service_interfaces/capella_ros_service_interfaces/srv/detail/stop_nav_and_carto__type_support.h
[0.589s] -- Up-to-date symlink: /home/ros2/git/mygit/capella_ros_dock/install/include/capella_ros_service_interfaces/capella_ros_service_interfaces/srv/detail/switch_mode__functions.h
[0.590s] -- Up-to-date symlink: /home/ros2/git/mygit/capella_ros_dock/install/include/capella_ros_service_interfaces/capella_ros_service_interfaces/srv/detail/switch_mode__struct.h
[0.590s] -- Up-to-date symlink: /home/ros2/git/mygit/capella_ros_dock/install/include/capella_ros_service_interfaces/capella_ros_service_interfaces/srv/detail/switch_mode__type_support.h
[0.590s] -- Up-to-date symlink: /home/ros2/git/mygit/capella_ros_dock/install/include/capella_ros_service_interfaces/capella_ros_service_interfaces/srv/infrared_face_detection.h
[0.590s] -- Up-to-date symlink: /home/ros2/git/mygit/capella_ros_dock/install/include/capella_ros_service_interfaces/capella_ros_service_interfaces/srv/nav_launch_mode.h
[0.591s] -- Up-to-date symlink: /home/ros2/git/mygit/capella_ros_dock/install/include/capella_ros_service_interfaces/capella_ros_service_interfaces/srv/stop_nav_and_carto.h
[0.591s] -- Up-to-date symlink: /home/ros2/git/mygit/capella_ros_dock/install/include/capella_ros_service_interfaces/capella_ros_service_interfaces/srv/switch_mode.h
[0.591s] -- Up-to-date symlink: /home/ros2/git/mygit/capella_ros_dock/install/share/capella_ros_service_interfaces/environment/library_path.sh
[0.591s] -- Up-to-date symlink: /home/ros2/git/mygit/capella_ros_dock/install/share/capella_ros_service_interfaces/environment/library_path.dsv
[0.592s] -- Up-to-date symlink: /home/ros2/git/mygit/capella_ros_dock/install/include/capella_ros_service_interfaces/capella_ros_service_interfaces/msg/detail/charge_marker_visible__rosidl_typesupport_fastrtps_c.h
[0.592s] -- Up-to-date symlink: /home/ros2/git/mygit/capella_ros_dock/install/include/capella_ros_service_interfaces/capella_ros_service_interfaces/msg/detail/charge_state__rosidl_typesupport_fastrtps_c.h
[0.593s] -- Up-to-date symlink: /home/ros2/git/mygit/capella_ros_dock/install/include/capella_ros_service_interfaces/capella_ros_service_interfaces/msg/detail/compressed_occupancy_grid__rosidl_typesupport_fastrtps_c.h
[0.593s] -- Up-to-date symlink: /home/ros2/git/mygit/capella_ros_dock/install/include/capella_ros_service_interfaces/capella_ros_service_interfaces/msg/detail/irdetection_status__rosidl_typesupport_fastrtps_c.h
[0.593s] -- Up-to-date symlink: /home/ros2/git/mygit/capella_ros_dock/install/include/capella_ros_service_interfaces/capella_ros_service_interfaces/msg/detail/irimage_data__rosidl_typesupport_fastrtps_c.h
[0.594s] -- Up-to-date symlink: /home/ros2/git/mygit/capella_ros_dock/install/include/capella_ros_service_interfaces/capella_ros_service_interfaces/msg/detail/irsdk_data__rosidl_typesupport_fastrtps_c.h
[0.594s] -- Up-to-date symlink: /home/ros2/git/mygit/capella_ros_dock/install/include/capella_ros_service_interfaces/capella_ros_service_interfaces/msg/detail/irtemperature_data__rosidl_typesupport_fastrtps_c.h
[0.594s] -- Up-to-date symlink: /home/ros2/git/mygit/capella_ros_dock/install/include/capella_ros_service_interfaces/capella_ros_service_interfaces/msg/detail/mission_status__rosidl_typesupport_fastrtps_c.h
[0.595s] -- Up-to-date symlink: /home/ros2/git/mygit/capella_ros_dock/install/include/capella_ros_service_interfaces/capella_ros_service_interfaces/msg/detail/person_distance__rosidl_typesupport_fastrtps_c.h
[0.595s] -- Up-to-date symlink: /home/ros2/git/mygit/capella_ros_dock/install/include/capella_ros_service_interfaces/capella_ros_service_interfaces/msg/rosidl_typesupport_fastrtps_c__visibility_control.h
[0.595s] -- Up-to-date symlink: /home/ros2/git/mygit/capella_ros_dock/install/include/capella_ros_service_interfaces/capella_ros_service_interfaces/srv/detail/cartographer_mode__rosidl_typesupport_fastrtps_c.h
[0.595s] -- Up-to-date symlink: /home/ros2/git/mygit/capella_ros_dock/install/include/capella_ros_service_interfaces/capella_ros_service_interfaces/srv/detail/infrared_face_detection__rosidl_typesupport_fastrtps_c.h
[0.596s] -- Up-to-date symlink: /home/ros2/git/mygit/capella_ros_dock/install/include/capella_ros_service_interfaces/capella_ros_service_interfaces/srv/detail/nav_launch_mode__rosidl_typesupport_fastrtps_c.h
[0.596s] -- Up-to-date symlink: /home/ros2/git/mygit/capella_ros_dock/install/include/capella_ros_service_interfaces/capella_ros_service_interfaces/srv/detail/stop_nav_and_carto__rosidl_typesupport_fastrtps_c.h
[0.596s] -- Up-to-date symlink: /home/ros2/git/mygit/capella_ros_dock/install/include/capella_ros_service_interfaces/capella_ros_service_interfaces/srv/detail/switch_mode__rosidl_typesupport_fastrtps_c.h
[0.597s] -- Up-to-date symlink: /home/ros2/git/mygit/capella_ros_dock/install/include/capella_ros_service_interfaces/capella_ros_service_interfaces/msg/detail/charge_marker_visible__rosidl_typesupport_introspection_c.h
[0.597s] -- Up-to-date symlink: /home/ros2/git/mygit/capella_ros_dock/install/include/capella_ros_service_interfaces/capella_ros_service_interfaces/msg/detail/charge_state__rosidl_typesupport_introspection_c.h
[0.598s] -- Up-to-date symlink: /home/ros2/git/mygit/capella_ros_dock/install/include/capella_ros_service_interfaces/capella_ros_service_interfaces/msg/detail/compressed_occupancy_grid__rosidl_typesupport_introspection_c.h
[0.598s] -- Up-to-date symlink: /home/ros2/git/mygit/capella_ros_dock/install/include/capella_ros_service_interfaces/capella_ros_service_interfaces/msg/detail/irdetection_status__rosidl_typesupport_introspection_c.h
[0.598s] -- Up-to-date symlink: /home/ros2/git/mygit/capella_ros_dock/install/include/capella_ros_service_interfaces/capella_ros_service_interfaces/msg/detail/irimage_data__rosidl_typesupport_introspection_c.h
[0.599s] -- Up-to-date symlink: /home/ros2/git/mygit/capella_ros_dock/install/include/capella_ros_service_interfaces/capella_ros_service_interfaces/msg/detail/irsdk_data__rosidl_typesupport_introspection_c.h
[0.599s] -- Up-to-date symlink: /home/ros2/git/mygit/capella_ros_dock/install/include/capella_ros_service_interfaces/capella_ros_service_interfaces/msg/detail/irtemperature_data__rosidl_typesupport_introspection_c.h
[0.599s] -- Up-to-date symlink: /home/ros2/git/mygit/capella_ros_dock/install/include/capella_ros_service_interfaces/capella_ros_service_interfaces/msg/detail/mission_status__rosidl_typesupport_introspection_c.h
[0.599s] -- Up-to-date symlink: /home/ros2/git/mygit/capella_ros_dock/install/include/capella_ros_service_interfaces/capella_ros_service_interfaces/msg/detail/person_distance__rosidl_typesupport_introspection_c.h
[0.599s] -- Up-to-date symlink: /home/ros2/git/mygit/capella_ros_dock/install/include/capella_ros_service_interfaces/capella_ros_service_interfaces/msg/rosidl_typesupport_introspection_c__visibility_control.h
[0.600s] -- Up-to-date symlink: /home/ros2/git/mygit/capella_ros_dock/install/include/capella_ros_service_interfaces/capella_ros_service_interfaces/srv/detail/cartographer_mode__rosidl_typesupport_introspection_c.h
[0.600s] -- Up-to-date symlink: /home/ros2/git/mygit/capella_ros_dock/install/include/capella_ros_service_interfaces/capella_ros_service_interfaces/srv/detail/infrared_face_detection__rosidl_typesupport_introspection_c.h
[0.600s] -- Up-to-date symlink: /home/ros2/git/mygit/capella_ros_dock/install/include/capella_ros_service_interfaces/capella_ros_service_interfaces/srv/detail/nav_launch_mode__rosidl_typesupport_introspection_c.h
[0.601s] -- Up-to-date symlink: /home/ros2/git/mygit/capella_ros_dock/install/include/capella_ros_service_interfaces/capella_ros_service_interfaces/srv/detail/stop_nav_and_carto__rosidl_typesupport_introspection_c.h
[0.601s] -- Up-to-date symlink: /home/ros2/git/mygit/capella_ros_dock/install/include/capella_ros_service_interfaces/capella_ros_service_interfaces/srv/detail/switch_mode__rosidl_typesupport_introspection_c.h
[0.601s] -- Up-to-date symlink: /home/ros2/git/mygit/capella_ros_dock/install/include/capella_ros_service_interfaces/capella_ros_service_interfaces/msg/charge_marker_visible.hpp
[0.602s] -- Up-to-date symlink: /home/ros2/git/mygit/capella_ros_dock/install/include/capella_ros_service_interfaces/capella_ros_service_interfaces/msg/charge_state.hpp
[0.602s] -- Up-to-date symlink: /home/ros2/git/mygit/capella_ros_dock/install/include/capella_ros_service_interfaces/capella_ros_service_interfaces/msg/compressed_occupancy_grid.hpp
[0.602s] -- Up-to-date symlink: /home/ros2/git/mygit/capella_ros_dock/install/include/capella_ros_service_interfaces/capella_ros_service_interfaces/msg/detail/charge_marker_visible__builder.hpp
[0.602s] -- Up-to-date symlink: /home/ros2/git/mygit/capella_ros_dock/install/include/capella_ros_service_interfaces/capella_ros_service_interfaces/msg/detail/charge_marker_visible__struct.hpp
[0.602s] -- Up-to-date symlink: /home/ros2/git/mygit/capella_ros_dock/install/include/capella_ros_service_interfaces/capella_ros_service_interfaces/msg/detail/charge_marker_visible__traits.hpp
[0.602s] -- Up-to-date symlink: /home/ros2/git/mygit/capella_ros_dock/install/include/capella_ros_service_interfaces/capella_ros_service_interfaces/msg/detail/charge_state__builder.hpp
[0.603s] -- Up-to-date symlink: /home/ros2/git/mygit/capella_ros_dock/install/include/capella_ros_service_interfaces/capella_ros_service_interfaces/msg/detail/charge_state__struct.hpp
[0.603s] -- Up-to-date symlink: /home/ros2/git/mygit/capella_ros_dock/install/include/capella_ros_service_interfaces/capella_ros_service_interfaces/msg/detail/charge_state__traits.hpp
[0.603s] -- Up-to-date symlink: /home/ros2/git/mygit/capella_ros_dock/install/include/capella_ros_service_interfaces/capella_ros_service_interfaces/msg/detail/compressed_occupancy_grid__builder.hpp
[0.603s] -- Up-to-date symlink: /home/ros2/git/mygit/capella_ros_dock/install/include/capella_ros_service_interfaces/capella_ros_service_interfaces/msg/detail/compressed_occupancy_grid__struct.hpp
[0.603s] -- Up-to-date symlink: /home/ros2/git/mygit/capella_ros_dock/install/include/capella_ros_service_interfaces/capella_ros_service_interfaces/msg/detail/compressed_occupancy_grid__traits.hpp
[0.603s] -- Up-to-date symlink: /home/ros2/git/mygit/capella_ros_dock/install/include/capella_ros_service_interfaces/capella_ros_service_interfaces/msg/detail/irdetection_status__builder.hpp
[0.603s] -- Up-to-date symlink: /home/ros2/git/mygit/capella_ros_dock/install/include/capella_ros_service_interfaces/capella_ros_service_interfaces/msg/detail/irdetection_status__struct.hpp
[0.603s] -- Up-to-date symlink: /home/ros2/git/mygit/capella_ros_dock/install/include/capella_ros_service_interfaces/capella_ros_service_interfaces/msg/detail/irdetection_status__traits.hpp
[0.604s] -- Up-to-date symlink: /home/ros2/git/mygit/capella_ros_dock/install/include/capella_ros_service_interfaces/capella_ros_service_interfaces/msg/detail/irimage_data__builder.hpp
[0.604s] -- Up-to-date symlink: /home/ros2/git/mygit/capella_ros_dock/install/include/capella_ros_service_interfaces/capella_ros_service_interfaces/msg/detail/irimage_data__struct.hpp
[0.604s] -- Up-to-date symlink: /home/ros2/git/mygit/capella_ros_dock/install/include/capella_ros_service_interfaces/capella_ros_service_interfaces/msg/detail/irimage_data__traits.hpp
[0.604s] -- Up-to-date symlink: /home/ros2/git/mygit/capella_ros_dock/install/include/capella_ros_service_interfaces/capella_ros_service_interfaces/msg/detail/irsdk_data__builder.hpp
[0.605s] -- Up-to-date symlink: /home/ros2/git/mygit/capella_ros_dock/install/include/capella_ros_service_interfaces/capella_ros_service_interfaces/msg/detail/irsdk_data__struct.hpp
[0.605s] -- Up-to-date symlink: /home/ros2/git/mygit/capella_ros_dock/install/include/capella_ros_service_interfaces/capella_ros_service_interfaces/msg/detail/irsdk_data__traits.hpp
[0.605s] -- Up-to-date symlink: /home/ros2/git/mygit/capella_ros_dock/install/include/capella_ros_service_interfaces/capella_ros_service_interfaces/msg/detail/irtemperature_data__builder.hpp
[0.605s] -- Up-to-date symlink: /home/ros2/git/mygit/capella_ros_dock/install/include/capella_ros_service_interfaces/capella_ros_service_interfaces/msg/detail/irtemperature_data__struct.hpp
[0.606s] -- Up-to-date symlink: /home/ros2/git/mygit/capella_ros_dock/install/include/capella_ros_service_interfaces/capella_ros_service_interfaces/msg/detail/irtemperature_data__traits.hpp
[0.606s] -- Up-to-date symlink: /home/ros2/git/mygit/capella_ros_dock/install/include/capella_ros_service_interfaces/capella_ros_service_interfaces/msg/detail/mission_status__builder.hpp
[0.606s] -- Up-to-date symlink: /home/ros2/git/mygit/capella_ros_dock/install/include/capella_ros_service_interfaces/capella_ros_service_interfaces/msg/detail/mission_status__struct.hpp
[0.606s] -- Up-to-date symlink: /home/ros2/git/mygit/capella_ros_dock/install/include/capella_ros_service_interfaces/capella_ros_service_interfaces/msg/detail/mission_status__traits.hpp
[0.607s] -- Up-to-date symlink: /home/ros2/git/mygit/capella_ros_dock/install/include/capella_ros_service_interfaces/capella_ros_service_interfaces/msg/detail/person_distance__builder.hpp
[0.607s] -- Up-to-date symlink: /home/ros2/git/mygit/capella_ros_dock/install/include/capella_ros_service_interfaces/capella_ros_service_interfaces/msg/detail/person_distance__struct.hpp
[0.607s] -- Up-to-date symlink: /home/ros2/git/mygit/capella_ros_dock/install/include/capella_ros_service_interfaces/capella_ros_service_interfaces/msg/detail/person_distance__traits.hpp
[0.607s] -- Up-to-date symlink: /home/ros2/git/mygit/capella_ros_dock/install/include/capella_ros_service_interfaces/capella_ros_service_interfaces/msg/irdetection_status.hpp
[0.608s] -- Up-to-date symlink: /home/ros2/git/mygit/capella_ros_dock/install/include/capella_ros_service_interfaces/capella_ros_service_interfaces/msg/irimage_data.hpp
[0.608s] -- Up-to-date symlink: /home/ros2/git/mygit/capella_ros_dock/install/include/capella_ros_service_interfaces/capella_ros_service_interfaces/msg/irsdk_data.hpp
[0.608s] -- Up-to-date symlink: /home/ros2/git/mygit/capella_ros_dock/install/include/capella_ros_service_interfaces/capella_ros_service_interfaces/msg/irtemperature_data.hpp
[0.609s] -- Up-to-date symlink: /home/ros2/git/mygit/capella_ros_dock/install/include/capella_ros_service_interfaces/capella_ros_service_interfaces/msg/mission_status.hpp
[0.609s] -- Up-to-date symlink: /home/ros2/git/mygit/capella_ros_dock/install/include/capella_ros_service_interfaces/capella_ros_service_interfaces/msg/person_distance.hpp
[0.609s] -- Up-to-date symlink: /home/ros2/git/mygit/capella_ros_dock/install/include/capella_ros_service_interfaces/capella_ros_service_interfaces/srv/cartographer_mode.hpp
[0.609s] -- Up-to-date symlink: /home/ros2/git/mygit/capella_ros_dock/install/include/capella_ros_service_interfaces/capella_ros_service_interfaces/srv/detail/cartographer_mode__builder.hpp
[0.610s] -- Up-to-date symlink: /home/ros2/git/mygit/capella_ros_dock/install/include/capella_ros_service_interfaces/capella_ros_service_interfaces/srv/detail/cartographer_mode__struct.hpp
[0.610s] -- Up-to-date symlink: /home/ros2/git/mygit/capella_ros_dock/install/include/capella_ros_service_interfaces/capella_ros_service_interfaces/srv/detail/cartographer_mode__traits.hpp
[0.610s] -- Up-to-date symlink: /home/ros2/git/mygit/capella_ros_dock/install/include/capella_ros_service_interfaces/capella_ros_service_interfaces/srv/detail/infrared_face_detection__builder.hpp
[0.611s] -- Up-to-date symlink: /home/ros2/git/mygit/capella_ros_dock/install/include/capella_ros_service_interfaces/capella_ros_service_interfaces/srv/detail/infrared_face_detection__struct.hpp
[0.611s] -- Up-to-date symlink: /home/ros2/git/mygit/capella_ros_dock/install/include/capella_ros_service_interfaces/capella_ros_service_interfaces/srv/detail/infrared_face_detection__traits.hpp
[0.612s] -- Up-to-date symlink: /home/ros2/git/mygit/capella_ros_dock/install/include/capella_ros_service_interfaces/capella_ros_service_interfaces/srv/detail/nav_launch_mode__builder.hpp
[0.612s] -- Up-to-date symlink: /home/ros2/git/mygit/capella_ros_dock/install/include/capella_ros_service_interfaces/capella_ros_service_interfaces/srv/detail/nav_launch_mode__struct.hpp
[0.612s] -- Up-to-date symlink: /home/ros2/git/mygit/capella_ros_dock/install/include/capella_ros_service_interfaces/capella_ros_service_interfaces/srv/detail/nav_launch_mode__traits.hpp
[0.612s] -- Up-to-date symlink: /home/ros2/git/mygit/capella_ros_dock/install/include/capella_ros_service_interfaces/capella_ros_service_interfaces/srv/detail/stop_nav_and_carto__builder.hpp
[0.613s] -- Up-to-date symlink: /home/ros2/git/mygit/capella_ros_dock/install/include/capella_ros_service_interfaces/capella_ros_service_interfaces/srv/detail/stop_nav_and_carto__struct.hpp
[0.613s] -- Up-to-date symlink: /home/ros2/git/mygit/capella_ros_dock/install/include/capella_ros_service_interfaces/capella_ros_service_interfaces/srv/detail/stop_nav_and_carto__traits.hpp
[0.613s] -- Up-to-date symlink: /home/ros2/git/mygit/capella_ros_dock/install/include/capella_ros_service_interfaces/capella_ros_service_interfaces/srv/detail/switch_mode__builder.hpp
[0.614s] -- Up-to-date symlink: /home/ros2/git/mygit/capella_ros_dock/install/include/capella_ros_service_interfaces/capella_ros_service_interfaces/srv/detail/switch_mode__struct.hpp
[0.614s] -- Up-to-date symlink: /home/ros2/git/mygit/capella_ros_dock/install/include/capella_ros_service_interfaces/capella_ros_service_interfaces/srv/detail/switch_mode__traits.hpp
[0.615s] -- Up-to-date symlink: /home/ros2/git/mygit/capella_ros_dock/install/include/capella_ros_service_interfaces/capella_ros_service_interfaces/srv/infrared_face_detection.hpp
[0.615s] -- Up-to-date symlink: /home/ros2/git/mygit/capella_ros_dock/install/include/capella_ros_service_interfaces/capella_ros_service_interfaces/srv/nav_launch_mode.hpp
[0.615s] -- Up-to-date symlink: /home/ros2/git/mygit/capella_ros_dock/install/include/capella_ros_service_interfaces/capella_ros_service_interfaces/srv/stop_nav_and_carto.hpp
[0.615s] -- Up-to-date symlink: /home/ros2/git/mygit/capella_ros_dock/install/include/capella_ros_service_interfaces/capella_ros_service_interfaces/srv/switch_mode.hpp
[0.616s] -- Up-to-date symlink: /home/ros2/git/mygit/capella_ros_dock/install/include/capella_ros_service_interfaces/capella_ros_service_interfaces/msg/detail/charge_marker_visible__rosidl_typesupport_fastrtps_cpp.hpp
[0.616s] -- Up-to-date symlink: /home/ros2/git/mygit/capella_ros_dock/install/include/capella_ros_service_interfaces/capella_ros_service_interfaces/msg/detail/charge_state__rosidl_typesupport_fastrtps_cpp.hpp
[0.616s] -- Up-to-date symlink: /home/ros2/git/mygit/capella_ros_dock/install/include/capella_ros_service_interfaces/capella_ros_service_interfaces/msg/detail/compressed_occupancy_grid__rosidl_typesupport_fastrtps_cpp.hpp
[0.617s] -- Up-to-date symlink: /home/ros2/git/mygit/capella_ros_dock/install/include/capella_ros_service_interfaces/capella_ros_service_interfaces/msg/detail/irdetection_status__rosidl_typesupport_fastrtps_cpp.hpp
[0.617s] -- Up-to-date symlink: /home/ros2/git/mygit/capella_ros_dock/install/include/capella_ros_service_interfaces/capella_ros_service_interfaces/msg/detail/irimage_data__rosidl_typesupport_fastrtps_cpp.hpp
[0.617s] -- Up-to-date symlink: /home/ros2/git/mygit/capella_ros_dock/install/include/capella_ros_service_interfaces/capella_ros_service_interfaces/msg/detail/irsdk_data__rosidl_typesupport_fastrtps_cpp.hpp
[0.617s] -- Up-to-date symlink: /home/ros2/git/mygit/capella_ros_dock/install/include/capella_ros_service_interfaces/capella_ros_service_interfaces/msg/detail/irtemperature_data__rosidl_typesupport_fastrtps_cpp.hpp
[0.618s] -- Up-to-date symlink: /home/ros2/git/mygit/capella_ros_dock/install/include/capella_ros_service_interfaces/capella_ros_service_interfaces/msg/detail/mission_status__rosidl_typesupport_fastrtps_cpp.hpp
[0.618s] -- Up-to-date symlink: /home/ros2/git/mygit/capella_ros_dock/install/include/capella_ros_service_interfaces/capella_ros_service_interfaces/msg/detail/person_distance__rosidl_typesupport_fastrtps_cpp.hpp
[0.618s] -- Up-to-date symlink: /home/ros2/git/mygit/capella_ros_dock/install/include/capella_ros_service_interfaces/capella_ros_service_interfaces/msg/rosidl_typesupport_fastrtps_cpp__visibility_control.h
[0.618s] -- Up-to-date symlink: /home/ros2/git/mygit/capella_ros_dock/install/include/capella_ros_service_interfaces/capella_ros_service_interfaces/srv/detail/cartographer_mode__rosidl_typesupport_fastrtps_cpp.hpp
[0.619s] -- Up-to-date symlink: /home/ros2/git/mygit/capella_ros_dock/install/include/capella_ros_service_interfaces/capella_ros_service_interfaces/srv/detail/infrared_face_detection__rosidl_typesupport_fastrtps_cpp.hpp
[0.619s] -- Up-to-date symlink: /home/ros2/git/mygit/capella_ros_dock/install/include/capella_ros_service_interfaces/capella_ros_service_interfaces/srv/detail/nav_launch_mode__rosidl_typesupport_fastrtps_cpp.hpp
[0.619s] -- Up-to-date symlink: /home/ros2/git/mygit/capella_ros_dock/install/include/capella_ros_service_interfaces/capella_ros_service_interfaces/srv/detail/stop_nav_and_carto__rosidl_typesupport_fastrtps_cpp.hpp
[0.619s] -- Up-to-date symlink: /home/ros2/git/mygit/capella_ros_dock/install/include/capella_ros_service_interfaces/capella_ros_service_interfaces/srv/detail/switch_mode__rosidl_typesupport_fastrtps_cpp.hpp
[0.620s] -- Up-to-date symlink: /home/ros2/git/mygit/capella_ros_dock/install/include/capella_ros_service_interfaces/capella_ros_service_interfaces/msg/detail/charge_marker_visible__rosidl_typesupport_introspection_cpp.hpp
[0.620s] -- Up-to-date symlink: /home/ros2/git/mygit/capella_ros_dock/install/include/capella_ros_service_interfaces/capella_ros_service_interfaces/msg/detail/charge_state__rosidl_typesupport_introspection_cpp.hpp
[0.620s] -- Up-to-date symlink: /home/ros2/git/mygit/capella_ros_dock/install/include/capella_ros_service_interfaces/capella_ros_service_interfaces/msg/detail/compressed_occupancy_grid__rosidl_typesupport_introspection_cpp.hpp
[0.621s] -- Up-to-date symlink: /home/ros2/git/mygit/capella_ros_dock/install/include/capella_ros_service_interfaces/capella_ros_service_interfaces/msg/detail/irdetection_status__rosidl_typesupport_introspection_cpp.hpp
[0.621s] -- Up-to-date symlink: /home/ros2/git/mygit/capella_ros_dock/install/include/capella_ros_service_interfaces/capella_ros_service_interfaces/msg/detail/irimage_data__rosidl_typesupport_introspection_cpp.hpp
[0.621s] -- Up-to-date symlink: /home/ros2/git/mygit/capella_ros_dock/install/include/capella_ros_service_interfaces/capella_ros_service_interfaces/msg/detail/irsdk_data__rosidl_typesupport_introspection_cpp.hpp
[0.621s] -- Up-to-date symlink: /home/ros2/git/mygit/capella_ros_dock/install/include/capella_ros_service_interfaces/capella_ros_service_interfaces/msg/detail/irtemperature_data__rosidl_typesupport_introspection_cpp.hpp
[0.622s] -- Up-to-date symlink: /home/ros2/git/mygit/capella_ros_dock/install/include/capella_ros_service_interfaces/capella_ros_service_interfaces/msg/detail/mission_status__rosidl_typesupport_introspection_cpp.hpp
[0.622s] -- Up-to-date symlink: /home/ros2/git/mygit/capella_ros_dock/install/include/capella_ros_service_interfaces/capella_ros_service_interfaces/msg/detail/person_distance__rosidl_typesupport_introspection_cpp.hpp
[0.622s] -- Up-to-date symlink: /home/ros2/git/mygit/capella_ros_dock/install/include/capella_ros_service_interfaces/capella_ros_service_interfaces/srv/detail/cartographer_mode__rosidl_typesupport_introspection_cpp.hpp
[0.622s] -- Up-to-date symlink: /home/ros2/git/mygit/capella_ros_dock/install/include/capella_ros_service_interfaces/capella_ros_service_interfaces/srv/detail/infrared_face_detection__rosidl_typesupport_introspection_cpp.hpp
[0.622s] -- Up-to-date symlink: /home/ros2/git/mygit/capella_ros_dock/install/include/capella_ros_service_interfaces/capella_ros_service_interfaces/srv/detail/nav_launch_mode__rosidl_typesupport_introspection_cpp.hpp
[0.623s] -- Up-to-date symlink: /home/ros2/git/mygit/capella_ros_dock/install/include/capella_ros_service_interfaces/capella_ros_service_interfaces/srv/detail/stop_nav_and_carto__rosidl_typesupport_introspection_cpp.hpp
[0.623s] -- Up-to-date symlink: /home/ros2/git/mygit/capella_ros_dock/install/include/capella_ros_service_interfaces/capella_ros_service_interfaces/srv/detail/switch_mode__rosidl_typesupport_introspection_cpp.hpp
[0.623s] -- Up-to-date symlink: /home/ros2/git/mygit/capella_ros_dock/install/share/capella_ros_service_interfaces/environment/pythonpath.sh
[0.624s] -- Up-to-date symlink: /home/ros2/git/mygit/capella_ros_dock/install/share/capella_ros_service_interfaces/environment/pythonpath.dsv
[0.624s] -- Up-to-date symlink: /home/ros2/git/mygit/capella_ros_dock/install/local/lib/python3.10/dist-packages/capella_ros_service_interfaces-0.0.0-py3.10.egg-info/PKG-INFO
[0.624s] -- Up-to-date symlink: /home/ros2/git/mygit/capella_ros_dock/install/local/lib/python3.10/dist-packages/capella_ros_service_interfaces-0.0.0-py3.10.egg-info/SOURCES.txt
[0.625s] -- Up-to-date symlink: /home/ros2/git/mygit/capella_ros_dock/install/local/lib/python3.10/dist-packages/capella_ros_service_interfaces-0.0.0-py3.10.egg-info/dependency_links.txt
[0.625s] -- Up-to-date symlink: /home/ros2/git/mygit/capella_ros_dock/install/local/lib/python3.10/dist-packages/capella_ros_service_interfaces-0.0.0-py3.10.egg-info/top_level.txt
[0.626s] -- Up-to-date symlink: /home/ros2/git/mygit/capella_ros_dock/install/local/lib/python3.10/dist-packages/capella_ros_service_interfaces/__init__.py
[0.626s] -- Up-to-date symlink: /home/ros2/git/mygit/capella_ros_dock/install/local/lib/python3.10/dist-packages/capella_ros_service_interfaces/_capella_ros_service_interfaces_s.ep.rosidl_typesupport_c.c
[0.627s] -- Up-to-date symlink: /home/ros2/git/mygit/capella_ros_dock/install/local/lib/python3.10/dist-packages/capella_ros_service_interfaces/_capella_ros_service_interfaces_s.ep.rosidl_typesupport_fastrtps_c.c
[0.627s] -- Up-to-date symlink: /home/ros2/git/mygit/capella_ros_dock/install/local/lib/python3.10/dist-packages/capella_ros_service_interfaces/_capella_ros_service_interfaces_s.ep.rosidl_typesupport_introspection_c.c
[0.627s] -- Up-to-date symlink: /home/ros2/git/mygit/capella_ros_dock/install/local/lib/python3.10/dist-packages/capella_ros_service_interfaces/capella_ros_service_interfaces_s__rosidl_typesupport_c.cpython-310-x86_64-linux-gnu.so
[0.627s] -- Up-to-date symlink: /home/ros2/git/mygit/capella_ros_dock/install/local/lib/python3.10/dist-packages/capella_ros_service_interfaces/capella_ros_service_interfaces_s__rosidl_typesupport_fastrtps_c.cpython-310-x86_64-linux-gnu.so
[0.628s] -- Up-to-date symlink: /home/ros2/git/mygit/capella_ros_dock/install/local/lib/python3.10/dist-packages/capella_ros_service_interfaces/capella_ros_service_interfaces_s__rosidl_typesupport_introspection_c.cpython-310-x86_64-linux-gnu.so
[0.628s] -- Up-to-date symlink: /home/ros2/git/mygit/capella_ros_dock/install/local/lib/python3.10/dist-packages/capella_ros_service_interfaces/libcapella_ros_service_interfaces__rosidl_generator_py.so
[0.628s] -- Up-to-date symlink: /home/ros2/git/mygit/capella_ros_dock/install/local/lib/python3.10/dist-packages/capella_ros_service_interfaces/msg/__init__.py
[0.629s] -- Up-to-date symlink: /home/ros2/git/mygit/capella_ros_dock/install/local/lib/python3.10/dist-packages/capella_ros_service_interfaces/msg/_charge_marker_visible.py
[0.629s] -- Up-to-date symlink: /home/ros2/git/mygit/capella_ros_dock/install/local/lib/python3.10/dist-packages/capella_ros_service_interfaces/msg/_charge_marker_visible_s.c
[0.629s] -- Up-to-date symlink: /home/ros2/git/mygit/capella_ros_dock/install/local/lib/python3.10/dist-packages/capella_ros_service_interfaces/msg/_charge_state.py
[0.629s] -- Up-to-date symlink: /home/ros2/git/mygit/capella_ros_dock/install/local/lib/python3.10/dist-packages/capella_ros_service_interfaces/msg/_charge_state_s.c
[0.629s] -- Up-to-date symlink: /home/ros2/git/mygit/capella_ros_dock/install/local/lib/python3.10/dist-packages/capella_ros_service_interfaces/msg/_compressed_occupancy_grid.py
[0.630s] -- Up-to-date symlink: /home/ros2/git/mygit/capella_ros_dock/install/local/lib/python3.10/dist-packages/capella_ros_service_interfaces/msg/_compressed_occupancy_grid_s.c
[0.630s] -- Up-to-date symlink: /home/ros2/git/mygit/capella_ros_dock/install/local/lib/python3.10/dist-packages/capella_ros_service_interfaces/msg/_irdetection_status.py
[0.630s] -- Up-to-date symlink: /home/ros2/git/mygit/capella_ros_dock/install/local/lib/python3.10/dist-packages/capella_ros_service_interfaces/msg/_irdetection_status_s.c
[0.630s] -- Up-to-date symlink: /home/ros2/git/mygit/capella_ros_dock/install/local/lib/python3.10/dist-packages/capella_ros_service_interfaces/msg/_irimage_data.py
[0.631s] -- Up-to-date symlink: /home/ros2/git/mygit/capella_ros_dock/install/local/lib/python3.10/dist-packages/capella_ros_service_interfaces/msg/_irimage_data_s.c
[0.631s] -- Up-to-date symlink: /home/ros2/git/mygit/capella_ros_dock/install/local/lib/python3.10/dist-packages/capella_ros_service_interfaces/msg/_irsdk_data.py
[0.631s] -- Up-to-date symlink: /home/ros2/git/mygit/capella_ros_dock/install/local/lib/python3.10/dist-packages/capella_ros_service_interfaces/msg/_irsdk_data_s.c
[0.632s] -- Up-to-date symlink: /home/ros2/git/mygit/capella_ros_dock/install/local/lib/python3.10/dist-packages/capella_ros_service_interfaces/msg/_irtemperature_data.py
[0.632s] -- Up-to-date symlink: /home/ros2/git/mygit/capella_ros_dock/install/local/lib/python3.10/dist-packages/capella_ros_service_interfaces/msg/_irtemperature_data_s.c
[0.632s] -- Up-to-date symlink: /home/ros2/git/mygit/capella_ros_dock/install/local/lib/python3.10/dist-packages/capella_ros_service_interfaces/msg/_mission_status.py
[0.633s] -- Up-to-date symlink: /home/ros2/git/mygit/capella_ros_dock/install/local/lib/python3.10/dist-packages/capella_ros_service_interfaces/msg/_mission_status_s.c
[0.633s] -- Up-to-date symlink: /home/ros2/git/mygit/capella_ros_dock/install/local/lib/python3.10/dist-packages/capella_ros_service_interfaces/msg/_person_distance.py
[0.633s] -- Up-to-date symlink: /home/ros2/git/mygit/capella_ros_dock/install/local/lib/python3.10/dist-packages/capella_ros_service_interfaces/msg/_person_distance_s.c
[0.633s] -- Up-to-date symlink: /home/ros2/git/mygit/capella_ros_dock/install/local/lib/python3.10/dist-packages/capella_ros_service_interfaces/srv/__init__.py
[0.633s] -- Up-to-date symlink: /home/ros2/git/mygit/capella_ros_dock/install/local/lib/python3.10/dist-packages/capella_ros_service_interfaces/srv/_cartographer_mode.py
[0.634s] -- Up-to-date symlink: /home/ros2/git/mygit/capella_ros_dock/install/local/lib/python3.10/dist-packages/capella_ros_service_interfaces/srv/_cartographer_mode_s.c
[0.634s] -- Up-to-date symlink: /home/ros2/git/mygit/capella_ros_dock/install/local/lib/python3.10/dist-packages/capella_ros_service_interfaces/srv/_infrared_face_detection.py
[0.634s] -- Up-to-date symlink: /home/ros2/git/mygit/capella_ros_dock/install/local/lib/python3.10/dist-packages/capella_ros_service_interfaces/srv/_infrared_face_detection_s.c
[0.635s] -- Up-to-date symlink: /home/ros2/git/mygit/capella_ros_dock/install/local/lib/python3.10/dist-packages/capella_ros_service_interfaces/srv/_nav_launch_mode.py
[0.635s] -- Up-to-date symlink: /home/ros2/git/mygit/capella_ros_dock/install/local/lib/python3.10/dist-packages/capella_ros_service_interfaces/srv/_nav_launch_mode_s.c
[0.635s] -- Up-to-date symlink: /home/ros2/git/mygit/capella_ros_dock/install/local/lib/python3.10/dist-packages/capella_ros_service_interfaces/srv/_stop_nav_and_carto.py
[0.635s] -- Up-to-date symlink: /home/ros2/git/mygit/capella_ros_dock/install/local/lib/python3.10/dist-packages/capella_ros_service_interfaces/srv/_stop_nav_and_carto_s.c
[0.636s] -- Up-to-date symlink: /home/ros2/git/mygit/capella_ros_dock/install/local/lib/python3.10/dist-packages/capella_ros_service_interfaces/srv/_switch_mode.py
[0.636s] -- Up-to-date symlink: /home/ros2/git/mygit/capella_ros_dock/install/local/lib/python3.10/dist-packages/capella_ros_service_interfaces/srv/_switch_mode_s.c
[0.636s] -- Up-to-date symlink: /home/ros2/git/mygit/capella_ros_dock/install/local/lib/python3.10/dist-packages/capella_ros_service_interfaces/capella_ros_service_interfaces_s__rosidl_typesupport_fastrtps_c.cpython-310-x86_64-linux-gnu.so
[0.637s] -- Up-to-date symlink: /home/ros2/git/mygit/capella_ros_dock/install/local/lib/python3.10/dist-packages/capella_ros_service_interfaces/capella_ros_service_interfaces_s__rosidl_typesupport_introspection_c.cpython-310-x86_64-linux-gnu.so
[0.637s] -- Up-to-date symlink: /home/ros2/git/mygit/capella_ros_dock/install/local/lib/python3.10/dist-packages/capella_ros_service_interfaces/capella_ros_service_interfaces_s__rosidl_typesupport_c.cpython-310-x86_64-linux-gnu.so
[0.638s] -- Up-to-date symlink: /home/ros2/git/mygit/capella_ros_dock/install/share/capella_ros_service_interfaces/srv/SwitchMode.idl
[0.638s] -- Up-to-date symlink: /home/ros2/git/mygit/capella_ros_dock/install/share/capella_ros_service_interfaces/srv/CartographerMode.idl
[0.638s] -- Up-to-date symlink: /home/ros2/git/mygit/capella_ros_dock/install/share/capella_ros_service_interfaces/srv/NavLaunchMode.idl
[0.638s] -- Up-to-date symlink: /home/ros2/git/mygit/capella_ros_dock/install/share/capella_ros_service_interfaces/srv/StopNavAndCarto.idl
[0.639s] -- Up-to-date symlink: /home/ros2/git/mygit/capella_ros_dock/install/share/capella_ros_service_interfaces/msg/MissionStatus.idl
[0.639s] -- Up-to-date symlink: /home/ros2/git/mygit/capella_ros_dock/install/share/capella_ros_service_interfaces/msg/PersonDistance.idl
[0.639s] -- Up-to-date symlink: /home/ros2/git/mygit/capella_ros_dock/install/share/capella_ros_service_interfaces/msg/CompressedOccupancyGrid.idl
[0.640s] -- Up-to-date symlink: /home/ros2/git/mygit/capella_ros_dock/install/share/capella_ros_service_interfaces/msg/IrimageData.idl
[0.640s] -- Up-to-date symlink: /home/ros2/git/mygit/capella_ros_dock/install/share/capella_ros_service_interfaces/msg/IrtemperatureData.idl
[0.640s] -- Up-to-date symlink: /home/ros2/git/mygit/capella_ros_dock/install/share/capella_ros_service_interfaces/msg/IrsdkData.idl
[0.640s] -- Up-to-date symlink: /home/ros2/git/mygit/capella_ros_dock/install/share/capella_ros_service_interfaces/srv/InfraredFaceDetection.idl
[0.641s] -- Up-to-date symlink: /home/ros2/git/mygit/capella_ros_dock/install/share/capella_ros_service_interfaces/msg/ChargeState.idl
[0.641s] -- Up-to-date symlink: /home/ros2/git/mygit/capella_ros_dock/install/share/capella_ros_service_interfaces/msg/IrdetectionStatus.idl
[0.641s] -- Up-to-date symlink: /home/ros2/git/mygit/capella_ros_dock/install/share/capella_ros_service_interfaces/msg/ChargeMarkerVisible.idl
[0.641s] -- Up-to-date symlink: /home/ros2/git/mygit/capella_ros_dock/install/share/capella_ros_service_interfaces/srv/SwitchMode.srv
[0.642s] -- Up-to-date symlink: /home/ros2/git/mygit/capella_ros_dock/install/share/capella_ros_service_interfaces/srv/SwitchMode_Request.msg
[0.642s] -- Up-to-date symlink: /home/ros2/git/mygit/capella_ros_dock/install/share/capella_ros_service_interfaces/srv/SwitchMode_Response.msg
[0.642s] -- Up-to-date symlink: /home/ros2/git/mygit/capella_ros_dock/install/share/capella_ros_service_interfaces/srv/CartographerMode.srv
[0.642s] -- Up-to-date symlink: /home/ros2/git/mygit/capella_ros_dock/install/share/capella_ros_service_interfaces/srv/CartographerMode_Request.msg
[0.643s] -- Up-to-date symlink: /home/ros2/git/mygit/capella_ros_dock/install/share/capella_ros_service_interfaces/srv/CartographerMode_Response.msg
[0.643s] -- Up-to-date symlink: /home/ros2/git/mygit/capella_ros_dock/install/share/capella_ros_service_interfaces/srv/NavLaunchMode.srv
[0.643s] -- Up-to-date symlink: /home/ros2/git/mygit/capella_ros_dock/install/share/capella_ros_service_interfaces/srv/NavLaunchMode_Request.msg
[0.644s] -- Up-to-date symlink: /home/ros2/git/mygit/capella_ros_dock/install/share/capella_ros_service_interfaces/srv/NavLaunchMode_Response.msg
[0.644s] -- Up-to-date symlink: /home/ros2/git/mygit/capella_ros_dock/install/share/capella_ros_service_interfaces/srv/StopNavAndCarto.srv
[0.644s] -- Up-to-date symlink: /home/ros2/git/mygit/capella_ros_dock/install/share/capella_ros_service_interfaces/srv/StopNavAndCarto_Request.msg
[0.645s] -- Up-to-date symlink: /home/ros2/git/mygit/capella_ros_dock/install/share/capella_ros_service_interfaces/srv/StopNavAndCarto_Response.msg
[0.645s] -- Up-to-date symlink: /home/ros2/git/mygit/capella_ros_dock/install/share/capella_ros_service_interfaces/msg/MissionStatus.msg
[0.645s] -- Up-to-date symlink: /home/ros2/git/mygit/capella_ros_dock/install/share/capella_ros_service_interfaces/msg/PersonDistance.msg
[0.645s] -- Up-to-date symlink: /home/ros2/git/mygit/capella_ros_dock/install/share/capella_ros_service_interfaces/msg/CompressedOccupancyGrid.msg
[0.646s] -- Up-to-date symlink: /home/ros2/git/mygit/capella_ros_dock/install/share/capella_ros_service_interfaces/msg/IrimageData.msg
[0.646s] -- Up-to-date symlink: /home/ros2/git/mygit/capella_ros_dock/install/share/capella_ros_service_interfaces/msg/IrtemperatureData.msg
[0.646s] -- Up-to-date symlink: /home/ros2/git/mygit/capella_ros_dock/install/share/capella_ros_service_interfaces/msg/IrsdkData.msg
[0.647s] -- Up-to-date symlink: /home/ros2/git/mygit/capella_ros_dock/install/share/capella_ros_service_interfaces/srv/InfraredFaceDetection.srv
[0.647s] -- Up-to-date symlink: /home/ros2/git/mygit/capella_ros_dock/install/share/capella_ros_service_interfaces/srv/InfraredFaceDetection_Request.msg
[0.647s] -- Up-to-date symlink: /home/ros2/git/mygit/capella_ros_dock/install/share/capella_ros_service_interfaces/srv/InfraredFaceDetection_Response.msg
[0.648s] -- Up-to-date symlink: /home/ros2/git/mygit/capella_ros_dock/install/share/capella_ros_service_interfaces/msg/ChargeState.msg
[0.648s] -- Up-to-date symlink: /home/ros2/git/mygit/capella_ros_dock/install/share/capella_ros_service_interfaces/msg/IrdetectionStatus.msg
[0.648s] -- Up-to-date symlink: /home/ros2/git/mygit/capella_ros_dock/install/share/capella_ros_service_interfaces/msg/ChargeMarkerVisible.msg
[0.649s] -- Up-to-date symlink: /home/ros2/git/mygit/capella_ros_dock/install/share/ament_index/resource_index/package_run_dependencies/capella_ros_service_interfaces
[0.649s] -- Up-to-date symlink: /home/ros2/git/mygit/capella_ros_dock/install/share/ament_index/resource_index/parent_prefix_path/capella_ros_service_interfaces
[0.650s] -- Up-to-date symlink: /home/ros2/git/mygit/capella_ros_dock/install/share/capella_ros_service_interfaces/environment/ament_prefix_path.sh
[0.650s] -- Up-to-date symlink: /home/ros2/git/mygit/capella_ros_dock/install/share/capella_ros_service_interfaces/environment/ament_prefix_path.dsv
[0.651s] -- Up-to-date symlink: /home/ros2/git/mygit/capella_ros_dock/install/share/capella_ros_service_interfaces/environment/path.sh
[0.651s] -- Up-to-date symlink: /home/ros2/git/mygit/capella_ros_dock/install/share/capella_ros_service_interfaces/environment/path.dsv
[0.651s] -- Up-to-date symlink: /home/ros2/git/mygit/capella_ros_dock/install/share/capella_ros_service_interfaces/local_setup.bash
[0.651s] -- Up-to-date symlink: /home/ros2/git/mygit/capella_ros_dock/install/share/capella_ros_service_interfaces/local_setup.sh
[0.652s] -- Up-to-date symlink: /home/ros2/git/mygit/capella_ros_dock/install/share/capella_ros_service_interfaces/local_setup.zsh
[0.652s] -- Up-to-date symlink: /home/ros2/git/mygit/capella_ros_dock/install/share/capella_ros_service_interfaces/local_setup.dsv
[0.652s] -- Symlinking: /home/ros2/git/mygit/capella_ros_dock/install/share/capella_ros_service_interfaces/package.dsv
[0.661s] -- Up-to-date symlink: /home/ros2/git/mygit/capella_ros_dock/install/share/ament_index/resource_index/packages/capella_ros_service_interfaces
[0.661s] -- Up-to-date symlink: /home/ros2/git/mygit/capella_ros_dock/install/share/capella_ros_service_interfaces/cmake/rosidl_cmake-extras.cmake
[0.661s] -- Up-to-date symlink: /home/ros2/git/mygit/capella_ros_dock/install/share/capella_ros_service_interfaces/cmake/ament_cmake_export_dependencies-extras.cmake
[0.661s] -- Up-to-date symlink: /home/ros2/git/mygit/capella_ros_dock/install/share/capella_ros_service_interfaces/cmake/ament_cmake_export_include_directories-extras.cmake
[0.662s] -- Up-to-date symlink: /home/ros2/git/mygit/capella_ros_dock/install/share/capella_ros_service_interfaces/cmake/ament_cmake_export_libraries-extras.cmake
[0.663s] -- Up-to-date symlink: /home/ros2/git/mygit/capella_ros_dock/install/share/capella_ros_service_interfaces/cmake/ament_cmake_export_targets-extras.cmake
[0.663s] -- Up-to-date symlink: /home/ros2/git/mygit/capella_ros_dock/install/share/capella_ros_service_interfaces/cmake/rosidl_cmake_export_typesupport_targets-extras.cmake
[0.664s] -- Up-to-date symlink: /home/ros2/git/mygit/capella_ros_dock/install/share/capella_ros_service_interfaces/cmake/rosidl_cmake_export_typesupport_libraries-extras.cmake
[0.664s] -- Up-to-date symlink: /home/ros2/git/mygit/capella_ros_dock/install/share/capella_ros_service_interfaces/cmake/capella_ros_service_interfacesConfig.cmake
[0.664s] -- Up-to-date symlink: /home/ros2/git/mygit/capella_ros_dock/install/share/capella_ros_service_interfaces/cmake/capella_ros_service_interfacesConfig-version.cmake
[0.664s] -- Up-to-date symlink: /home/ros2/git/mygit/capella_ros_dock/install/share/capella_ros_service_interfaces/package.xml
[0.665s] -- Up-to-date: /home/ros2/git/mygit/capella_ros_dock/install/lib/libcapella_ros_service_interfaces__rosidl_generator_c.so
[0.665s] -- Up-to-date: /home/ros2/git/mygit/capella_ros_dock/install/lib/libcapella_ros_service_interfaces__rosidl_typesupport_fastrtps_c.so
[0.667s] -- Up-to-date: /home/ros2/git/mygit/capella_ros_dock/install/lib/libcapella_ros_service_interfaces__rosidl_typesupport_introspection_c.so
[0.667s] -- Up-to-date: /home/ros2/git/mygit/capella_ros_dock/install/lib/libcapella_ros_service_interfaces__rosidl_typesupport_c.so
[0.668s] -- Up-to-date: /home/ros2/git/mygit/capella_ros_dock/install/lib/libcapella_ros_service_interfaces__rosidl_typesupport_fastrtps_cpp.so
[0.669s] -- Up-to-date: /home/ros2/git/mygit/capella_ros_dock/install/lib/libcapella_ros_service_interfaces__rosidl_typesupport_introspection_cpp.so
[0.669s] -- Up-to-date: /home/ros2/git/mygit/capella_ros_dock/install/lib/libcapella_ros_service_interfaces__rosidl_typesupport_cpp.so
[0.698s] Listing '/home/ros2/git/mygit/capella_ros_dock/install/local/lib/python3.10/dist-packages/capella_ros_service_interfaces'...
[0.699s] Listing '/home/ros2/git/mygit/capella_ros_dock/install/local/lib/python3.10/dist-packages/capella_ros_service_interfaces/msg'...
[0.699s] Listing '/home/ros2/git/mygit/capella_ros_dock/install/local/lib/python3.10/dist-packages/capella_ros_service_interfaces/srv'...
[0.702s] -- Up-to-date: /home/ros2/git/mygit/capella_ros_dock/install/lib/libcapella_ros_service_interfaces__rosidl_generator_py.so
[0.703s] -- Up-to-date: /home/ros2/git/mygit/capella_ros_dock/install/share/capella_ros_service_interfaces/cmake/export_capella_ros_service_interfaces__rosidl_generator_cExport.cmake
[0.703s] -- Up-to-date: /home/ros2/git/mygit/capella_ros_dock/install/share/capella_ros_service_interfaces/cmake/export_capella_ros_service_interfaces__rosidl_generator_cExport-relwithdebinfo.cmake
[0.704s] -- Up-to-date: /home/ros2/git/mygit/capella_ros_dock/install/share/capella_ros_service_interfaces/cmake/export_capella_ros_service_interfaces__rosidl_typesupport_fastrtps_cExport.cmake
[0.704s] -- Up-to-date: /home/ros2/git/mygit/capella_ros_dock/install/share/capella_ros_service_interfaces/cmake/export_capella_ros_service_interfaces__rosidl_typesupport_fastrtps_cExport-relwithdebinfo.cmake
[0.704s] -- Up-to-date: /home/ros2/git/mygit/capella_ros_dock/install/share/capella_ros_service_interfaces/cmake/capella_ros_service_interfaces__rosidl_typesupport_introspection_cExport.cmake
[0.704s] -- Up-to-date: /home/ros2/git/mygit/capella_ros_dock/install/share/capella_ros_service_interfaces/cmake/capella_ros_service_interfaces__rosidl_typesupport_introspection_cExport-relwithdebinfo.cmake
[0.705s] -- Up-to-date: /home/ros2/git/mygit/capella_ros_dock/install/share/capella_ros_service_interfaces/cmake/capella_ros_service_interfaces__rosidl_typesupport_cExport.cmake
[0.705s] -- Up-to-date: /home/ros2/git/mygit/capella_ros_dock/install/share/capella_ros_service_interfaces/cmake/capella_ros_service_interfaces__rosidl_typesupport_cExport-relwithdebinfo.cmake
[0.705s] -- Up-to-date: /home/ros2/git/mygit/capella_ros_dock/install/share/capella_ros_service_interfaces/cmake/export_capella_ros_service_interfaces__rosidl_generator_cppExport.cmake
[0.705s] -- Up-to-date: /home/ros2/git/mygit/capella_ros_dock/install/share/capella_ros_service_interfaces/cmake/export_capella_ros_service_interfaces__rosidl_typesupport_fastrtps_cppExport.cmake
[0.705s] -- Up-to-date: /home/ros2/git/mygit/capella_ros_dock/install/share/capella_ros_service_interfaces/cmake/export_capella_ros_service_interfaces__rosidl_typesupport_fastrtps_cppExport-relwithdebinfo.cmake
[0.706s] -- Up-to-date: /home/ros2/git/mygit/capella_ros_dock/install/share/capella_ros_service_interfaces/cmake/capella_ros_service_interfaces__rosidl_typesupport_introspection_cppExport.cmake
[0.706s] -- Up-to-date: /home/ros2/git/mygit/capella_ros_dock/install/share/capella_ros_service_interfaces/cmake/capella_ros_service_interfaces__rosidl_typesupport_introspection_cppExport-relwithdebinfo.cmake
[0.706s] -- Up-to-date: /home/ros2/git/mygit/capella_ros_dock/install/share/capella_ros_service_interfaces/cmake/capella_ros_service_interfaces__rosidl_typesupport_cppExport.cmake
[0.706s] -- Up-to-date: /home/ros2/git/mygit/capella_ros_dock/install/share/capella_ros_service_interfaces/cmake/capella_ros_service_interfaces__rosidl_typesupport_cppExport-relwithdebinfo.cmake
[0.707s] -- Up-to-date: /home/ros2/git/mygit/capella_ros_dock/install/share/capella_ros_service_interfaces/cmake/export_capella_ros_service_interfaces__rosidl_generator_pyExport.cmake
[0.707s] -- Up-to-date: /home/ros2/git/mygit/capella_ros_dock/install/share/capella_ros_service_interfaces/cmake/export_capella_ros_service_interfaces__rosidl_generator_pyExport-relwithdebinfo.cmake
[0.712s] Invoked command in '/home/ros2/git/mygit/capella_ros_dock/build/capella_ros_service_interfaces' returned '0': CMAKE_PREFIX_PATH=/opt/ros/humble WSLENV=ELECTRON_RUN_AS_NODE/w:WT_SESSION::WT_PROFILE_ID /usr/bin/cmake --install /home/ros2/git/mygit/capella_ros_dock/build/capella_ros_service_interfaces
