[  0%] Built target capella_ros_msg__cpp
[ 12%] Built target capella_ros_msg__rosidl_generator_c
[ 12%] Built target ament_cmake_python_symlink_capella_ros_msg
[ 25%] Built target capella_ros_msg__rosidl_typesupport_cpp
[ 37%] Built target capella_ros_msg__rosidl_typesupport_fastrtps_c
[ 48%] Built target capella_ros_msg__rosidl_typesupport_c
[ 72%] Built target capella_ros_msg__rosidl_typesupport_introspection_c
[ 72%] Built target capella_ros_msg__rosidl_typesupport_introspection_cpp
[ 82%] Built target capella_ros_msg__rosidl_typesupport_fastrtps_cpp
[ 82%] Built target capella_ros_msg
[ 83%] Built target capella_ros_msg__py
[ 94%] Built target capella_ros_msg__rosidl_generator_py
[ 98%] Built target capella_ros_msg__rosidl_typesupport_fastrtps_c__pyext
[ 98%] Built target capella_ros_msg__rosidl_typesupport_c__pyext
[100%] Built target capella_ros_msg__rosidl_typesupport_introspection_c__pyext
running egg_info
writing capella_ros_msg.egg-info/PKG-INFO
writing dependency_links to capella_ros_msg.egg-info/dependency_links.txt
writing top-level names to capella_ros_msg.egg-info/top_level.txt
reading manifest file 'capella_ros_msg.egg-info/SOURCES.txt'
writing manifest file 'capella_ros_msg.egg-info/SOURCES.txt'
[100%] Built target ament_cmake_python_build_capella_ros_msg_egg
-- Install configuration: "RelWithDebInfo"
-- Execute custom install script
-- Up-to-date symlink: /home/ros2/git/mygit/capella_ros_dock/install/share/ament_index/resource_index/rosidl_interfaces/capella_ros_msg
-- Up-to-date symlink: /home/ros2/git/mygit/capella_ros_dock/install/include/capella_ros_msg/capella_ros_msg/msg/atomize_switch_ctr_stu.h
-- Up-to-date symlink: /home/ros2/git/mygit/capella_ros_dock/install/include/capella_ros_msg/capella_ros_msg/msg/battery.h
-- Up-to-date symlink: /home/ros2/git/mygit/capella_ros_dock/install/include/capella_ros_msg/capella_ros_msg/msg/contact_drive_stu.h
-- Up-to-date symlink: /home/ros2/git/mygit/capella_ros_dock/install/include/capella_ros_msg/capella_ros_msg/msg/detail/atomize_switch_ctr_stu__functions.h
-- Up-to-date symlink: /home/ros2/git/mygit/capella_ros_dock/install/include/capella_ros_msg/capella_ros_msg/msg/detail/atomize_switch_ctr_stu__struct.h
-- Up-to-date symlink: /home/ros2/git/mygit/capella_ros_dock/install/include/capella_ros_msg/capella_ros_msg/msg/detail/atomize_switch_ctr_stu__type_support.h
-- Up-to-date symlink: /home/ros2/git/mygit/capella_ros_dock/install/include/capella_ros_msg/capella_ros_msg/msg/detail/battery__functions.h
-- Up-to-date symlink: /home/ros2/git/mygit/capella_ros_dock/install/include/capella_ros_msg/capella_ros_msg/msg/detail/battery__struct.h
-- Up-to-date symlink: /home/ros2/git/mygit/capella_ros_dock/install/include/capella_ros_msg/capella_ros_msg/msg/detail/battery__type_support.h
-- Up-to-date symlink: /home/ros2/git/mygit/capella_ros_dock/install/include/capella_ros_msg/capella_ros_msg/msg/detail/contact_drive_stu__functions.h
-- Up-to-date symlink: /home/ros2/git/mygit/capella_ros_dock/install/include/capella_ros_msg/capella_ros_msg/msg/detail/contact_drive_stu__struct.h
-- Up-to-date symlink: /home/ros2/git/mygit/capella_ros_dock/install/include/capella_ros_msg/capella_ros_msg/msg/detail/contact_drive_stu__type_support.h
-- Up-to-date symlink: /home/ros2/git/mygit/capella_ros_dock/install/include/capella_ros_msg/capella_ros_msg/msg/detail/detect_result__functions.h
-- Up-to-date symlink: /home/ros2/git/mygit/capella_ros_dock/install/include/capella_ros_msg/capella_ros_msg/msg/detail/detect_result__struct.h
-- Up-to-date symlink: /home/ros2/git/mygit/capella_ros_dock/install/include/capella_ros_msg/capella_ros_msg/msg/detail/detect_result__type_support.h
-- Up-to-date symlink: /home/ros2/git/mygit/capella_ros_dock/install/include/capella_ros_msg/capella_ros_msg/msg/detail/imu__functions.h
-- Up-to-date symlink: /home/ros2/git/mygit/capella_ros_dock/install/include/capella_ros_msg/capella_ros_msg/msg/detail/imu__struct.h
-- Up-to-date symlink: /home/ros2/git/mygit/capella_ros_dock/install/include/capella_ros_msg/capella_ros_msg/msg/detail/imu__type_support.h
-- Up-to-date symlink: /home/ros2/git/mygit/capella_ros_dock/install/include/capella_ros_msg/capella_ros_msg/msg/detail/ir_data__functions.h
-- Up-to-date symlink: /home/ros2/git/mygit/capella_ros_dock/install/include/capella_ros_msg/capella_ros_msg/msg/detail/ir_data__struct.h
-- Up-to-date symlink: /home/ros2/git/mygit/capella_ros_dock/install/include/capella_ros_msg/capella_ros_msg/msg/detail/ir_data__type_support.h
-- Up-to-date symlink: /home/ros2/git/mygit/capella_ros_dock/install/include/capella_ros_msg/capella_ros_msg/msg/detail/pid__functions.h
-- Up-to-date symlink: /home/ros2/git/mygit/capella_ros_dock/install/include/capella_ros_msg/capella_ros_msg/msg/detail/pid__struct.h
-- Up-to-date symlink: /home/ros2/git/mygit/capella_ros_dock/install/include/capella_ros_msg/capella_ros_msg/msg/detail/pid__type_support.h
-- Up-to-date symlink: /home/ros2/git/mygit/capella_ros_dock/install/include/capella_ros_msg/capella_ros_msg/msg/detail/single_detector__functions.h
-- Up-to-date symlink: /home/ros2/git/mygit/capella_ros_dock/install/include/capella_ros_msg/capella_ros_msg/msg/detail/single_detector__struct.h
-- Up-to-date symlink: /home/ros2/git/mygit/capella_ros_dock/install/include/capella_ros_msg/capella_ros_msg/msg/detail/single_detector__type_support.h
-- Up-to-date symlink: /home/ros2/git/mygit/capella_ros_dock/install/include/capella_ros_msg/capella_ros_msg/msg/detail/velocities__functions.h
-- Up-to-date symlink: /home/ros2/git/mygit/capella_ros_dock/install/include/capella_ros_msg/capella_ros_msg/msg/detail/velocities__struct.h
-- Up-to-date symlink: /home/ros2/git/mygit/capella_ros_dock/install/include/capella_ros_msg/capella_ros_msg/msg/detail/velocities__type_support.h
-- Up-to-date symlink: /home/ros2/git/mygit/capella_ros_dock/install/include/capella_ros_msg/capella_ros_msg/msg/detect_result.h
-- Up-to-date symlink: /home/ros2/git/mygit/capella_ros_dock/install/include/capella_ros_msg/capella_ros_msg/msg/imu.h
-- Up-to-date symlink: /home/ros2/git/mygit/capella_ros_dock/install/include/capella_ros_msg/capella_ros_msg/msg/ir_data.h
-- Up-to-date symlink: /home/ros2/git/mygit/capella_ros_dock/install/include/capella_ros_msg/capella_ros_msg/msg/pid.h
-- Up-to-date symlink: /home/ros2/git/mygit/capella_ros_dock/install/include/capella_ros_msg/capella_ros_msg/msg/rosidl_generator_c__visibility_control.h
-- Up-to-date symlink: /home/ros2/git/mygit/capella_ros_dock/install/include/capella_ros_msg/capella_ros_msg/msg/single_detector.h
-- Up-to-date symlink: /home/ros2/git/mygit/capella_ros_dock/install/include/capella_ros_msg/capella_ros_msg/msg/velocities.h
-- Up-to-date symlink: /home/ros2/git/mygit/capella_ros_dock/install/include/capella_ros_msg/capella_ros_msg/srv/charge_pile_wifi.h
-- Up-to-date symlink: /home/ros2/git/mygit/capella_ros_dock/install/include/capella_ros_msg/capella_ros_msg/srv/detail/charge_pile_wifi__functions.h
-- Up-to-date symlink: /home/ros2/git/mygit/capella_ros_dock/install/include/capella_ros_msg/capella_ros_msg/srv/detail/charge_pile_wifi__struct.h
-- Up-to-date symlink: /home/ros2/git/mygit/capella_ros_dock/install/include/capella_ros_msg/capella_ros_msg/srv/detail/charge_pile_wifi__type_support.h
-- Up-to-date symlink: /home/ros2/git/mygit/capella_ros_dock/install/share/capella_ros_msg/environment/library_path.sh
-- Up-to-date symlink: /home/ros2/git/mygit/capella_ros_dock/install/share/capella_ros_msg/environment/library_path.dsv
-- Up-to-date symlink: /home/ros2/git/mygit/capella_ros_dock/install/include/capella_ros_msg/capella_ros_msg/msg/detail/atomize_switch_ctr_stu__rosidl_typesupport_fastrtps_c.h
-- Up-to-date symlink: /home/ros2/git/mygit/capella_ros_dock/install/include/capella_ros_msg/capella_ros_msg/msg/detail/battery__rosidl_typesupport_fastrtps_c.h
-- Up-to-date symlink: /home/ros2/git/mygit/capella_ros_dock/install/include/capella_ros_msg/capella_ros_msg/msg/detail/contact_drive_stu__rosidl_typesupport_fastrtps_c.h
-- Up-to-date symlink: /home/ros2/git/mygit/capella_ros_dock/install/include/capella_ros_msg/capella_ros_msg/msg/detail/detect_result__rosidl_typesupport_fastrtps_c.h
-- Up-to-date symlink: /home/ros2/git/mygit/capella_ros_dock/install/include/capella_ros_msg/capella_ros_msg/msg/detail/imu__rosidl_typesupport_fastrtps_c.h
-- Up-to-date symlink: /home/ros2/git/mygit/capella_ros_dock/install/include/capella_ros_msg/capella_ros_msg/msg/detail/ir_data__rosidl_typesupport_fastrtps_c.h
-- Up-to-date symlink: /home/ros2/git/mygit/capella_ros_dock/install/include/capella_ros_msg/capella_ros_msg/msg/detail/pid__rosidl_typesupport_fastrtps_c.h
-- Up-to-date symlink: /home/ros2/git/mygit/capella_ros_dock/install/include/capella_ros_msg/capella_ros_msg/msg/detail/single_detector__rosidl_typesupport_fastrtps_c.h
-- Up-to-date symlink: /home/ros2/git/mygit/capella_ros_dock/install/include/capella_ros_msg/capella_ros_msg/msg/detail/velocities__rosidl_typesupport_fastrtps_c.h
-- Up-to-date symlink: /home/ros2/git/mygit/capella_ros_dock/install/include/capella_ros_msg/capella_ros_msg/msg/rosidl_typesupport_fastrtps_c__visibility_control.h
-- Up-to-date symlink: /home/ros2/git/mygit/capella_ros_dock/install/include/capella_ros_msg/capella_ros_msg/srv/detail/charge_pile_wifi__rosidl_typesupport_fastrtps_c.h
-- Up-to-date symlink: /home/ros2/git/mygit/capella_ros_dock/install/include/capella_ros_msg/capella_ros_msg/msg/atomize_switch_ctr_stu.hpp
-- Up-to-date symlink: /home/ros2/git/mygit/capella_ros_dock/install/include/capella_ros_msg/capella_ros_msg/msg/battery.hpp
-- Up-to-date symlink: /home/ros2/git/mygit/capella_ros_dock/install/include/capella_ros_msg/capella_ros_msg/msg/contact_drive_stu.hpp
-- Up-to-date symlink: /home/ros2/git/mygit/capella_ros_dock/install/include/capella_ros_msg/capella_ros_msg/msg/detail/atomize_switch_ctr_stu__builder.hpp
-- Up-to-date symlink: /home/ros2/git/mygit/capella_ros_dock/install/include/capella_ros_msg/capella_ros_msg/msg/detail/atomize_switch_ctr_stu__struct.hpp
-- Up-to-date symlink: /home/ros2/git/mygit/capella_ros_dock/install/include/capella_ros_msg/capella_ros_msg/msg/detail/atomize_switch_ctr_stu__traits.hpp
-- Up-to-date symlink: /home/ros2/git/mygit/capella_ros_dock/install/include/capella_ros_msg/capella_ros_msg/msg/detail/battery__builder.hpp
-- Up-to-date symlink: /home/ros2/git/mygit/capella_ros_dock/install/include/capella_ros_msg/capella_ros_msg/msg/detail/battery__struct.hpp
-- Up-to-date symlink: /home/ros2/git/mygit/capella_ros_dock/install/include/capella_ros_msg/capella_ros_msg/msg/detail/battery__traits.hpp
-- Up-to-date symlink: /home/ros2/git/mygit/capella_ros_dock/install/include/capella_ros_msg/capella_ros_msg/msg/detail/contact_drive_stu__builder.hpp
-- Up-to-date symlink: /home/ros2/git/mygit/capella_ros_dock/install/include/capella_ros_msg/capella_ros_msg/msg/detail/contact_drive_stu__struct.hpp
-- Up-to-date symlink: /home/ros2/git/mygit/capella_ros_dock/install/include/capella_ros_msg/capella_ros_msg/msg/detail/contact_drive_stu__traits.hpp
-- Up-to-date symlink: /home/ros2/git/mygit/capella_ros_dock/install/include/capella_ros_msg/capella_ros_msg/msg/detail/detect_result__builder.hpp
-- Up-to-date symlink: /home/ros2/git/mygit/capella_ros_dock/install/include/capella_ros_msg/capella_ros_msg/msg/detail/detect_result__struct.hpp
-- Up-to-date symlink: /home/ros2/git/mygit/capella_ros_dock/install/include/capella_ros_msg/capella_ros_msg/msg/detail/detect_result__traits.hpp
-- Up-to-date symlink: /home/ros2/git/mygit/capella_ros_dock/install/include/capella_ros_msg/capella_ros_msg/msg/detail/imu__builder.hpp
-- Up-to-date symlink: /home/ros2/git/mygit/capella_ros_dock/install/include/capella_ros_msg/capella_ros_msg/msg/detail/imu__struct.hpp
-- Up-to-date symlink: /home/ros2/git/mygit/capella_ros_dock/install/include/capella_ros_msg/capella_ros_msg/msg/detail/imu__traits.hpp
-- Up-to-date symlink: /home/ros2/git/mygit/capella_ros_dock/install/include/capella_ros_msg/capella_ros_msg/msg/detail/ir_data__builder.hpp
-- Up-to-date symlink: /home/ros2/git/mygit/capella_ros_dock/install/include/capella_ros_msg/capella_ros_msg/msg/detail/ir_data__struct.hpp
-- Up-to-date symlink: /home/ros2/git/mygit/capella_ros_dock/install/include/capella_ros_msg/capella_ros_msg/msg/detail/ir_data__traits.hpp
-- Up-to-date symlink: /home/ros2/git/mygit/capella_ros_dock/install/include/capella_ros_msg/capella_ros_msg/msg/detail/pid__builder.hpp
-- Up-to-date symlink: /home/ros2/git/mygit/capella_ros_dock/install/include/capella_ros_msg/capella_ros_msg/msg/detail/pid__struct.hpp
-- Up-to-date symlink: /home/ros2/git/mygit/capella_ros_dock/install/include/capella_ros_msg/capella_ros_msg/msg/detail/pid__traits.hpp
-- Up-to-date symlink: /home/ros2/git/mygit/capella_ros_dock/install/include/capella_ros_msg/capella_ros_msg/msg/detail/single_detector__builder.hpp
-- Up-to-date symlink: /home/ros2/git/mygit/capella_ros_dock/install/include/capella_ros_msg/capella_ros_msg/msg/detail/single_detector__struct.hpp
-- Up-to-date symlink: /home/ros2/git/mygit/capella_ros_dock/install/include/capella_ros_msg/capella_ros_msg/msg/detail/single_detector__traits.hpp
-- Up-to-date symlink: /home/ros2/git/mygit/capella_ros_dock/install/include/capella_ros_msg/capella_ros_msg/msg/detail/velocities__builder.hpp
-- Up-to-date symlink: /home/ros2/git/mygit/capella_ros_dock/install/include/capella_ros_msg/capella_ros_msg/msg/detail/velocities__struct.hpp
-- Up-to-date symlink: /home/ros2/git/mygit/capella_ros_dock/install/include/capella_ros_msg/capella_ros_msg/msg/detail/velocities__traits.hpp
-- Up-to-date symlink: /home/ros2/git/mygit/capella_ros_dock/install/include/capella_ros_msg/capella_ros_msg/msg/detect_result.hpp
-- Up-to-date symlink: /home/ros2/git/mygit/capella_ros_dock/install/include/capella_ros_msg/capella_ros_msg/msg/imu.hpp
-- Up-to-date symlink: /home/ros2/git/mygit/capella_ros_dock/install/include/capella_ros_msg/capella_ros_msg/msg/ir_data.hpp
-- Up-to-date symlink: /home/ros2/git/mygit/capella_ros_dock/install/include/capella_ros_msg/capella_ros_msg/msg/pid.hpp
-- Up-to-date symlink: /home/ros2/git/mygit/capella_ros_dock/install/include/capella_ros_msg/capella_ros_msg/msg/single_detector.hpp
-- Up-to-date symlink: /home/ros2/git/mygit/capella_ros_dock/install/include/capella_ros_msg/capella_ros_msg/msg/velocities.hpp
-- Up-to-date symlink: /home/ros2/git/mygit/capella_ros_dock/install/include/capella_ros_msg/capella_ros_msg/srv/charge_pile_wifi.hpp
-- Up-to-date symlink: /home/ros2/git/mygit/capella_ros_dock/install/include/capella_ros_msg/capella_ros_msg/srv/detail/charge_pile_wifi__builder.hpp
-- Up-to-date symlink: /home/ros2/git/mygit/capella_ros_dock/install/include/capella_ros_msg/capella_ros_msg/srv/detail/charge_pile_wifi__struct.hpp
-- Up-to-date symlink: /home/ros2/git/mygit/capella_ros_dock/install/include/capella_ros_msg/capella_ros_msg/srv/detail/charge_pile_wifi__traits.hpp
-- Up-to-date symlink: /home/ros2/git/mygit/capella_ros_dock/install/include/capella_ros_msg/capella_ros_msg/msg/detail/atomize_switch_ctr_stu__rosidl_typesupport_fastrtps_cpp.hpp
-- Up-to-date symlink: /home/ros2/git/mygit/capella_ros_dock/install/include/capella_ros_msg/capella_ros_msg/msg/detail/battery__rosidl_typesupport_fastrtps_cpp.hpp
-- Up-to-date symlink: /home/ros2/git/mygit/capella_ros_dock/install/include/capella_ros_msg/capella_ros_msg/msg/detail/contact_drive_stu__rosidl_typesupport_fastrtps_cpp.hpp
-- Up-to-date symlink: /home/ros2/git/mygit/capella_ros_dock/install/include/capella_ros_msg/capella_ros_msg/msg/detail/detect_result__rosidl_typesupport_fastrtps_cpp.hpp
-- Up-to-date symlink: /home/ros2/git/mygit/capella_ros_dock/install/include/capella_ros_msg/capella_ros_msg/msg/detail/imu__rosidl_typesupport_fastrtps_cpp.hpp
-- Up-to-date symlink: /home/ros2/git/mygit/capella_ros_dock/install/include/capella_ros_msg/capella_ros_msg/msg/detail/ir_data__rosidl_typesupport_fastrtps_cpp.hpp
-- Up-to-date symlink: /home/ros2/git/mygit/capella_ros_dock/install/include/capella_ros_msg/capella_ros_msg/msg/detail/pid__rosidl_typesupport_fastrtps_cpp.hpp
-- Up-to-date symlink: /home/ros2/git/mygit/capella_ros_dock/install/include/capella_ros_msg/capella_ros_msg/msg/detail/single_detector__rosidl_typesupport_fastrtps_cpp.hpp
-- Up-to-date symlink: /home/ros2/git/mygit/capella_ros_dock/install/include/capella_ros_msg/capella_ros_msg/msg/detail/velocities__rosidl_typesupport_fastrtps_cpp.hpp
-- Up-to-date symlink: /home/ros2/git/mygit/capella_ros_dock/install/include/capella_ros_msg/capella_ros_msg/msg/rosidl_typesupport_fastrtps_cpp__visibility_control.h
-- Up-to-date symlink: /home/ros2/git/mygit/capella_ros_dock/install/include/capella_ros_msg/capella_ros_msg/srv/detail/charge_pile_wifi__rosidl_typesupport_fastrtps_cpp.hpp
-- Up-to-date symlink: /home/ros2/git/mygit/capella_ros_dock/install/include/capella_ros_msg/capella_ros_msg/msg/detail/atomize_switch_ctr_stu__rosidl_typesupport_introspection_c.h
-- Up-to-date symlink: /home/ros2/git/mygit/capella_ros_dock/install/include/capella_ros_msg/capella_ros_msg/msg/detail/battery__rosidl_typesupport_introspection_c.h
-- Up-to-date symlink: /home/ros2/git/mygit/capella_ros_dock/install/include/capella_ros_msg/capella_ros_msg/msg/detail/contact_drive_stu__rosidl_typesupport_introspection_c.h
-- Up-to-date symlink: /home/ros2/git/mygit/capella_ros_dock/install/include/capella_ros_msg/capella_ros_msg/msg/detail/detect_result__rosidl_typesupport_introspection_c.h
-- Up-to-date symlink: /home/ros2/git/mygit/capella_ros_dock/install/include/capella_ros_msg/capella_ros_msg/msg/detail/imu__rosidl_typesupport_introspection_c.h
-- Up-to-date symlink: /home/ros2/git/mygit/capella_ros_dock/install/include/capella_ros_msg/capella_ros_msg/msg/detail/ir_data__rosidl_typesupport_introspection_c.h
-- Up-to-date symlink: /home/ros2/git/mygit/capella_ros_dock/install/include/capella_ros_msg/capella_ros_msg/msg/detail/pid__rosidl_typesupport_introspection_c.h
-- Up-to-date symlink: /home/ros2/git/mygit/capella_ros_dock/install/include/capella_ros_msg/capella_ros_msg/msg/detail/single_detector__rosidl_typesupport_introspection_c.h
-- Up-to-date symlink: /home/ros2/git/mygit/capella_ros_dock/install/include/capella_ros_msg/capella_ros_msg/msg/detail/velocities__rosidl_typesupport_introspection_c.h
-- Up-to-date symlink: /home/ros2/git/mygit/capella_ros_dock/install/include/capella_ros_msg/capella_ros_msg/msg/rosidl_typesupport_introspection_c__visibility_control.h
-- Up-to-date symlink: /home/ros2/git/mygit/capella_ros_dock/install/include/capella_ros_msg/capella_ros_msg/srv/detail/charge_pile_wifi__rosidl_typesupport_introspection_c.h
-- Up-to-date symlink: /home/ros2/git/mygit/capella_ros_dock/install/include/capella_ros_msg/capella_ros_msg/msg/detail/atomize_switch_ctr_stu__rosidl_typesupport_introspection_cpp.hpp
-- Up-to-date symlink: /home/ros2/git/mygit/capella_ros_dock/install/include/capella_ros_msg/capella_ros_msg/msg/detail/battery__rosidl_typesupport_introspection_cpp.hpp
-- Up-to-date symlink: /home/ros2/git/mygit/capella_ros_dock/install/include/capella_ros_msg/capella_ros_msg/msg/detail/contact_drive_stu__rosidl_typesupport_introspection_cpp.hpp
-- Up-to-date symlink: /home/ros2/git/mygit/capella_ros_dock/install/include/capella_ros_msg/capella_ros_msg/msg/detail/detect_result__rosidl_typesupport_introspection_cpp.hpp
-- Up-to-date symlink: /home/ros2/git/mygit/capella_ros_dock/install/include/capella_ros_msg/capella_ros_msg/msg/detail/imu__rosidl_typesupport_introspection_cpp.hpp
-- Up-to-date symlink: /home/ros2/git/mygit/capella_ros_dock/install/include/capella_ros_msg/capella_ros_msg/msg/detail/ir_data__rosidl_typesupport_introspection_cpp.hpp
-- Up-to-date symlink: /home/ros2/git/mygit/capella_ros_dock/install/include/capella_ros_msg/capella_ros_msg/msg/detail/pid__rosidl_typesupport_introspection_cpp.hpp
-- Up-to-date symlink: /home/ros2/git/mygit/capella_ros_dock/install/include/capella_ros_msg/capella_ros_msg/msg/detail/single_detector__rosidl_typesupport_introspection_cpp.hpp
-- Up-to-date symlink: /home/ros2/git/mygit/capella_ros_dock/install/include/capella_ros_msg/capella_ros_msg/msg/detail/velocities__rosidl_typesupport_introspection_cpp.hpp
-- Up-to-date symlink: /home/ros2/git/mygit/capella_ros_dock/install/include/capella_ros_msg/capella_ros_msg/srv/detail/charge_pile_wifi__rosidl_typesupport_introspection_cpp.hpp
-- Up-to-date symlink: /home/ros2/git/mygit/capella_ros_dock/install/share/capella_ros_msg/environment/pythonpath.sh
-- Up-to-date symlink: /home/ros2/git/mygit/capella_ros_dock/install/share/capella_ros_msg/environment/pythonpath.dsv
-- Up-to-date symlink: /home/ros2/git/mygit/capella_ros_dock/install/local/lib/python3.10/dist-packages/capella_ros_msg-0.0.0-py3.10.egg-info/PKG-INFO
-- Up-to-date symlink: /home/ros2/git/mygit/capella_ros_dock/install/local/lib/python3.10/dist-packages/capella_ros_msg-0.0.0-py3.10.egg-info/SOURCES.txt
-- Up-to-date symlink: /home/ros2/git/mygit/capella_ros_dock/install/local/lib/python3.10/dist-packages/capella_ros_msg-0.0.0-py3.10.egg-info/dependency_links.txt
-- Up-to-date symlink: /home/ros2/git/mygit/capella_ros_dock/install/local/lib/python3.10/dist-packages/capella_ros_msg-0.0.0-py3.10.egg-info/top_level.txt
-- Up-to-date symlink: /home/ros2/git/mygit/capella_ros_dock/install/local/lib/python3.10/dist-packages/capella_ros_msg/__init__.py
-- Up-to-date symlink: /home/ros2/git/mygit/capella_ros_dock/install/local/lib/python3.10/dist-packages/capella_ros_msg/_capella_ros_msg_s.ep.rosidl_typesupport_c.c
-- Up-to-date symlink: /home/ros2/git/mygit/capella_ros_dock/install/local/lib/python3.10/dist-packages/capella_ros_msg/_capella_ros_msg_s.ep.rosidl_typesupport_fastrtps_c.c
-- Up-to-date symlink: /home/ros2/git/mygit/capella_ros_dock/install/local/lib/python3.10/dist-packages/capella_ros_msg/_capella_ros_msg_s.ep.rosidl_typesupport_introspection_c.c
-- Up-to-date symlink: /home/ros2/git/mygit/capella_ros_dock/install/local/lib/python3.10/dist-packages/capella_ros_msg/capella_ros_msg_s__rosidl_typesupport_c.cpython-310-x86_64-linux-gnu.so
-- Up-to-date symlink: /home/ros2/git/mygit/capella_ros_dock/install/local/lib/python3.10/dist-packages/capella_ros_msg/capella_ros_msg_s__rosidl_typesupport_fastrtps_c.cpython-310-x86_64-linux-gnu.so
-- Up-to-date symlink: /home/ros2/git/mygit/capella_ros_dock/install/local/lib/python3.10/dist-packages/capella_ros_msg/capella_ros_msg_s__rosidl_typesupport_introspection_c.cpython-310-x86_64-linux-gnu.so
-- Up-to-date symlink: /home/ros2/git/mygit/capella_ros_dock/install/local/lib/python3.10/dist-packages/capella_ros_msg/libcapella_ros_msg__rosidl_generator_py.so
-- Up-to-date symlink: /home/ros2/git/mygit/capella_ros_dock/install/local/lib/python3.10/dist-packages/capella_ros_msg/msg/__init__.py
-- Up-to-date symlink: /home/ros2/git/mygit/capella_ros_dock/install/local/lib/python3.10/dist-packages/capella_ros_msg/msg/_atomize_switch_ctr_stu.py
-- Up-to-date symlink: /home/ros2/git/mygit/capella_ros_dock/install/local/lib/python3.10/dist-packages/capella_ros_msg/msg/_atomize_switch_ctr_stu_s.c
-- Up-to-date symlink: /home/ros2/git/mygit/capella_ros_dock/install/local/lib/python3.10/dist-packages/capella_ros_msg/msg/_battery.py
-- Up-to-date symlink: /home/ros2/git/mygit/capella_ros_dock/install/local/lib/python3.10/dist-packages/capella_ros_msg/msg/_battery_s.c
-- Up-to-date symlink: /home/ros2/git/mygit/capella_ros_dock/install/local/lib/python3.10/dist-packages/capella_ros_msg/msg/_contact_drive_stu.py
-- Up-to-date symlink: /home/ros2/git/mygit/capella_ros_dock/install/local/lib/python3.10/dist-packages/capella_ros_msg/msg/_contact_drive_stu_s.c
-- Up-to-date symlink: /home/ros2/git/mygit/capella_ros_dock/install/local/lib/python3.10/dist-packages/capella_ros_msg/msg/_detect_result.py
-- Up-to-date symlink: /home/ros2/git/mygit/capella_ros_dock/install/local/lib/python3.10/dist-packages/capella_ros_msg/msg/_detect_result_s.c
-- Up-to-date symlink: /home/ros2/git/mygit/capella_ros_dock/install/local/lib/python3.10/dist-packages/capella_ros_msg/msg/_imu.py
-- Up-to-date symlink: /home/ros2/git/mygit/capella_ros_dock/install/local/lib/python3.10/dist-packages/capella_ros_msg/msg/_imu_s.c
-- Up-to-date symlink: /home/ros2/git/mygit/capella_ros_dock/install/local/lib/python3.10/dist-packages/capella_ros_msg/msg/_ir_data.py
-- Up-to-date symlink: /home/ros2/git/mygit/capella_ros_dock/install/local/lib/python3.10/dist-packages/capella_ros_msg/msg/_ir_data_s.c
-- Up-to-date symlink: /home/ros2/git/mygit/capella_ros_dock/install/local/lib/python3.10/dist-packages/capella_ros_msg/msg/_pid.py
-- Up-to-date symlink: /home/ros2/git/mygit/capella_ros_dock/install/local/lib/python3.10/dist-packages/capella_ros_msg/msg/_pid_s.c
-- Up-to-date symlink: /home/ros2/git/mygit/capella_ros_dock/install/local/lib/python3.10/dist-packages/capella_ros_msg/msg/_single_detector.py
-- Up-to-date symlink: /home/ros2/git/mygit/capella_ros_dock/install/local/lib/python3.10/dist-packages/capella_ros_msg/msg/_single_detector_s.c
-- Up-to-date symlink: /home/ros2/git/mygit/capella_ros_dock/install/local/lib/python3.10/dist-packages/capella_ros_msg/msg/_velocities.py
-- Up-to-date symlink: /home/ros2/git/mygit/capella_ros_dock/install/local/lib/python3.10/dist-packages/capella_ros_msg/msg/_velocities_s.c
-- Up-to-date symlink: /home/ros2/git/mygit/capella_ros_dock/install/local/lib/python3.10/dist-packages/capella_ros_msg/srv/__init__.py
-- Up-to-date symlink: /home/ros2/git/mygit/capella_ros_dock/install/local/lib/python3.10/dist-packages/capella_ros_msg/srv/_charge_pile_wifi.py
-- Up-to-date symlink: /home/ros2/git/mygit/capella_ros_dock/install/local/lib/python3.10/dist-packages/capella_ros_msg/srv/_charge_pile_wifi_s.c
-- Up-to-date symlink: /home/ros2/git/mygit/capella_ros_dock/install/local/lib/python3.10/dist-packages/capella_ros_msg/capella_ros_msg_s__rosidl_typesupport_fastrtps_c.cpython-310-x86_64-linux-gnu.so
-- Up-to-date symlink: /home/ros2/git/mygit/capella_ros_dock/install/local/lib/python3.10/dist-packages/capella_ros_msg/capella_ros_msg_s__rosidl_typesupport_introspection_c.cpython-310-x86_64-linux-gnu.so
-- Up-to-date symlink: /home/ros2/git/mygit/capella_ros_dock/install/local/lib/python3.10/dist-packages/capella_ros_msg/capella_ros_msg_s__rosidl_typesupport_c.cpython-310-x86_64-linux-gnu.so
-- Up-to-date symlink: /home/ros2/git/mygit/capella_ros_dock/install/share/capella_ros_msg/msg/Battery.idl
-- Up-to-date symlink: /home/ros2/git/mygit/capella_ros_dock/install/share/capella_ros_msg/msg/Imu.idl
-- Up-to-date symlink: /home/ros2/git/mygit/capella_ros_dock/install/share/capella_ros_msg/msg/PID.idl
-- Up-to-date symlink: /home/ros2/git/mygit/capella_ros_dock/install/share/capella_ros_msg/msg/Velocities.idl
-- Up-to-date symlink: /home/ros2/git/mygit/capella_ros_dock/install/share/capella_ros_msg/msg/AtomizeSwitchCtrStu.idl
-- Up-to-date symlink: /home/ros2/git/mygit/capella_ros_dock/install/share/capella_ros_msg/msg/IrData.idl
-- Up-to-date symlink: /home/ros2/git/mygit/capella_ros_dock/install/share/capella_ros_msg/msg/ContactDriveStu.idl
-- Up-to-date symlink: /home/ros2/git/mygit/capella_ros_dock/install/share/capella_ros_msg/msg/SingleDetector.idl
-- Up-to-date symlink: /home/ros2/git/mygit/capella_ros_dock/install/share/capella_ros_msg/msg/DetectResult.idl
-- Up-to-date symlink: /home/ros2/git/mygit/capella_ros_dock/install/share/capella_ros_msg/srv/ChargePileWifi.idl
-- Up-to-date symlink: /home/ros2/git/mygit/capella_ros_dock/install/share/capella_ros_msg/msg/Battery.msg
-- Up-to-date symlink: /home/ros2/git/mygit/capella_ros_dock/install/share/capella_ros_msg/msg/Imu.msg
-- Up-to-date symlink: /home/ros2/git/mygit/capella_ros_dock/install/share/capella_ros_msg/msg/PID.msg
-- Up-to-date symlink: /home/ros2/git/mygit/capella_ros_dock/install/share/capella_ros_msg/msg/Velocities.msg
-- Up-to-date symlink: /home/ros2/git/mygit/capella_ros_dock/install/share/capella_ros_msg/msg/AtomizeSwitchCtrStu.msg
-- Up-to-date symlink: /home/ros2/git/mygit/capella_ros_dock/install/share/capella_ros_msg/msg/IrData.msg
-- Up-to-date symlink: /home/ros2/git/mygit/capella_ros_dock/install/share/capella_ros_msg/msg/ContactDriveStu.msg
-- Up-to-date symlink: /home/ros2/git/mygit/capella_ros_dock/install/share/capella_ros_msg/msg/SingleDetector.msg
-- Up-to-date symlink: /home/ros2/git/mygit/capella_ros_dock/install/share/capella_ros_msg/msg/DetectResult.msg
-- Up-to-date symlink: /home/ros2/git/mygit/capella_ros_dock/install/share/capella_ros_msg/srv/ChargePileWifi.srv
-- Up-to-date symlink: /home/ros2/git/mygit/capella_ros_dock/install/share/capella_ros_msg/srv/ChargePileWifi_Request.msg
-- Up-to-date symlink: /home/ros2/git/mygit/capella_ros_dock/install/share/capella_ros_msg/srv/ChargePileWifi_Response.msg
-- Up-to-date symlink: /home/ros2/git/mygit/capella_ros_dock/install/share/ament_index/resource_index/package_run_dependencies/capella_ros_msg
-- Up-to-date symlink: /home/ros2/git/mygit/capella_ros_dock/install/share/ament_index/resource_index/parent_prefix_path/capella_ros_msg
-- Up-to-date symlink: /home/ros2/git/mygit/capella_ros_dock/install/share/capella_ros_msg/environment/ament_prefix_path.sh
-- Up-to-date symlink: /home/ros2/git/mygit/capella_ros_dock/install/share/capella_ros_msg/environment/ament_prefix_path.dsv
-- Up-to-date symlink: /home/ros2/git/mygit/capella_ros_dock/install/share/capella_ros_msg/environment/path.sh
-- Up-to-date symlink: /home/ros2/git/mygit/capella_ros_dock/install/share/capella_ros_msg/environment/path.dsv
-- Up-to-date symlink: /home/ros2/git/mygit/capella_ros_dock/install/share/capella_ros_msg/local_setup.bash
-- Up-to-date symlink: /home/ros2/git/mygit/capella_ros_dock/install/share/capella_ros_msg/local_setup.sh
-- Up-to-date symlink: /home/ros2/git/mygit/capella_ros_dock/install/share/capella_ros_msg/local_setup.zsh
-- Up-to-date symlink: /home/ros2/git/mygit/capella_ros_dock/install/share/capella_ros_msg/local_setup.dsv
-- Symlinking: /home/ros2/git/mygit/capella_ros_dock/install/share/capella_ros_msg/package.dsv
-- Up-to-date symlink: /home/ros2/git/mygit/capella_ros_dock/install/share/ament_index/resource_index/packages/capella_ros_msg
-- Up-to-date symlink: /home/ros2/git/mygit/capella_ros_dock/install/share/capella_ros_msg/cmake/rosidl_cmake-extras.cmake
-- Up-to-date symlink: /home/ros2/git/mygit/capella_ros_dock/install/share/capella_ros_msg/cmake/ament_cmake_export_dependencies-extras.cmake
-- Up-to-date symlink: /home/ros2/git/mygit/capella_ros_dock/install/share/capella_ros_msg/cmake/ament_cmake_export_include_directories-extras.cmake
-- Up-to-date symlink: /home/ros2/git/mygit/capella_ros_dock/install/share/capella_ros_msg/cmake/ament_cmake_export_libraries-extras.cmake
-- Up-to-date symlink: /home/ros2/git/mygit/capella_ros_dock/install/share/capella_ros_msg/cmake/ament_cmake_export_targets-extras.cmake
-- Up-to-date symlink: /home/ros2/git/mygit/capella_ros_dock/install/share/capella_ros_msg/cmake/rosidl_cmake_export_typesupport_targets-extras.cmake
-- Up-to-date symlink: /home/ros2/git/mygit/capella_ros_dock/install/share/capella_ros_msg/cmake/rosidl_cmake_export_typesupport_libraries-extras.cmake
-- Up-to-date symlink: /home/ros2/git/mygit/capella_ros_dock/install/share/capella_ros_msg/cmake/capella_ros_msgConfig.cmake
-- Up-to-date symlink: /home/ros2/git/mygit/capella_ros_dock/install/share/capella_ros_msg/cmake/capella_ros_msgConfig-version.cmake
-- Up-to-date symlink: /home/ros2/git/mygit/capella_ros_dock/install/share/capella_ros_msg/package.xml
-- Up-to-date: /home/ros2/git/mygit/capella_ros_dock/install/lib/libcapella_ros_msg__rosidl_generator_c.so
-- Up-to-date: /home/ros2/git/mygit/capella_ros_dock/install/lib/libcapella_ros_msg__rosidl_typesupport_fastrtps_c.so
-- Up-to-date: /home/ros2/git/mygit/capella_ros_dock/install/lib/libcapella_ros_msg__rosidl_typesupport_fastrtps_cpp.so
-- Up-to-date: /home/ros2/git/mygit/capella_ros_dock/install/lib/libcapella_ros_msg__rosidl_typesupport_introspection_c.so
-- Up-to-date: /home/ros2/git/mygit/capella_ros_dock/install/lib/libcapella_ros_msg__rosidl_typesupport_c.so
-- Up-to-date: /home/ros2/git/mygit/capella_ros_dock/install/lib/libcapella_ros_msg__rosidl_typesupport_introspection_cpp.so
-- Up-to-date: /home/ros2/git/mygit/capella_ros_dock/install/lib/libcapella_ros_msg__rosidl_typesupport_cpp.so
Listing '/home/ros2/git/mygit/capella_ros_dock/install/local/lib/python3.10/dist-packages/capella_ros_msg'...
Listing '/home/ros2/git/mygit/capella_ros_dock/install/local/lib/python3.10/dist-packages/capella_ros_msg/msg'...
Listing '/home/ros2/git/mygit/capella_ros_dock/install/local/lib/python3.10/dist-packages/capella_ros_msg/srv'...
-- Up-to-date: /home/ros2/git/mygit/capella_ros_dock/install/lib/libcapella_ros_msg__rosidl_generator_py.so
-- Up-to-date: /home/ros2/git/mygit/capella_ros_dock/install/share/capella_ros_msg/cmake/export_capella_ros_msg__rosidl_generator_cExport.cmake
-- Up-to-date: /home/ros2/git/mygit/capella_ros_dock/install/share/capella_ros_msg/cmake/export_capella_ros_msg__rosidl_generator_cExport-relwithdebinfo.cmake
-- Up-to-date: /home/ros2/git/mygit/capella_ros_dock/install/share/capella_ros_msg/cmake/export_capella_ros_msg__rosidl_typesupport_fastrtps_cExport.cmake
-- Up-to-date: /home/ros2/git/mygit/capella_ros_dock/install/share/capella_ros_msg/cmake/export_capella_ros_msg__rosidl_typesupport_fastrtps_cExport-relwithdebinfo.cmake
-- Up-to-date: /home/ros2/git/mygit/capella_ros_dock/install/share/capella_ros_msg/cmake/export_capella_ros_msg__rosidl_generator_cppExport.cmake
-- Up-to-date: /home/ros2/git/mygit/capella_ros_dock/install/share/capella_ros_msg/cmake/export_capella_ros_msg__rosidl_typesupport_fastrtps_cppExport.cmake
-- Up-to-date: /home/ros2/git/mygit/capella_ros_dock/install/share/capella_ros_msg/cmake/export_capella_ros_msg__rosidl_typesupport_fastrtps_cppExport-relwithdebinfo.cmake
-- Up-to-date: /home/ros2/git/mygit/capella_ros_dock/install/share/capella_ros_msg/cmake/capella_ros_msg__rosidl_typesupport_introspection_cExport.cmake
-- Up-to-date: /home/ros2/git/mygit/capella_ros_dock/install/share/capella_ros_msg/cmake/capella_ros_msg__rosidl_typesupport_introspection_cExport-relwithdebinfo.cmake
-- Up-to-date: /home/ros2/git/mygit/capella_ros_dock/install/share/capella_ros_msg/cmake/capella_ros_msg__rosidl_typesupport_cExport.cmake
-- Up-to-date: /home/ros2/git/mygit/capella_ros_dock/install/share/capella_ros_msg/cmake/capella_ros_msg__rosidl_typesupport_cExport-relwithdebinfo.cmake
-- Up-to-date: /home/ros2/git/mygit/capella_ros_dock/install/share/capella_ros_msg/cmake/capella_ros_msg__rosidl_typesupport_introspection_cppExport.cmake
-- Up-to-date: /home/ros2/git/mygit/capella_ros_dock/install/share/capella_ros_msg/cmake/capella_ros_msg__rosidl_typesupport_introspection_cppExport-relwithdebinfo.cmake
-- Up-to-date: /home/ros2/git/mygit/capella_ros_dock/install/share/capella_ros_msg/cmake/capella_ros_msg__rosidl_typesupport_cppExport.cmake
-- Up-to-date: /home/ros2/git/mygit/capella_ros_dock/install/share/capella_ros_msg/cmake/capella_ros_msg__rosidl_typesupport_cppExport-relwithdebinfo.cmake
-- Up-to-date: /home/ros2/git/mygit/capella_ros_dock/install/share/capella_ros_msg/cmake/export_capella_ros_msg__rosidl_generator_pyExport.cmake
-- Up-to-date: /home/ros2/git/mygit/capella_ros_dock/install/share/capella_ros_msg/cmake/export_capella_ros_msg__rosidl_generator_pyExport-relwithdebinfo.cmake
