-- Found ament_cmake: 1.3.3 (/opt/ros/humble/share/ament_cmake/cmake)
-- Override CMake install command with custom implementation using symlinks instead of copying resources
-- Found rosidl_default_generators: 1.2.0 (/opt/ros/humble/share/rosidl_default_generators/cmake)
-- Using all available rosidl_typesupport_c: rosidl_typesupport_fastrtps_c;rosidl_typesupport_introspection_c
-- Found rosidl_adapter: 3.1.4 (/opt/ros/humble/share/rosidl_adapter/cmake)
-- Using all available rosidl_typesupport_cpp: rosidl_typesupport_fastrtps_cpp;rosidl_typesupport_introspection_cpp
-- Found sensor_msgs: 4.2.3 (/opt/ros/humble/share/sensor_msgs/cmake)
-- Found nav_msgs: 4.2.3 (/opt/ros/humble/share/nav_msgs/cmake)
-- Found ament_cmake_ros: 0.10.0 (/opt/ros/humble/share/ament_cmake_ros/cmake)
-- Using all available rosidl_typesupport_c: rosidl_typesupport_fastrtps_c;rosidl_typesupport_introspection_c
-- Using all available rosidl_typesupport_cpp: rosidl_typesupport_fastrtps_cpp;rosidl_typesupport_introspection_cpp
-- Found PythonInterp: /usr/bin/python3 (found suitable version "3.10.6", minimum required is "3.6") 
-- Found python_cmake_module: 0.10.0 (/opt/ros/humble/share/python_cmake_module/cmake)
-- Found PythonLibs: /usr/lib/x86_64-linux-gnu/libpython3.10.so (found suitable version "3.10.6", minimum required is "3.5") 
-- Using PYTHON_EXECUTABLE: /usr/bin/python3
-- Using PYTHON_INCLUDE_DIRS: /usr/include/python3.10
-- Using PYTHON_LIBRARIES: /usr/lib/x86_64-linux-gnu/libpython3.10.so
-- Found PythonExtra: .so  
-- Found ament_lint_auto: 0.12.5 (/opt/ros/humble/share/ament_lint_auto/cmake)
-- Added test 'lint_cmake' to check CMake code style
-- Added test 'xmllint' to check XML markup files
-- Configuring done
-- Generating done
-- Build files have been written to: /home/ros2/git/mygit/capella_ros_dock/build/capella_ros_dock_msgs
[  2%] [34m[1mGenerating C code for ROS interfaces[0m
[  5%] [34m[1mGenerating C++ code for ROS interfaces[0m
[  5%] Built target ament_cmake_python_symlink_capella_ros_dock_msgs
running egg_info
creating capella_ros_dock_msgs.egg-info
writing capella_ros_dock_msgs.egg-info/PKG-INFO
writing dependency_links to capella_ros_dock_msgs.egg-info/dependency_links.txt
writing top-level names to capella_ros_dock_msgs.egg-info/top_level.txt
writing manifest file 'capella_ros_dock_msgs.egg-info/SOURCES.txt'
reading manifest file 'capella_ros_dock_msgs.egg-info/SOURCES.txt'
writing manifest file 'capella_ros_dock_msgs.egg-info/SOURCES.txt'
[  5%] Built target ament_cmake_python_build_capella_ros_dock_msgs_egg
[  7%] [32mBuilding C object CMakeFiles/capella_ros_dock_msgs__rosidl_generator_c.dir/rosidl_generator_c/capella_ros_dock_msgs/msg/detail/hazard_detection_vector__functions.c.o[0m
[ 10%] [32mBuilding C object CMakeFiles/capella_ros_dock_msgs__rosidl_generator_c.dir/rosidl_generator_c/capella_ros_dock_msgs/msg/detail/hazard_detection__functions.c.o[0m
[ 12%] [32m[1mLinking C shared library libcapella_ros_dock_msgs__rosidl_generator_c.so[0m
[ 12%] Built target capella_ros_dock_msgs__cpp
[ 20%] [34m[1mGenerating C++ type support for eProsima Fast-RTPS[0m
[ 20%] [34m[1mGenerating C++ introspection for ROS interfaces[0m
[ 20%] [34m[1mGenerating C++ type support dispatch for ROS interfaces[0m
[ 20%] Built target capella_ros_dock_msgs__rosidl_generator_c
[ 28%] [34m[1mGenerating C type support for eProsima Fast-RTPS[0m
[ 28%] [34m[1mGenerating C introspection for ROS interfaces[0m
[ 28%] [34m[1mGenerating C type support dispatch for ROS interfaces[0m
[ 30%] [32mBuilding CXX object CMakeFiles/capella_ros_dock_msgs__rosidl_typesupport_cpp.dir/rosidl_typesupport_cpp/capella_ros_dock_msgs/msg/hazard_detection_vector__type_support.cpp.o[0m
[ 33%] [32mBuilding CXX object CMakeFiles/capella_ros_dock_msgs__rosidl_typesupport_cpp.dir/rosidl_typesupport_cpp/capella_ros_dock_msgs/msg/hazard_detection__type_support.cpp.o[0m
[ 38%] [32mBuilding CXX object CMakeFiles/capella_ros_dock_msgs__rosidl_typesupport_fastrtps_cpp.dir/rosidl_typesupport_fastrtps_cpp/capella_ros_dock_msgs/msg/detail/dds_fastrtps/hazard_detection__type_support.cpp.o[0m
[ 38%] [32mBuilding CXX object CMakeFiles/capella_ros_dock_msgs__rosidl_typesupport_fastrtps_cpp.dir/rosidl_typesupport_fastrtps_cpp/capella_ros_dock_msgs/msg/detail/dds_fastrtps/hazard_detection_vector__type_support.cpp.o[0m
[ 41%] [32mBuilding CXX object CMakeFiles/capella_ros_dock_msgs__rosidl_typesupport_introspection_cpp.dir/rosidl_typesupport_introspection_cpp/capella_ros_dock_msgs/msg/detail/hazard_detection_vector__type_support.cpp.o[0m
[ 43%] [32mBuilding CXX object CMakeFiles/capella_ros_dock_msgs__rosidl_typesupport_introspection_cpp.dir/rosidl_typesupport_introspection_cpp/capella_ros_dock_msgs/msg/detail/hazard_detection__type_support.cpp.o[0m
[ 46%] [32mBuilding CXX object CMakeFiles/capella_ros_dock_msgs__rosidl_typesupport_c.dir/rosidl_typesupport_c/capella_ros_dock_msgs/msg/hazard_detection__type_support.cpp.o[0m
[ 48%] [32mBuilding C object CMakeFiles/capella_ros_dock_msgs__rosidl_typesupport_introspection_c.dir/rosidl_typesupport_introspection_c/capella_ros_dock_msgs/msg/detail/hazard_detection_vector__type_support.c.o[0m
[ 51%] [32mBuilding CXX object CMakeFiles/capella_ros_dock_msgs__rosidl_typesupport_c.dir/rosidl_typesupport_c/capella_ros_dock_msgs/msg/hazard_detection_vector__type_support.cpp.o[0m
[ 53%] [32mBuilding C object CMakeFiles/capella_ros_dock_msgs__rosidl_typesupport_introspection_c.dir/rosidl_typesupport_introspection_c/capella_ros_dock_msgs/msg/detail/hazard_detection__type_support.c.o[0m
[ 56%] [32mBuilding CXX object CMakeFiles/capella_ros_dock_msgs__rosidl_typesupport_fastrtps_c.dir/rosidl_typesupport_fastrtps_c/capella_ros_dock_msgs/msg/detail/hazard_detection__type_support_c.cpp.o[0m
[ 58%] [32mBuilding CXX object CMakeFiles/capella_ros_dock_msgs__rosidl_typesupport_fastrtps_c.dir/rosidl_typesupport_fastrtps_c/capella_ros_dock_msgs/msg/detail/hazard_detection_vector__type_support_c.cpp.o[0m
[ 61%] [32m[1mLinking C shared library libcapella_ros_dock_msgs__rosidl_typesupport_introspection_c.so[0m
[ 64%] [32m[1mLinking CXX shared library libcapella_ros_dock_msgs__rosidl_typesupport_c.so[0m
[ 66%] [32m[1mLinking CXX shared library libcapella_ros_dock_msgs__rosidl_typesupport_cpp.so[0m
[ 66%] Built target capella_ros_dock_msgs__rosidl_typesupport_introspection_c
[ 66%] Built target capella_ros_dock_msgs__rosidl_typesupport_c
[ 66%] Built target capella_ros_dock_msgs__rosidl_typesupport_cpp
[ 69%] [32m[1mLinking CXX shared library libcapella_ros_dock_msgs__rosidl_typesupport_introspection_cpp.so[0m
[ 71%] [32m[1mLinking CXX shared library libcapella_ros_dock_msgs__rosidl_typesupport_fastrtps_c.so[0m
[ 74%] [32m[1mLinking CXX shared library libcapella_ros_dock_msgs__rosidl_typesupport_fastrtps_cpp.so[0m
[ 74%] Built target capella_ros_dock_msgs__rosidl_typesupport_introspection_cpp
[ 74%] Built target capella_ros_dock_msgs__rosidl_typesupport_fastrtps_c
[ 74%] Built target capella_ros_dock_msgs__rosidl_typesupport_fastrtps_cpp
[ 74%] Built target capella_ros_dock_msgs
[ 76%] [34m[1mGenerating Python code for ROS interfaces[0m
[ 76%] Built target capella_ros_dock_msgs__py
[ 82%] [32mBuilding C object CMakeFiles/capella_ros_dock_msgs__rosidl_generator_py.dir/rosidl_generator_py/capella_ros_dock_msgs/msg/_hazard_detection_s.c.o[0m
[ 82%] [32mBuilding C object CMakeFiles/capella_ros_dock_msgs__rosidl_generator_py.dir/rosidl_generator_py/capella_ros_dock_msgs/msg/_hazard_detection_vector_s.c.o[0m
[ 84%] [32m[1mLinking C shared library rosidl_generator_py/capella_ros_dock_msgs/libcapella_ros_dock_msgs__rosidl_generator_py.so[0m
[ 84%] Built target capella_ros_dock_msgs__rosidl_generator_py
[ 89%] [32mBuilding C object CMakeFiles/capella_ros_dock_msgs__rosidl_typesupport_fastrtps_c__pyext.dir/rosidl_generator_py/capella_ros_dock_msgs/_capella_ros_dock_msgs_s.ep.rosidl_typesupport_fastrtps_c.c.o[0m
[ 89%] [32mBuilding C object CMakeFiles/capella_ros_dock_msgs__rosidl_typesupport_c__pyext.dir/rosidl_generator_py/capella_ros_dock_msgs/_capella_ros_dock_msgs_s.ep.rosidl_typesupport_c.c.o[0m
[ 92%] [32mBuilding C object CMakeFiles/capella_ros_dock_msgs__rosidl_typesupport_introspection_c__pyext.dir/rosidl_generator_py/capella_ros_dock_msgs/_capella_ros_dock_msgs_s.ep.rosidl_typesupport_introspection_c.c.o[0m
[ 94%] [32m[1mLinking C shared library rosidl_generator_py/capella_ros_dock_msgs/capella_ros_dock_msgs_s__rosidl_typesupport_fastrtps_c.cpython-310-x86_64-linux-gnu.so[0m
[ 97%] [32m[1mLinking C shared library rosidl_generator_py/capella_ros_dock_msgs/capella_ros_dock_msgs_s__rosidl_typesupport_introspection_c.cpython-310-x86_64-linux-gnu.so[0m
[100%] [32m[1mLinking C shared library rosidl_generator_py/capella_ros_dock_msgs/capella_ros_dock_msgs_s__rosidl_typesupport_c.cpython-310-x86_64-linux-gnu.so[0m
[100%] Built target capella_ros_dock_msgs__rosidl_typesupport_introspection_c__pyext
[100%] Built target capella_ros_dock_msgs__rosidl_typesupport_fastrtps_c__pyext
[100%] Built target capella_ros_dock_msgs__rosidl_typesupport_c__pyext
-- Install configuration: "RelWithDebInfo"
-- Execute custom install script
-- Symlinking: /home/ros2/git/mygit/capella_ros_dock/install/share/ament_index/resource_index/rosidl_interfaces/capella_ros_dock_msgs
-- Symlinking: /home/ros2/git/mygit/capella_ros_dock/install/include/capella_ros_dock_msgs/capella_ros_dock_msgs/msg/detail/hazard_detection__functions.h
-- Symlinking: /home/ros2/git/mygit/capella_ros_dock/install/include/capella_ros_dock_msgs/capella_ros_dock_msgs/msg/detail/hazard_detection__struct.h
-- Symlinking: /home/ros2/git/mygit/capella_ros_dock/install/include/capella_ros_dock_msgs/capella_ros_dock_msgs/msg/detail/hazard_detection__type_support.h
-- Symlinking: /home/ros2/git/mygit/capella_ros_dock/install/include/capella_ros_dock_msgs/capella_ros_dock_msgs/msg/detail/hazard_detection_vector__functions.h
-- Symlinking: /home/ros2/git/mygit/capella_ros_dock/install/include/capella_ros_dock_msgs/capella_ros_dock_msgs/msg/detail/hazard_detection_vector__struct.h
-- Symlinking: /home/ros2/git/mygit/capella_ros_dock/install/include/capella_ros_dock_msgs/capella_ros_dock_msgs/msg/detail/hazard_detection_vector__type_support.h
-- Symlinking: /home/ros2/git/mygit/capella_ros_dock/install/include/capella_ros_dock_msgs/capella_ros_dock_msgs/msg/hazard_detection.h
-- Symlinking: /home/ros2/git/mygit/capella_ros_dock/install/include/capella_ros_dock_msgs/capella_ros_dock_msgs/msg/hazard_detection_vector.h
-- Symlinking: /home/ros2/git/mygit/capella_ros_dock/install/include/capella_ros_dock_msgs/capella_ros_dock_msgs/msg/rosidl_generator_c__visibility_control.h
-- Symlinking: /home/ros2/git/mygit/capella_ros_dock/install/share/capella_ros_dock_msgs/environment/library_path.sh
-- Symlinking: /home/ros2/git/mygit/capella_ros_dock/install/share/capella_ros_dock_msgs/environment/library_path.dsv
-- Symlinking: /home/ros2/git/mygit/capella_ros_dock/install/include/capella_ros_dock_msgs/capella_ros_dock_msgs/msg/detail/hazard_detection__rosidl_typesupport_fastrtps_c.h
-- Symlinking: /home/ros2/git/mygit/capella_ros_dock/install/include/capella_ros_dock_msgs/capella_ros_dock_msgs/msg/detail/hazard_detection_vector__rosidl_typesupport_fastrtps_c.h
-- Symlinking: /home/ros2/git/mygit/capella_ros_dock/install/include/capella_ros_dock_msgs/capella_ros_dock_msgs/msg/rosidl_typesupport_fastrtps_c__visibility_control.h
-- Symlinking: /home/ros2/git/mygit/capella_ros_dock/install/include/capella_ros_dock_msgs/capella_ros_dock_msgs/msg/detail/hazard_detection__rosidl_typesupport_introspection_c.h
-- Symlinking: /home/ros2/git/mygit/capella_ros_dock/install/include/capella_ros_dock_msgs/capella_ros_dock_msgs/msg/detail/hazard_detection_vector__rosidl_typesupport_introspection_c.h
-- Symlinking: /home/ros2/git/mygit/capella_ros_dock/install/include/capella_ros_dock_msgs/capella_ros_dock_msgs/msg/rosidl_typesupport_introspection_c__visibility_control.h
-- Symlinking: /home/ros2/git/mygit/capella_ros_dock/install/include/capella_ros_dock_msgs/capella_ros_dock_msgs/msg/detail/hazard_detection__builder.hpp
-- Symlinking: /home/ros2/git/mygit/capella_ros_dock/install/include/capella_ros_dock_msgs/capella_ros_dock_msgs/msg/detail/hazard_detection__struct.hpp
-- Symlinking: /home/ros2/git/mygit/capella_ros_dock/install/include/capella_ros_dock_msgs/capella_ros_dock_msgs/msg/detail/hazard_detection__traits.hpp
-- Symlinking: /home/ros2/git/mygit/capella_ros_dock/install/include/capella_ros_dock_msgs/capella_ros_dock_msgs/msg/detail/hazard_detection_vector__builder.hpp
-- Symlinking: /home/ros2/git/mygit/capella_ros_dock/install/include/capella_ros_dock_msgs/capella_ros_dock_msgs/msg/detail/hazard_detection_vector__struct.hpp
-- Symlinking: /home/ros2/git/mygit/capella_ros_dock/install/include/capella_ros_dock_msgs/capella_ros_dock_msgs/msg/detail/hazard_detection_vector__traits.hpp
-- Symlinking: /home/ros2/git/mygit/capella_ros_dock/install/include/capella_ros_dock_msgs/capella_ros_dock_msgs/msg/hazard_detection.hpp
-- Symlinking: /home/ros2/git/mygit/capella_ros_dock/install/include/capella_ros_dock_msgs/capella_ros_dock_msgs/msg/hazard_detection_vector.hpp
-- Symlinking: /home/ros2/git/mygit/capella_ros_dock/install/include/capella_ros_dock_msgs/capella_ros_dock_msgs/msg/detail/hazard_detection__rosidl_typesupport_fastrtps_cpp.hpp
-- Symlinking: /home/ros2/git/mygit/capella_ros_dock/install/include/capella_ros_dock_msgs/capella_ros_dock_msgs/msg/detail/hazard_detection_vector__rosidl_typesupport_fastrtps_cpp.hpp
-- Symlinking: /home/ros2/git/mygit/capella_ros_dock/install/include/capella_ros_dock_msgs/capella_ros_dock_msgs/msg/rosidl_typesupport_fastrtps_cpp__visibility_control.h
-- Symlinking: /home/ros2/git/mygit/capella_ros_dock/install/include/capella_ros_dock_msgs/capella_ros_dock_msgs/msg/detail/hazard_detection__rosidl_typesupport_introspection_cpp.hpp
-- Symlinking: /home/ros2/git/mygit/capella_ros_dock/install/include/capella_ros_dock_msgs/capella_ros_dock_msgs/msg/detail/hazard_detection_vector__rosidl_typesupport_introspection_cpp.hpp
-- Symlinking: /home/ros2/git/mygit/capella_ros_dock/install/share/capella_ros_dock_msgs/environment/pythonpath.sh
-- Symlinking: /home/ros2/git/mygit/capella_ros_dock/install/share/capella_ros_dock_msgs/environment/pythonpath.dsv
-- Symlinking: /home/ros2/git/mygit/capella_ros_dock/install/local/lib/python3.10/dist-packages/capella_ros_dock_msgs-0.0.0-py3.10.egg-info/PKG-INFO
-- Symlinking: /home/ros2/git/mygit/capella_ros_dock/install/local/lib/python3.10/dist-packages/capella_ros_dock_msgs-0.0.0-py3.10.egg-info/SOURCES.txt
-- Symlinking: /home/ros2/git/mygit/capella_ros_dock/install/local/lib/python3.10/dist-packages/capella_ros_dock_msgs-0.0.0-py3.10.egg-info/dependency_links.txt
-- Symlinking: /home/ros2/git/mygit/capella_ros_dock/install/local/lib/python3.10/dist-packages/capella_ros_dock_msgs-0.0.0-py3.10.egg-info/top_level.txt
-- Symlinking: /home/ros2/git/mygit/capella_ros_dock/install/local/lib/python3.10/dist-packages/capella_ros_dock_msgs/__init__.py
-- Symlinking: /home/ros2/git/mygit/capella_ros_dock/install/local/lib/python3.10/dist-packages/capella_ros_dock_msgs/_capella_ros_dock_msgs_s.ep.rosidl_typesupport_c.c
-- Symlinking: /home/ros2/git/mygit/capella_ros_dock/install/local/lib/python3.10/dist-packages/capella_ros_dock_msgs/_capella_ros_dock_msgs_s.ep.rosidl_typesupport_fastrtps_c.c
-- Symlinking: /home/ros2/git/mygit/capella_ros_dock/install/local/lib/python3.10/dist-packages/capella_ros_dock_msgs/_capella_ros_dock_msgs_s.ep.rosidl_typesupport_introspection_c.c
-- Symlinking: /home/ros2/git/mygit/capella_ros_dock/install/local/lib/python3.10/dist-packages/capella_ros_dock_msgs/capella_ros_dock_msgs_s__rosidl_typesupport_c.cpython-310-x86_64-linux-gnu.so
-- Symlinking: /home/ros2/git/mygit/capella_ros_dock/install/local/lib/python3.10/dist-packages/capella_ros_dock_msgs/capella_ros_dock_msgs_s__rosidl_typesupport_fastrtps_c.cpython-310-x86_64-linux-gnu.so
-- Symlinking: /home/ros2/git/mygit/capella_ros_dock/install/local/lib/python3.10/dist-packages/capella_ros_dock_msgs/capella_ros_dock_msgs_s__rosidl_typesupport_introspection_c.cpython-310-x86_64-linux-gnu.so
-- Symlinking: /home/ros2/git/mygit/capella_ros_dock/install/local/lib/python3.10/dist-packages/capella_ros_dock_msgs/libcapella_ros_dock_msgs__rosidl_generator_py.so
-- Symlinking: /home/ros2/git/mygit/capella_ros_dock/install/local/lib/python3.10/dist-packages/capella_ros_dock_msgs/msg/__init__.py
-- Symlinking: /home/ros2/git/mygit/capella_ros_dock/install/local/lib/python3.10/dist-packages/capella_ros_dock_msgs/msg/_hazard_detection.py
-- Symlinking: /home/ros2/git/mygit/capella_ros_dock/install/local/lib/python3.10/dist-packages/capella_ros_dock_msgs/msg/_hazard_detection_s.c
-- Symlinking: /home/ros2/git/mygit/capella_ros_dock/install/local/lib/python3.10/dist-packages/capella_ros_dock_msgs/msg/_hazard_detection_vector.py
-- Symlinking: /home/ros2/git/mygit/capella_ros_dock/install/local/lib/python3.10/dist-packages/capella_ros_dock_msgs/msg/_hazard_detection_vector_s.c
-- Up-to-date symlink: /home/ros2/git/mygit/capella_ros_dock/install/local/lib/python3.10/dist-packages/capella_ros_dock_msgs/capella_ros_dock_msgs_s__rosidl_typesupport_fastrtps_c.cpython-310-x86_64-linux-gnu.so
-- Up-to-date symlink: /home/ros2/git/mygit/capella_ros_dock/install/local/lib/python3.10/dist-packages/capella_ros_dock_msgs/capella_ros_dock_msgs_s__rosidl_typesupport_introspection_c.cpython-310-x86_64-linux-gnu.so
-- Up-to-date symlink: /home/ros2/git/mygit/capella_ros_dock/install/local/lib/python3.10/dist-packages/capella_ros_dock_msgs/capella_ros_dock_msgs_s__rosidl_typesupport_c.cpython-310-x86_64-linux-gnu.so
-- Symlinking: /home/ros2/git/mygit/capella_ros_dock/install/share/capella_ros_dock_msgs/msg/HazardDetection.idl
-- Symlinking: /home/ros2/git/mygit/capella_ros_dock/install/share/capella_ros_dock_msgs/msg/HazardDetectionVector.idl
-- Symlinking: /home/ros2/git/mygit/capella_ros_dock/install/share/capella_ros_dock_msgs/msg/HazardDetection.msg
-- Symlinking: /home/ros2/git/mygit/capella_ros_dock/install/share/capella_ros_dock_msgs/msg/HazardDetectionVector.msg
-- Symlinking: /home/ros2/git/mygit/capella_ros_dock/install/share/ament_index/resource_index/package_run_dependencies/capella_ros_dock_msgs
-- Symlinking: /home/ros2/git/mygit/capella_ros_dock/install/share/ament_index/resource_index/parent_prefix_path/capella_ros_dock_msgs
-- Symlinking: /home/ros2/git/mygit/capella_ros_dock/install/share/capella_ros_dock_msgs/environment/ament_prefix_path.sh
-- Symlinking: /home/ros2/git/mygit/capella_ros_dock/install/share/capella_ros_dock_msgs/environment/ament_prefix_path.dsv
-- Symlinking: /home/ros2/git/mygit/capella_ros_dock/install/share/capella_ros_dock_msgs/environment/path.sh
-- Symlinking: /home/ros2/git/mygit/capella_ros_dock/install/share/capella_ros_dock_msgs/environment/path.dsv
-- Symlinking: /home/ros2/git/mygit/capella_ros_dock/install/share/capella_ros_dock_msgs/local_setup.bash
-- Symlinking: /home/ros2/git/mygit/capella_ros_dock/install/share/capella_ros_dock_msgs/local_setup.sh
-- Symlinking: /home/ros2/git/mygit/capella_ros_dock/install/share/capella_ros_dock_msgs/local_setup.zsh
-- Symlinking: /home/ros2/git/mygit/capella_ros_dock/install/share/capella_ros_dock_msgs/local_setup.dsv
-- Symlinking: /home/ros2/git/mygit/capella_ros_dock/install/share/capella_ros_dock_msgs/package.dsv
-- Symlinking: /home/ros2/git/mygit/capella_ros_dock/install/share/ament_index/resource_index/packages/capella_ros_dock_msgs
-- Symlinking: /home/ros2/git/mygit/capella_ros_dock/install/share/capella_ros_dock_msgs/cmake/rosidl_cmake-extras.cmake
-- Symlinking: /home/ros2/git/mygit/capella_ros_dock/install/share/capella_ros_dock_msgs/cmake/ament_cmake_export_dependencies-extras.cmake
-- Symlinking: /home/ros2/git/mygit/capella_ros_dock/install/share/capella_ros_dock_msgs/cmake/ament_cmake_export_include_directories-extras.cmake
-- Symlinking: /home/ros2/git/mygit/capella_ros_dock/install/share/capella_ros_dock_msgs/cmake/ament_cmake_export_libraries-extras.cmake
-- Symlinking: /home/ros2/git/mygit/capella_ros_dock/install/share/capella_ros_dock_msgs/cmake/ament_cmake_export_targets-extras.cmake
-- Symlinking: /home/ros2/git/mygit/capella_ros_dock/install/share/capella_ros_dock_msgs/cmake/rosidl_cmake_export_typesupport_targets-extras.cmake
-- Symlinking: /home/ros2/git/mygit/capella_ros_dock/install/share/capella_ros_dock_msgs/cmake/rosidl_cmake_export_typesupport_libraries-extras.cmake
-- Symlinking: /home/ros2/git/mygit/capella_ros_dock/install/share/capella_ros_dock_msgs/cmake/capella_ros_dock_msgsConfig.cmake
-- Symlinking: /home/ros2/git/mygit/capella_ros_dock/install/share/capella_ros_dock_msgs/cmake/capella_ros_dock_msgsConfig-version.cmake
-- Symlinking: /home/ros2/git/mygit/capella_ros_dock/install/share/capella_ros_dock_msgs/package.xml
-- Installing: /home/ros2/git/mygit/capella_ros_dock/install/lib/libcapella_ros_dock_msgs__rosidl_generator_c.so
-- Set runtime path of "/home/ros2/git/mygit/capella_ros_dock/install/lib/libcapella_ros_dock_msgs__rosidl_generator_c.so" to ""
-- Installing: /home/ros2/git/mygit/capella_ros_dock/install/lib/libcapella_ros_dock_msgs__rosidl_typesupport_fastrtps_c.so
-- Set runtime path of "/home/ros2/git/mygit/capella_ros_dock/install/lib/libcapella_ros_dock_msgs__rosidl_typesupport_fastrtps_c.so" to ""
-- Installing: /home/ros2/git/mygit/capella_ros_dock/install/lib/libcapella_ros_dock_msgs__rosidl_typesupport_introspection_c.so
-- Set runtime path of "/home/ros2/git/mygit/capella_ros_dock/install/lib/libcapella_ros_dock_msgs__rosidl_typesupport_introspection_c.so" to ""
-- Installing: /home/ros2/git/mygit/capella_ros_dock/install/lib/libcapella_ros_dock_msgs__rosidl_typesupport_c.so
-- Set runtime path of "/home/ros2/git/mygit/capella_ros_dock/install/lib/libcapella_ros_dock_msgs__rosidl_typesupport_c.so" to ""
-- Installing: /home/ros2/git/mygit/capella_ros_dock/install/lib/libcapella_ros_dock_msgs__rosidl_typesupport_fastrtps_cpp.so
-- Set runtime path of "/home/ros2/git/mygit/capella_ros_dock/install/lib/libcapella_ros_dock_msgs__rosidl_typesupport_fastrtps_cpp.so" to ""
-- Installing: /home/ros2/git/mygit/capella_ros_dock/install/lib/libcapella_ros_dock_msgs__rosidl_typesupport_introspection_cpp.so
-- Set runtime path of "/home/ros2/git/mygit/capella_ros_dock/install/lib/libcapella_ros_dock_msgs__rosidl_typesupport_introspection_cpp.so" to ""
-- Installing: /home/ros2/git/mygit/capella_ros_dock/install/lib/libcapella_ros_dock_msgs__rosidl_typesupport_cpp.so
-- Set runtime path of "/home/ros2/git/mygit/capella_ros_dock/install/lib/libcapella_ros_dock_msgs__rosidl_typesupport_cpp.so" to ""
Listing '/home/ros2/git/mygit/capella_ros_dock/install/local/lib/python3.10/dist-packages/capella_ros_dock_msgs'...
Compiling '/home/ros2/git/mygit/capella_ros_dock/install/local/lib/python3.10/dist-packages/capella_ros_dock_msgs/__init__.py'...
Listing '/home/ros2/git/mygit/capella_ros_dock/install/local/lib/python3.10/dist-packages/capella_ros_dock_msgs/msg'...
Compiling '/home/ros2/git/mygit/capella_ros_dock/install/local/lib/python3.10/dist-packages/capella_ros_dock_msgs/msg/__init__.py'...
Compiling '/home/ros2/git/mygit/capella_ros_dock/install/local/lib/python3.10/dist-packages/capella_ros_dock_msgs/msg/_hazard_detection.py'...
Compiling '/home/ros2/git/mygit/capella_ros_dock/install/local/lib/python3.10/dist-packages/capella_ros_dock_msgs/msg/_hazard_detection_vector.py'...
-- Installing: /home/ros2/git/mygit/capella_ros_dock/install/lib/libcapella_ros_dock_msgs__rosidl_generator_py.so
-- Set runtime path of "/home/ros2/git/mygit/capella_ros_dock/install/lib/libcapella_ros_dock_msgs__rosidl_generator_py.so" to ""
-- Installing: /home/ros2/git/mygit/capella_ros_dock/install/share/capella_ros_dock_msgs/cmake/export_capella_ros_dock_msgs__rosidl_generator_cExport.cmake
-- Installing: /home/ros2/git/mygit/capella_ros_dock/install/share/capella_ros_dock_msgs/cmake/export_capella_ros_dock_msgs__rosidl_generator_cExport-relwithdebinfo.cmake
-- Installing: /home/ros2/git/mygit/capella_ros_dock/install/share/capella_ros_dock_msgs/cmake/export_capella_ros_dock_msgs__rosidl_typesupport_fastrtps_cExport.cmake
-- Installing: /home/ros2/git/mygit/capella_ros_dock/install/share/capella_ros_dock_msgs/cmake/export_capella_ros_dock_msgs__rosidl_typesupport_fastrtps_cExport-relwithdebinfo.cmake
-- Installing: /home/ros2/git/mygit/capella_ros_dock/install/share/capella_ros_dock_msgs/cmake/capella_ros_dock_msgs__rosidl_typesupport_introspection_cExport.cmake
-- Installing: /home/ros2/git/mygit/capella_ros_dock/install/share/capella_ros_dock_msgs/cmake/capella_ros_dock_msgs__rosidl_typesupport_introspection_cExport-relwithdebinfo.cmake
-- Installing: /home/ros2/git/mygit/capella_ros_dock/install/share/capella_ros_dock_msgs/cmake/capella_ros_dock_msgs__rosidl_typesupport_cExport.cmake
-- Installing: /home/ros2/git/mygit/capella_ros_dock/install/share/capella_ros_dock_msgs/cmake/capella_ros_dock_msgs__rosidl_typesupport_cExport-relwithdebinfo.cmake
-- Installing: /home/ros2/git/mygit/capella_ros_dock/install/share/capella_ros_dock_msgs/cmake/export_capella_ros_dock_msgs__rosidl_generator_cppExport.cmake
-- Installing: /home/ros2/git/mygit/capella_ros_dock/install/share/capella_ros_dock_msgs/cmake/export_capella_ros_dock_msgs__rosidl_typesupport_fastrtps_cppExport.cmake
-- Installing: /home/ros2/git/mygit/capella_ros_dock/install/share/capella_ros_dock_msgs/cmake/export_capella_ros_dock_msgs__rosidl_typesupport_fastrtps_cppExport-relwithdebinfo.cmake
-- Installing: /home/ros2/git/mygit/capella_ros_dock/install/share/capella_ros_dock_msgs/cmake/capella_ros_dock_msgs__rosidl_typesupport_introspection_cppExport.cmake
-- Installing: /home/ros2/git/mygit/capella_ros_dock/install/share/capella_ros_dock_msgs/cmake/capella_ros_dock_msgs__rosidl_typesupport_introspection_cppExport-relwithdebinfo.cmake
-- Installing: /home/ros2/git/mygit/capella_ros_dock/install/share/capella_ros_dock_msgs/cmake/capella_ros_dock_msgs__rosidl_typesupport_cppExport.cmake
-- Installing: /home/ros2/git/mygit/capella_ros_dock/install/share/capella_ros_dock_msgs/cmake/capella_ros_dock_msgs__rosidl_typesupport_cppExport-relwithdebinfo.cmake
-- Installing: /home/ros2/git/mygit/capella_ros_dock/install/share/capella_ros_dock_msgs/cmake/export_capella_ros_dock_msgs__rosidl_generator_pyExport.cmake
-- Installing: /home/ros2/git/mygit/capella_ros_dock/install/share/capella_ros_dock_msgs/cmake/export_capella_ros_dock_msgs__rosidl_generator_pyExport-relwithdebinfo.cmake
