[35m[1mConsolidate compiler generated dependencies of target hazard_vector_publisher[0m
[35m[1mConsolidate compiler generated dependencies of target hazard_publisher_lib[0m
[35m[1mConsolidate compiler generated dependencies of target motion_control[0m
[ 20%] [32mBuilding CXX object CMakeFiles/motion_control_lib.dir/src/docking_behavior.cpp.o[0m
[ 20%] [32mBuilding CXX object CMakeFiles/motion_control_lib.dir/src/reflex_behavior.cpp.o[0m
[ 30%] [32mBuilding CXX object CMakeFiles/motion_control_lib.dir/src/motion_control_node.cpp.o[0m
[ 50%] Built target hazard_vector_publisher
[ 70%] Built target motion_control
[ 80%] [32mBuilding CXX object CMakeFiles/hazard_publisher_lib.dir/src/hazards_vector_publisher.cpp.o[0m
[01m[K/home/ros2/git/mygit/capella_ros_dock/capella_ros_dock/src/motion_control_node.cpp:4:10:[m[K [01;31m[Kfatal error: [m[Kirobot_create_nodes/motion_control_node.hpp: No such file or directory
    4 | #include [01;31m[K"irobot_create_nodes/motion_control_node.hpp"[m[K
      |          [01;31m[K^~~~~~~~~~~~~~~~~~~~~~~~~~~~~~~~~~~~~~~~~~~~~[m[K
compilation terminated.
gmake[2]: *** [CMakeFiles/motion_control_lib.dir/build.make:76: CMakeFiles/motion_control_lib.dir/src/motion_control_node.cpp.o] Error 1
gmake[2]: *** Waiting for unfinished jobs....
In file included from [01m[K/home/ros2/git/mygit/capella_ros_dock/capella_ros_dock/src/docking_behavior.cpp:3[m[K:
[01m[K/home/ros2/git/mygit/capella_ros_dock/capella_ros_dock/include/capella_ros_dock/docking_behavior.hpp:12:10:[m[K [01;31m[Kfatal error: [m[Kcapella_ros_service_interfaces/action/dock.hpp: No such file or directory
   12 | #include [01;31m[K"capella_ros_service_interfaces/action/dock.hpp"[m[K
      |          [01;31m[K^~~~~~~~~~~~~~~~~~~~~~~~~~~~~~~~~~~~~~~~~~~~~~~~[m[K
compilation terminated.
gmake[2]: *** [CMakeFiles/motion_control_lib.dir/build.make:90: CMakeFiles/motion_control_lib.dir/src/docking_behavior.cpp.o] Error 1
[01m[K/home/ros2/git/mygit/capella_ros_dock/capella_ros_dock/src/reflex_behavior.cpp:12:10:[m[K [01;31m[Kfatal error: [m[Kirobot_create_nodes/motion_control/reflex_behavior.hpp: No such file or directory
   12 | #include [01;31m[K"irobot_create_nodes/motion_control/reflex_behavior.hpp"[m[K
      |          [01;31m[K^~~~~~~~~~~~~~~~~~~~~~~~~~~~~~~~~~~~~~~~~~~~~~~~~~~~~~~~[m[K
compilation terminated.
gmake[2]: *** [CMakeFiles/motion_control_lib.dir/build.make:104: CMakeFiles/motion_control_lib.dir/src/reflex_behavior.cpp.o] Error 1
gmake[1]: *** [CMakeFiles/Makefile2:195: CMakeFiles/motion_control_lib.dir/all] Error 2
gmake[1]: *** Waiting for unfinished jobs....
[01m[K/home/ros2/git/mygit/capella_ros_dock/capella_ros_dock/src/hazards_vector_publisher.cpp:[m[K In constructor ‘[01m[Kcapella_ros_dock::HazardsVectorPublisher::HazardsVectorPublisher(const rclcpp::NodeOptions&)[m[K’:
[01m[K/home/ros2/git/mygit/capella_ros_dock/capella_ros_dock/src/hazards_vector_publisher.cpp:28:51:[m[K [01;31m[Kerror: [m[K‘[01m[Kmsg[m[K’ is not a member of ‘[01m[Kcapella_ros_dock[m[K’
   28 |   publisher_ = create_publisher<capella_ros_dock::[01;31m[Kmsg[m[K::HazardDetectionVector>(
      |                                                   [01;31m[K^~~[m[K
[01m[K/home/ros2/git/mygit/capella_ros_dock/capella_ros_dock/src/hazards_vector_publisher.cpp:28:51:[m[K [01;36m[Knote: [m[Ksuggested alternatives:
In file included from [01m[K/opt/ros/humble/include/std_msgs/std_msgs/msg/detail/header__struct.hpp:20[m[K,
                 from [01m[K/home/ros2/git/mygit/capella_ros_dock/install/include/capella_ros_dock_msgs/capella_ros_dock_msgs/msg/detail/hazard_detection__struct.hpp:20[m[K,
                 from [01m[K/home/ros2/git/mygit/capella_ros_dock/install/include/capella_ros_dock_msgs/capella_ros_dock_msgs/msg/hazard_detection.hpp:7[m[K,
                 from [01m[K/home/ros2/git/mygit/capella_ros_dock/capella_ros_dock/include/capella_ros_dock/hazards_vector_publisher.hpp:9[m[K,
                 from [01m[K/home/ros2/git/mygit/capella_ros_dock/capella_ros_dock/src/hazards_vector_publisher.cpp:3[m[K:
[01m[K/opt/ros/humble/include/builtin_interfaces/builtin_interfaces/msg/detail/time__struct.hpp:27:11:[m[K [01;36m[Knote: [m[K  ‘[01m[Kbuiltin_interfaces::msg[m[K’
   27 | namespace [01;36m[Kmsg[m[K
      |           [01;36m[K^~~[m[K
In file included from [01m[K/home/ros2/git/mygit/capella_ros_dock/install/include/capella_ros_dock_msgs/capella_ros_dock_msgs/msg/detail/hazard_detection__struct.hpp:20[m[K,
                 from [01m[K/home/ros2/git/mygit/capella_ros_dock/install/include/capella_ros_dock_msgs/capella_ros_dock_msgs/msg/hazard_detection.hpp:7[m[K,
                 from [01m[K/home/ros2/git/mygit/capella_ros_dock/capella_ros_dock/include/capella_ros_dock/hazards_vector_publisher.hpp:9[m[K,
                 from [01m[K/home/ros2/git/mygit/capella_ros_dock/capella_ros_dock/src/hazards_vector_publisher.cpp:3[m[K:
[01m[K/opt/ros/humble/include/std_msgs/std_msgs/msg/detail/header__struct.hpp:31:11:[m[K [01;36m[Knote: [m[K  ‘[01m[Kstd_msgs::msg[m[K’
   31 | namespace [01;36m[Kmsg[m[K
      |           [01;36m[K^~~[m[K
In file included from [01m[K/home/ros2/git/mygit/capella_ros_dock/install/include/capella_ros_dock_msgs/capella_ros_dock_msgs/msg/hazard_detection.hpp:7[m[K,
                 from [01m[K/home/ros2/git/mygit/capella_ros_dock/capella_ros_dock/include/capella_ros_dock/hazards_vector_publisher.hpp:9[m[K,
                 from [01m[K/home/ros2/git/mygit/capella_ros_dock/capella_ros_dock/src/hazards_vector_publisher.cpp:3[m[K:
[01m[K/home/ros2/git/mygit/capella_ros_dock/install/include/capella_ros_dock_msgs/capella_ros_dock_msgs/msg/detail/hazard_detection__struct.hpp:31:11:[m[K [01;36m[Knote: [m[K  ‘[01m[Kcapella_ros_dock_msgs::msg[m[K’
   31 | namespace [01;36m[Kmsg[m[K
      |           [01;36m[K^~~[m[K
In file included from [01m[K/opt/ros/humble/include/rcl_interfaces/rcl_interfaces/msg/set_parameters_result.hpp:7[m[K,
                 from [01m[K/opt/ros/humble/include/rclcpp/rclcpp/qos_overriding_options.hpp:28[m[K,
                 from [01m[K/opt/ros/humble/include/rclcpp/rclcpp/subscription_options.hpp:30[m[K,
                 from [01m[K/opt/ros/humble/include/rclcpp/rclcpp/subscription.hpp:45[m[K,
                 from [01m[K/opt/ros/humble/include/rclcpp/rclcpp/any_executable.hpp:25[m[K,
                 from [01m[K/opt/ros/humble/include/rclcpp/rclcpp/memory_strategy.hpp:25[m[K,
                 from [01m[K/opt/ros/humble/include/rclcpp/rclcpp/memory_strategies.hpp:18[m[K,
                 from [01m[K/opt/ros/humble/include/rclcpp/rclcpp/executor_options.hpp:20[m[K,
                 from [01m[K/opt/ros/humble/include/rclcpp/rclcpp/executor.hpp:37[m[K,
                 from [01m[K/opt/ros/humble/include/rclcpp/rclcpp/executors/multi_threaded_executor.hpp:25[m[K,
                 from [01m[K/opt/ros/humble/include/rclcpp/rclcpp/executors.hpp:21[m[K,
                 from [01m[K/opt/ros/humble/include/rclcpp/rclcpp/rclcpp.hpp:155[m[K,
                 from [01m[K/home/ros2/git/mygit/capella_ros_dock/capella_ros_dock/include/capella_ros_dock/hazards_vector_publisher.hpp:11[m[K,
                 from [01m[K/home/ros2/git/mygit/capella_ros_dock/capella_ros_dock/src/hazards_vector_publisher.cpp:3[m[K:
[01m[K/opt/ros/humble/include/rcl_interfaces/rcl_interfaces/msg/detail/set_parameters_result__struct.hpp:27:11:[m[K [01;36m[Knote: [m[K  ‘[01m[Krcl_interfaces::msg[m[K’
   27 | namespace [01;36m[Kmsg[m[K
      |           [01;36m[K^~~[m[K
In file included from [01m[K/opt/ros/humble/include/statistics_msgs/statistics_msgs/msg/detail/metrics_message__struct.hpp:23[m[K,
                 from [01m[K/opt/ros/humble/include/statistics_msgs/statistics_msgs/msg/metrics_message.hpp:7[m[K,
                 from [01m[K/opt/ros/humble/include/libstatistics_collector/libstatistics_collector/collector/generate_statistics_message.hpp:21[m[K,
                 from [01m[K/opt/ros/humble/include/rclcpp/rclcpp/topic_statistics/subscription_topic_statistics.hpp:23[m[K,
                 from [01m[K/opt/ros/humble/include/rclcpp/rclcpp/subscription.hpp:50[m[K,
                 from [01m[K/opt/ros/humble/include/rclcpp/rclcpp/any_executable.hpp:25[m[K,
                 from [01m[K/opt/ros/humble/include/rclcpp/rclcpp/memory_strategy.hpp:25[m[K,
                 from [01m[K/opt/ros/humble/include/rclcpp/rclcpp/memory_strategies.hpp:18[m[K,
                 from [01m[K/opt/ros/humble/include/rclcpp/rclcpp/executor_options.hpp:20[m[K,
                 from [01m[K/opt/ros/humble/include/rclcpp/rclcpp/executor.hpp:37[m[K,
                 from [01m[K/opt/ros/humble/include/rclcpp/rclcpp/executors/multi_threaded_executor.hpp:25[m[K,
                 from [01m[K/opt/ros/humble/include/rclcpp/rclcpp/executors.hpp:21[m[K,
                 from [01m[K/opt/ros/humble/include/rclcpp/rclcpp/rclcpp.hpp:155[m[K,
                 from [01m[K/home/ros2/git/mygit/capella_ros_dock/capella_ros_dock/include/capella_ros_dock/hazards_vector_publisher.hpp:11[m[K,
                 from [01m[K/home/ros2/git/mygit/capella_ros_dock/capella_ros_dock/src/hazards_vector_publisher.cpp:3[m[K:
[01m[K/opt/ros/humble/include/statistics_msgs/statistics_msgs/msg/detail/statistic_data_point__struct.hpp:27:11:[m[K [01;36m[Knote: [m[K  ‘[01m[Kstatistics_msgs::msg[m[K’
   27 | namespace [01;36m[Kmsg[m[K
      |           [01;36m[K^~~[m[K
[01m[K/home/ros2/git/mygit/capella_ros_dock/capella_ros_dock/src/hazards_vector_publisher.cpp:28:16:[m[K [01;31m[Kerror: [m[Kparse error in template argument list
   28 |   publisher_ = [01;31m[Kcreate_publisher<capella_ros_dock::msg::HazardDetectionVector>[m[K(
      |                [01;31m[K^~~~~~~~~~~~~~~~~~~~~~~~~~~~~~~~~~~~~~~~~~~~~~~~~~~~~~~~~~~~~~[m[K
[01m[K/home/ros2/git/mygit/capella_ros_dock/capella_ros_dock/src/hazards_vector_publisher.cpp:28:78:[m[K [01;31m[Kerror: [m[Kno matching function for call to ‘[01m[Kcapella_ros_dock::HazardsVectorPublisher::create_publisher<<expression error> >(std::string&, rclcpp::QoS&)[m[K’
   28 |   publisher_ = [01;31m[Kcreate_publisher<capella_ros_dock::msg::HazardDetectionVector>([m[K
      |                [01;31m[K~~~~~~~~~~~~~~~~~~~~~~~~~~~~~~~~~~~~~~~~~~~~~~~~~~~~~~~~~~~~~~^[m[K
   29 | [01;31m[K    publisher_topic_, rclcpp::SensorDataQoS().reliable())[m[K;
      |     [01;31m[K~~~~~~~~~~~~~~~~~~~~~~~~~~~~~~~~~~~~~~~~~~~~~~~~~~~~~[m[K                     
In file included from [01m[K/opt/ros/humble/include/rclcpp/rclcpp/executors/single_threaded_executor.hpp:28[m[K,
                 from [01m[K/opt/ros/humble/include/rclcpp/rclcpp/executors.hpp:22[m[K,
                 from [01m[K/opt/ros/humble/include/rclcpp/rclcpp/rclcpp.hpp:155[m[K,
                 from [01m[K/home/ros2/git/mygit/capella_ros_dock/capella_ros_dock/include/capella_ros_dock/hazards_vector_publisher.hpp:11[m[K,
                 from [01m[K/home/ros2/git/mygit/capella_ros_dock/capella_ros_dock/src/hazards_vector_publisher.cpp:3[m[K:
[01m[K/opt/ros/humble/include/rclcpp/rclcpp/node.hpp:195:3:[m[K [01;36m[Knote: [m[Kcandidate: ‘[01m[Ktemplate<class MessageT, class AllocatorT, class PublisherT> std::shared_ptr<PublisherT> rclcpp::Node::create_publisher(const string&, const rclcpp::QoS&, const rclcpp::PublisherOptionsWithAllocator<AllocatorT>&)[m[K’
  195 |   [01;36m[Kcreate_publisher[m[K(
      |   [01;36m[K^~~~~~~~~~~~~~~~[m[K
[01m[K/opt/ros/humble/include/rclcpp/rclcpp/node.hpp:195:3:[m[K [01;36m[Knote: [m[K  template argument deduction/substitution failed:
[01m[K/home/ros2/git/mygit/capella_ros_dock/capella_ros_dock/src/hazards_vector_publisher.cpp:28:78:[m[K [01;31m[Kerror: [m[Ktemplate argument 1 is invalid
   28 |   publisher_ = [01;31m[Kcreate_publisher<capella_ros_dock::msg::HazardDetectionVector>([m[K
      |                [01;31m[K~~~~~~~~~~~~~~~~~~~~~~~~~~~~~~~~~~~~~~~~~~~~~~~~~~~~~~~~~~~~~~^[m[K
   29 | [01;31m[K    publisher_topic_, rclcpp::SensorDataQoS().reliable())[m[K;
      |     [01;31m[K~~~~~~~~~~~~~~~~~~~~~~~~~~~~~~~~~~~~~~~~~~~~~~~~~~~~~[m[K                     
gmake[2]: *** [CMakeFiles/hazard_publisher_lib.dir/build.make:76: CMakeFiles/hazard_publisher_lib.dir/src/hazards_vector_publisher.cpp.o] Error 1
gmake[1]: *** [CMakeFiles/Makefile2:143: CMakeFiles/hazard_publisher_lib.dir/all] Error 2
gmake: *** [Makefile:146: all] Error 2
