[0.153s] Invoking command in '/home/ros2/git/mygit/capella_ros_dock/build/capella_ros_dock': AMENT_PREFIX_PATH=/home/ros2/git/mygit/capella_ros_dock/install:${AMENT_PREFIX_PATH} CMAKE_PREFIX_PATH=/home/ros2/git/mygit/capella_ros_dock/install:/opt/ros/humble LD_LIBRARY_PATH=/home/ros2/git/mygit/capella_ros_dock/install/lib:${LD_LIBRARY_PATH} PYTHONPATH=/home/ros2/git/mygit/capella_ros_dock/install/local/lib/python3.10/dist-packages:${PYTHONPATH} WSLENV=ELECTRON_RUN_AS_NODE/w:WT_SESSION::WT_PROFILE_ID /usr/bin/cmake --build /home/ros2/git/mygit/capella_ros_dock/build/capella_ros_dock -- -j12 -l12
[0.178s] [35m[1mConsolidate compiler generated dependencies of target hazard_publisher_lib[0m
[0.184s] [ 30%] [32mBuilding CXX object CMakeFiles/motion_control_lib.dir/src/reflex_behavior.cpp.o[0m
[0.184s] [ 30%] [32mBuilding CXX object CMakeFiles/motion_control_lib.dir/src/motion_control_node.cpp.o[0m
[0.184s] [ 30%] [32mBuilding CXX object CMakeFiles/motion_control_lib.dir/src/docking_behavior.cpp.o[0m
[0.185s] [ 50%] Built target hazard_vector_publisher
[0.187s] [ 70%] Built target motion_control
[0.189s] [01m[K/home/ros2/git/mygit/capella_ros_dock/capella_ros_dock/src/motion_control_node.cpp:4:10:[m[K [01;31m[Kfatal error: [m[Kirobot_create_nodes/motion_control_node.hpp: No such file or directory
[0.189s]     4 | #include [01;31m[K"irobot_create_nodes/motion_control_node.hpp"[m[K
[0.189s]       |          [01;31m[K^~~~~~~~~~~~~~~~~~~~~~~~~~~~~~~~~~~~~~~~~~~~~[m[K
[0.189s] compilation terminated.
[0.190s] gmake[2]: *** [CMakeFiles/motion_control_lib.dir/build.make:76: CMakeFiles/motion_control_lib.dir/src/motion_control_node.cpp.o] Error 1
[0.190s] gmake[2]: *** Waiting for unfinished jobs....
[0.191s] [ 80%] [32mBuilding CXX object CMakeFiles/hazard_publisher_lib.dir/src/hazards_vector_publisher.cpp.o[0m
[0.220s] In file included from [01m[K/home/ros2/git/mygit/capella_ros_dock/capella_ros_dock/src/docking_behavior.cpp:3[m[K:
[0.220s] [01m[K/home/ros2/git/mygit/capella_ros_dock/capella_ros_dock/include/capella_ros_dock/docking_behavior.hpp:12:10:[m[K [01;31m[Kfatal error: [m[Kcapella_ros_service_interfaces/action/dock.hpp: No such file or directory
[0.220s]    12 | #include [01;31m[K"capella_ros_service_interfaces/action/dock.hpp"[m[K
[0.220s]       |          [01;31m[K^~~~~~~~~~~~~~~~~~~~~~~~~~~~~~~~~~~~~~~~~~~~~~~~[m[K
[0.220s] compilation terminated.
[0.221s] gmake[2]: *** [CMakeFiles/motion_control_lib.dir/build.make:90: CMakeFiles/motion_control_lib.dir/src/docking_behavior.cpp.o] Error 1
[0.268s] [01m[K/home/ros2/git/mygit/capella_ros_dock/capella_ros_dock/src/reflex_behavior.cpp:12:10:[m[K [01;31m[Kfatal error: [m[Kirobot_create_nodes/motion_control/reflex_behavior.hpp: No such file or directory
[0.268s]    12 | #include [01;31m[K"irobot_create_nodes/motion_control/reflex_behavior.hpp"[m[K
[0.269s]       |          [01;31m[K^~~~~~~~~~~~~~~~~~~~~~~~~~~~~~~~~~~~~~~~~~~~~~~~~~~~~~~~[m[K
[0.269s] compilation terminated.
[0.269s] gmake[2]: *** [CMakeFiles/motion_control_lib.dir/build.make:104: CMakeFiles/motion_control_lib.dir/src/reflex_behavior.cpp.o] Error 1
[0.269s] gmake[1]: *** [CMakeFiles/Makefile2:195: CMakeFiles/motion_control_lib.dir/all] Error 2
[0.269s] gmake[1]: *** Waiting for unfinished jobs....
[11.052s] [ 90%] [32m[1mLinking CXX shared library libhazard_publisher_lib.so[0m
[11.299s] [ 90%] Built target hazard_publisher_lib
[11.300s] gmake: *** [Makefile:146: all] Error 2
[11.302s] Invoked command in '/home/ros2/git/mygit/capella_ros_dock/build/capella_ros_dock' returned '2': AMENT_PREFIX_PATH=/home/ros2/git/mygit/capella_ros_dock/install:${AMENT_PREFIX_PATH} CMAKE_PREFIX_PATH=/home/ros2/git/mygit/capella_ros_dock/install:/opt/ros/humble LD_LIBRARY_PATH=/home/ros2/git/mygit/capella_ros_dock/install/lib:${LD_LIBRARY_PATH} PYTHONPATH=/home/ros2/git/mygit/capella_ros_dock/install/local/lib/python3.10/dist-packages:${PYTHONPATH} WSLENV=ELECTRON_RUN_AS_NODE/w:WT_SESSION::WT_PROFILE_ID /usr/bin/cmake --build /home/ros2/git/mygit/capella_ros_dock/build/capella_ros_dock -- -j12 -l12
