-- Found ament_cmake: 1.3.3 (/opt/ros/humble/share/ament_cmake/cmake)
-- Override CMake install command with custom implementation using symlinks instead of copying resources
-- Found rosidl_default_generators: 1.2.0 (/opt/ros/humble/share/rosidl_default_generators/cmake)
-- Using all available rosidl_typesupport_c: rosidl_typesupport_fastrtps_c;rosidl_typesupport_introspection_c
-- Found rosidl_adapter: 3.1.4 (/opt/ros/humble/share/rosidl_adapter/cmake)
-- Using all available rosidl_typesupport_cpp: rosidl_typesupport_fastrtps_cpp;rosidl_typesupport_introspection_cpp
-- Found sensor_msgs: 4.2.3 (/opt/ros/humble/share/sensor_msgs/cmake)
-- Found nav_msgs: 4.2.3 (/opt/ros/humble/share/nav_msgs/cmake)
-- Found ament_cmake_ros: 0.10.0 (/opt/ros/humble/share/ament_cmake_ros/cmake)
-- Using all available rosidl_typesupport_c: rosidl_typesupport_fastrtps_c;rosidl_typesupport_introspection_c
-- Using all available rosidl_typesupport_cpp: rosidl_typesupport_fastrtps_cpp;rosidl_typesupport_introspection_cpp
-- Found python_cmake_module: 0.10.0 (/opt/ros/humble/share/python_cmake_module/cmake)
-- Using PYTHON_EXECUTABLE: /usr/bin/python3
-- Using PYTHON_INCLUDE_DIRS: /usr/include/python3.10
-- Using PYTHON_LIBRARIES: /usr/lib/x86_64-linux-gnu/libpython3.10.so
-- Found ament_lint_auto: 0.12.5 (/opt/ros/humble/share/ament_lint_auto/cmake)
-- Added test 'lint_cmake' to check CMake code style
-- Added test 'xmllint' to check XML markup files
-- Configuring done
-- Generating done
-- Build files have been written to: /home/ros2/git/mygit/capella_ros_dock/build/capella_ros_dock_msgs
[  1%] [34m[1mGenerating C code for ROS interfaces[0m
[  3%] [34m[1mGenerating C++ code for ROS interfaces[0m
[  3%] Built target ament_cmake_python_symlink_capella_ros_dock_msgs
running egg_info
writing capella_ros_dock_msgs.egg-info/PKG-INFO
writing dependency_links to capella_ros_dock_msgs.egg-info/dependency_links.txt
writing top-level names to capella_ros_dock_msgs.egg-info/top_level.txt
reading manifest file 'capella_ros_dock_msgs.egg-info/SOURCES.txt'
writing manifest file 'capella_ros_dock_msgs.egg-info/SOURCES.txt'
[  3%] Built target ament_cmake_python_build_capella_ros_dock_msgs_egg
[  3%] Built target capella_ros_dock_msgs__cpp
[  4%] [34m[1mGenerating C++ type support dispatch for ROS interfaces[0m
[  6%] [34m[1mGenerating C++ introspection for ROS interfaces[0m
[  7%] [34m[1mGenerating C++ type support for eProsima Fast-RTPS[0m
[35m[1mConsolidate compiler generated dependencies of target capella_ros_dock_msgs__rosidl_generator_c[0m
[ 12%] [32mBuilding C object CMakeFiles/capella_ros_dock_msgs__rosidl_generator_c.dir/rosidl_generator_c/capella_ros_dock_msgs/srv/detail/e_stop__functions.c.o[0m
[ 12%] [32mBuilding C object CMakeFiles/capella_ros_dock_msgs__rosidl_generator_c.dir/rosidl_generator_c/capella_ros_dock_msgs/msg/detail/hazard_detection_vector__functions.c.o[0m
[ 12%] [32mBuilding C object CMakeFiles/capella_ros_dock_msgs__rosidl_generator_c.dir/rosidl_generator_c/capella_ros_dock_msgs/srv/detail/robot_power__functions.c.o[0m
[ 14%] [32mBuilding C object CMakeFiles/capella_ros_dock_msgs__rosidl_generator_c.dir/rosidl_generator_c/capella_ros_dock_msgs/msg/detail/kidnap_status__functions.c.o[0m
[ 15%] [32mBuilding C object CMakeFiles/capella_ros_dock_msgs__rosidl_generator_c.dir/rosidl_generator_c/capella_ros_dock_msgs/msg/detail/hazard_detection__functions.c.o[0m
[ 17%] [32m[1mLinking C shared library libcapella_ros_dock_msgs__rosidl_generator_c.so[0m
[ 17%] Built target capella_ros_dock_msgs__rosidl_generator_c
[ 22%] [34m[1mGenerating C type support dispatch for ROS interfaces[0m
[ 22%] [34m[1mGenerating C type support for eProsima Fast-RTPS[0m
[ 22%] [34m[1mGenerating C introspection for ROS interfaces[0m
[35m[1mConsolidate compiler generated dependencies of target capella_ros_dock_msgs__rosidl_typesupport_cpp[0m
[ 26%] [32mBuilding CXX object CMakeFiles/capella_ros_dock_msgs__rosidl_typesupport_cpp.dir/rosidl_typesupport_cpp/capella_ros_dock_msgs/srv/robot_power__type_support.cpp.o[0m
[ 26%] [32mBuilding CXX object CMakeFiles/capella_ros_dock_msgs__rosidl_typesupport_cpp.dir/rosidl_typesupport_cpp/capella_ros_dock_msgs/msg/kidnap_status__type_support.cpp.o[0m
[ 26%] [32mBuilding CXX object CMakeFiles/capella_ros_dock_msgs__rosidl_typesupport_cpp.dir/rosidl_typesupport_cpp/capella_ros_dock_msgs/msg/hazard_detection_vector__type_support.cpp.o[0m
[ 28%] [32mBuilding CXX object CMakeFiles/capella_ros_dock_msgs__rosidl_typesupport_cpp.dir/rosidl_typesupport_cpp/capella_ros_dock_msgs/srv/e_stop__type_support.cpp.o[0m
[ 30%] [32mBuilding CXX object CMakeFiles/capella_ros_dock_msgs__rosidl_typesupport_cpp.dir/rosidl_typesupport_cpp/capella_ros_dock_msgs/msg/hazard_detection__type_support.cpp.o[0m
[35m[1mConsolidate compiler generated dependencies of target capella_ros_dock_msgs__rosidl_typesupport_introspection_cpp[0m
[ 31%] [32mBuilding CXX object CMakeFiles/capella_ros_dock_msgs__rosidl_typesupport_introspection_cpp.dir/rosidl_typesupport_introspection_cpp/capella_ros_dock_msgs/msg/detail/hazard_detection__type_support.cpp.o[0m
[ 33%] [32mBuilding CXX object CMakeFiles/capella_ros_dock_msgs__rosidl_typesupport_introspection_cpp.dir/rosidl_typesupport_introspection_cpp/capella_ros_dock_msgs/msg/detail/hazard_detection_vector__type_support.cpp.o[0m
[ 34%] [32mBuilding CXX object CMakeFiles/capella_ros_dock_msgs__rosidl_typesupport_introspection_cpp.dir/rosidl_typesupport_introspection_cpp/capella_ros_dock_msgs/msg/detail/kidnap_status__type_support.cpp.o[0m
[35m[1mConsolidate compiler generated dependencies of target capella_ros_dock_msgs__rosidl_typesupport_fastrtps_cpp[0m
[ 36%] [32mBuilding CXX object CMakeFiles/capella_ros_dock_msgs__rosidl_typesupport_fastrtps_cpp.dir/rosidl_typesupport_fastrtps_cpp/capella_ros_dock_msgs/msg/detail/dds_fastrtps/hazard_detection__type_support.cpp.o[0m
[35m[1mConsolidate compiler generated dependencies of target capella_ros_dock_msgs__rosidl_typesupport_c[0m
[ 38%] [32mBuilding CXX object CMakeFiles/capella_ros_dock_msgs__rosidl_typesupport_introspection_cpp.dir/rosidl_typesupport_introspection_cpp/capella_ros_dock_msgs/srv/detail/e_stop__type_support.cpp.o[0m
[ 39%] [32mBuilding CXX object CMakeFiles/capella_ros_dock_msgs__rosidl_typesupport_fastrtps_cpp.dir/rosidl_typesupport_fastrtps_cpp/capella_ros_dock_msgs/msg/detail/dds_fastrtps/hazard_detection_vector__type_support.cpp.o[0m
[ 41%] [32mBuilding CXX object CMakeFiles/capella_ros_dock_msgs__rosidl_typesupport_c.dir/rosidl_typesupport_c/capella_ros_dock_msgs/msg/hazard_detection__type_support.cpp.o[0m
[ 42%] [32mBuilding CXX object CMakeFiles/capella_ros_dock_msgs__rosidl_typesupport_c.dir/rosidl_typesupport_c/capella_ros_dock_msgs/msg/hazard_detection_vector__type_support.cpp.o[0m
[ 44%] [32m[1mLinking CXX shared library libcapella_ros_dock_msgs__rosidl_typesupport_cpp.so[0m
[ 46%] [32mBuilding CXX object CMakeFiles/capella_ros_dock_msgs__rosidl_typesupport_c.dir/rosidl_typesupport_c/capella_ros_dock_msgs/srv/e_stop__type_support.cpp.o[0m
[35m[1mConsolidate compiler generated dependencies of target capella_ros_dock_msgs__rosidl_typesupport_introspection_c[0m
[ 47%] [32mBuilding CXX object CMakeFiles/capella_ros_dock_msgs__rosidl_typesupport_c.dir/rosidl_typesupport_c/capella_ros_dock_msgs/msg/kidnap_status__type_support.cpp.o[0m
[ 49%] [32mBuilding CXX object CMakeFiles/capella_ros_dock_msgs__rosidl_typesupport_c.dir/rosidl_typesupport_c/capella_ros_dock_msgs/srv/robot_power__type_support.cpp.o[0m
[ 50%] [32mBuilding C object CMakeFiles/capella_ros_dock_msgs__rosidl_typesupport_introspection_c.dir/rosidl_typesupport_introspection_c/capella_ros_dock_msgs/msg/detail/hazard_detection__type_support.c.o[0m
[ 52%] [32mBuilding CXX object CMakeFiles/capella_ros_dock_msgs__rosidl_typesupport_introspection_cpp.dir/rosidl_typesupport_introspection_cpp/capella_ros_dock_msgs/srv/detail/robot_power__type_support.cpp.o[0m
[ 53%] [32mBuilding C object CMakeFiles/capella_ros_dock_msgs__rosidl_typesupport_introspection_c.dir/rosidl_typesupport_introspection_c/capella_ros_dock_msgs/msg/detail/kidnap_status__type_support.c.o[0m
[ 55%] [32mBuilding C object CMakeFiles/capella_ros_dock_msgs__rosidl_typesupport_introspection_c.dir/rosidl_typesupport_introspection_c/capella_ros_dock_msgs/msg/detail/hazard_detection_vector__type_support.c.o[0m
[ 57%] [32mBuilding C object CMakeFiles/capella_ros_dock_msgs__rosidl_typesupport_introspection_c.dir/rosidl_typesupport_introspection_c/capella_ros_dock_msgs/srv/detail/e_stop__type_support.c.o[0m
[ 58%] [32mBuilding C object CMakeFiles/capella_ros_dock_msgs__rosidl_typesupport_introspection_c.dir/rosidl_typesupport_introspection_c/capella_ros_dock_msgs/srv/detail/robot_power__type_support.c.o[0m
[ 60%] [32mBuilding CXX object CMakeFiles/capella_ros_dock_msgs__rosidl_typesupport_fastrtps_cpp.dir/rosidl_typesupport_fastrtps_cpp/capella_ros_dock_msgs/msg/detail/dds_fastrtps/kidnap_status__type_support.cpp.o[0m
[ 61%] [32m[1mLinking CXX shared library libcapella_ros_dock_msgs__rosidl_typesupport_c.so[0m
[35m[1mConsolidate compiler generated dependencies of target capella_ros_dock_msgs__rosidl_typesupport_fastrtps_c[0m
[ 63%] [32mBuilding CXX object CMakeFiles/capella_ros_dock_msgs__rosidl_typesupport_fastrtps_cpp.dir/rosidl_typesupport_fastrtps_cpp/capella_ros_dock_msgs/srv/detail/dds_fastrtps/e_stop__type_support.cpp.o[0m
[ 65%] [32mBuilding CXX object CMakeFiles/capella_ros_dock_msgs__rosidl_typesupport_fastrtps_c.dir/rosidl_typesupport_fastrtps_c/capella_ros_dock_msgs/msg/detail/hazard_detection__type_support_c.cpp.o[0m
[ 66%] [32mBuilding CXX object CMakeFiles/capella_ros_dock_msgs__rosidl_typesupport_fastrtps_c.dir/rosidl_typesupport_fastrtps_c/capella_ros_dock_msgs/msg/detail/hazard_detection_vector__type_support_c.cpp.o[0m
[ 68%] [32m[1mLinking C shared library libcapella_ros_dock_msgs__rosidl_typesupport_introspection_c.so[0m
[ 68%] Built target capella_ros_dock_msgs__rosidl_typesupport_cpp
[ 69%] [32mBuilding CXX object CMakeFiles/capella_ros_dock_msgs__rosidl_typesupport_fastrtps_c.dir/rosidl_typesupport_fastrtps_c/capella_ros_dock_msgs/msg/detail/kidnap_status__type_support_c.cpp.o[0m
[ 71%] [32mBuilding CXX object CMakeFiles/capella_ros_dock_msgs__rosidl_typesupport_fastrtps_c.dir/rosidl_typesupport_fastrtps_c/capella_ros_dock_msgs/srv/detail/e_stop__type_support_c.cpp.o[0m
[ 73%] [32mBuilding CXX object CMakeFiles/capella_ros_dock_msgs__rosidl_typesupport_fastrtps_cpp.dir/rosidl_typesupport_fastrtps_cpp/capella_ros_dock_msgs/srv/detail/dds_fastrtps/robot_power__type_support.cpp.o[0m
[ 73%] Built target capella_ros_dock_msgs__rosidl_typesupport_c
[ 74%] [32mBuilding CXX object CMakeFiles/capella_ros_dock_msgs__rosidl_typesupport_fastrtps_c.dir/rosidl_typesupport_fastrtps_c/capella_ros_dock_msgs/srv/detail/robot_power__type_support_c.cpp.o[0m
[ 74%] Built target capella_ros_dock_msgs__rosidl_typesupport_introspection_c
[ 76%] [32m[1mLinking CXX shared library libcapella_ros_dock_msgs__rosidl_typesupport_introspection_cpp.so[0m
[ 76%] Built target capella_ros_dock_msgs__rosidl_typesupport_introspection_cpp
[ 77%] [32m[1mLinking CXX shared library libcapella_ros_dock_msgs__rosidl_typesupport_fastrtps_cpp.so[0m
[ 79%] [32m[1mLinking CXX shared library libcapella_ros_dock_msgs__rosidl_typesupport_fastrtps_c.so[0m
[ 79%] Built target capella_ros_dock_msgs__rosidl_typesupport_fastrtps_cpp
[ 79%] Built target capella_ros_dock_msgs__rosidl_typesupport_fastrtps_c
[ 79%] Built target capella_ros_dock_msgs
[ 80%] [34m[1mGenerating Python code for ROS interfaces[0m
[ 80%] Built target capella_ros_dock_msgs__py
[35m[1mConsolidate compiler generated dependencies of target capella_ros_dock_msgs__rosidl_generator_py[0m
[ 87%] [32mBuilding C object CMakeFiles/capella_ros_dock_msgs__rosidl_generator_py.dir/rosidl_generator_py/capella_ros_dock_msgs/msg/_hazard_detection_s.c.o[0m
[ 87%] [32mBuilding C object CMakeFiles/capella_ros_dock_msgs__rosidl_generator_py.dir/rosidl_generator_py/capella_ros_dock_msgs/srv/_e_stop_s.c.o[0m
[ 87%] [32mBuilding C object CMakeFiles/capella_ros_dock_msgs__rosidl_generator_py.dir/rosidl_generator_py/capella_ros_dock_msgs/msg/_kidnap_status_s.c.o[0m
[ 87%] [32mBuilding C object CMakeFiles/capella_ros_dock_msgs__rosidl_generator_py.dir/rosidl_generator_py/capella_ros_dock_msgs/msg/_hazard_detection_vector_s.c.o[0m
[ 88%] [32mBuilding C object CMakeFiles/capella_ros_dock_msgs__rosidl_generator_py.dir/rosidl_generator_py/capella_ros_dock_msgs/srv/_robot_power_s.c.o[0m
[ 90%] [32m[1mLinking C shared library rosidl_generator_py/capella_ros_dock_msgs/libcapella_ros_dock_msgs__rosidl_generator_py.so[0m
[ 90%] Built target capella_ros_dock_msgs__rosidl_generator_py
[35m[1mConsolidate compiler generated dependencies of target capella_ros_dock_msgs__rosidl_typesupport_c__pyext[0m
[35m[1mConsolidate compiler generated dependencies of target capella_ros_dock_msgs__rosidl_typesupport_fastrtps_c__pyext[0m
[35m[1mConsolidate compiler generated dependencies of target capella_ros_dock_msgs__rosidl_typesupport_introspection_c__pyext[0m
[ 92%] [32mBuilding C object CMakeFiles/capella_ros_dock_msgs__rosidl_typesupport_c__pyext.dir/rosidl_generator_py/capella_ros_dock_msgs/_capella_ros_dock_msgs_s.ep.rosidl_typesupport_c.c.o[0m
[ 95%] [32mBuilding C object CMakeFiles/capella_ros_dock_msgs__rosidl_typesupport_fastrtps_c__pyext.dir/rosidl_generator_py/capella_ros_dock_msgs/_capella_ros_dock_msgs_s.ep.rosidl_typesupport_fastrtps_c.c.o[0m
[ 95%] [32mBuilding C object CMakeFiles/capella_ros_dock_msgs__rosidl_typesupport_introspection_c__pyext.dir/rosidl_generator_py/capella_ros_dock_msgs/_capella_ros_dock_msgs_s.ep.rosidl_typesupport_introspection_c.c.o[0m
[ 96%] [32m[1mLinking C shared library rosidl_generator_py/capella_ros_dock_msgs/capella_ros_dock_msgs_s__rosidl_typesupport_fastrtps_c.cpython-310-x86_64-linux-gnu.so[0m
[ 98%] [32m[1mLinking C shared library rosidl_generator_py/capella_ros_dock_msgs/capella_ros_dock_msgs_s__rosidl_typesupport_introspection_c.cpython-310-x86_64-linux-gnu.so[0m
[100%] [32m[1mLinking C shared library rosidl_generator_py/capella_ros_dock_msgs/capella_ros_dock_msgs_s__rosidl_typesupport_c.cpython-310-x86_64-linux-gnu.so[0m
[100%] Built target capella_ros_dock_msgs__rosidl_typesupport_introspection_c__pyext
[100%] Built target capella_ros_dock_msgs__rosidl_typesupport_fastrtps_c__pyext
[100%] Built target capella_ros_dock_msgs__rosidl_typesupport_c__pyext
-- Install configuration: "RelWithDebInfo"
-- Execute custom install script
-- Up-to-date symlink: /home/ros2/git/mygit/capella_ros_dock/install/share/ament_index/resource_index/rosidl_interfaces/capella_ros_dock_msgs
-- Up-to-date symlink: /home/ros2/git/mygit/capella_ros_dock/install/include/capella_ros_dock_msgs/capella_ros_dock_msgs/msg/detail/hazard_detection__functions.h
-- Up-to-date symlink: /home/ros2/git/mygit/capella_ros_dock/install/include/capella_ros_dock_msgs/capella_ros_dock_msgs/msg/detail/hazard_detection__struct.h
-- Up-to-date symlink: /home/ros2/git/mygit/capella_ros_dock/install/include/capella_ros_dock_msgs/capella_ros_dock_msgs/msg/detail/hazard_detection__type_support.h
-- Up-to-date symlink: /home/ros2/git/mygit/capella_ros_dock/install/include/capella_ros_dock_msgs/capella_ros_dock_msgs/msg/detail/hazard_detection_vector__functions.h
-- Up-to-date symlink: /home/ros2/git/mygit/capella_ros_dock/install/include/capella_ros_dock_msgs/capella_ros_dock_msgs/msg/detail/hazard_detection_vector__struct.h
-- Up-to-date symlink: /home/ros2/git/mygit/capella_ros_dock/install/include/capella_ros_dock_msgs/capella_ros_dock_msgs/msg/detail/hazard_detection_vector__type_support.h
-- Symlinking: /home/ros2/git/mygit/capella_ros_dock/install/include/capella_ros_dock_msgs/capella_ros_dock_msgs/msg/detail/kidnap_status__functions.h
-- Symlinking: /home/ros2/git/mygit/capella_ros_dock/install/include/capella_ros_dock_msgs/capella_ros_dock_msgs/msg/detail/kidnap_status__struct.h
-- Symlinking: /home/ros2/git/mygit/capella_ros_dock/install/include/capella_ros_dock_msgs/capella_ros_dock_msgs/msg/detail/kidnap_status__type_support.h
-- Up-to-date symlink: /home/ros2/git/mygit/capella_ros_dock/install/include/capella_ros_dock_msgs/capella_ros_dock_msgs/msg/hazard_detection.h
-- Up-to-date symlink: /home/ros2/git/mygit/capella_ros_dock/install/include/capella_ros_dock_msgs/capella_ros_dock_msgs/msg/hazard_detection_vector.h
-- Symlinking: /home/ros2/git/mygit/capella_ros_dock/install/include/capella_ros_dock_msgs/capella_ros_dock_msgs/msg/kidnap_status.h
-- Up-to-date symlink: /home/ros2/git/mygit/capella_ros_dock/install/include/capella_ros_dock_msgs/capella_ros_dock_msgs/msg/rosidl_generator_c__visibility_control.h
-- Symlinking: /home/ros2/git/mygit/capella_ros_dock/install/include/capella_ros_dock_msgs/capella_ros_dock_msgs/srv/detail/e_stop__functions.h
-- Symlinking: /home/ros2/git/mygit/capella_ros_dock/install/include/capella_ros_dock_msgs/capella_ros_dock_msgs/srv/detail/e_stop__struct.h
-- Symlinking: /home/ros2/git/mygit/capella_ros_dock/install/include/capella_ros_dock_msgs/capella_ros_dock_msgs/srv/detail/e_stop__type_support.h
-- Symlinking: /home/ros2/git/mygit/capella_ros_dock/install/include/capella_ros_dock_msgs/capella_ros_dock_msgs/srv/detail/robot_power__functions.h
-- Symlinking: /home/ros2/git/mygit/capella_ros_dock/install/include/capella_ros_dock_msgs/capella_ros_dock_msgs/srv/detail/robot_power__struct.h
-- Symlinking: /home/ros2/git/mygit/capella_ros_dock/install/include/capella_ros_dock_msgs/capella_ros_dock_msgs/srv/detail/robot_power__type_support.h
-- Symlinking: /home/ros2/git/mygit/capella_ros_dock/install/include/capella_ros_dock_msgs/capella_ros_dock_msgs/srv/e_stop.h
-- Symlinking: /home/ros2/git/mygit/capella_ros_dock/install/include/capella_ros_dock_msgs/capella_ros_dock_msgs/srv/robot_power.h
-- Up-to-date symlink: /home/ros2/git/mygit/capella_ros_dock/install/share/capella_ros_dock_msgs/environment/library_path.sh
-- Up-to-date symlink: /home/ros2/git/mygit/capella_ros_dock/install/share/capella_ros_dock_msgs/environment/library_path.dsv
-- Up-to-date symlink: /home/ros2/git/mygit/capella_ros_dock/install/include/capella_ros_dock_msgs/capella_ros_dock_msgs/msg/detail/hazard_detection__rosidl_typesupport_fastrtps_c.h
-- Up-to-date symlink: /home/ros2/git/mygit/capella_ros_dock/install/include/capella_ros_dock_msgs/capella_ros_dock_msgs/msg/detail/hazard_detection_vector__rosidl_typesupport_fastrtps_c.h
-- Symlinking: /home/ros2/git/mygit/capella_ros_dock/install/include/capella_ros_dock_msgs/capella_ros_dock_msgs/msg/detail/kidnap_status__rosidl_typesupport_fastrtps_c.h
-- Up-to-date symlink: /home/ros2/git/mygit/capella_ros_dock/install/include/capella_ros_dock_msgs/capella_ros_dock_msgs/msg/rosidl_typesupport_fastrtps_c__visibility_control.h
-- Symlinking: /home/ros2/git/mygit/capella_ros_dock/install/include/capella_ros_dock_msgs/capella_ros_dock_msgs/srv/detail/e_stop__rosidl_typesupport_fastrtps_c.h
-- Symlinking: /home/ros2/git/mygit/capella_ros_dock/install/include/capella_ros_dock_msgs/capella_ros_dock_msgs/srv/detail/robot_power__rosidl_typesupport_fastrtps_c.h
-- Up-to-date symlink: /home/ros2/git/mygit/capella_ros_dock/install/include/capella_ros_dock_msgs/capella_ros_dock_msgs/msg/detail/hazard_detection__rosidl_typesupport_introspection_c.h
-- Up-to-date symlink: /home/ros2/git/mygit/capella_ros_dock/install/include/capella_ros_dock_msgs/capella_ros_dock_msgs/msg/detail/hazard_detection_vector__rosidl_typesupport_introspection_c.h
-- Symlinking: /home/ros2/git/mygit/capella_ros_dock/install/include/capella_ros_dock_msgs/capella_ros_dock_msgs/msg/detail/kidnap_status__rosidl_typesupport_introspection_c.h
-- Up-to-date symlink: /home/ros2/git/mygit/capella_ros_dock/install/include/capella_ros_dock_msgs/capella_ros_dock_msgs/msg/rosidl_typesupport_introspection_c__visibility_control.h
-- Symlinking: /home/ros2/git/mygit/capella_ros_dock/install/include/capella_ros_dock_msgs/capella_ros_dock_msgs/srv/detail/e_stop__rosidl_typesupport_introspection_c.h
-- Symlinking: /home/ros2/git/mygit/capella_ros_dock/install/include/capella_ros_dock_msgs/capella_ros_dock_msgs/srv/detail/robot_power__rosidl_typesupport_introspection_c.h
-- Up-to-date symlink: /home/ros2/git/mygit/capella_ros_dock/install/include/capella_ros_dock_msgs/capella_ros_dock_msgs/msg/detail/hazard_detection__builder.hpp
-- Up-to-date symlink: /home/ros2/git/mygit/capella_ros_dock/install/include/capella_ros_dock_msgs/capella_ros_dock_msgs/msg/detail/hazard_detection__struct.hpp
-- Up-to-date symlink: /home/ros2/git/mygit/capella_ros_dock/install/include/capella_ros_dock_msgs/capella_ros_dock_msgs/msg/detail/hazard_detection__traits.hpp
-- Up-to-date symlink: /home/ros2/git/mygit/capella_ros_dock/install/include/capella_ros_dock_msgs/capella_ros_dock_msgs/msg/detail/hazard_detection_vector__builder.hpp
-- Up-to-date symlink: /home/ros2/git/mygit/capella_ros_dock/install/include/capella_ros_dock_msgs/capella_ros_dock_msgs/msg/detail/hazard_detection_vector__struct.hpp
-- Up-to-date symlink: /home/ros2/git/mygit/capella_ros_dock/install/include/capella_ros_dock_msgs/capella_ros_dock_msgs/msg/detail/hazard_detection_vector__traits.hpp
-- Symlinking: /home/ros2/git/mygit/capella_ros_dock/install/include/capella_ros_dock_msgs/capella_ros_dock_msgs/msg/detail/kidnap_status__builder.hpp
-- Symlinking: /home/ros2/git/mygit/capella_ros_dock/install/include/capella_ros_dock_msgs/capella_ros_dock_msgs/msg/detail/kidnap_status__struct.hpp
-- Symlinking: /home/ros2/git/mygit/capella_ros_dock/install/include/capella_ros_dock_msgs/capella_ros_dock_msgs/msg/detail/kidnap_status__traits.hpp
-- Up-to-date symlink: /home/ros2/git/mygit/capella_ros_dock/install/include/capella_ros_dock_msgs/capella_ros_dock_msgs/msg/hazard_detection.hpp
-- Up-to-date symlink: /home/ros2/git/mygit/capella_ros_dock/install/include/capella_ros_dock_msgs/capella_ros_dock_msgs/msg/hazard_detection_vector.hpp
-- Symlinking: /home/ros2/git/mygit/capella_ros_dock/install/include/capella_ros_dock_msgs/capella_ros_dock_msgs/msg/kidnap_status.hpp
-- Symlinking: /home/ros2/git/mygit/capella_ros_dock/install/include/capella_ros_dock_msgs/capella_ros_dock_msgs/srv/detail/e_stop__builder.hpp
-- Symlinking: /home/ros2/git/mygit/capella_ros_dock/install/include/capella_ros_dock_msgs/capella_ros_dock_msgs/srv/detail/e_stop__struct.hpp
-- Symlinking: /home/ros2/git/mygit/capella_ros_dock/install/include/capella_ros_dock_msgs/capella_ros_dock_msgs/srv/detail/e_stop__traits.hpp
-- Symlinking: /home/ros2/git/mygit/capella_ros_dock/install/include/capella_ros_dock_msgs/capella_ros_dock_msgs/srv/detail/robot_power__builder.hpp
-- Symlinking: /home/ros2/git/mygit/capella_ros_dock/install/include/capella_ros_dock_msgs/capella_ros_dock_msgs/srv/detail/robot_power__struct.hpp
-- Symlinking: /home/ros2/git/mygit/capella_ros_dock/install/include/capella_ros_dock_msgs/capella_ros_dock_msgs/srv/detail/robot_power__traits.hpp
-- Symlinking: /home/ros2/git/mygit/capella_ros_dock/install/include/capella_ros_dock_msgs/capella_ros_dock_msgs/srv/e_stop.hpp
-- Symlinking: /home/ros2/git/mygit/capella_ros_dock/install/include/capella_ros_dock_msgs/capella_ros_dock_msgs/srv/robot_power.hpp
-- Up-to-date symlink: /home/ros2/git/mygit/capella_ros_dock/install/include/capella_ros_dock_msgs/capella_ros_dock_msgs/msg/detail/hazard_detection__rosidl_typesupport_fastrtps_cpp.hpp
-- Up-to-date symlink: /home/ros2/git/mygit/capella_ros_dock/install/include/capella_ros_dock_msgs/capella_ros_dock_msgs/msg/detail/hazard_detection_vector__rosidl_typesupport_fastrtps_cpp.hpp
-- Symlinking: /home/ros2/git/mygit/capella_ros_dock/install/include/capella_ros_dock_msgs/capella_ros_dock_msgs/msg/detail/kidnap_status__rosidl_typesupport_fastrtps_cpp.hpp
-- Up-to-date symlink: /home/ros2/git/mygit/capella_ros_dock/install/include/capella_ros_dock_msgs/capella_ros_dock_msgs/msg/rosidl_typesupport_fastrtps_cpp__visibility_control.h
-- Symlinking: /home/ros2/git/mygit/capella_ros_dock/install/include/capella_ros_dock_msgs/capella_ros_dock_msgs/srv/detail/e_stop__rosidl_typesupport_fastrtps_cpp.hpp
-- Symlinking: /home/ros2/git/mygit/capella_ros_dock/install/include/capella_ros_dock_msgs/capella_ros_dock_msgs/srv/detail/robot_power__rosidl_typesupport_fastrtps_cpp.hpp
-- Up-to-date symlink: /home/ros2/git/mygit/capella_ros_dock/install/include/capella_ros_dock_msgs/capella_ros_dock_msgs/msg/detail/hazard_detection__rosidl_typesupport_introspection_cpp.hpp
-- Up-to-date symlink: /home/ros2/git/mygit/capella_ros_dock/install/include/capella_ros_dock_msgs/capella_ros_dock_msgs/msg/detail/hazard_detection_vector__rosidl_typesupport_introspection_cpp.hpp
-- Symlinking: /home/ros2/git/mygit/capella_ros_dock/install/include/capella_ros_dock_msgs/capella_ros_dock_msgs/msg/detail/kidnap_status__rosidl_typesupport_introspection_cpp.hpp
-- Symlinking: /home/ros2/git/mygit/capella_ros_dock/install/include/capella_ros_dock_msgs/capella_ros_dock_msgs/srv/detail/e_stop__rosidl_typesupport_introspection_cpp.hpp
-- Symlinking: /home/ros2/git/mygit/capella_ros_dock/install/include/capella_ros_dock_msgs/capella_ros_dock_msgs/srv/detail/robot_power__rosidl_typesupport_introspection_cpp.hpp
-- Up-to-date symlink: /home/ros2/git/mygit/capella_ros_dock/install/share/capella_ros_dock_msgs/environment/pythonpath.sh
-- Up-to-date symlink: /home/ros2/git/mygit/capella_ros_dock/install/share/capella_ros_dock_msgs/environment/pythonpath.dsv
-- Up-to-date symlink: /home/ros2/git/mygit/capella_ros_dock/install/local/lib/python3.10/dist-packages/capella_ros_dock_msgs-0.0.0-py3.10.egg-info/PKG-INFO
-- Up-to-date symlink: /home/ros2/git/mygit/capella_ros_dock/install/local/lib/python3.10/dist-packages/capella_ros_dock_msgs-0.0.0-py3.10.egg-info/SOURCES.txt
-- Up-to-date symlink: /home/ros2/git/mygit/capella_ros_dock/install/local/lib/python3.10/dist-packages/capella_ros_dock_msgs-0.0.0-py3.10.egg-info/dependency_links.txt
-- Up-to-date symlink: /home/ros2/git/mygit/capella_ros_dock/install/local/lib/python3.10/dist-packages/capella_ros_dock_msgs-0.0.0-py3.10.egg-info/top_level.txt
-- Up-to-date symlink: /home/ros2/git/mygit/capella_ros_dock/install/local/lib/python3.10/dist-packages/capella_ros_dock_msgs/__init__.py
-- Up-to-date symlink: /home/ros2/git/mygit/capella_ros_dock/install/local/lib/python3.10/dist-packages/capella_ros_dock_msgs/_capella_ros_dock_msgs_s.ep.rosidl_typesupport_c.c
-- Up-to-date symlink: /home/ros2/git/mygit/capella_ros_dock/install/local/lib/python3.10/dist-packages/capella_ros_dock_msgs/_capella_ros_dock_msgs_s.ep.rosidl_typesupport_fastrtps_c.c
-- Up-to-date symlink: /home/ros2/git/mygit/capella_ros_dock/install/local/lib/python3.10/dist-packages/capella_ros_dock_msgs/_capella_ros_dock_msgs_s.ep.rosidl_typesupport_introspection_c.c
-- Up-to-date symlink: /home/ros2/git/mygit/capella_ros_dock/install/local/lib/python3.10/dist-packages/capella_ros_dock_msgs/capella_ros_dock_msgs_s__rosidl_typesupport_c.cpython-310-x86_64-linux-gnu.so
-- Up-to-date symlink: /home/ros2/git/mygit/capella_ros_dock/install/local/lib/python3.10/dist-packages/capella_ros_dock_msgs/capella_ros_dock_msgs_s__rosidl_typesupport_fastrtps_c.cpython-310-x86_64-linux-gnu.so
-- Up-to-date symlink: /home/ros2/git/mygit/capella_ros_dock/install/local/lib/python3.10/dist-packages/capella_ros_dock_msgs/capella_ros_dock_msgs_s__rosidl_typesupport_introspection_c.cpython-310-x86_64-linux-gnu.so
-- Up-to-date symlink: /home/ros2/git/mygit/capella_ros_dock/install/local/lib/python3.10/dist-packages/capella_ros_dock_msgs/libcapella_ros_dock_msgs__rosidl_generator_py.so
-- Up-to-date symlink: /home/ros2/git/mygit/capella_ros_dock/install/local/lib/python3.10/dist-packages/capella_ros_dock_msgs/msg/__init__.py
-- Up-to-date symlink: /home/ros2/git/mygit/capella_ros_dock/install/local/lib/python3.10/dist-packages/capella_ros_dock_msgs/msg/_hazard_detection.py
-- Up-to-date symlink: /home/ros2/git/mygit/capella_ros_dock/install/local/lib/python3.10/dist-packages/capella_ros_dock_msgs/msg/_hazard_detection_s.c
-- Up-to-date symlink: /home/ros2/git/mygit/capella_ros_dock/install/local/lib/python3.10/dist-packages/capella_ros_dock_msgs/msg/_hazard_detection_vector.py
-- Up-to-date symlink: /home/ros2/git/mygit/capella_ros_dock/install/local/lib/python3.10/dist-packages/capella_ros_dock_msgs/msg/_hazard_detection_vector_s.c
-- Symlinking: /home/ros2/git/mygit/capella_ros_dock/install/local/lib/python3.10/dist-packages/capella_ros_dock_msgs/msg/_kidnap_status.py
-- Symlinking: /home/ros2/git/mygit/capella_ros_dock/install/local/lib/python3.10/dist-packages/capella_ros_dock_msgs/msg/_kidnap_status_s.c
-- Symlinking: /home/ros2/git/mygit/capella_ros_dock/install/local/lib/python3.10/dist-packages/capella_ros_dock_msgs/srv/__init__.py
-- Symlinking: /home/ros2/git/mygit/capella_ros_dock/install/local/lib/python3.10/dist-packages/capella_ros_dock_msgs/srv/_e_stop.py
-- Symlinking: /home/ros2/git/mygit/capella_ros_dock/install/local/lib/python3.10/dist-packages/capella_ros_dock_msgs/srv/_e_stop_s.c
-- Symlinking: /home/ros2/git/mygit/capella_ros_dock/install/local/lib/python3.10/dist-packages/capella_ros_dock_msgs/srv/_robot_power.py
-- Symlinking: /home/ros2/git/mygit/capella_ros_dock/install/local/lib/python3.10/dist-packages/capella_ros_dock_msgs/srv/_robot_power_s.c
-- Up-to-date symlink: /home/ros2/git/mygit/capella_ros_dock/install/local/lib/python3.10/dist-packages/capella_ros_dock_msgs/capella_ros_dock_msgs_s__rosidl_typesupport_fastrtps_c.cpython-310-x86_64-linux-gnu.so
-- Up-to-date symlink: /home/ros2/git/mygit/capella_ros_dock/install/local/lib/python3.10/dist-packages/capella_ros_dock_msgs/capella_ros_dock_msgs_s__rosidl_typesupport_introspection_c.cpython-310-x86_64-linux-gnu.so
-- Up-to-date symlink: /home/ros2/git/mygit/capella_ros_dock/install/local/lib/python3.10/dist-packages/capella_ros_dock_msgs/capella_ros_dock_msgs_s__rosidl_typesupport_c.cpython-310-x86_64-linux-gnu.so
-- Up-to-date symlink: /home/ros2/git/mygit/capella_ros_dock/install/share/capella_ros_dock_msgs/msg/HazardDetection.idl
-- Up-to-date symlink: /home/ros2/git/mygit/capella_ros_dock/install/share/capella_ros_dock_msgs/msg/HazardDetectionVector.idl
-- Symlinking: /home/ros2/git/mygit/capella_ros_dock/install/share/capella_ros_dock_msgs/msg/KidnapStatus.idl
-- Symlinking: /home/ros2/git/mygit/capella_ros_dock/install/share/capella_ros_dock_msgs/srv/EStop.idl
-- Symlinking: /home/ros2/git/mygit/capella_ros_dock/install/share/capella_ros_dock_msgs/srv/RobotPower.idl
-- Up-to-date symlink: /home/ros2/git/mygit/capella_ros_dock/install/share/capella_ros_dock_msgs/msg/HazardDetection.msg
-- Up-to-date symlink: /home/ros2/git/mygit/capella_ros_dock/install/share/capella_ros_dock_msgs/msg/HazardDetectionVector.msg
-- Symlinking: /home/ros2/git/mygit/capella_ros_dock/install/share/capella_ros_dock_msgs/msg/KidnapStatus.msg
-- Symlinking: /home/ros2/git/mygit/capella_ros_dock/install/share/capella_ros_dock_msgs/srv/EStop.srv
-- Symlinking: /home/ros2/git/mygit/capella_ros_dock/install/share/capella_ros_dock_msgs/srv/EStop_Request.msg
-- Symlinking: /home/ros2/git/mygit/capella_ros_dock/install/share/capella_ros_dock_msgs/srv/EStop_Response.msg
-- Symlinking: /home/ros2/git/mygit/capella_ros_dock/install/share/capella_ros_dock_msgs/srv/RobotPower.srv
-- Symlinking: /home/ros2/git/mygit/capella_ros_dock/install/share/capella_ros_dock_msgs/srv/RobotPower_Request.msg
-- Symlinking: /home/ros2/git/mygit/capella_ros_dock/install/share/capella_ros_dock_msgs/srv/RobotPower_Response.msg
-- Up-to-date symlink: /home/ros2/git/mygit/capella_ros_dock/install/share/ament_index/resource_index/package_run_dependencies/capella_ros_dock_msgs
-- Up-to-date symlink: /home/ros2/git/mygit/capella_ros_dock/install/share/ament_index/resource_index/parent_prefix_path/capella_ros_dock_msgs
-- Up-to-date symlink: /home/ros2/git/mygit/capella_ros_dock/install/share/capella_ros_dock_msgs/environment/ament_prefix_path.sh
-- Up-to-date symlink: /home/ros2/git/mygit/capella_ros_dock/install/share/capella_ros_dock_msgs/environment/ament_prefix_path.dsv
-- Up-to-date symlink: /home/ros2/git/mygit/capella_ros_dock/install/share/capella_ros_dock_msgs/environment/path.sh
-- Up-to-date symlink: /home/ros2/git/mygit/capella_ros_dock/install/share/capella_ros_dock_msgs/environment/path.dsv
-- Up-to-date symlink: /home/ros2/git/mygit/capella_ros_dock/install/share/capella_ros_dock_msgs/local_setup.bash
-- Up-to-date symlink: /home/ros2/git/mygit/capella_ros_dock/install/share/capella_ros_dock_msgs/local_setup.sh
-- Up-to-date symlink: /home/ros2/git/mygit/capella_ros_dock/install/share/capella_ros_dock_msgs/local_setup.zsh
-- Up-to-date symlink: /home/ros2/git/mygit/capella_ros_dock/install/share/capella_ros_dock_msgs/local_setup.dsv
-- Symlinking: /home/ros2/git/mygit/capella_ros_dock/install/share/capella_ros_dock_msgs/package.dsv
-- Up-to-date symlink: /home/ros2/git/mygit/capella_ros_dock/install/share/ament_index/resource_index/packages/capella_ros_dock_msgs
-- Up-to-date symlink: /home/ros2/git/mygit/capella_ros_dock/install/share/capella_ros_dock_msgs/cmake/rosidl_cmake-extras.cmake
-- Up-to-date symlink: /home/ros2/git/mygit/capella_ros_dock/install/share/capella_ros_dock_msgs/cmake/ament_cmake_export_dependencies-extras.cmake
-- Up-to-date symlink: /home/ros2/git/mygit/capella_ros_dock/install/share/capella_ros_dock_msgs/cmake/ament_cmake_export_include_directories-extras.cmake
-- Up-to-date symlink: /home/ros2/git/mygit/capella_ros_dock/install/share/capella_ros_dock_msgs/cmake/ament_cmake_export_libraries-extras.cmake
-- Up-to-date symlink: /home/ros2/git/mygit/capella_ros_dock/install/share/capella_ros_dock_msgs/cmake/ament_cmake_export_targets-extras.cmake
-- Up-to-date symlink: /home/ros2/git/mygit/capella_ros_dock/install/share/capella_ros_dock_msgs/cmake/rosidl_cmake_export_typesupport_targets-extras.cmake
-- Up-to-date symlink: /home/ros2/git/mygit/capella_ros_dock/install/share/capella_ros_dock_msgs/cmake/rosidl_cmake_export_typesupport_libraries-extras.cmake
-- Up-to-date symlink: /home/ros2/git/mygit/capella_ros_dock/install/share/capella_ros_dock_msgs/cmake/capella_ros_dock_msgsConfig.cmake
-- Up-to-date symlink: /home/ros2/git/mygit/capella_ros_dock/install/share/capella_ros_dock_msgs/cmake/capella_ros_dock_msgsConfig-version.cmake
-- Up-to-date symlink: /home/ros2/git/mygit/capella_ros_dock/install/share/capella_ros_dock_msgs/package.xml
-- Installing: /home/ros2/git/mygit/capella_ros_dock/install/lib/libcapella_ros_dock_msgs__rosidl_generator_c.so
-- Set runtime path of "/home/ros2/git/mygit/capella_ros_dock/install/lib/libcapella_ros_dock_msgs__rosidl_generator_c.so" to ""
-- Installing: /home/ros2/git/mygit/capella_ros_dock/install/lib/libcapella_ros_dock_msgs__rosidl_typesupport_fastrtps_c.so
-- Set runtime path of "/home/ros2/git/mygit/capella_ros_dock/install/lib/libcapella_ros_dock_msgs__rosidl_typesupport_fastrtps_c.so" to ""
-- Installing: /home/ros2/git/mygit/capella_ros_dock/install/lib/libcapella_ros_dock_msgs__rosidl_typesupport_introspection_c.so
-- Set runtime path of "/home/ros2/git/mygit/capella_ros_dock/install/lib/libcapella_ros_dock_msgs__rosidl_typesupport_introspection_c.so" to ""
-- Installing: /home/ros2/git/mygit/capella_ros_dock/install/lib/libcapella_ros_dock_msgs__rosidl_typesupport_c.so
-- Set runtime path of "/home/ros2/git/mygit/capella_ros_dock/install/lib/libcapella_ros_dock_msgs__rosidl_typesupport_c.so" to ""
-- Installing: /home/ros2/git/mygit/capella_ros_dock/install/lib/libcapella_ros_dock_msgs__rosidl_typesupport_fastrtps_cpp.so
-- Set runtime path of "/home/ros2/git/mygit/capella_ros_dock/install/lib/libcapella_ros_dock_msgs__rosidl_typesupport_fastrtps_cpp.so" to ""
-- Installing: /home/ros2/git/mygit/capella_ros_dock/install/lib/libcapella_ros_dock_msgs__rosidl_typesupport_introspection_cpp.so
-- Set runtime path of "/home/ros2/git/mygit/capella_ros_dock/install/lib/libcapella_ros_dock_msgs__rosidl_typesupport_introspection_cpp.so" to ""
-- Installing: /home/ros2/git/mygit/capella_ros_dock/install/lib/libcapella_ros_dock_msgs__rosidl_typesupport_cpp.so
-- Set runtime path of "/home/ros2/git/mygit/capella_ros_dock/install/lib/libcapella_ros_dock_msgs__rosidl_typesupport_cpp.so" to ""
Listing '/home/ros2/git/mygit/capella_ros_dock/install/local/lib/python3.10/dist-packages/capella_ros_dock_msgs'...
Compiling '/home/ros2/git/mygit/capella_ros_dock/install/local/lib/python3.10/dist-packages/capella_ros_dock_msgs/__init__.py'...
Listing '/home/ros2/git/mygit/capella_ros_dock/install/local/lib/python3.10/dist-packages/capella_ros_dock_msgs/msg'...
Compiling '/home/ros2/git/mygit/capella_ros_dock/install/local/lib/python3.10/dist-packages/capella_ros_dock_msgs/msg/__init__.py'...
Compiling '/home/ros2/git/mygit/capella_ros_dock/install/local/lib/python3.10/dist-packages/capella_ros_dock_msgs/msg/_hazard_detection.py'...
Compiling '/home/ros2/git/mygit/capella_ros_dock/install/local/lib/python3.10/dist-packages/capella_ros_dock_msgs/msg/_hazard_detection_vector.py'...
Compiling '/home/ros2/git/mygit/capella_ros_dock/install/local/lib/python3.10/dist-packages/capella_ros_dock_msgs/msg/_kidnap_status.py'...
Listing '/home/ros2/git/mygit/capella_ros_dock/install/local/lib/python3.10/dist-packages/capella_ros_dock_msgs/srv'...
Compiling '/home/ros2/git/mygit/capella_ros_dock/install/local/lib/python3.10/dist-packages/capella_ros_dock_msgs/srv/__init__.py'...
Compiling '/home/ros2/git/mygit/capella_ros_dock/install/local/lib/python3.10/dist-packages/capella_ros_dock_msgs/srv/_e_stop.py'...
Compiling '/home/ros2/git/mygit/capella_ros_dock/install/local/lib/python3.10/dist-packages/capella_ros_dock_msgs/srv/_robot_power.py'...
-- Installing: /home/ros2/git/mygit/capella_ros_dock/install/lib/libcapella_ros_dock_msgs__rosidl_generator_py.so
-- Set runtime path of "/home/ros2/git/mygit/capella_ros_dock/install/lib/libcapella_ros_dock_msgs__rosidl_generator_py.so" to ""
-- Up-to-date: /home/ros2/git/mygit/capella_ros_dock/install/share/capella_ros_dock_msgs/cmake/export_capella_ros_dock_msgs__rosidl_generator_cExport.cmake
-- Up-to-date: /home/ros2/git/mygit/capella_ros_dock/install/share/capella_ros_dock_msgs/cmake/export_capella_ros_dock_msgs__rosidl_generator_cExport-relwithdebinfo.cmake
-- Up-to-date: /home/ros2/git/mygit/capella_ros_dock/install/share/capella_ros_dock_msgs/cmake/export_capella_ros_dock_msgs__rosidl_typesupport_fastrtps_cExport.cmake
-- Up-to-date: /home/ros2/git/mygit/capella_ros_dock/install/share/capella_ros_dock_msgs/cmake/export_capella_ros_dock_msgs__rosidl_typesupport_fastrtps_cExport-relwithdebinfo.cmake
-- Up-to-date: /home/ros2/git/mygit/capella_ros_dock/install/share/capella_ros_dock_msgs/cmake/capella_ros_dock_msgs__rosidl_typesupport_introspection_cExport.cmake
-- Up-to-date: /home/ros2/git/mygit/capella_ros_dock/install/share/capella_ros_dock_msgs/cmake/capella_ros_dock_msgs__rosidl_typesupport_introspection_cExport-relwithdebinfo.cmake
-- Up-to-date: /home/ros2/git/mygit/capella_ros_dock/install/share/capella_ros_dock_msgs/cmake/capella_ros_dock_msgs__rosidl_typesupport_cExport.cmake
-- Up-to-date: /home/ros2/git/mygit/capella_ros_dock/install/share/capella_ros_dock_msgs/cmake/capella_ros_dock_msgs__rosidl_typesupport_cExport-relwithdebinfo.cmake
-- Up-to-date: /home/ros2/git/mygit/capella_ros_dock/install/share/capella_ros_dock_msgs/cmake/export_capella_ros_dock_msgs__rosidl_generator_cppExport.cmake
-- Up-to-date: /home/ros2/git/mygit/capella_ros_dock/install/share/capella_ros_dock_msgs/cmake/export_capella_ros_dock_msgs__rosidl_typesupport_fastrtps_cppExport.cmake
-- Up-to-date: /home/ros2/git/mygit/capella_ros_dock/install/share/capella_ros_dock_msgs/cmake/export_capella_ros_dock_msgs__rosidl_typesupport_fastrtps_cppExport-relwithdebinfo.cmake
-- Up-to-date: /home/ros2/git/mygit/capella_ros_dock/install/share/capella_ros_dock_msgs/cmake/capella_ros_dock_msgs__rosidl_typesupport_introspection_cppExport.cmake
-- Up-to-date: /home/ros2/git/mygit/capella_ros_dock/install/share/capella_ros_dock_msgs/cmake/capella_ros_dock_msgs__rosidl_typesupport_introspection_cppExport-relwithdebinfo.cmake
-- Up-to-date: /home/ros2/git/mygit/capella_ros_dock/install/share/capella_ros_dock_msgs/cmake/capella_ros_dock_msgs__rosidl_typesupport_cppExport.cmake
-- Up-to-date: /home/ros2/git/mygit/capella_ros_dock/install/share/capella_ros_dock_msgs/cmake/capella_ros_dock_msgs__rosidl_typesupport_cppExport-relwithdebinfo.cmake
-- Up-to-date: /home/ros2/git/mygit/capella_ros_dock/install/share/capella_ros_dock_msgs/cmake/export_capella_ros_dock_msgs__rosidl_generator_pyExport.cmake
-- Up-to-date: /home/ros2/git/mygit/capella_ros_dock/install/share/capella_ros_dock_msgs/cmake/export_capella_ros_dock_msgs__rosidl_generator_pyExport-relwithdebinfo.cmake
