[0.023s] Invoking command in '/home/ros2/git/mygit/capella_ros_dock/build/capella_ros_dock_msgs': CMAKE_PREFIX_PATH=/opt/ros/humble WSLENV=ELECTRON_RUN_AS_NODE/w:WT_SESSION::WT_PROFILE_ID /usr/bin/cmake --build /home/ros2/git/mygit/capella_ros_dock/build/capella_ros_dock_msgs -- -j12 -l12
[0.120s] -- Found ament_cmake: 1.3.3 (/opt/ros/humble/share/ament_cmake/cmake)
[0.295s] -- Override CMake install command with custom implementation using symlinks instead of copying resources
[0.313s] -- Found rosidl_default_generators: 1.2.0 (/opt/ros/humble/share/rosidl_default_generators/cmake)
[0.316s] -- Using all available rosidl_typesupport_c: rosidl_typesupport_fastrtps_c;rosidl_typesupport_introspection_c
[0.319s] -- Found rosidl_adapter: 3.1.4 (/opt/ros/humble/share/rosidl_adapter/cmake)
[0.462s] -- Using all available rosidl_typesupport_cpp: rosidl_typesupport_fastrtps_cpp;rosidl_typesupport_introspection_cpp
[0.494s] -- Found sensor_msgs: 4.2.3 (/opt/ros/humble/share/sensor_msgs/cmake)
[0.691s] -- Found nav_msgs: 4.2.3 (/opt/ros/humble/share/nav_msgs/cmake)
[1.033s] -- Found ament_cmake_ros: 0.10.0 (/opt/ros/humble/share/ament_cmake_ros/cmake)
[1.236s] -- Using all available rosidl_typesupport_c: rosidl_typesupport_fastrtps_c;rosidl_typesupport_introspection_c
[1.520s] -- Using all available rosidl_typesupport_cpp: rosidl_typesupport_fastrtps_cpp;rosidl_typesupport_introspection_cpp
[1.538s] -- Found python_cmake_module: 0.10.0 (/opt/ros/humble/share/python_cmake_module/cmake)
[1.555s] -- Using PYTHON_EXECUTABLE: /usr/bin/python3
[1.556s] -- Using PYTHON_INCLUDE_DIRS: /usr/include/python3.10
[1.556s] -- Using PYTHON_LIBRARIES: /usr/lib/x86_64-linux-gnu/libpython3.10.so
[1.594s] -- Found ament_lint_auto: 0.12.5 (/opt/ros/humble/share/ament_lint_auto/cmake)
[1.614s] -- Added test 'lint_cmake' to check CMake code style
[1.616s] -- Added test 'xmllint' to check XML markup files
[1.619s] -- Configuring done
[1.673s] -- Generating done
[1.675s] -- Build files have been written to: /home/ros2/git/mygit/capella_ros_dock/build/capella_ros_dock_msgs
[1.695s] [  1%] [34m[1mGenerating C code for ROS interfaces[0m
[1.703s] [  3%] [34m[1mGenerating C++ code for ROS interfaces[0m
[1.709s] [  3%] Built target ament_cmake_python_symlink_capella_ros_dock_msgs
[1.945s] running egg_info
[1.945s] writing capella_ros_dock_msgs.egg-info/PKG-INFO
[1.946s] writing dependency_links to capella_ros_dock_msgs.egg-info/dependency_links.txt
[1.946s] writing top-level names to capella_ros_dock_msgs.egg-info/top_level.txt
[1.947s] reading manifest file 'capella_ros_dock_msgs.egg-info/SOURCES.txt'
[1.948s] writing manifest file 'capella_ros_dock_msgs.egg-info/SOURCES.txt'
[1.974s] [  3%] Built target ament_cmake_python_build_capella_ros_dock_msgs_egg
[2.158s] [  3%] Built target capella_ros_dock_msgs__cpp
[2.165s] [  4%] [34m[1mGenerating C++ type support dispatch for ROS interfaces[0m
[2.165s] [  6%] [34m[1mGenerating C++ introspection for ROS interfaces[0m
[2.166s] [  7%] [34m[1mGenerating C++ type support for eProsima Fast-RTPS[0m
[2.208s] [35m[1mConsolidate compiler generated dependencies of target capella_ros_dock_msgs__rosidl_generator_c[0m
[2.218s] [ 12%] [32mBuilding C object CMakeFiles/capella_ros_dock_msgs__rosidl_generator_c.dir/rosidl_generator_c/capella_ros_dock_msgs/srv/detail/e_stop__functions.c.o[0m
[2.218s] [ 12%] [32mBuilding C object CMakeFiles/capella_ros_dock_msgs__rosidl_generator_c.dir/rosidl_generator_c/capella_ros_dock_msgs/msg/detail/hazard_detection_vector__functions.c.o[0m
[2.218s] [ 12%] [32mBuilding C object CMakeFiles/capella_ros_dock_msgs__rosidl_generator_c.dir/rosidl_generator_c/capella_ros_dock_msgs/srv/detail/robot_power__functions.c.o[0m
[2.218s] [ 14%] [32mBuilding C object CMakeFiles/capella_ros_dock_msgs__rosidl_generator_c.dir/rosidl_generator_c/capella_ros_dock_msgs/msg/detail/kidnap_status__functions.c.o[0m
[2.218s] [ 15%] [32mBuilding C object CMakeFiles/capella_ros_dock_msgs__rosidl_generator_c.dir/rosidl_generator_c/capella_ros_dock_msgs/msg/detail/hazard_detection__functions.c.o[0m
[2.386s] [ 17%] [32m[1mLinking C shared library libcapella_ros_dock_msgs__rosidl_generator_c.so[0m
[2.499s] [ 17%] Built target capella_ros_dock_msgs__rosidl_generator_c
[2.507s] [ 22%] [34m[1mGenerating C type support dispatch for ROS interfaces[0m
[2.507s] [ 22%] [34m[1mGenerating C type support for eProsima Fast-RTPS[0m
[2.507s] [ 22%] [34m[1mGenerating C introspection for ROS interfaces[0m
[2.629s] [35m[1mConsolidate compiler generated dependencies of target capella_ros_dock_msgs__rosidl_typesupport_cpp[0m
[2.642s] [ 26%] [32mBuilding CXX object CMakeFiles/capella_ros_dock_msgs__rosidl_typesupport_cpp.dir/rosidl_typesupport_cpp/capella_ros_dock_msgs/srv/robot_power__type_support.cpp.o[0m
[2.642s] [ 26%] [32mBuilding CXX object CMakeFiles/capella_ros_dock_msgs__rosidl_typesupport_cpp.dir/rosidl_typesupport_cpp/capella_ros_dock_msgs/msg/kidnap_status__type_support.cpp.o[0m
[2.643s] [ 26%] [32mBuilding CXX object CMakeFiles/capella_ros_dock_msgs__rosidl_typesupport_cpp.dir/rosidl_typesupport_cpp/capella_ros_dock_msgs/msg/hazard_detection_vector__type_support.cpp.o[0m
[2.649s] [ 28%] [32mBuilding CXX object CMakeFiles/capella_ros_dock_msgs__rosidl_typesupport_cpp.dir/rosidl_typesupport_cpp/capella_ros_dock_msgs/srv/e_stop__type_support.cpp.o[0m
[2.650s] [ 30%] [32mBuilding CXX object CMakeFiles/capella_ros_dock_msgs__rosidl_typesupport_cpp.dir/rosidl_typesupport_cpp/capella_ros_dock_msgs/msg/hazard_detection__type_support.cpp.o[0m
[2.673s] [35m[1mConsolidate compiler generated dependencies of target capella_ros_dock_msgs__rosidl_typesupport_introspection_cpp[0m
[2.688s] [ 31%] [32mBuilding CXX object CMakeFiles/capella_ros_dock_msgs__rosidl_typesupport_introspection_cpp.dir/rosidl_typesupport_introspection_cpp/capella_ros_dock_msgs/msg/detail/hazard_detection__type_support.cpp.o[0m
[2.692s] [ 33%] [32mBuilding CXX object CMakeFiles/capella_ros_dock_msgs__rosidl_typesupport_introspection_cpp.dir/rosidl_typesupport_introspection_cpp/capella_ros_dock_msgs/msg/detail/hazard_detection_vector__type_support.cpp.o[0m
[2.697s] [ 34%] [32mBuilding CXX object CMakeFiles/capella_ros_dock_msgs__rosidl_typesupport_introspection_cpp.dir/rosidl_typesupport_introspection_cpp/capella_ros_dock_msgs/msg/detail/kidnap_status__type_support.cpp.o[0m
[2.847s] [35m[1mConsolidate compiler generated dependencies of target capella_ros_dock_msgs__rosidl_typesupport_fastrtps_cpp[0m
[2.901s] [ 36%] [32mBuilding CXX object CMakeFiles/capella_ros_dock_msgs__rosidl_typesupport_fastrtps_cpp.dir/rosidl_typesupport_fastrtps_cpp/capella_ros_dock_msgs/msg/detail/dds_fastrtps/hazard_detection__type_support.cpp.o[0m
[3.135s] [35m[1mConsolidate compiler generated dependencies of target capella_ros_dock_msgs__rosidl_typesupport_c[0m
[3.173s] [ 38%] [32mBuilding CXX object CMakeFiles/capella_ros_dock_msgs__rosidl_typesupport_introspection_cpp.dir/rosidl_typesupport_introspection_cpp/capella_ros_dock_msgs/srv/detail/e_stop__type_support.cpp.o[0m
[3.173s] [ 39%] [32mBuilding CXX object CMakeFiles/capella_ros_dock_msgs__rosidl_typesupport_fastrtps_cpp.dir/rosidl_typesupport_fastrtps_cpp/capella_ros_dock_msgs/msg/detail/dds_fastrtps/hazard_detection_vector__type_support.cpp.o[0m
[3.174s] [ 41%] [32mBuilding CXX object CMakeFiles/capella_ros_dock_msgs__rosidl_typesupport_c.dir/rosidl_typesupport_c/capella_ros_dock_msgs/msg/hazard_detection__type_support.cpp.o[0m
[3.251s] [ 42%] [32mBuilding CXX object CMakeFiles/capella_ros_dock_msgs__rosidl_typesupport_c.dir/rosidl_typesupport_c/capella_ros_dock_msgs/msg/hazard_detection_vector__type_support.cpp.o[0m
[3.269s] [ 44%] [32m[1mLinking CXX shared library libcapella_ros_dock_msgs__rosidl_typesupport_cpp.so[0m
[3.287s] [ 46%] [32mBuilding CXX object CMakeFiles/capella_ros_dock_msgs__rosidl_typesupport_c.dir/rosidl_typesupport_c/capella_ros_dock_msgs/srv/e_stop__type_support.cpp.o[0m
[3.292s] [35m[1mConsolidate compiler generated dependencies of target capella_ros_dock_msgs__rosidl_typesupport_introspection_c[0m
[3.298s] [ 47%] [32mBuilding CXX object CMakeFiles/capella_ros_dock_msgs__rosidl_typesupport_c.dir/rosidl_typesupport_c/capella_ros_dock_msgs/msg/kidnap_status__type_support.cpp.o[0m
[3.298s] [ 49%] [32mBuilding CXX object CMakeFiles/capella_ros_dock_msgs__rosidl_typesupport_c.dir/rosidl_typesupport_c/capella_ros_dock_msgs/srv/robot_power__type_support.cpp.o[0m
[3.312s] [ 50%] [32mBuilding C object CMakeFiles/capella_ros_dock_msgs__rosidl_typesupport_introspection_c.dir/rosidl_typesupport_introspection_c/capella_ros_dock_msgs/msg/detail/hazard_detection__type_support.c.o[0m
[3.333s] [ 52%] [32mBuilding CXX object CMakeFiles/capella_ros_dock_msgs__rosidl_typesupport_introspection_cpp.dir/rosidl_typesupport_introspection_cpp/capella_ros_dock_msgs/srv/detail/robot_power__type_support.cpp.o[0m
[3.347s] [ 53%] [32mBuilding C object CMakeFiles/capella_ros_dock_msgs__rosidl_typesupport_introspection_c.dir/rosidl_typesupport_introspection_c/capella_ros_dock_msgs/msg/detail/kidnap_status__type_support.c.o[0m
[3.347s] [ 55%] [32mBuilding C object CMakeFiles/capella_ros_dock_msgs__rosidl_typesupport_introspection_c.dir/rosidl_typesupport_introspection_c/capella_ros_dock_msgs/msg/detail/hazard_detection_vector__type_support.c.o[0m
[3.379s] [ 57%] [32mBuilding C object CMakeFiles/capella_ros_dock_msgs__rosidl_typesupport_introspection_c.dir/rosidl_typesupport_introspection_c/capella_ros_dock_msgs/srv/detail/e_stop__type_support.c.o[0m
[3.391s] [ 58%] [32mBuilding C object CMakeFiles/capella_ros_dock_msgs__rosidl_typesupport_introspection_c.dir/rosidl_typesupport_introspection_c/capella_ros_dock_msgs/srv/detail/robot_power__type_support.c.o[0m
[3.401s] [ 60%] [32mBuilding CXX object CMakeFiles/capella_ros_dock_msgs__rosidl_typesupport_fastrtps_cpp.dir/rosidl_typesupport_fastrtps_cpp/capella_ros_dock_msgs/msg/detail/dds_fastrtps/kidnap_status__type_support.cpp.o[0m
[3.413s] [ 61%] [32m[1mLinking CXX shared library libcapella_ros_dock_msgs__rosidl_typesupport_c.so[0m
[3.419s] [35m[1mConsolidate compiler generated dependencies of target capella_ros_dock_msgs__rosidl_typesupport_fastrtps_c[0m
[3.431s] [ 63%] [32mBuilding CXX object CMakeFiles/capella_ros_dock_msgs__rosidl_typesupport_fastrtps_cpp.dir/rosidl_typesupport_fastrtps_cpp/capella_ros_dock_msgs/srv/detail/dds_fastrtps/e_stop__type_support.cpp.o[0m
[3.436s] [ 65%] [32mBuilding CXX object CMakeFiles/capella_ros_dock_msgs__rosidl_typesupport_fastrtps_c.dir/rosidl_typesupport_fastrtps_c/capella_ros_dock_msgs/msg/detail/hazard_detection__type_support_c.cpp.o[0m
[3.475s] [ 66%] [32mBuilding CXX object CMakeFiles/capella_ros_dock_msgs__rosidl_typesupport_fastrtps_c.dir/rosidl_typesupport_fastrtps_c/capella_ros_dock_msgs/msg/detail/hazard_detection_vector__type_support_c.cpp.o[0m
[3.506s] [ 68%] [32m[1mLinking C shared library libcapella_ros_dock_msgs__rosidl_typesupport_introspection_c.so[0m
[3.541s] [ 68%] Built target capella_ros_dock_msgs__rosidl_typesupport_cpp
[3.542s] [ 69%] [32mBuilding CXX object CMakeFiles/capella_ros_dock_msgs__rosidl_typesupport_fastrtps_c.dir/rosidl_typesupport_fastrtps_c/capella_ros_dock_msgs/msg/detail/kidnap_status__type_support_c.cpp.o[0m
[3.552s] [ 71%] [32mBuilding CXX object CMakeFiles/capella_ros_dock_msgs__rosidl_typesupport_fastrtps_c.dir/rosidl_typesupport_fastrtps_c/capella_ros_dock_msgs/srv/detail/e_stop__type_support_c.cpp.o[0m
[3.661s] [ 73%] [32mBuilding CXX object CMakeFiles/capella_ros_dock_msgs__rosidl_typesupport_fastrtps_cpp.dir/rosidl_typesupport_fastrtps_cpp/capella_ros_dock_msgs/srv/detail/dds_fastrtps/robot_power__type_support.cpp.o[0m
[3.706s] [ 73%] Built target capella_ros_dock_msgs__rosidl_typesupport_c
[3.740s] [ 74%] [32mBuilding CXX object CMakeFiles/capella_ros_dock_msgs__rosidl_typesupport_fastrtps_c.dir/rosidl_typesupport_fastrtps_c/capella_ros_dock_msgs/srv/detail/robot_power__type_support_c.cpp.o[0m
[3.809s] [ 74%] Built target capella_ros_dock_msgs__rosidl_typesupport_introspection_c
[3.982s] [ 76%] [32m[1mLinking CXX shared library libcapella_ros_dock_msgs__rosidl_typesupport_introspection_cpp.so[0m
[4.161s] [ 76%] Built target capella_ros_dock_msgs__rosidl_typesupport_introspection_cpp
[4.237s] [ 77%] [32m[1mLinking CXX shared library libcapella_ros_dock_msgs__rosidl_typesupport_fastrtps_cpp.so[0m
[4.269s] [ 79%] [32m[1mLinking CXX shared library libcapella_ros_dock_msgs__rosidl_typesupport_fastrtps_c.so[0m
[4.357s] [ 79%] Built target capella_ros_dock_msgs__rosidl_typesupport_fastrtps_cpp
[4.386s] [ 79%] Built target capella_ros_dock_msgs__rosidl_typesupport_fastrtps_c
[4.398s] [ 79%] Built target capella_ros_dock_msgs
[4.409s] [ 80%] [34m[1mGenerating Python code for ROS interfaces[0m
[5.134s] [ 80%] Built target capella_ros_dock_msgs__py
[5.140s] [35m[1mConsolidate compiler generated dependencies of target capella_ros_dock_msgs__rosidl_generator_py[0m
[5.150s] [ 87%] [32mBuilding C object CMakeFiles/capella_ros_dock_msgs__rosidl_generator_py.dir/rosidl_generator_py/capella_ros_dock_msgs/msg/_hazard_detection_s.c.o[0m
[5.150s] [ 87%] [32mBuilding C object CMakeFiles/capella_ros_dock_msgs__rosidl_generator_py.dir/rosidl_generator_py/capella_ros_dock_msgs/srv/_e_stop_s.c.o[0m
[5.150s] [ 87%] [32mBuilding C object CMakeFiles/capella_ros_dock_msgs__rosidl_generator_py.dir/rosidl_generator_py/capella_ros_dock_msgs/msg/_kidnap_status_s.c.o[0m
[5.150s] [ 87%] [32mBuilding C object CMakeFiles/capella_ros_dock_msgs__rosidl_generator_py.dir/rosidl_generator_py/capella_ros_dock_msgs/msg/_hazard_detection_vector_s.c.o[0m
[5.150s] [ 88%] [32mBuilding C object CMakeFiles/capella_ros_dock_msgs__rosidl_generator_py.dir/rosidl_generator_py/capella_ros_dock_msgs/srv/_robot_power_s.c.o[0m
[5.299s] [ 90%] [32m[1mLinking C shared library rosidl_generator_py/capella_ros_dock_msgs/libcapella_ros_dock_msgs__rosidl_generator_py.so[0m
[5.384s] [ 90%] Built target capella_ros_dock_msgs__rosidl_generator_py
[5.391s] [35m[1mConsolidate compiler generated dependencies of target capella_ros_dock_msgs__rosidl_typesupport_c__pyext[0m
[5.391s] [35m[1mConsolidate compiler generated dependencies of target capella_ros_dock_msgs__rosidl_typesupport_fastrtps_c__pyext[0m
[5.391s] [35m[1mConsolidate compiler generated dependencies of target capella_ros_dock_msgs__rosidl_typesupport_introspection_c__pyext[0m
[5.400s] [ 92%] [32mBuilding C object CMakeFiles/capella_ros_dock_msgs__rosidl_typesupport_c__pyext.dir/rosidl_generator_py/capella_ros_dock_msgs/_capella_ros_dock_msgs_s.ep.rosidl_typesupport_c.c.o[0m
[5.401s] [ 95%] [32mBuilding C object CMakeFiles/capella_ros_dock_msgs__rosidl_typesupport_fastrtps_c__pyext.dir/rosidl_generator_py/capella_ros_dock_msgs/_capella_ros_dock_msgs_s.ep.rosidl_typesupport_fastrtps_c.c.o[0m
[5.401s] [ 95%] [32mBuilding C object CMakeFiles/capella_ros_dock_msgs__rosidl_typesupport_introspection_c__pyext.dir/rosidl_generator_py/capella_ros_dock_msgs/_capella_ros_dock_msgs_s.ep.rosidl_typesupport_introspection_c.c.o[0m
[5.577s] [ 96%] [32m[1mLinking C shared library rosidl_generator_py/capella_ros_dock_msgs/capella_ros_dock_msgs_s__rosidl_typesupport_fastrtps_c.cpython-310-x86_64-linux-gnu.so[0m
[5.578s] [ 98%] [32m[1mLinking C shared library rosidl_generator_py/capella_ros_dock_msgs/capella_ros_dock_msgs_s__rosidl_typesupport_introspection_c.cpython-310-x86_64-linux-gnu.so[0m
[5.585s] [100%] [32m[1mLinking C shared library rosidl_generator_py/capella_ros_dock_msgs/capella_ros_dock_msgs_s__rosidl_typesupport_c.cpython-310-x86_64-linux-gnu.so[0m
[5.678s] [100%] Built target capella_ros_dock_msgs__rosidl_typesupport_introspection_c__pyext
[5.680s] [100%] Built target capella_ros_dock_msgs__rosidl_typesupport_fastrtps_c__pyext
[5.704s] [100%] Built target capella_ros_dock_msgs__rosidl_typesupport_c__pyext
[5.711s] Invoked command in '/home/ros2/git/mygit/capella_ros_dock/build/capella_ros_dock_msgs' returned '0': CMAKE_PREFIX_PATH=/opt/ros/humble WSLENV=ELECTRON_RUN_AS_NODE/w:WT_SESSION::WT_PROFILE_ID /usr/bin/cmake --build /home/ros2/git/mygit/capella_ros_dock/build/capella_ros_dock_msgs -- -j12 -l12
[5.785s] Invoking command in '/home/ros2/git/mygit/capella_ros_dock/build/capella_ros_dock_msgs': CMAKE_PREFIX_PATH=/opt/ros/humble WSLENV=ELECTRON_RUN_AS_NODE/w:WT_SESSION::WT_PROFILE_ID /usr/bin/cmake --install /home/ros2/git/mygit/capella_ros_dock/build/capella_ros_dock_msgs
[5.790s] -- Install configuration: "RelWithDebInfo"
[5.790s] -- Execute custom install script
[5.791s] -- Up-to-date symlink: /home/ros2/git/mygit/capella_ros_dock/install/share/ament_index/resource_index/rosidl_interfaces/capella_ros_dock_msgs
[5.791s] -- Up-to-date symlink: /home/ros2/git/mygit/capella_ros_dock/install/include/capella_ros_dock_msgs/capella_ros_dock_msgs/msg/detail/hazard_detection__functions.h
[5.791s] -- Up-to-date symlink: /home/ros2/git/mygit/capella_ros_dock/install/include/capella_ros_dock_msgs/capella_ros_dock_msgs/msg/detail/hazard_detection__struct.h
[5.791s] -- Up-to-date symlink: /home/ros2/git/mygit/capella_ros_dock/install/include/capella_ros_dock_msgs/capella_ros_dock_msgs/msg/detail/hazard_detection__type_support.h
[5.792s] -- Up-to-date symlink: /home/ros2/git/mygit/capella_ros_dock/install/include/capella_ros_dock_msgs/capella_ros_dock_msgs/msg/detail/hazard_detection_vector__functions.h
[5.792s] -- Up-to-date symlink: /home/ros2/git/mygit/capella_ros_dock/install/include/capella_ros_dock_msgs/capella_ros_dock_msgs/msg/detail/hazard_detection_vector__struct.h
[5.792s] -- Up-to-date symlink: /home/ros2/git/mygit/capella_ros_dock/install/include/capella_ros_dock_msgs/capella_ros_dock_msgs/msg/detail/hazard_detection_vector__type_support.h
[5.792s] -- Symlinking: /home/ros2/git/mygit/capella_ros_dock/install/include/capella_ros_dock_msgs/capella_ros_dock_msgs/msg/detail/kidnap_status__functions.h
[5.798s] -- Symlinking: /home/ros2/git/mygit/capella_ros_dock/install/include/capella_ros_dock_msgs/capella_ros_dock_msgs/msg/detail/kidnap_status__struct.h
[5.804s] -- Symlinking: /home/ros2/git/mygit/capella_ros_dock/install/include/capella_ros_dock_msgs/capella_ros_dock_msgs/msg/detail/kidnap_status__type_support.h
[5.810s] -- Up-to-date symlink: /home/ros2/git/mygit/capella_ros_dock/install/include/capella_ros_dock_msgs/capella_ros_dock_msgs/msg/hazard_detection.h
[5.810s] -- Up-to-date symlink: /home/ros2/git/mygit/capella_ros_dock/install/include/capella_ros_dock_msgs/capella_ros_dock_msgs/msg/hazard_detection_vector.h
[5.810s] -- Symlinking: /home/ros2/git/mygit/capella_ros_dock/install/include/capella_ros_dock_msgs/capella_ros_dock_msgs/msg/kidnap_status.h
[5.815s] -- Up-to-date symlink: /home/ros2/git/mygit/capella_ros_dock/install/include/capella_ros_dock_msgs/capella_ros_dock_msgs/msg/rosidl_generator_c__visibility_control.h
[5.815s] -- Symlinking: /home/ros2/git/mygit/capella_ros_dock/install/include/capella_ros_dock_msgs/capella_ros_dock_msgs/srv/detail/e_stop__functions.h
[5.821s] -- Symlinking: /home/ros2/git/mygit/capella_ros_dock/install/include/capella_ros_dock_msgs/capella_ros_dock_msgs/srv/detail/e_stop__struct.h
[5.826s] -- Symlinking: /home/ros2/git/mygit/capella_ros_dock/install/include/capella_ros_dock_msgs/capella_ros_dock_msgs/srv/detail/e_stop__type_support.h
[5.832s] -- Symlinking: /home/ros2/git/mygit/capella_ros_dock/install/include/capella_ros_dock_msgs/capella_ros_dock_msgs/srv/detail/robot_power__functions.h
[5.837s] -- Symlinking: /home/ros2/git/mygit/capella_ros_dock/install/include/capella_ros_dock_msgs/capella_ros_dock_msgs/srv/detail/robot_power__struct.h
[5.841s] -- Symlinking: /home/ros2/git/mygit/capella_ros_dock/install/include/capella_ros_dock_msgs/capella_ros_dock_msgs/srv/detail/robot_power__type_support.h
[5.848s] -- Symlinking: /home/ros2/git/mygit/capella_ros_dock/install/include/capella_ros_dock_msgs/capella_ros_dock_msgs/srv/e_stop.h
[5.854s] -- Symlinking: /home/ros2/git/mygit/capella_ros_dock/install/include/capella_ros_dock_msgs/capella_ros_dock_msgs/srv/robot_power.h
[5.859s] -- Up-to-date symlink: /home/ros2/git/mygit/capella_ros_dock/install/share/capella_ros_dock_msgs/environment/library_path.sh
[5.860s] -- Up-to-date symlink: /home/ros2/git/mygit/capella_ros_dock/install/share/capella_ros_dock_msgs/environment/library_path.dsv
[5.860s] -- Up-to-date symlink: /home/ros2/git/mygit/capella_ros_dock/install/include/capella_ros_dock_msgs/capella_ros_dock_msgs/msg/detail/hazard_detection__rosidl_typesupport_fastrtps_c.h
[5.860s] -- Up-to-date symlink: /home/ros2/git/mygit/capella_ros_dock/install/include/capella_ros_dock_msgs/capella_ros_dock_msgs/msg/detail/hazard_detection_vector__rosidl_typesupport_fastrtps_c.h
[5.860s] -- Symlinking: /home/ros2/git/mygit/capella_ros_dock/install/include/capella_ros_dock_msgs/capella_ros_dock_msgs/msg/detail/kidnap_status__rosidl_typesupport_fastrtps_c.h
[5.866s] -- Up-to-date symlink: /home/ros2/git/mygit/capella_ros_dock/install/include/capella_ros_dock_msgs/capella_ros_dock_msgs/msg/rosidl_typesupport_fastrtps_c__visibility_control.h
[5.866s] -- Symlinking: /home/ros2/git/mygit/capella_ros_dock/install/include/capella_ros_dock_msgs/capella_ros_dock_msgs/srv/detail/e_stop__rosidl_typesupport_fastrtps_c.h
[5.872s] -- Symlinking: /home/ros2/git/mygit/capella_ros_dock/install/include/capella_ros_dock_msgs/capella_ros_dock_msgs/srv/detail/robot_power__rosidl_typesupport_fastrtps_c.h
[5.878s] -- Up-to-date symlink: /home/ros2/git/mygit/capella_ros_dock/install/include/capella_ros_dock_msgs/capella_ros_dock_msgs/msg/detail/hazard_detection__rosidl_typesupport_introspection_c.h
[5.878s] -- Up-to-date symlink: /home/ros2/git/mygit/capella_ros_dock/install/include/capella_ros_dock_msgs/capella_ros_dock_msgs/msg/detail/hazard_detection_vector__rosidl_typesupport_introspection_c.h
[5.878s] -- Symlinking: /home/ros2/git/mygit/capella_ros_dock/install/include/capella_ros_dock_msgs/capella_ros_dock_msgs/msg/detail/kidnap_status__rosidl_typesupport_introspection_c.h
[5.883s] -- Up-to-date symlink: /home/ros2/git/mygit/capella_ros_dock/install/include/capella_ros_dock_msgs/capella_ros_dock_msgs/msg/rosidl_typesupport_introspection_c__visibility_control.h
[5.883s] -- Symlinking: /home/ros2/git/mygit/capella_ros_dock/install/include/capella_ros_dock_msgs/capella_ros_dock_msgs/srv/detail/e_stop__rosidl_typesupport_introspection_c.h
[5.888s] -- Symlinking: /home/ros2/git/mygit/capella_ros_dock/install/include/capella_ros_dock_msgs/capella_ros_dock_msgs/srv/detail/robot_power__rosidl_typesupport_introspection_c.h
[5.894s] -- Up-to-date symlink: /home/ros2/git/mygit/capella_ros_dock/install/include/capella_ros_dock_msgs/capella_ros_dock_msgs/msg/detail/hazard_detection__builder.hpp
[5.894s] -- Up-to-date symlink: /home/ros2/git/mygit/capella_ros_dock/install/include/capella_ros_dock_msgs/capella_ros_dock_msgs/msg/detail/hazard_detection__struct.hpp
[5.894s] -- Up-to-date symlink: /home/ros2/git/mygit/capella_ros_dock/install/include/capella_ros_dock_msgs/capella_ros_dock_msgs/msg/detail/hazard_detection__traits.hpp
[5.894s] -- Up-to-date symlink: /home/ros2/git/mygit/capella_ros_dock/install/include/capella_ros_dock_msgs/capella_ros_dock_msgs/msg/detail/hazard_detection_vector__builder.hpp
[5.894s] -- Up-to-date symlink: /home/ros2/git/mygit/capella_ros_dock/install/include/capella_ros_dock_msgs/capella_ros_dock_msgs/msg/detail/hazard_detection_vector__struct.hpp
[5.894s] -- Up-to-date symlink: /home/ros2/git/mygit/capella_ros_dock/install/include/capella_ros_dock_msgs/capella_ros_dock_msgs/msg/detail/hazard_detection_vector__traits.hpp
[5.894s] -- Symlinking: /home/ros2/git/mygit/capella_ros_dock/install/include/capella_ros_dock_msgs/capella_ros_dock_msgs/msg/detail/kidnap_status__builder.hpp
[5.902s] -- Symlinking: /home/ros2/git/mygit/capella_ros_dock/install/include/capella_ros_dock_msgs/capella_ros_dock_msgs/msg/detail/kidnap_status__struct.hpp
[5.907s] -- Symlinking: /home/ros2/git/mygit/capella_ros_dock/install/include/capella_ros_dock_msgs/capella_ros_dock_msgs/msg/detail/kidnap_status__traits.hpp
[5.912s] -- Up-to-date symlink: /home/ros2/git/mygit/capella_ros_dock/install/include/capella_ros_dock_msgs/capella_ros_dock_msgs/msg/hazard_detection.hpp
[5.912s] -- Up-to-date symlink: /home/ros2/git/mygit/capella_ros_dock/install/include/capella_ros_dock_msgs/capella_ros_dock_msgs/msg/hazard_detection_vector.hpp
[5.912s] -- Symlinking: /home/ros2/git/mygit/capella_ros_dock/install/include/capella_ros_dock_msgs/capella_ros_dock_msgs/msg/kidnap_status.hpp
[5.918s] -- Symlinking: /home/ros2/git/mygit/capella_ros_dock/install/include/capella_ros_dock_msgs/capella_ros_dock_msgs/srv/detail/e_stop__builder.hpp
[5.923s] -- Symlinking: /home/ros2/git/mygit/capella_ros_dock/install/include/capella_ros_dock_msgs/capella_ros_dock_msgs/srv/detail/e_stop__struct.hpp
[5.930s] -- Symlinking: /home/ros2/git/mygit/capella_ros_dock/install/include/capella_ros_dock_msgs/capella_ros_dock_msgs/srv/detail/e_stop__traits.hpp
[5.935s] -- Symlinking: /home/ros2/git/mygit/capella_ros_dock/install/include/capella_ros_dock_msgs/capella_ros_dock_msgs/srv/detail/robot_power__builder.hpp
[5.940s] -- Symlinking: /home/ros2/git/mygit/capella_ros_dock/install/include/capella_ros_dock_msgs/capella_ros_dock_msgs/srv/detail/robot_power__struct.hpp
[5.946s] -- Symlinking: /home/ros2/git/mygit/capella_ros_dock/install/include/capella_ros_dock_msgs/capella_ros_dock_msgs/srv/detail/robot_power__traits.hpp
[5.955s] -- Symlinking: /home/ros2/git/mygit/capella_ros_dock/install/include/capella_ros_dock_msgs/capella_ros_dock_msgs/srv/e_stop.hpp
[5.962s] -- Symlinking: /home/ros2/git/mygit/capella_ros_dock/install/include/capella_ros_dock_msgs/capella_ros_dock_msgs/srv/robot_power.hpp
[5.969s] -- Up-to-date symlink: /home/ros2/git/mygit/capella_ros_dock/install/include/capella_ros_dock_msgs/capella_ros_dock_msgs/msg/detail/hazard_detection__rosidl_typesupport_fastrtps_cpp.hpp
[5.969s] -- Up-to-date symlink: /home/ros2/git/mygit/capella_ros_dock/install/include/capella_ros_dock_msgs/capella_ros_dock_msgs/msg/detail/hazard_detection_vector__rosidl_typesupport_fastrtps_cpp.hpp
[5.969s] -- Symlinking: /home/ros2/git/mygit/capella_ros_dock/install/include/capella_ros_dock_msgs/capella_ros_dock_msgs/msg/detail/kidnap_status__rosidl_typesupport_fastrtps_cpp.hpp
[5.976s] -- Up-to-date symlink: /home/ros2/git/mygit/capella_ros_dock/install/include/capella_ros_dock_msgs/capella_ros_dock_msgs/msg/rosidl_typesupport_fastrtps_cpp__visibility_control.h
[5.976s] -- Symlinking: /home/ros2/git/mygit/capella_ros_dock/install/include/capella_ros_dock_msgs/capella_ros_dock_msgs/srv/detail/e_stop__rosidl_typesupport_fastrtps_cpp.hpp
[5.984s] -- Symlinking: /home/ros2/git/mygit/capella_ros_dock/install/include/capella_ros_dock_msgs/capella_ros_dock_msgs/srv/detail/robot_power__rosidl_typesupport_fastrtps_cpp.hpp
[5.990s] -- Up-to-date symlink: /home/ros2/git/mygit/capella_ros_dock/install/include/capella_ros_dock_msgs/capella_ros_dock_msgs/msg/detail/hazard_detection__rosidl_typesupport_introspection_cpp.hpp
[5.990s] -- Up-to-date symlink: /home/ros2/git/mygit/capella_ros_dock/install/include/capella_ros_dock_msgs/capella_ros_dock_msgs/msg/detail/hazard_detection_vector__rosidl_typesupport_introspection_cpp.hpp
[5.990s] -- Symlinking: /home/ros2/git/mygit/capella_ros_dock/install/include/capella_ros_dock_msgs/capella_ros_dock_msgs/msg/detail/kidnap_status__rosidl_typesupport_introspection_cpp.hpp
[5.997s] -- Symlinking: /home/ros2/git/mygit/capella_ros_dock/install/include/capella_ros_dock_msgs/capella_ros_dock_msgs/srv/detail/e_stop__rosidl_typesupport_introspection_cpp.hpp
[6.005s] -- Symlinking: /home/ros2/git/mygit/capella_ros_dock/install/include/capella_ros_dock_msgs/capella_ros_dock_msgs/srv/detail/robot_power__rosidl_typesupport_introspection_cpp.hpp
[6.012s] -- Up-to-date symlink: /home/ros2/git/mygit/capella_ros_dock/install/share/capella_ros_dock_msgs/environment/pythonpath.sh
[6.012s] -- Up-to-date symlink: /home/ros2/git/mygit/capella_ros_dock/install/share/capella_ros_dock_msgs/environment/pythonpath.dsv
[6.012s] -- Up-to-date symlink: /home/ros2/git/mygit/capella_ros_dock/install/local/lib/python3.10/dist-packages/capella_ros_dock_msgs-0.0.0-py3.10.egg-info/PKG-INFO
[6.012s] -- Up-to-date symlink: /home/ros2/git/mygit/capella_ros_dock/install/local/lib/python3.10/dist-packages/capella_ros_dock_msgs-0.0.0-py3.10.egg-info/SOURCES.txt
[6.013s] -- Up-to-date symlink: /home/ros2/git/mygit/capella_ros_dock/install/local/lib/python3.10/dist-packages/capella_ros_dock_msgs-0.0.0-py3.10.egg-info/dependency_links.txt
[6.013s] -- Up-to-date symlink: /home/ros2/git/mygit/capella_ros_dock/install/local/lib/python3.10/dist-packages/capella_ros_dock_msgs-0.0.0-py3.10.egg-info/top_level.txt
[6.013s] -- Up-to-date symlink: /home/ros2/git/mygit/capella_ros_dock/install/local/lib/python3.10/dist-packages/capella_ros_dock_msgs/__init__.py
[6.013s] -- Up-to-date symlink: /home/ros2/git/mygit/capella_ros_dock/install/local/lib/python3.10/dist-packages/capella_ros_dock_msgs/_capella_ros_dock_msgs_s.ep.rosidl_typesupport_c.c
[6.013s] -- Up-to-date symlink: /home/ros2/git/mygit/capella_ros_dock/install/local/lib/python3.10/dist-packages/capella_ros_dock_msgs/_capella_ros_dock_msgs_s.ep.rosidl_typesupport_fastrtps_c.c
[6.014s] -- Up-to-date symlink: /home/ros2/git/mygit/capella_ros_dock/install/local/lib/python3.10/dist-packages/capella_ros_dock_msgs/_capella_ros_dock_msgs_s.ep.rosidl_typesupport_introspection_c.c
[6.014s] -- Up-to-date symlink: /home/ros2/git/mygit/capella_ros_dock/install/local/lib/python3.10/dist-packages/capella_ros_dock_msgs/capella_ros_dock_msgs_s__rosidl_typesupport_c.cpython-310-x86_64-linux-gnu.so
[6.014s] -- Up-to-date symlink: /home/ros2/git/mygit/capella_ros_dock/install/local/lib/python3.10/dist-packages/capella_ros_dock_msgs/capella_ros_dock_msgs_s__rosidl_typesupport_fastrtps_c.cpython-310-x86_64-linux-gnu.so
[6.014s] -- Up-to-date symlink: /home/ros2/git/mygit/capella_ros_dock/install/local/lib/python3.10/dist-packages/capella_ros_dock_msgs/capella_ros_dock_msgs_s__rosidl_typesupport_introspection_c.cpython-310-x86_64-linux-gnu.so
[6.014s] -- Up-to-date symlink: /home/ros2/git/mygit/capella_ros_dock/install/local/lib/python3.10/dist-packages/capella_ros_dock_msgs/libcapella_ros_dock_msgs__rosidl_generator_py.so
[6.014s] -- Up-to-date symlink: /home/ros2/git/mygit/capella_ros_dock/install/local/lib/python3.10/dist-packages/capella_ros_dock_msgs/msg/__init__.py
[6.015s] -- Up-to-date symlink: /home/ros2/git/mygit/capella_ros_dock/install/local/lib/python3.10/dist-packages/capella_ros_dock_msgs/msg/_hazard_detection.py
[6.015s] -- Up-to-date symlink: /home/ros2/git/mygit/capella_ros_dock/install/local/lib/python3.10/dist-packages/capella_ros_dock_msgs/msg/_hazard_detection_s.c
[6.015s] -- Up-to-date symlink: /home/ros2/git/mygit/capella_ros_dock/install/local/lib/python3.10/dist-packages/capella_ros_dock_msgs/msg/_hazard_detection_vector.py
[6.015s] -- Up-to-date symlink: /home/ros2/git/mygit/capella_ros_dock/install/local/lib/python3.10/dist-packages/capella_ros_dock_msgs/msg/_hazard_detection_vector_s.c
[6.015s] -- Symlinking: /home/ros2/git/mygit/capella_ros_dock/install/local/lib/python3.10/dist-packages/capella_ros_dock_msgs/msg/_kidnap_status.py
[6.024s] -- Symlinking: /home/ros2/git/mygit/capella_ros_dock/install/local/lib/python3.10/dist-packages/capella_ros_dock_msgs/msg/_kidnap_status_s.c
[6.031s] -- Symlinking: /home/ros2/git/mygit/capella_ros_dock/install/local/lib/python3.10/dist-packages/capella_ros_dock_msgs/srv/__init__.py
[6.039s] -- Symlinking: /home/ros2/git/mygit/capella_ros_dock/install/local/lib/python3.10/dist-packages/capella_ros_dock_msgs/srv/_e_stop.py
[6.045s] -- Symlinking: /home/ros2/git/mygit/capella_ros_dock/install/local/lib/python3.10/dist-packages/capella_ros_dock_msgs/srv/_e_stop_s.c
[6.051s] -- Symlinking: /home/ros2/git/mygit/capella_ros_dock/install/local/lib/python3.10/dist-packages/capella_ros_dock_msgs/srv/_robot_power.py
[6.057s] -- Symlinking: /home/ros2/git/mygit/capella_ros_dock/install/local/lib/python3.10/dist-packages/capella_ros_dock_msgs/srv/_robot_power_s.c
[6.064s] -- Up-to-date symlink: /home/ros2/git/mygit/capella_ros_dock/install/local/lib/python3.10/dist-packages/capella_ros_dock_msgs/capella_ros_dock_msgs_s__rosidl_typesupport_fastrtps_c.cpython-310-x86_64-linux-gnu.so
[6.064s] -- Up-to-date symlink: /home/ros2/git/mygit/capella_ros_dock/install/local/lib/python3.10/dist-packages/capella_ros_dock_msgs/capella_ros_dock_msgs_s__rosidl_typesupport_introspection_c.cpython-310-x86_64-linux-gnu.so
[6.064s] -- Up-to-date symlink: /home/ros2/git/mygit/capella_ros_dock/install/local/lib/python3.10/dist-packages/capella_ros_dock_msgs/capella_ros_dock_msgs_s__rosidl_typesupport_c.cpython-310-x86_64-linux-gnu.so
[6.064s] -- Up-to-date symlink: /home/ros2/git/mygit/capella_ros_dock/install/share/capella_ros_dock_msgs/msg/HazardDetection.idl
[6.064s] -- Up-to-date symlink: /home/ros2/git/mygit/capella_ros_dock/install/share/capella_ros_dock_msgs/msg/HazardDetectionVector.idl
[6.064s] -- Symlinking: /home/ros2/git/mygit/capella_ros_dock/install/share/capella_ros_dock_msgs/msg/KidnapStatus.idl
[6.072s] -- Symlinking: /home/ros2/git/mygit/capella_ros_dock/install/share/capella_ros_dock_msgs/srv/EStop.idl
[6.081s] -- Symlinking: /home/ros2/git/mygit/capella_ros_dock/install/share/capella_ros_dock_msgs/srv/RobotPower.idl
[6.089s] -- Up-to-date symlink: /home/ros2/git/mygit/capella_ros_dock/install/share/capella_ros_dock_msgs/msg/HazardDetection.msg
[6.089s] -- Up-to-date symlink: /home/ros2/git/mygit/capella_ros_dock/install/share/capella_ros_dock_msgs/msg/HazardDetectionVector.msg
[6.089s] -- Symlinking: /home/ros2/git/mygit/capella_ros_dock/install/share/capella_ros_dock_msgs/msg/KidnapStatus.msg
[6.097s] -- Symlinking: /home/ros2/git/mygit/capella_ros_dock/install/share/capella_ros_dock_msgs/srv/EStop.srv
[6.103s] -- Symlinking: /home/ros2/git/mygit/capella_ros_dock/install/share/capella_ros_dock_msgs/srv/EStop_Request.msg
[6.110s] -- Symlinking: /home/ros2/git/mygit/capella_ros_dock/install/share/capella_ros_dock_msgs/srv/EStop_Response.msg
[6.117s] -- Symlinking: /home/ros2/git/mygit/capella_ros_dock/install/share/capella_ros_dock_msgs/srv/RobotPower.srv
[6.123s] -- Symlinking: /home/ros2/git/mygit/capella_ros_dock/install/share/capella_ros_dock_msgs/srv/RobotPower_Request.msg
[6.130s] -- Symlinking: /home/ros2/git/mygit/capella_ros_dock/install/share/capella_ros_dock_msgs/srv/RobotPower_Response.msg
[6.136s] -- Up-to-date symlink: /home/ros2/git/mygit/capella_ros_dock/install/share/ament_index/resource_index/package_run_dependencies/capella_ros_dock_msgs
[6.136s] -- Up-to-date symlink: /home/ros2/git/mygit/capella_ros_dock/install/share/ament_index/resource_index/parent_prefix_path/capella_ros_dock_msgs
[6.137s] -- Up-to-date symlink: /home/ros2/git/mygit/capella_ros_dock/install/share/capella_ros_dock_msgs/environment/ament_prefix_path.sh
[6.137s] -- Up-to-date symlink: /home/ros2/git/mygit/capella_ros_dock/install/share/capella_ros_dock_msgs/environment/ament_prefix_path.dsv
[6.137s] -- Up-to-date symlink: /home/ros2/git/mygit/capella_ros_dock/install/share/capella_ros_dock_msgs/environment/path.sh
[6.137s] -- Up-to-date symlink: /home/ros2/git/mygit/capella_ros_dock/install/share/capella_ros_dock_msgs/environment/path.dsv
[6.137s] -- Up-to-date symlink: /home/ros2/git/mygit/capella_ros_dock/install/share/capella_ros_dock_msgs/local_setup.bash
[6.137s] -- Up-to-date symlink: /home/ros2/git/mygit/capella_ros_dock/install/share/capella_ros_dock_msgs/local_setup.sh
[6.137s] -- Up-to-date symlink: /home/ros2/git/mygit/capella_ros_dock/install/share/capella_ros_dock_msgs/local_setup.zsh
[6.137s] -- Up-to-date symlink: /home/ros2/git/mygit/capella_ros_dock/install/share/capella_ros_dock_msgs/local_setup.dsv
[6.137s] -- Symlinking: /home/ros2/git/mygit/capella_ros_dock/install/share/capella_ros_dock_msgs/package.dsv
[6.144s] -- Up-to-date symlink: /home/ros2/git/mygit/capella_ros_dock/install/share/ament_index/resource_index/packages/capella_ros_dock_msgs
[6.144s] -- Up-to-date symlink: /home/ros2/git/mygit/capella_ros_dock/install/share/capella_ros_dock_msgs/cmake/rosidl_cmake-extras.cmake
[6.144s] -- Up-to-date symlink: /home/ros2/git/mygit/capella_ros_dock/install/share/capella_ros_dock_msgs/cmake/ament_cmake_export_dependencies-extras.cmake
[6.144s] -- Up-to-date symlink: /home/ros2/git/mygit/capella_ros_dock/install/share/capella_ros_dock_msgs/cmake/ament_cmake_export_include_directories-extras.cmake
[6.144s] -- Up-to-date symlink: /home/ros2/git/mygit/capella_ros_dock/install/share/capella_ros_dock_msgs/cmake/ament_cmake_export_libraries-extras.cmake
[6.145s] -- Up-to-date symlink: /home/ros2/git/mygit/capella_ros_dock/install/share/capella_ros_dock_msgs/cmake/ament_cmake_export_targets-extras.cmake
[6.145s] -- Up-to-date symlink: /home/ros2/git/mygit/capella_ros_dock/install/share/capella_ros_dock_msgs/cmake/rosidl_cmake_export_typesupport_targets-extras.cmake
[6.145s] -- Up-to-date symlink: /home/ros2/git/mygit/capella_ros_dock/install/share/capella_ros_dock_msgs/cmake/rosidl_cmake_export_typesupport_libraries-extras.cmake
[6.145s] -- Up-to-date symlink: /home/ros2/git/mygit/capella_ros_dock/install/share/capella_ros_dock_msgs/cmake/capella_ros_dock_msgsConfig.cmake
[6.145s] -- Up-to-date symlink: /home/ros2/git/mygit/capella_ros_dock/install/share/capella_ros_dock_msgs/cmake/capella_ros_dock_msgsConfig-version.cmake
[6.145s] -- Up-to-date symlink: /home/ros2/git/mygit/capella_ros_dock/install/share/capella_ros_dock_msgs/package.xml
[6.146s] -- Installing: /home/ros2/git/mygit/capella_ros_dock/install/lib/libcapella_ros_dock_msgs__rosidl_generator_c.so
[6.146s] -- Set runtime path of "/home/ros2/git/mygit/capella_ros_dock/install/lib/libcapella_ros_dock_msgs__rosidl_generator_c.so" to ""
[6.147s] -- Installing: /home/ros2/git/mygit/capella_ros_dock/install/lib/libcapella_ros_dock_msgs__rosidl_typesupport_fastrtps_c.so
[6.147s] -- Set runtime path of "/home/ros2/git/mygit/capella_ros_dock/install/lib/libcapella_ros_dock_msgs__rosidl_typesupport_fastrtps_c.so" to ""
[6.148s] -- Installing: /home/ros2/git/mygit/capella_ros_dock/install/lib/libcapella_ros_dock_msgs__rosidl_typesupport_introspection_c.so
[6.148s] -- Set runtime path of "/home/ros2/git/mygit/capella_ros_dock/install/lib/libcapella_ros_dock_msgs__rosidl_typesupport_introspection_c.so" to ""
[6.149s] -- Installing: /home/ros2/git/mygit/capella_ros_dock/install/lib/libcapella_ros_dock_msgs__rosidl_typesupport_c.so
[6.149s] -- Set runtime path of "/home/ros2/git/mygit/capella_ros_dock/install/lib/libcapella_ros_dock_msgs__rosidl_typesupport_c.so" to ""
[6.149s] -- Installing: /home/ros2/git/mygit/capella_ros_dock/install/lib/libcapella_ros_dock_msgs__rosidl_typesupport_fastrtps_cpp.so
[6.150s] -- Set runtime path of "/home/ros2/git/mygit/capella_ros_dock/install/lib/libcapella_ros_dock_msgs__rosidl_typesupport_fastrtps_cpp.so" to ""
[6.151s] -- Installing: /home/ros2/git/mygit/capella_ros_dock/install/lib/libcapella_ros_dock_msgs__rosidl_typesupport_introspection_cpp.so
[6.151s] -- Set runtime path of "/home/ros2/git/mygit/capella_ros_dock/install/lib/libcapella_ros_dock_msgs__rosidl_typesupport_introspection_cpp.so" to ""
[6.152s] -- Installing: /home/ros2/git/mygit/capella_ros_dock/install/lib/libcapella_ros_dock_msgs__rosidl_typesupport_cpp.so
[6.152s] -- Set runtime path of "/home/ros2/git/mygit/capella_ros_dock/install/lib/libcapella_ros_dock_msgs__rosidl_typesupport_cpp.so" to ""
[6.183s] Listing '/home/ros2/git/mygit/capella_ros_dock/install/local/lib/python3.10/dist-packages/capella_ros_dock_msgs'...
[6.184s] Compiling '/home/ros2/git/mygit/capella_ros_dock/install/local/lib/python3.10/dist-packages/capella_ros_dock_msgs/__init__.py'...
[6.184s] Listing '/home/ros2/git/mygit/capella_ros_dock/install/local/lib/python3.10/dist-packages/capella_ros_dock_msgs/msg'...
[6.184s] Compiling '/home/ros2/git/mygit/capella_ros_dock/install/local/lib/python3.10/dist-packages/capella_ros_dock_msgs/msg/__init__.py'...
[6.184s] Compiling '/home/ros2/git/mygit/capella_ros_dock/install/local/lib/python3.10/dist-packages/capella_ros_dock_msgs/msg/_hazard_detection.py'...
[6.184s] Compiling '/home/ros2/git/mygit/capella_ros_dock/install/local/lib/python3.10/dist-packages/capella_ros_dock_msgs/msg/_hazard_detection_vector.py'...
[6.184s] Compiling '/home/ros2/git/mygit/capella_ros_dock/install/local/lib/python3.10/dist-packages/capella_ros_dock_msgs/msg/_kidnap_status.py'...
[6.184s] Listing '/home/ros2/git/mygit/capella_ros_dock/install/local/lib/python3.10/dist-packages/capella_ros_dock_msgs/srv'...
[6.184s] Compiling '/home/ros2/git/mygit/capella_ros_dock/install/local/lib/python3.10/dist-packages/capella_ros_dock_msgs/srv/__init__.py'...
[6.184s] Compiling '/home/ros2/git/mygit/capella_ros_dock/install/local/lib/python3.10/dist-packages/capella_ros_dock_msgs/srv/_e_stop.py'...
[6.184s] Compiling '/home/ros2/git/mygit/capella_ros_dock/install/local/lib/python3.10/dist-packages/capella_ros_dock_msgs/srv/_robot_power.py'...
[6.189s] -- Installing: /home/ros2/git/mygit/capella_ros_dock/install/lib/libcapella_ros_dock_msgs__rosidl_generator_py.so
[6.189s] -- Set runtime path of "/home/ros2/git/mygit/capella_ros_dock/install/lib/libcapella_ros_dock_msgs__rosidl_generator_py.so" to ""
[6.189s] -- Up-to-date: /home/ros2/git/mygit/capella_ros_dock/install/share/capella_ros_dock_msgs/cmake/export_capella_ros_dock_msgs__rosidl_generator_cExport.cmake
[6.189s] -- Up-to-date: /home/ros2/git/mygit/capella_ros_dock/install/share/capella_ros_dock_msgs/cmake/export_capella_ros_dock_msgs__rosidl_generator_cExport-relwithdebinfo.cmake
[6.189s] -- Up-to-date: /home/ros2/git/mygit/capella_ros_dock/install/share/capella_ros_dock_msgs/cmake/export_capella_ros_dock_msgs__rosidl_typesupport_fastrtps_cExport.cmake
[6.190s] -- Up-to-date: /home/ros2/git/mygit/capella_ros_dock/install/share/capella_ros_dock_msgs/cmake/export_capella_ros_dock_msgs__rosidl_typesupport_fastrtps_cExport-relwithdebinfo.cmake
[6.190s] -- Up-to-date: /home/ros2/git/mygit/capella_ros_dock/install/share/capella_ros_dock_msgs/cmake/capella_ros_dock_msgs__rosidl_typesupport_introspection_cExport.cmake
[6.190s] -- Up-to-date: /home/ros2/git/mygit/capella_ros_dock/install/share/capella_ros_dock_msgs/cmake/capella_ros_dock_msgs__rosidl_typesupport_introspection_cExport-relwithdebinfo.cmake
[6.190s] -- Up-to-date: /home/ros2/git/mygit/capella_ros_dock/install/share/capella_ros_dock_msgs/cmake/capella_ros_dock_msgs__rosidl_typesupport_cExport.cmake
[6.190s] -- Up-to-date: /home/ros2/git/mygit/capella_ros_dock/install/share/capella_ros_dock_msgs/cmake/capella_ros_dock_msgs__rosidl_typesupport_cExport-relwithdebinfo.cmake
[6.190s] -- Up-to-date: /home/ros2/git/mygit/capella_ros_dock/install/share/capella_ros_dock_msgs/cmake/export_capella_ros_dock_msgs__rosidl_generator_cppExport.cmake
[6.190s] -- Up-to-date: /home/ros2/git/mygit/capella_ros_dock/install/share/capella_ros_dock_msgs/cmake/export_capella_ros_dock_msgs__rosidl_typesupport_fastrtps_cppExport.cmake
[6.190s] -- Up-to-date: /home/ros2/git/mygit/capella_ros_dock/install/share/capella_ros_dock_msgs/cmake/export_capella_ros_dock_msgs__rosidl_typesupport_fastrtps_cppExport-relwithdebinfo.cmake
[6.191s] -- Up-to-date: /home/ros2/git/mygit/capella_ros_dock/install/share/capella_ros_dock_msgs/cmake/capella_ros_dock_msgs__rosidl_typesupport_introspection_cppExport.cmake
[6.191s] -- Up-to-date: /home/ros2/git/mygit/capella_ros_dock/install/share/capella_ros_dock_msgs/cmake/capella_ros_dock_msgs__rosidl_typesupport_introspection_cppExport-relwithdebinfo.cmake
[6.191s] -- Up-to-date: /home/ros2/git/mygit/capella_ros_dock/install/share/capella_ros_dock_msgs/cmake/capella_ros_dock_msgs__rosidl_typesupport_cppExport.cmake
[6.191s] -- Up-to-date: /home/ros2/git/mygit/capella_ros_dock/install/share/capella_ros_dock_msgs/cmake/capella_ros_dock_msgs__rosidl_typesupport_cppExport-relwithdebinfo.cmake
[6.191s] -- Up-to-date: /home/ros2/git/mygit/capella_ros_dock/install/share/capella_ros_dock_msgs/cmake/export_capella_ros_dock_msgs__rosidl_generator_pyExport.cmake
[6.191s] -- Up-to-date: /home/ros2/git/mygit/capella_ros_dock/install/share/capella_ros_dock_msgs/cmake/export_capella_ros_dock_msgs__rosidl_generator_pyExport-relwithdebinfo.cmake
[6.197s] Invoked command in '/home/ros2/git/mygit/capella_ros_dock/build/capella_ros_dock_msgs' returned '0': CMAKE_PREFIX_PATH=/opt/ros/humble WSLENV=ELECTRON_RUN_AS_NODE/w:WT_SESSION::WT_PROFILE_ID /usr/bin/cmake --install /home/ros2/git/mygit/capella_ros_dock/build/capella_ros_dock_msgs
