-- Found ament_cmake: 1.3.3 (/opt/ros/humble/share/ament_cmake/cmake)
-- Override CMake install command with custom implementation using symlinks instead of copying resources
-- Found angles: 1.15.0 (/opt/ros/humble/share/angles/cmake)
-- Found geometry_msgs: 4.2.3 (/opt/ros/humble/share/geometry_msgs/cmake)
-- Found rosidl_generator_c: 3.1.4 (/opt/ros/humble/share/rosidl_generator_c/cmake)
-- Found rosidl_adapter: 3.1.4 (/opt/ros/humble/share/rosidl_adapter/cmake)
-- Found rosidl_generator_cpp: 3.1.4 (/opt/ros/humble/share/rosidl_generator_cpp/cmake)
-- Using all available rosidl_typesupport_c: rosidl_typesupport_fastrtps_c;rosidl_typesupport_introspection_c
-- Using all available rosidl_typesupport_cpp: rosidl_typesupport_fastrtps_cpp;rosidl_typesupport_introspection_cpp
-- Found nav_msgs: 4.2.3 (/opt/ros/humble/share/nav_msgs/cmake)
-- Found rclcpp: 16.0.3 (/opt/ros/humble/share/rclcpp/cmake)
-- Found rmw_implementation_cmake: 6.1.1 (/opt/ros/humble/share/rmw_implementation_cmake/cmake)
-- Found rmw_fastrtps_cpp: 6.2.2 (/opt/ros/humble/share/rmw_fastrtps_cpp/cmake)
-- Using RMW implementation 'rmw_fastrtps_cpp' as default
-- Found rclcpp_action: 16.0.3 (/opt/ros/humble/share/rclcpp_action/cmake)
-- Found rclcpp_components: 16.0.3 (/opt/ros/humble/share/rclcpp_components/cmake)
-- Found tf2: 0.25.2 (/opt/ros/humble/share/tf2/cmake)
-- Found tf2_geometry_msgs: 0.25.2 (/opt/ros/humble/share/tf2_geometry_msgs/cmake)
-- Found eigen3_cmake_module: 0.1.1 (/opt/ros/humble/share/eigen3_cmake_module/cmake)
-- Ensuring Eigen3 include directory is part of orocos-kdl CMake target
-- Found capella_ros_dock_msgs: 0.0.0 (/home/ros2/git/mygit/capella_ros_dock/install/share/capella_ros_dock_msgs/cmake)
-- Found capella_ros_msg: 0.0.0 (/home/ros2/git/mygit/capella_ros_dock/install/share/capella_ros_msg/cmake)
-- Found capella_ros_service_interfaces: 0.0.0 (/home/ros2/git/mygit/capella_ros_dock/install/share/capella_ros_service_interfaces/cmake)
-- Found std_srvs: 4.2.3 (/opt/ros/humble/share/std_srvs/cmake)
-- Configuring done
-- Generating done
-- Build files have been written to: /home/ros2/git/mygit/capella_ros_dock/build/capella_ros_dock
[35m[1mConsolidate compiler generated dependencies of target hazard_publisher_lib[0m
[35m[1mConsolidate compiler generated dependencies of target motion_control[0m
[35m[1mConsolidate compiler generated dependencies of target hazard_vector_publisher[0m
[ 20%] [32mBuilding CXX object CMakeFiles/motion_control_lib.dir/src/docking_behavior.cpp.o[0m
[ 20%] [32mBuilding CXX object CMakeFiles/motion_control_lib.dir/src/motion_control_node.cpp.o[0m
[ 30%] [32mBuilding CXX object CMakeFiles/motion_control_lib.dir/src/reflex_behavior.cpp.o[0m
[ 50%] Built target hazard_vector_publisher
[ 70%] Built target motion_control
[ 80%] [32mBuilding CXX object CMakeFiles/hazard_publisher_lib.dir/src/hazards_vector_publisher.cpp.o[0m
[ 90%] [32m[1mLinking CXX shared library libhazard_publisher_lib.so[0m
[ 90%] Built target hazard_publisher_lib
