[0.015s] Invoking command in '/home/ros2/git/mygit/capella_ros_dock/build/capella_ros_service_interfaces': CMAKE_PREFIX_PATH=/opt/ros/humble WSLENV=ELECTRON_RUN_AS_NODE/w:WT_SESSION::WT_PROFILE_ID /usr/bin/cmake /home/ros2/git/mygit/capella_ros_dock/capella_msgs/capella_ros_service_interfaces -DCMAKE_BUILD_TYPE=RelWithDebInfo -DCMAKE_EXPORT_COMPILE_COMMANDS=On -Wall -Wextra -Wpedantic -DAMENT_CMAKE_SYMLINK_INSTALL=1 -DCMAKE_INSTALL_PREFIX=/home/ros2/git/mygit/capella_ros_dock/install
[0.140s] -- The C compiler identification is GNU 11.3.0
[0.590s] -- The CXX compiler identification is GNU 11.3.0
[0.997s] -- Detecting C compiler ABI info
[1.118s] -- Detecting C compiler ABI info - done
[1.126s] -- Check for working C compiler: /usr/bin/cc - skipped
[1.126s] -- Detecting C compile features
[1.126s] -- Detecting C compile features - done
[1.129s] -- Detecting CXX compiler ABI info
[1.274s] -- Detecting CXX compiler ABI info - done
[1.279s] -- Check for working CXX compiler: /usr/bin/c++ - skipped
[1.279s] -- Detecting CXX compile features
[1.279s] -- Detecting CXX compile features - done
[1.281s] -- Found ament_cmake: 1.3.3 (/opt/ros/humble/share/ament_cmake/cmake)
[1.403s] -- Found Python3: /usr/bin/python3.10 (found version "3.10.6") found components: Interpreter 
[1.450s] -- Override CMake install command with custom implementation using symlinks instead of copying resources
[1.471s] -- Found rosidl_default_generators: 1.2.0 (/opt/ros/humble/share/rosidl_default_generators/cmake)
[1.476s] -- Using all available rosidl_typesupport_c: rosidl_typesupport_fastrtps_c;rosidl_typesupport_introspection_c
[1.484s] -- Found rosidl_adapter: 3.1.4 (/opt/ros/humble/share/rosidl_adapter/cmake)
[1.648s] -- Using all available rosidl_typesupport_cpp: rosidl_typesupport_fastrtps_cpp;rosidl_typesupport_introspection_cpp
[1.679s] -- Found sensor_msgs: 4.2.3 (/opt/ros/humble/share/sensor_msgs/cmake)
[1.893s] -- Found nav_msgs: 4.2.3 (/opt/ros/humble/share/nav_msgs/cmake)
[2.229s] -- Found ament_cmake_ros: 0.10.0 (/opt/ros/humble/share/ament_cmake_ros/cmake)
[2.422s] -- Using all available rosidl_typesupport_c: rosidl_typesupport_fastrtps_c;rosidl_typesupport_introspection_c
[2.708s] -- Using all available rosidl_typesupport_cpp: rosidl_typesupport_fastrtps_cpp;rosidl_typesupport_introspection_cpp
[2.860s] -- Found PythonInterp: /usr/bin/python3 (found suitable version "3.10.6", minimum required is "3.6") 
[2.861s] -- Found python_cmake_module: 0.10.0 (/opt/ros/humble/share/python_cmake_module/cmake)
[3.169s] -- Found PythonLibs: /usr/lib/x86_64-linux-gnu/libpython3.10.so (found suitable version "3.10.6", minimum required is "3.5") 
[3.169s] -- Using PYTHON_EXECUTABLE: /usr/bin/python3
[3.169s] -- Using PYTHON_INCLUDE_DIRS: /usr/include/python3.10
[3.169s] -- Using PYTHON_LIBRARIES: /usr/lib/x86_64-linux-gnu/libpython3.10.so
[3.186s] -- Found PythonExtra: .so  
[3.260s] -- Found ament_lint_auto: 0.12.5 (/opt/ros/humble/share/ament_lint_auto/cmake)
[3.273s] -- Added test 'copyright' to check source files copyright and LICENSE
[3.274s] -- Added test 'lint_cmake' to check CMake code style
[3.275s] -- Added test 'xmllint' to check XML markup files
[3.277s] -- Configuring done
[3.331s] -- Generating done
[3.334s] -- Build files have been written to: /home/ros2/git/mygit/capella_ros_dock/build/capella_ros_service_interfaces
