[35m[1mConsolidate compiler generated dependencies of target capella_ros_service_interfaces__rosidl_generator_c[0m
[  0%] Built target capella_ros_service_interfaces__cpp
[  0%] Built target ament_cmake_python_symlink_capella_ros_service_interfaces
[ 12%] Built target capella_ros_service_interfaces__rosidl_generator_c
[35m[1mConsolidate compiler generated dependencies of target capella_ros_service_interfaces__rosidl_typesupport_fastrtps_cpp[0m
[35m[1mConsolidate compiler generated dependencies of target capella_ros_service_interfaces__rosidl_typesupport_cpp[0m
[35m[1mConsolidate compiler generated dependencies of target capella_ros_service_interfaces__rosidl_typesupport_introspection_cpp[0m
[35m[1mConsolidate compiler generated dependencies of target capella_ros_service_interfaces__rosidl_typesupport_c[0m
[35m[1mConsolidate compiler generated dependencies of target capella_ros_service_interfaces__rosidl_typesupport_introspection_c[0m
[35m[1mConsolidate compiler generated dependencies of target capella_ros_service_interfaces__rosidl_typesupport_fastrtps_c[0m
[ 24%] Built target capella_ros_service_interfaces__rosidl_typesupport_fastrtps_cpp
[ 36%] Built target capella_ros_service_interfaces__rosidl_typesupport_cpp
[ 48%] Built target capella_ros_service_interfaces__rosidl_typesupport_introspection_cpp
[ 60%] Built target capella_ros_service_interfaces__rosidl_typesupport_c
[ 72%] Built target capella_ros_service_interfaces__rosidl_typesupport_introspection_c
[ 84%] Built target capella_ros_service_interfaces__rosidl_typesupport_fastrtps_c
[ 84%] Built target capella_ros_service_interfaces
[ 85%] Built target capella_ros_service_interfaces__py
[35m[1mConsolidate compiler generated dependencies of target capella_ros_service_interfaces__rosidl_generator_py[0m
[ 96%] Built target capella_ros_service_interfaces__rosidl_generator_py
[35m[1mConsolidate compiler generated dependencies of target capella_ros_service_interfaces__rosidl_typesupport_introspection_c__pyext[0m
[35m[1mConsolidate compiler generated dependencies of target capella_ros_service_interfaces__rosidl_typesupport_c__pyext[0m
[35m[1mConsolidate compiler generated dependencies of target capella_ros_service_interfaces__rosidl_typesupport_fastrtps_c__pyext[0m
[ 98%] Built target capella_ros_service_interfaces__rosidl_typesupport_fastrtps_c__pyext
[ 99%] Built target capella_ros_service_interfaces__rosidl_typesupport_introspection_c__pyext
[100%] Built target capella_ros_service_interfaces__rosidl_typesupport_c__pyext
running egg_info
writing capella_ros_service_interfaces.egg-info/PKG-INFO
writing dependency_links to capella_ros_service_interfaces.egg-info/dependency_links.txt
writing top-level names to capella_ros_service_interfaces.egg-info/top_level.txt
reading manifest file 'capella_ros_service_interfaces.egg-info/SOURCES.txt'
writing manifest file 'capella_ros_service_interfaces.egg-info/SOURCES.txt'
[100%] Built target ament_cmake_python_build_capella_ros_service_interfaces_egg
-- Install configuration: "RelWithDebInfo"
-- Execute custom install script
-- Symlinking: /home/ros2/git/mygit/capella_ros_dock/install/share/ament_index/resource_index/rosidl_interfaces/capella_ros_service_interfaces
-- Symlinking: /home/ros2/git/mygit/capella_ros_dock/install/include/capella_ros_service_interfaces/capella_ros_service_interfaces/msg/charge_marker_visible.h
-- Symlinking: /home/ros2/git/mygit/capella_ros_dock/install/include/capella_ros_service_interfaces/capella_ros_service_interfaces/msg/charge_state.h
-- Symlinking: /home/ros2/git/mygit/capella_ros_dock/install/include/capella_ros_service_interfaces/capella_ros_service_interfaces/msg/compressed_occupancy_grid.h
-- Symlinking: /home/ros2/git/mygit/capella_ros_dock/install/include/capella_ros_service_interfaces/capella_ros_service_interfaces/msg/detail/charge_marker_visible__functions.h
-- Symlinking: /home/ros2/git/mygit/capella_ros_dock/install/include/capella_ros_service_interfaces/capella_ros_service_interfaces/msg/detail/charge_marker_visible__struct.h
-- Symlinking: /home/ros2/git/mygit/capella_ros_dock/install/include/capella_ros_service_interfaces/capella_ros_service_interfaces/msg/detail/charge_marker_visible__type_support.h
-- Symlinking: /home/ros2/git/mygit/capella_ros_dock/install/include/capella_ros_service_interfaces/capella_ros_service_interfaces/msg/detail/charge_state__functions.h
-- Symlinking: /home/ros2/git/mygit/capella_ros_dock/install/include/capella_ros_service_interfaces/capella_ros_service_interfaces/msg/detail/charge_state__struct.h
-- Symlinking: /home/ros2/git/mygit/capella_ros_dock/install/include/capella_ros_service_interfaces/capella_ros_service_interfaces/msg/detail/charge_state__type_support.h
-- Symlinking: /home/ros2/git/mygit/capella_ros_dock/install/include/capella_ros_service_interfaces/capella_ros_service_interfaces/msg/detail/compressed_occupancy_grid__functions.h
-- Symlinking: /home/ros2/git/mygit/capella_ros_dock/install/include/capella_ros_service_interfaces/capella_ros_service_interfaces/msg/detail/compressed_occupancy_grid__struct.h
-- Symlinking: /home/ros2/git/mygit/capella_ros_dock/install/include/capella_ros_service_interfaces/capella_ros_service_interfaces/msg/detail/compressed_occupancy_grid__type_support.h
-- Symlinking: /home/ros2/git/mygit/capella_ros_dock/install/include/capella_ros_service_interfaces/capella_ros_service_interfaces/msg/detail/irdetection_status__functions.h
-- Symlinking: /home/ros2/git/mygit/capella_ros_dock/install/include/capella_ros_service_interfaces/capella_ros_service_interfaces/msg/detail/irdetection_status__struct.h
-- Symlinking: /home/ros2/git/mygit/capella_ros_dock/install/include/capella_ros_service_interfaces/capella_ros_service_interfaces/msg/detail/irdetection_status__type_support.h
-- Symlinking: /home/ros2/git/mygit/capella_ros_dock/install/include/capella_ros_service_interfaces/capella_ros_service_interfaces/msg/detail/irimage_data__functions.h
-- Symlinking: /home/ros2/git/mygit/capella_ros_dock/install/include/capella_ros_service_interfaces/capella_ros_service_interfaces/msg/detail/irimage_data__struct.h
-- Symlinking: /home/ros2/git/mygit/capella_ros_dock/install/include/capella_ros_service_interfaces/capella_ros_service_interfaces/msg/detail/irimage_data__type_support.h
-- Symlinking: /home/ros2/git/mygit/capella_ros_dock/install/include/capella_ros_service_interfaces/capella_ros_service_interfaces/msg/detail/irsdk_data__functions.h
-- Symlinking: /home/ros2/git/mygit/capella_ros_dock/install/include/capella_ros_service_interfaces/capella_ros_service_interfaces/msg/detail/irsdk_data__struct.h
-- Symlinking: /home/ros2/git/mygit/capella_ros_dock/install/include/capella_ros_service_interfaces/capella_ros_service_interfaces/msg/detail/irsdk_data__type_support.h
-- Symlinking: /home/ros2/git/mygit/capella_ros_dock/install/include/capella_ros_service_interfaces/capella_ros_service_interfaces/msg/detail/irtemperature_data__functions.h
-- Symlinking: /home/ros2/git/mygit/capella_ros_dock/install/include/capella_ros_service_interfaces/capella_ros_service_interfaces/msg/detail/irtemperature_data__struct.h
-- Symlinking: /home/ros2/git/mygit/capella_ros_dock/install/include/capella_ros_service_interfaces/capella_ros_service_interfaces/msg/detail/irtemperature_data__type_support.h
-- Symlinking: /home/ros2/git/mygit/capella_ros_dock/install/include/capella_ros_service_interfaces/capella_ros_service_interfaces/msg/detail/mission_status__functions.h
-- Symlinking: /home/ros2/git/mygit/capella_ros_dock/install/include/capella_ros_service_interfaces/capella_ros_service_interfaces/msg/detail/mission_status__struct.h
-- Symlinking: /home/ros2/git/mygit/capella_ros_dock/install/include/capella_ros_service_interfaces/capella_ros_service_interfaces/msg/detail/mission_status__type_support.h
-- Symlinking: /home/ros2/git/mygit/capella_ros_dock/install/include/capella_ros_service_interfaces/capella_ros_service_interfaces/msg/detail/person_distance__functions.h
-- Symlinking: /home/ros2/git/mygit/capella_ros_dock/install/include/capella_ros_service_interfaces/capella_ros_service_interfaces/msg/detail/person_distance__struct.h
-- Symlinking: /home/ros2/git/mygit/capella_ros_dock/install/include/capella_ros_service_interfaces/capella_ros_service_interfaces/msg/detail/person_distance__type_support.h
-- Symlinking: /home/ros2/git/mygit/capella_ros_dock/install/include/capella_ros_service_interfaces/capella_ros_service_interfaces/msg/irdetection_status.h
-- Symlinking: /home/ros2/git/mygit/capella_ros_dock/install/include/capella_ros_service_interfaces/capella_ros_service_interfaces/msg/irimage_data.h
-- Symlinking: /home/ros2/git/mygit/capella_ros_dock/install/include/capella_ros_service_interfaces/capella_ros_service_interfaces/msg/irsdk_data.h
-- Symlinking: /home/ros2/git/mygit/capella_ros_dock/install/include/capella_ros_service_interfaces/capella_ros_service_interfaces/msg/irtemperature_data.h
-- Symlinking: /home/ros2/git/mygit/capella_ros_dock/install/include/capella_ros_service_interfaces/capella_ros_service_interfaces/msg/mission_status.h
-- Symlinking: /home/ros2/git/mygit/capella_ros_dock/install/include/capella_ros_service_interfaces/capella_ros_service_interfaces/msg/person_distance.h
-- Symlinking: /home/ros2/git/mygit/capella_ros_dock/install/include/capella_ros_service_interfaces/capella_ros_service_interfaces/msg/rosidl_generator_c__visibility_control.h
-- Symlinking: /home/ros2/git/mygit/capella_ros_dock/install/include/capella_ros_service_interfaces/capella_ros_service_interfaces/srv/cartographer_mode.h
-- Symlinking: /home/ros2/git/mygit/capella_ros_dock/install/include/capella_ros_service_interfaces/capella_ros_service_interfaces/srv/detail/cartographer_mode__functions.h
-- Symlinking: /home/ros2/git/mygit/capella_ros_dock/install/include/capella_ros_service_interfaces/capella_ros_service_interfaces/srv/detail/cartographer_mode__struct.h
-- Symlinking: /home/ros2/git/mygit/capella_ros_dock/install/include/capella_ros_service_interfaces/capella_ros_service_interfaces/srv/detail/cartographer_mode__type_support.h
-- Symlinking: /home/ros2/git/mygit/capella_ros_dock/install/include/capella_ros_service_interfaces/capella_ros_service_interfaces/srv/detail/infrared_face_detection__functions.h
-- Symlinking: /home/ros2/git/mygit/capella_ros_dock/install/include/capella_ros_service_interfaces/capella_ros_service_interfaces/srv/detail/infrared_face_detection__struct.h
-- Symlinking: /home/ros2/git/mygit/capella_ros_dock/install/include/capella_ros_service_interfaces/capella_ros_service_interfaces/srv/detail/infrared_face_detection__type_support.h
-- Symlinking: /home/ros2/git/mygit/capella_ros_dock/install/include/capella_ros_service_interfaces/capella_ros_service_interfaces/srv/detail/nav_launch_mode__functions.h
-- Symlinking: /home/ros2/git/mygit/capella_ros_dock/install/include/capella_ros_service_interfaces/capella_ros_service_interfaces/srv/detail/nav_launch_mode__struct.h
-- Symlinking: /home/ros2/git/mygit/capella_ros_dock/install/include/capella_ros_service_interfaces/capella_ros_service_interfaces/srv/detail/nav_launch_mode__type_support.h
-- Symlinking: /home/ros2/git/mygit/capella_ros_dock/install/include/capella_ros_service_interfaces/capella_ros_service_interfaces/srv/detail/stop_nav_and_carto__functions.h
-- Symlinking: /home/ros2/git/mygit/capella_ros_dock/install/include/capella_ros_service_interfaces/capella_ros_service_interfaces/srv/detail/stop_nav_and_carto__struct.h
-- Symlinking: /home/ros2/git/mygit/capella_ros_dock/install/include/capella_ros_service_interfaces/capella_ros_service_interfaces/srv/detail/stop_nav_and_carto__type_support.h
-- Symlinking: /home/ros2/git/mygit/capella_ros_dock/install/include/capella_ros_service_interfaces/capella_ros_service_interfaces/srv/detail/switch_mode__functions.h
-- Symlinking: /home/ros2/git/mygit/capella_ros_dock/install/include/capella_ros_service_interfaces/capella_ros_service_interfaces/srv/detail/switch_mode__struct.h
-- Symlinking: /home/ros2/git/mygit/capella_ros_dock/install/include/capella_ros_service_interfaces/capella_ros_service_interfaces/srv/detail/switch_mode__type_support.h
-- Symlinking: /home/ros2/git/mygit/capella_ros_dock/install/include/capella_ros_service_interfaces/capella_ros_service_interfaces/srv/infrared_face_detection.h
-- Symlinking: /home/ros2/git/mygit/capella_ros_dock/install/include/capella_ros_service_interfaces/capella_ros_service_interfaces/srv/nav_launch_mode.h
-- Symlinking: /home/ros2/git/mygit/capella_ros_dock/install/include/capella_ros_service_interfaces/capella_ros_service_interfaces/srv/stop_nav_and_carto.h
-- Symlinking: /home/ros2/git/mygit/capella_ros_dock/install/include/capella_ros_service_interfaces/capella_ros_service_interfaces/srv/switch_mode.h
-- Symlinking: /home/ros2/git/mygit/capella_ros_dock/install/share/capella_ros_service_interfaces/environment/library_path.sh
-- Symlinking: /home/ros2/git/mygit/capella_ros_dock/install/share/capella_ros_service_interfaces/environment/library_path.dsv
-- Symlinking: /home/ros2/git/mygit/capella_ros_dock/install/include/capella_ros_service_interfaces/capella_ros_service_interfaces/msg/detail/charge_marker_visible__rosidl_typesupport_fastrtps_c.h
-- Symlinking: /home/ros2/git/mygit/capella_ros_dock/install/include/capella_ros_service_interfaces/capella_ros_service_interfaces/msg/detail/charge_state__rosidl_typesupport_fastrtps_c.h
-- Symlinking: /home/ros2/git/mygit/capella_ros_dock/install/include/capella_ros_service_interfaces/capella_ros_service_interfaces/msg/detail/compressed_occupancy_grid__rosidl_typesupport_fastrtps_c.h
-- Symlinking: /home/ros2/git/mygit/capella_ros_dock/install/include/capella_ros_service_interfaces/capella_ros_service_interfaces/msg/detail/irdetection_status__rosidl_typesupport_fastrtps_c.h
-- Symlinking: /home/ros2/git/mygit/capella_ros_dock/install/include/capella_ros_service_interfaces/capella_ros_service_interfaces/msg/detail/irimage_data__rosidl_typesupport_fastrtps_c.h
-- Symlinking: /home/ros2/git/mygit/capella_ros_dock/install/include/capella_ros_service_interfaces/capella_ros_service_interfaces/msg/detail/irsdk_data__rosidl_typesupport_fastrtps_c.h
-- Symlinking: /home/ros2/git/mygit/capella_ros_dock/install/include/capella_ros_service_interfaces/capella_ros_service_interfaces/msg/detail/irtemperature_data__rosidl_typesupport_fastrtps_c.h
-- Symlinking: /home/ros2/git/mygit/capella_ros_dock/install/include/capella_ros_service_interfaces/capella_ros_service_interfaces/msg/detail/mission_status__rosidl_typesupport_fastrtps_c.h
-- Symlinking: /home/ros2/git/mygit/capella_ros_dock/install/include/capella_ros_service_interfaces/capella_ros_service_interfaces/msg/detail/person_distance__rosidl_typesupport_fastrtps_c.h
-- Symlinking: /home/ros2/git/mygit/capella_ros_dock/install/include/capella_ros_service_interfaces/capella_ros_service_interfaces/msg/rosidl_typesupport_fastrtps_c__visibility_control.h
-- Symlinking: /home/ros2/git/mygit/capella_ros_dock/install/include/capella_ros_service_interfaces/capella_ros_service_interfaces/srv/detail/cartographer_mode__rosidl_typesupport_fastrtps_c.h
-- Symlinking: /home/ros2/git/mygit/capella_ros_dock/install/include/capella_ros_service_interfaces/capella_ros_service_interfaces/srv/detail/infrared_face_detection__rosidl_typesupport_fastrtps_c.h
-- Symlinking: /home/ros2/git/mygit/capella_ros_dock/install/include/capella_ros_service_interfaces/capella_ros_service_interfaces/srv/detail/nav_launch_mode__rosidl_typesupport_fastrtps_c.h
-- Symlinking: /home/ros2/git/mygit/capella_ros_dock/install/include/capella_ros_service_interfaces/capella_ros_service_interfaces/srv/detail/stop_nav_and_carto__rosidl_typesupport_fastrtps_c.h
-- Symlinking: /home/ros2/git/mygit/capella_ros_dock/install/include/capella_ros_service_interfaces/capella_ros_service_interfaces/srv/detail/switch_mode__rosidl_typesupport_fastrtps_c.h
-- Symlinking: /home/ros2/git/mygit/capella_ros_dock/install/include/capella_ros_service_interfaces/capella_ros_service_interfaces/msg/detail/charge_marker_visible__rosidl_typesupport_introspection_c.h
-- Symlinking: /home/ros2/git/mygit/capella_ros_dock/install/include/capella_ros_service_interfaces/capella_ros_service_interfaces/msg/detail/charge_state__rosidl_typesupport_introspection_c.h
-- Symlinking: /home/ros2/git/mygit/capella_ros_dock/install/include/capella_ros_service_interfaces/capella_ros_service_interfaces/msg/detail/compressed_occupancy_grid__rosidl_typesupport_introspection_c.h
-- Symlinking: /home/ros2/git/mygit/capella_ros_dock/install/include/capella_ros_service_interfaces/capella_ros_service_interfaces/msg/detail/irdetection_status__rosidl_typesupport_introspection_c.h
-- Symlinking: /home/ros2/git/mygit/capella_ros_dock/install/include/capella_ros_service_interfaces/capella_ros_service_interfaces/msg/detail/irimage_data__rosidl_typesupport_introspection_c.h
-- Symlinking: /home/ros2/git/mygit/capella_ros_dock/install/include/capella_ros_service_interfaces/capella_ros_service_interfaces/msg/detail/irsdk_data__rosidl_typesupport_introspection_c.h
-- Symlinking: /home/ros2/git/mygit/capella_ros_dock/install/include/capella_ros_service_interfaces/capella_ros_service_interfaces/msg/detail/irtemperature_data__rosidl_typesupport_introspection_c.h
-- Symlinking: /home/ros2/git/mygit/capella_ros_dock/install/include/capella_ros_service_interfaces/capella_ros_service_interfaces/msg/detail/mission_status__rosidl_typesupport_introspection_c.h
-- Symlinking: /home/ros2/git/mygit/capella_ros_dock/install/include/capella_ros_service_interfaces/capella_ros_service_interfaces/msg/detail/person_distance__rosidl_typesupport_introspection_c.h
-- Symlinking: /home/ros2/git/mygit/capella_ros_dock/install/include/capella_ros_service_interfaces/capella_ros_service_interfaces/msg/rosidl_typesupport_introspection_c__visibility_control.h
-- Symlinking: /home/ros2/git/mygit/capella_ros_dock/install/include/capella_ros_service_interfaces/capella_ros_service_interfaces/srv/detail/cartographer_mode__rosidl_typesupport_introspection_c.h
-- Symlinking: /home/ros2/git/mygit/capella_ros_dock/install/include/capella_ros_service_interfaces/capella_ros_service_interfaces/srv/detail/infrared_face_detection__rosidl_typesupport_introspection_c.h
-- Symlinking: /home/ros2/git/mygit/capella_ros_dock/install/include/capella_ros_service_interfaces/capella_ros_service_interfaces/srv/detail/nav_launch_mode__rosidl_typesupport_introspection_c.h
-- Symlinking: /home/ros2/git/mygit/capella_ros_dock/install/include/capella_ros_service_interfaces/capella_ros_service_interfaces/srv/detail/stop_nav_and_carto__rosidl_typesupport_introspection_c.h
-- Symlinking: /home/ros2/git/mygit/capella_ros_dock/install/include/capella_ros_service_interfaces/capella_ros_service_interfaces/srv/detail/switch_mode__rosidl_typesupport_introspection_c.h
-- Symlinking: /home/ros2/git/mygit/capella_ros_dock/install/include/capella_ros_service_interfaces/capella_ros_service_interfaces/msg/charge_marker_visible.hpp
-- Symlinking: /home/ros2/git/mygit/capella_ros_dock/install/include/capella_ros_service_interfaces/capella_ros_service_interfaces/msg/charge_state.hpp
-- Symlinking: /home/ros2/git/mygit/capella_ros_dock/install/include/capella_ros_service_interfaces/capella_ros_service_interfaces/msg/compressed_occupancy_grid.hpp
-- Symlinking: /home/ros2/git/mygit/capella_ros_dock/install/include/capella_ros_service_interfaces/capella_ros_service_interfaces/msg/detail/charge_marker_visible__builder.hpp
-- Symlinking: /home/ros2/git/mygit/capella_ros_dock/install/include/capella_ros_service_interfaces/capella_ros_service_interfaces/msg/detail/charge_marker_visible__struct.hpp
-- Symlinking: /home/ros2/git/mygit/capella_ros_dock/install/include/capella_ros_service_interfaces/capella_ros_service_interfaces/msg/detail/charge_marker_visible__traits.hpp
-- Symlinking: /home/ros2/git/mygit/capella_ros_dock/install/include/capella_ros_service_interfaces/capella_ros_service_interfaces/msg/detail/charge_state__builder.hpp
-- Symlinking: /home/ros2/git/mygit/capella_ros_dock/install/include/capella_ros_service_interfaces/capella_ros_service_interfaces/msg/detail/charge_state__struct.hpp
-- Symlinking: /home/ros2/git/mygit/capella_ros_dock/install/include/capella_ros_service_interfaces/capella_ros_service_interfaces/msg/detail/charge_state__traits.hpp
-- Symlinking: /home/ros2/git/mygit/capella_ros_dock/install/include/capella_ros_service_interfaces/capella_ros_service_interfaces/msg/detail/compressed_occupancy_grid__builder.hpp
-- Symlinking: /home/ros2/git/mygit/capella_ros_dock/install/include/capella_ros_service_interfaces/capella_ros_service_interfaces/msg/detail/compressed_occupancy_grid__struct.hpp
-- Symlinking: /home/ros2/git/mygit/capella_ros_dock/install/include/capella_ros_service_interfaces/capella_ros_service_interfaces/msg/detail/compressed_occupancy_grid__traits.hpp
-- Symlinking: /home/ros2/git/mygit/capella_ros_dock/install/include/capella_ros_service_interfaces/capella_ros_service_interfaces/msg/detail/irdetection_status__builder.hpp
-- Symlinking: /home/ros2/git/mygit/capella_ros_dock/install/include/capella_ros_service_interfaces/capella_ros_service_interfaces/msg/detail/irdetection_status__struct.hpp
-- Symlinking: /home/ros2/git/mygit/capella_ros_dock/install/include/capella_ros_service_interfaces/capella_ros_service_interfaces/msg/detail/irdetection_status__traits.hpp
-- Symlinking: /home/ros2/git/mygit/capella_ros_dock/install/include/capella_ros_service_interfaces/capella_ros_service_interfaces/msg/detail/irimage_data__builder.hpp
-- Symlinking: /home/ros2/git/mygit/capella_ros_dock/install/include/capella_ros_service_interfaces/capella_ros_service_interfaces/msg/detail/irimage_data__struct.hpp
-- Symlinking: /home/ros2/git/mygit/capella_ros_dock/install/include/capella_ros_service_interfaces/capella_ros_service_interfaces/msg/detail/irimage_data__traits.hpp
-- Symlinking: /home/ros2/git/mygit/capella_ros_dock/install/include/capella_ros_service_interfaces/capella_ros_service_interfaces/msg/detail/irsdk_data__builder.hpp
-- Symlinking: /home/ros2/git/mygit/capella_ros_dock/install/include/capella_ros_service_interfaces/capella_ros_service_interfaces/msg/detail/irsdk_data__struct.hpp
-- Symlinking: /home/ros2/git/mygit/capella_ros_dock/install/include/capella_ros_service_interfaces/capella_ros_service_interfaces/msg/detail/irsdk_data__traits.hpp
-- Symlinking: /home/ros2/git/mygit/capella_ros_dock/install/include/capella_ros_service_interfaces/capella_ros_service_interfaces/msg/detail/irtemperature_data__builder.hpp
-- Symlinking: /home/ros2/git/mygit/capella_ros_dock/install/include/capella_ros_service_interfaces/capella_ros_service_interfaces/msg/detail/irtemperature_data__struct.hpp
-- Symlinking: /home/ros2/git/mygit/capella_ros_dock/install/include/capella_ros_service_interfaces/capella_ros_service_interfaces/msg/detail/irtemperature_data__traits.hpp
-- Symlinking: /home/ros2/git/mygit/capella_ros_dock/install/include/capella_ros_service_interfaces/capella_ros_service_interfaces/msg/detail/mission_status__builder.hpp
-- Symlinking: /home/ros2/git/mygit/capella_ros_dock/install/include/capella_ros_service_interfaces/capella_ros_service_interfaces/msg/detail/mission_status__struct.hpp
-- Symlinking: /home/ros2/git/mygit/capella_ros_dock/install/include/capella_ros_service_interfaces/capella_ros_service_interfaces/msg/detail/mission_status__traits.hpp
-- Symlinking: /home/ros2/git/mygit/capella_ros_dock/install/include/capella_ros_service_interfaces/capella_ros_service_interfaces/msg/detail/person_distance__builder.hpp
-- Symlinking: /home/ros2/git/mygit/capella_ros_dock/install/include/capella_ros_service_interfaces/capella_ros_service_interfaces/msg/detail/person_distance__struct.hpp
-- Symlinking: /home/ros2/git/mygit/capella_ros_dock/install/include/capella_ros_service_interfaces/capella_ros_service_interfaces/msg/detail/person_distance__traits.hpp
-- Symlinking: /home/ros2/git/mygit/capella_ros_dock/install/include/capella_ros_service_interfaces/capella_ros_service_interfaces/msg/irdetection_status.hpp
-- Symlinking: /home/ros2/git/mygit/capella_ros_dock/install/include/capella_ros_service_interfaces/capella_ros_service_interfaces/msg/irimage_data.hpp
-- Symlinking: /home/ros2/git/mygit/capella_ros_dock/install/include/capella_ros_service_interfaces/capella_ros_service_interfaces/msg/irsdk_data.hpp
-- Symlinking: /home/ros2/git/mygit/capella_ros_dock/install/include/capella_ros_service_interfaces/capella_ros_service_interfaces/msg/irtemperature_data.hpp
-- Symlinking: /home/ros2/git/mygit/capella_ros_dock/install/include/capella_ros_service_interfaces/capella_ros_service_interfaces/msg/mission_status.hpp
-- Symlinking: /home/ros2/git/mygit/capella_ros_dock/install/include/capella_ros_service_interfaces/capella_ros_service_interfaces/msg/person_distance.hpp
-- Symlinking: /home/ros2/git/mygit/capella_ros_dock/install/include/capella_ros_service_interfaces/capella_ros_service_interfaces/srv/cartographer_mode.hpp
-- Symlinking: /home/ros2/git/mygit/capella_ros_dock/install/include/capella_ros_service_interfaces/capella_ros_service_interfaces/srv/detail/cartographer_mode__builder.hpp
-- Symlinking: /home/ros2/git/mygit/capella_ros_dock/install/include/capella_ros_service_interfaces/capella_ros_service_interfaces/srv/detail/cartographer_mode__struct.hpp
-- Symlinking: /home/ros2/git/mygit/capella_ros_dock/install/include/capella_ros_service_interfaces/capella_ros_service_interfaces/srv/detail/cartographer_mode__traits.hpp
-- Symlinking: /home/ros2/git/mygit/capella_ros_dock/install/include/capella_ros_service_interfaces/capella_ros_service_interfaces/srv/detail/infrared_face_detection__builder.hpp
-- Symlinking: /home/ros2/git/mygit/capella_ros_dock/install/include/capella_ros_service_interfaces/capella_ros_service_interfaces/srv/detail/infrared_face_detection__struct.hpp
-- Symlinking: /home/ros2/git/mygit/capella_ros_dock/install/include/capella_ros_service_interfaces/capella_ros_service_interfaces/srv/detail/infrared_face_detection__traits.hpp
-- Symlinking: /home/ros2/git/mygit/capella_ros_dock/install/include/capella_ros_service_interfaces/capella_ros_service_interfaces/srv/detail/nav_launch_mode__builder.hpp
-- Symlinking: /home/ros2/git/mygit/capella_ros_dock/install/include/capella_ros_service_interfaces/capella_ros_service_interfaces/srv/detail/nav_launch_mode__struct.hpp
-- Symlinking: /home/ros2/git/mygit/capella_ros_dock/install/include/capella_ros_service_interfaces/capella_ros_service_interfaces/srv/detail/nav_launch_mode__traits.hpp
-- Symlinking: /home/ros2/git/mygit/capella_ros_dock/install/include/capella_ros_service_interfaces/capella_ros_service_interfaces/srv/detail/stop_nav_and_carto__builder.hpp
-- Symlinking: /home/ros2/git/mygit/capella_ros_dock/install/include/capella_ros_service_interfaces/capella_ros_service_interfaces/srv/detail/stop_nav_and_carto__struct.hpp
-- Symlinking: /home/ros2/git/mygit/capella_ros_dock/install/include/capella_ros_service_interfaces/capella_ros_service_interfaces/srv/detail/stop_nav_and_carto__traits.hpp
-- Symlinking: /home/ros2/git/mygit/capella_ros_dock/install/include/capella_ros_service_interfaces/capella_ros_service_interfaces/srv/detail/switch_mode__builder.hpp
-- Symlinking: /home/ros2/git/mygit/capella_ros_dock/install/include/capella_ros_service_interfaces/capella_ros_service_interfaces/srv/detail/switch_mode__struct.hpp
-- Symlinking: /home/ros2/git/mygit/capella_ros_dock/install/include/capella_ros_service_interfaces/capella_ros_service_interfaces/srv/detail/switch_mode__traits.hpp
-- Symlinking: /home/ros2/git/mygit/capella_ros_dock/install/include/capella_ros_service_interfaces/capella_ros_service_interfaces/srv/infrared_face_detection.hpp
-- Symlinking: /home/ros2/git/mygit/capella_ros_dock/install/include/capella_ros_service_interfaces/capella_ros_service_interfaces/srv/nav_launch_mode.hpp
-- Symlinking: /home/ros2/git/mygit/capella_ros_dock/install/include/capella_ros_service_interfaces/capella_ros_service_interfaces/srv/stop_nav_and_carto.hpp
-- Symlinking: /home/ros2/git/mygit/capella_ros_dock/install/include/capella_ros_service_interfaces/capella_ros_service_interfaces/srv/switch_mode.hpp
-- Symlinking: /home/ros2/git/mygit/capella_ros_dock/install/include/capella_ros_service_interfaces/capella_ros_service_interfaces/msg/detail/charge_marker_visible__rosidl_typesupport_fastrtps_cpp.hpp
-- Symlinking: /home/ros2/git/mygit/capella_ros_dock/install/include/capella_ros_service_interfaces/capella_ros_service_interfaces/msg/detail/charge_state__rosidl_typesupport_fastrtps_cpp.hpp
-- Symlinking: /home/ros2/git/mygit/capella_ros_dock/install/include/capella_ros_service_interfaces/capella_ros_service_interfaces/msg/detail/compressed_occupancy_grid__rosidl_typesupport_fastrtps_cpp.hpp
-- Symlinking: /home/ros2/git/mygit/capella_ros_dock/install/include/capella_ros_service_interfaces/capella_ros_service_interfaces/msg/detail/irdetection_status__rosidl_typesupport_fastrtps_cpp.hpp
-- Symlinking: /home/ros2/git/mygit/capella_ros_dock/install/include/capella_ros_service_interfaces/capella_ros_service_interfaces/msg/detail/irimage_data__rosidl_typesupport_fastrtps_cpp.hpp
-- Symlinking: /home/ros2/git/mygit/capella_ros_dock/install/include/capella_ros_service_interfaces/capella_ros_service_interfaces/msg/detail/irsdk_data__rosidl_typesupport_fastrtps_cpp.hpp
-- Symlinking: /home/ros2/git/mygit/capella_ros_dock/install/include/capella_ros_service_interfaces/capella_ros_service_interfaces/msg/detail/irtemperature_data__rosidl_typesupport_fastrtps_cpp.hpp
-- Symlinking: /home/ros2/git/mygit/capella_ros_dock/install/include/capella_ros_service_interfaces/capella_ros_service_interfaces/msg/detail/mission_status__rosidl_typesupport_fastrtps_cpp.hpp
-- Symlinking: /home/ros2/git/mygit/capella_ros_dock/install/include/capella_ros_service_interfaces/capella_ros_service_interfaces/msg/detail/person_distance__rosidl_typesupport_fastrtps_cpp.hpp
-- Symlinking: /home/ros2/git/mygit/capella_ros_dock/install/include/capella_ros_service_interfaces/capella_ros_service_interfaces/msg/rosidl_typesupport_fastrtps_cpp__visibility_control.h
-- Symlinking: /home/ros2/git/mygit/capella_ros_dock/install/include/capella_ros_service_interfaces/capella_ros_service_interfaces/srv/detail/cartographer_mode__rosidl_typesupport_fastrtps_cpp.hpp
-- Symlinking: /home/ros2/git/mygit/capella_ros_dock/install/include/capella_ros_service_interfaces/capella_ros_service_interfaces/srv/detail/infrared_face_detection__rosidl_typesupport_fastrtps_cpp.hpp
-- Symlinking: /home/ros2/git/mygit/capella_ros_dock/install/include/capella_ros_service_interfaces/capella_ros_service_interfaces/srv/detail/nav_launch_mode__rosidl_typesupport_fastrtps_cpp.hpp
-- Symlinking: /home/ros2/git/mygit/capella_ros_dock/install/include/capella_ros_service_interfaces/capella_ros_service_interfaces/srv/detail/stop_nav_and_carto__rosidl_typesupport_fastrtps_cpp.hpp
-- Symlinking: /home/ros2/git/mygit/capella_ros_dock/install/include/capella_ros_service_interfaces/capella_ros_service_interfaces/srv/detail/switch_mode__rosidl_typesupport_fastrtps_cpp.hpp
-- Symlinking: /home/ros2/git/mygit/capella_ros_dock/install/include/capella_ros_service_interfaces/capella_ros_service_interfaces/msg/detail/charge_marker_visible__rosidl_typesupport_introspection_cpp.hpp
-- Symlinking: /home/ros2/git/mygit/capella_ros_dock/install/include/capella_ros_service_interfaces/capella_ros_service_interfaces/msg/detail/charge_state__rosidl_typesupport_introspection_cpp.hpp
-- Symlinking: /home/ros2/git/mygit/capella_ros_dock/install/include/capella_ros_service_interfaces/capella_ros_service_interfaces/msg/detail/compressed_occupancy_grid__rosidl_typesupport_introspection_cpp.hpp
-- Symlinking: /home/ros2/git/mygit/capella_ros_dock/install/include/capella_ros_service_interfaces/capella_ros_service_interfaces/msg/detail/irdetection_status__rosidl_typesupport_introspection_cpp.hpp
-- Symlinking: /home/ros2/git/mygit/capella_ros_dock/install/include/capella_ros_service_interfaces/capella_ros_service_interfaces/msg/detail/irimage_data__rosidl_typesupport_introspection_cpp.hpp
-- Symlinking: /home/ros2/git/mygit/capella_ros_dock/install/include/capella_ros_service_interfaces/capella_ros_service_interfaces/msg/detail/irsdk_data__rosidl_typesupport_introspection_cpp.hpp
-- Symlinking: /home/ros2/git/mygit/capella_ros_dock/install/include/capella_ros_service_interfaces/capella_ros_service_interfaces/msg/detail/irtemperature_data__rosidl_typesupport_introspection_cpp.hpp
-- Symlinking: /home/ros2/git/mygit/capella_ros_dock/install/include/capella_ros_service_interfaces/capella_ros_service_interfaces/msg/detail/mission_status__rosidl_typesupport_introspection_cpp.hpp
-- Symlinking: /home/ros2/git/mygit/capella_ros_dock/install/include/capella_ros_service_interfaces/capella_ros_service_interfaces/msg/detail/person_distance__rosidl_typesupport_introspection_cpp.hpp
-- Symlinking: /home/ros2/git/mygit/capella_ros_dock/install/include/capella_ros_service_interfaces/capella_ros_service_interfaces/srv/detail/cartographer_mode__rosidl_typesupport_introspection_cpp.hpp
-- Symlinking: /home/ros2/git/mygit/capella_ros_dock/install/include/capella_ros_service_interfaces/capella_ros_service_interfaces/srv/detail/infrared_face_detection__rosidl_typesupport_introspection_cpp.hpp
-- Symlinking: /home/ros2/git/mygit/capella_ros_dock/install/include/capella_ros_service_interfaces/capella_ros_service_interfaces/srv/detail/nav_launch_mode__rosidl_typesupport_introspection_cpp.hpp
-- Symlinking: /home/ros2/git/mygit/capella_ros_dock/install/include/capella_ros_service_interfaces/capella_ros_service_interfaces/srv/detail/stop_nav_and_carto__rosidl_typesupport_introspection_cpp.hpp
-- Symlinking: /home/ros2/git/mygit/capella_ros_dock/install/include/capella_ros_service_interfaces/capella_ros_service_interfaces/srv/detail/switch_mode__rosidl_typesupport_introspection_cpp.hpp
-- Symlinking: /home/ros2/git/mygit/capella_ros_dock/install/share/capella_ros_service_interfaces/environment/pythonpath.sh
-- Symlinking: /home/ros2/git/mygit/capella_ros_dock/install/share/capella_ros_service_interfaces/environment/pythonpath.dsv
-- Symlinking: /home/ros2/git/mygit/capella_ros_dock/install/local/lib/python3.10/dist-packages/capella_ros_service_interfaces-0.0.0-py3.10.egg-info/PKG-INFO
-- Symlinking: /home/ros2/git/mygit/capella_ros_dock/install/local/lib/python3.10/dist-packages/capella_ros_service_interfaces-0.0.0-py3.10.egg-info/SOURCES.txt
-- Symlinking: /home/ros2/git/mygit/capella_ros_dock/install/local/lib/python3.10/dist-packages/capella_ros_service_interfaces-0.0.0-py3.10.egg-info/dependency_links.txt
-- Symlinking: /home/ros2/git/mygit/capella_ros_dock/install/local/lib/python3.10/dist-packages/capella_ros_service_interfaces-0.0.0-py3.10.egg-info/top_level.txt
-- Symlinking: /home/ros2/git/mygit/capella_ros_dock/install/local/lib/python3.10/dist-packages/capella_ros_service_interfaces/__init__.py
-- Symlinking: /home/ros2/git/mygit/capella_ros_dock/install/local/lib/python3.10/dist-packages/capella_ros_service_interfaces/_capella_ros_service_interfaces_s.ep.rosidl_typesupport_c.c
-- Symlinking: /home/ros2/git/mygit/capella_ros_dock/install/local/lib/python3.10/dist-packages/capella_ros_service_interfaces/_capella_ros_service_interfaces_s.ep.rosidl_typesupport_fastrtps_c.c
-- Symlinking: /home/ros2/git/mygit/capella_ros_dock/install/local/lib/python3.10/dist-packages/capella_ros_service_interfaces/_capella_ros_service_interfaces_s.ep.rosidl_typesupport_introspection_c.c
-- Symlinking: /home/ros2/git/mygit/capella_ros_dock/install/local/lib/python3.10/dist-packages/capella_ros_service_interfaces/capella_ros_service_interfaces_s__rosidl_typesupport_c.cpython-310-x86_64-linux-gnu.so
-- Symlinking: /home/ros2/git/mygit/capella_ros_dock/install/local/lib/python3.10/dist-packages/capella_ros_service_interfaces/capella_ros_service_interfaces_s__rosidl_typesupport_fastrtps_c.cpython-310-x86_64-linux-gnu.so
-- Symlinking: /home/ros2/git/mygit/capella_ros_dock/install/local/lib/python3.10/dist-packages/capella_ros_service_interfaces/capella_ros_service_interfaces_s__rosidl_typesupport_introspection_c.cpython-310-x86_64-linux-gnu.so
-- Symlinking: /home/ros2/git/mygit/capella_ros_dock/install/local/lib/python3.10/dist-packages/capella_ros_service_interfaces/libcapella_ros_service_interfaces__rosidl_generator_py.so
-- Symlinking: /home/ros2/git/mygit/capella_ros_dock/install/local/lib/python3.10/dist-packages/capella_ros_service_interfaces/msg/__init__.py
-- Symlinking: /home/ros2/git/mygit/capella_ros_dock/install/local/lib/python3.10/dist-packages/capella_ros_service_interfaces/msg/_charge_marker_visible.py
-- Symlinking: /home/ros2/git/mygit/capella_ros_dock/install/local/lib/python3.10/dist-packages/capella_ros_service_interfaces/msg/_charge_marker_visible_s.c
-- Symlinking: /home/ros2/git/mygit/capella_ros_dock/install/local/lib/python3.10/dist-packages/capella_ros_service_interfaces/msg/_charge_state.py
-- Symlinking: /home/ros2/git/mygit/capella_ros_dock/install/local/lib/python3.10/dist-packages/capella_ros_service_interfaces/msg/_charge_state_s.c
-- Symlinking: /home/ros2/git/mygit/capella_ros_dock/install/local/lib/python3.10/dist-packages/capella_ros_service_interfaces/msg/_compressed_occupancy_grid.py
-- Symlinking: /home/ros2/git/mygit/capella_ros_dock/install/local/lib/python3.10/dist-packages/capella_ros_service_interfaces/msg/_compressed_occupancy_grid_s.c
-- Symlinking: /home/ros2/git/mygit/capella_ros_dock/install/local/lib/python3.10/dist-packages/capella_ros_service_interfaces/msg/_irdetection_status.py
-- Symlinking: /home/ros2/git/mygit/capella_ros_dock/install/local/lib/python3.10/dist-packages/capella_ros_service_interfaces/msg/_irdetection_status_s.c
-- Symlinking: /home/ros2/git/mygit/capella_ros_dock/install/local/lib/python3.10/dist-packages/capella_ros_service_interfaces/msg/_irimage_data.py
-- Symlinking: /home/ros2/git/mygit/capella_ros_dock/install/local/lib/python3.10/dist-packages/capella_ros_service_interfaces/msg/_irimage_data_s.c
-- Symlinking: /home/ros2/git/mygit/capella_ros_dock/install/local/lib/python3.10/dist-packages/capella_ros_service_interfaces/msg/_irsdk_data.py
-- Symlinking: /home/ros2/git/mygit/capella_ros_dock/install/local/lib/python3.10/dist-packages/capella_ros_service_interfaces/msg/_irsdk_data_s.c
-- Symlinking: /home/ros2/git/mygit/capella_ros_dock/install/local/lib/python3.10/dist-packages/capella_ros_service_interfaces/msg/_irtemperature_data.py
-- Symlinking: /home/ros2/git/mygit/capella_ros_dock/install/local/lib/python3.10/dist-packages/capella_ros_service_interfaces/msg/_irtemperature_data_s.c
-- Symlinking: /home/ros2/git/mygit/capella_ros_dock/install/local/lib/python3.10/dist-packages/capella_ros_service_interfaces/msg/_mission_status.py
-- Symlinking: /home/ros2/git/mygit/capella_ros_dock/install/local/lib/python3.10/dist-packages/capella_ros_service_interfaces/msg/_mission_status_s.c
-- Symlinking: /home/ros2/git/mygit/capella_ros_dock/install/local/lib/python3.10/dist-packages/capella_ros_service_interfaces/msg/_person_distance.py
-- Symlinking: /home/ros2/git/mygit/capella_ros_dock/install/local/lib/python3.10/dist-packages/capella_ros_service_interfaces/msg/_person_distance_s.c
-- Symlinking: /home/ros2/git/mygit/capella_ros_dock/install/local/lib/python3.10/dist-packages/capella_ros_service_interfaces/srv/__init__.py
-- Symlinking: /home/ros2/git/mygit/capella_ros_dock/install/local/lib/python3.10/dist-packages/capella_ros_service_interfaces/srv/_cartographer_mode.py
-- Symlinking: /home/ros2/git/mygit/capella_ros_dock/install/local/lib/python3.10/dist-packages/capella_ros_service_interfaces/srv/_cartographer_mode_s.c
-- Symlinking: /home/ros2/git/mygit/capella_ros_dock/install/local/lib/python3.10/dist-packages/capella_ros_service_interfaces/srv/_infrared_face_detection.py
-- Symlinking: /home/ros2/git/mygit/capella_ros_dock/install/local/lib/python3.10/dist-packages/capella_ros_service_interfaces/srv/_infrared_face_detection_s.c
-- Symlinking: /home/ros2/git/mygit/capella_ros_dock/install/local/lib/python3.10/dist-packages/capella_ros_service_interfaces/srv/_nav_launch_mode.py
-- Symlinking: /home/ros2/git/mygit/capella_ros_dock/install/local/lib/python3.10/dist-packages/capella_ros_service_interfaces/srv/_nav_launch_mode_s.c
-- Symlinking: /home/ros2/git/mygit/capella_ros_dock/install/local/lib/python3.10/dist-packages/capella_ros_service_interfaces/srv/_stop_nav_and_carto.py
-- Symlinking: /home/ros2/git/mygit/capella_ros_dock/install/local/lib/python3.10/dist-packages/capella_ros_service_interfaces/srv/_stop_nav_and_carto_s.c
-- Symlinking: /home/ros2/git/mygit/capella_ros_dock/install/local/lib/python3.10/dist-packages/capella_ros_service_interfaces/srv/_switch_mode.py
-- Symlinking: /home/ros2/git/mygit/capella_ros_dock/install/local/lib/python3.10/dist-packages/capella_ros_service_interfaces/srv/_switch_mode_s.c
-- Up-to-date symlink: /home/ros2/git/mygit/capella_ros_dock/install/local/lib/python3.10/dist-packages/capella_ros_service_interfaces/capella_ros_service_interfaces_s__rosidl_typesupport_fastrtps_c.cpython-310-x86_64-linux-gnu.so
-- Up-to-date symlink: /home/ros2/git/mygit/capella_ros_dock/install/local/lib/python3.10/dist-packages/capella_ros_service_interfaces/capella_ros_service_interfaces_s__rosidl_typesupport_introspection_c.cpython-310-x86_64-linux-gnu.so
-- Up-to-date symlink: /home/ros2/git/mygit/capella_ros_dock/install/local/lib/python3.10/dist-packages/capella_ros_service_interfaces/capella_ros_service_interfaces_s__rosidl_typesupport_c.cpython-310-x86_64-linux-gnu.so
-- Symlinking: /home/ros2/git/mygit/capella_ros_dock/install/share/capella_ros_service_interfaces/srv/SwitchMode.idl
-- Symlinking: /home/ros2/git/mygit/capella_ros_dock/install/share/capella_ros_service_interfaces/srv/CartographerMode.idl
-- Symlinking: /home/ros2/git/mygit/capella_ros_dock/install/share/capella_ros_service_interfaces/srv/NavLaunchMode.idl
-- Symlinking: /home/ros2/git/mygit/capella_ros_dock/install/share/capella_ros_service_interfaces/srv/StopNavAndCarto.idl
-- Symlinking: /home/ros2/git/mygit/capella_ros_dock/install/share/capella_ros_service_interfaces/msg/MissionStatus.idl
-- Symlinking: /home/ros2/git/mygit/capella_ros_dock/install/share/capella_ros_service_interfaces/msg/PersonDistance.idl
-- Symlinking: /home/ros2/git/mygit/capella_ros_dock/install/share/capella_ros_service_interfaces/msg/CompressedOccupancyGrid.idl
-- Symlinking: /home/ros2/git/mygit/capella_ros_dock/install/share/capella_ros_service_interfaces/msg/IrimageData.idl
-- Symlinking: /home/ros2/git/mygit/capella_ros_dock/install/share/capella_ros_service_interfaces/msg/IrtemperatureData.idl
-- Symlinking: /home/ros2/git/mygit/capella_ros_dock/install/share/capella_ros_service_interfaces/msg/IrsdkData.idl
-- Symlinking: /home/ros2/git/mygit/capella_ros_dock/install/share/capella_ros_service_interfaces/srv/InfraredFaceDetection.idl
-- Symlinking: /home/ros2/git/mygit/capella_ros_dock/install/share/capella_ros_service_interfaces/msg/ChargeState.idl
-- Symlinking: /home/ros2/git/mygit/capella_ros_dock/install/share/capella_ros_service_interfaces/msg/IrdetectionStatus.idl
-- Symlinking: /home/ros2/git/mygit/capella_ros_dock/install/share/capella_ros_service_interfaces/msg/ChargeMarkerVisible.idl
-- Symlinking: /home/ros2/git/mygit/capella_ros_dock/install/share/capella_ros_service_interfaces/srv/SwitchMode.srv
-- Symlinking: /home/ros2/git/mygit/capella_ros_dock/install/share/capella_ros_service_interfaces/srv/SwitchMode_Request.msg
-- Symlinking: /home/ros2/git/mygit/capella_ros_dock/install/share/capella_ros_service_interfaces/srv/SwitchMode_Response.msg
-- Symlinking: /home/ros2/git/mygit/capella_ros_dock/install/share/capella_ros_service_interfaces/srv/CartographerMode.srv
-- Symlinking: /home/ros2/git/mygit/capella_ros_dock/install/share/capella_ros_service_interfaces/srv/CartographerMode_Request.msg
-- Symlinking: /home/ros2/git/mygit/capella_ros_dock/install/share/capella_ros_service_interfaces/srv/CartographerMode_Response.msg
-- Symlinking: /home/ros2/git/mygit/capella_ros_dock/install/share/capella_ros_service_interfaces/srv/NavLaunchMode.srv
-- Symlinking: /home/ros2/git/mygit/capella_ros_dock/install/share/capella_ros_service_interfaces/srv/NavLaunchMode_Request.msg
-- Symlinking: /home/ros2/git/mygit/capella_ros_dock/install/share/capella_ros_service_interfaces/srv/NavLaunchMode_Response.msg
-- Symlinking: /home/ros2/git/mygit/capella_ros_dock/install/share/capella_ros_service_interfaces/srv/StopNavAndCarto.srv
-- Symlinking: /home/ros2/git/mygit/capella_ros_dock/install/share/capella_ros_service_interfaces/srv/StopNavAndCarto_Request.msg
-- Symlinking: /home/ros2/git/mygit/capella_ros_dock/install/share/capella_ros_service_interfaces/srv/StopNavAndCarto_Response.msg
-- Symlinking: /home/ros2/git/mygit/capella_ros_dock/install/share/capella_ros_service_interfaces/msg/MissionStatus.msg
-- Symlinking: /home/ros2/git/mygit/capella_ros_dock/install/share/capella_ros_service_interfaces/msg/PersonDistance.msg
-- Symlinking: /home/ros2/git/mygit/capella_ros_dock/install/share/capella_ros_service_interfaces/msg/CompressedOccupancyGrid.msg
-- Symlinking: /home/ros2/git/mygit/capella_ros_dock/install/share/capella_ros_service_interfaces/msg/IrimageData.msg
-- Symlinking: /home/ros2/git/mygit/capella_ros_dock/install/share/capella_ros_service_interfaces/msg/IrtemperatureData.msg
-- Symlinking: /home/ros2/git/mygit/capella_ros_dock/install/share/capella_ros_service_interfaces/msg/IrsdkData.msg
-- Symlinking: /home/ros2/git/mygit/capella_ros_dock/install/share/capella_ros_service_interfaces/srv/InfraredFaceDetection.srv
-- Symlinking: /home/ros2/git/mygit/capella_ros_dock/install/share/capella_ros_service_interfaces/srv/InfraredFaceDetection_Request.msg
-- Symlinking: /home/ros2/git/mygit/capella_ros_dock/install/share/capella_ros_service_interfaces/srv/InfraredFaceDetection_Response.msg
-- Symlinking: /home/ros2/git/mygit/capella_ros_dock/install/share/capella_ros_service_interfaces/msg/ChargeState.msg
-- Symlinking: /home/ros2/git/mygit/capella_ros_dock/install/share/capella_ros_service_interfaces/msg/IrdetectionStatus.msg
-- Symlinking: /home/ros2/git/mygit/capella_ros_dock/install/share/capella_ros_service_interfaces/msg/ChargeMarkerVisible.msg
-- Symlinking: /home/ros2/git/mygit/capella_ros_dock/install/share/ament_index/resource_index/package_run_dependencies/capella_ros_service_interfaces
-- Symlinking: /home/ros2/git/mygit/capella_ros_dock/install/share/ament_index/resource_index/parent_prefix_path/capella_ros_service_interfaces
-- Symlinking: /home/ros2/git/mygit/capella_ros_dock/install/share/capella_ros_service_interfaces/environment/ament_prefix_path.sh
-- Symlinking: /home/ros2/git/mygit/capella_ros_dock/install/share/capella_ros_service_interfaces/environment/ament_prefix_path.dsv
-- Symlinking: /home/ros2/git/mygit/capella_ros_dock/install/share/capella_ros_service_interfaces/environment/path.sh
-- Symlinking: /home/ros2/git/mygit/capella_ros_dock/install/share/capella_ros_service_interfaces/environment/path.dsv
-- Symlinking: /home/ros2/git/mygit/capella_ros_dock/install/share/capella_ros_service_interfaces/local_setup.bash
-- Symlinking: /home/ros2/git/mygit/capella_ros_dock/install/share/capella_ros_service_interfaces/local_setup.sh
-- Symlinking: /home/ros2/git/mygit/capella_ros_dock/install/share/capella_ros_service_interfaces/local_setup.zsh
-- Symlinking: /home/ros2/git/mygit/capella_ros_dock/install/share/capella_ros_service_interfaces/local_setup.dsv
-- Symlinking: /home/ros2/git/mygit/capella_ros_dock/install/share/capella_ros_service_interfaces/package.dsv
-- Symlinking: /home/ros2/git/mygit/capella_ros_dock/install/share/ament_index/resource_index/packages/capella_ros_service_interfaces
-- Symlinking: /home/ros2/git/mygit/capella_ros_dock/install/share/capella_ros_service_interfaces/cmake/rosidl_cmake-extras.cmake
-- Symlinking: /home/ros2/git/mygit/capella_ros_dock/install/share/capella_ros_service_interfaces/cmake/ament_cmake_export_dependencies-extras.cmake
-- Symlinking: /home/ros2/git/mygit/capella_ros_dock/install/share/capella_ros_service_interfaces/cmake/ament_cmake_export_include_directories-extras.cmake
-- Symlinking: /home/ros2/git/mygit/capella_ros_dock/install/share/capella_ros_service_interfaces/cmake/ament_cmake_export_libraries-extras.cmake
-- Symlinking: /home/ros2/git/mygit/capella_ros_dock/install/share/capella_ros_service_interfaces/cmake/ament_cmake_export_targets-extras.cmake
-- Symlinking: /home/ros2/git/mygit/capella_ros_dock/install/share/capella_ros_service_interfaces/cmake/rosidl_cmake_export_typesupport_targets-extras.cmake
-- Symlinking: /home/ros2/git/mygit/capella_ros_dock/install/share/capella_ros_service_interfaces/cmake/rosidl_cmake_export_typesupport_libraries-extras.cmake
-- Symlinking: /home/ros2/git/mygit/capella_ros_dock/install/share/capella_ros_service_interfaces/cmake/capella_ros_service_interfacesConfig.cmake
-- Symlinking: /home/ros2/git/mygit/capella_ros_dock/install/share/capella_ros_service_interfaces/cmake/capella_ros_service_interfacesConfig-version.cmake
-- Symlinking: /home/ros2/git/mygit/capella_ros_dock/install/share/capella_ros_service_interfaces/package.xml
-- Installing: /home/ros2/git/mygit/capella_ros_dock/install/lib/libcapella_ros_service_interfaces__rosidl_generator_c.so
-- Set runtime path of "/home/ros2/git/mygit/capella_ros_dock/install/lib/libcapella_ros_service_interfaces__rosidl_generator_c.so" to ""
-- Installing: /home/ros2/git/mygit/capella_ros_dock/install/lib/libcapella_ros_service_interfaces__rosidl_typesupport_fastrtps_c.so
-- Set runtime path of "/home/ros2/git/mygit/capella_ros_dock/install/lib/libcapella_ros_service_interfaces__rosidl_typesupport_fastrtps_c.so" to ""
-- Installing: /home/ros2/git/mygit/capella_ros_dock/install/lib/libcapella_ros_service_interfaces__rosidl_typesupport_introspection_c.so
-- Set runtime path of "/home/ros2/git/mygit/capella_ros_dock/install/lib/libcapella_ros_service_interfaces__rosidl_typesupport_introspection_c.so" to ""
-- Installing: /home/ros2/git/mygit/capella_ros_dock/install/lib/libcapella_ros_service_interfaces__rosidl_typesupport_c.so
-- Set runtime path of "/home/ros2/git/mygit/capella_ros_dock/install/lib/libcapella_ros_service_interfaces__rosidl_typesupport_c.so" to ""
-- Installing: /home/ros2/git/mygit/capella_ros_dock/install/lib/libcapella_ros_service_interfaces__rosidl_typesupport_fastrtps_cpp.so
-- Set runtime path of "/home/ros2/git/mygit/capella_ros_dock/install/lib/libcapella_ros_service_interfaces__rosidl_typesupport_fastrtps_cpp.so" to ""
-- Installing: /home/ros2/git/mygit/capella_ros_dock/install/lib/libcapella_ros_service_interfaces__rosidl_typesupport_introspection_cpp.so
-- Set runtime path of "/home/ros2/git/mygit/capella_ros_dock/install/lib/libcapella_ros_service_interfaces__rosidl_typesupport_introspection_cpp.so" to ""
-- Installing: /home/ros2/git/mygit/capella_ros_dock/install/lib/libcapella_ros_service_interfaces__rosidl_typesupport_cpp.so
-- Set runtime path of "/home/ros2/git/mygit/capella_ros_dock/install/lib/libcapella_ros_service_interfaces__rosidl_typesupport_cpp.so" to ""
Listing '/home/ros2/git/mygit/capella_ros_dock/install/local/lib/python3.10/dist-packages/capella_ros_service_interfaces'...
Compiling '/home/ros2/git/mygit/capella_ros_dock/install/local/lib/python3.10/dist-packages/capella_ros_service_interfaces/__init__.py'...
Listing '/home/ros2/git/mygit/capella_ros_dock/install/local/lib/python3.10/dist-packages/capella_ros_service_interfaces/msg'...
Compiling '/home/ros2/git/mygit/capella_ros_dock/install/local/lib/python3.10/dist-packages/capella_ros_service_interfaces/msg/__init__.py'...
Compiling '/home/ros2/git/mygit/capella_ros_dock/install/local/lib/python3.10/dist-packages/capella_ros_service_interfaces/msg/_charge_marker_visible.py'...
Compiling '/home/ros2/git/mygit/capella_ros_dock/install/local/lib/python3.10/dist-packages/capella_ros_service_interfaces/msg/_charge_state.py'...
Compiling '/home/ros2/git/mygit/capella_ros_dock/install/local/lib/python3.10/dist-packages/capella_ros_service_interfaces/msg/_compressed_occupancy_grid.py'...
Compiling '/home/ros2/git/mygit/capella_ros_dock/install/local/lib/python3.10/dist-packages/capella_ros_service_interfaces/msg/_irdetection_status.py'...
Compiling '/home/ros2/git/mygit/capella_ros_dock/install/local/lib/python3.10/dist-packages/capella_ros_service_interfaces/msg/_irimage_data.py'...
Compiling '/home/ros2/git/mygit/capella_ros_dock/install/local/lib/python3.10/dist-packages/capella_ros_service_interfaces/msg/_irsdk_data.py'...
Compiling '/home/ros2/git/mygit/capella_ros_dock/install/local/lib/python3.10/dist-packages/capella_ros_service_interfaces/msg/_irtemperature_data.py'...
Compiling '/home/ros2/git/mygit/capella_ros_dock/install/local/lib/python3.10/dist-packages/capella_ros_service_interfaces/msg/_mission_status.py'...
Compiling '/home/ros2/git/mygit/capella_ros_dock/install/local/lib/python3.10/dist-packages/capella_ros_service_interfaces/msg/_person_distance.py'...
Listing '/home/ros2/git/mygit/capella_ros_dock/install/local/lib/python3.10/dist-packages/capella_ros_service_interfaces/srv'...
Compiling '/home/ros2/git/mygit/capella_ros_dock/install/local/lib/python3.10/dist-packages/capella_ros_service_interfaces/srv/__init__.py'...
Compiling '/home/ros2/git/mygit/capella_ros_dock/install/local/lib/python3.10/dist-packages/capella_ros_service_interfaces/srv/_cartographer_mode.py'...
Compiling '/home/ros2/git/mygit/capella_ros_dock/install/local/lib/python3.10/dist-packages/capella_ros_service_interfaces/srv/_infrared_face_detection.py'...
Compiling '/home/ros2/git/mygit/capella_ros_dock/install/local/lib/python3.10/dist-packages/capella_ros_service_interfaces/srv/_nav_launch_mode.py'...
Compiling '/home/ros2/git/mygit/capella_ros_dock/install/local/lib/python3.10/dist-packages/capella_ros_service_interfaces/srv/_stop_nav_and_carto.py'...
Compiling '/home/ros2/git/mygit/capella_ros_dock/install/local/lib/python3.10/dist-packages/capella_ros_service_interfaces/srv/_switch_mode.py'...
-- Installing: /home/ros2/git/mygit/capella_ros_dock/install/lib/libcapella_ros_service_interfaces__rosidl_generator_py.so
-- Set runtime path of "/home/ros2/git/mygit/capella_ros_dock/install/lib/libcapella_ros_service_interfaces__rosidl_generator_py.so" to ""
-- Installing: /home/ros2/git/mygit/capella_ros_dock/install/share/capella_ros_service_interfaces/cmake/export_capella_ros_service_interfaces__rosidl_generator_cExport.cmake
-- Installing: /home/ros2/git/mygit/capella_ros_dock/install/share/capella_ros_service_interfaces/cmake/export_capella_ros_service_interfaces__rosidl_generator_cExport-relwithdebinfo.cmake
-- Installing: /home/ros2/git/mygit/capella_ros_dock/install/share/capella_ros_service_interfaces/cmake/export_capella_ros_service_interfaces__rosidl_typesupport_fastrtps_cExport.cmake
-- Installing: /home/ros2/git/mygit/capella_ros_dock/install/share/capella_ros_service_interfaces/cmake/export_capella_ros_service_interfaces__rosidl_typesupport_fastrtps_cExport-relwithdebinfo.cmake
-- Installing: /home/ros2/git/mygit/capella_ros_dock/install/share/capella_ros_service_interfaces/cmake/capella_ros_service_interfaces__rosidl_typesupport_introspection_cExport.cmake
-- Installing: /home/ros2/git/mygit/capella_ros_dock/install/share/capella_ros_service_interfaces/cmake/capella_ros_service_interfaces__rosidl_typesupport_introspection_cExport-relwithdebinfo.cmake
-- Installing: /home/ros2/git/mygit/capella_ros_dock/install/share/capella_ros_service_interfaces/cmake/capella_ros_service_interfaces__rosidl_typesupport_cExport.cmake
-- Installing: /home/ros2/git/mygit/capella_ros_dock/install/share/capella_ros_service_interfaces/cmake/capella_ros_service_interfaces__rosidl_typesupport_cExport-relwithdebinfo.cmake
-- Installing: /home/ros2/git/mygit/capella_ros_dock/install/share/capella_ros_service_interfaces/cmake/export_capella_ros_service_interfaces__rosidl_generator_cppExport.cmake
-- Installing: /home/ros2/git/mygit/capella_ros_dock/install/share/capella_ros_service_interfaces/cmake/export_capella_ros_service_interfaces__rosidl_typesupport_fastrtps_cppExport.cmake
-- Installing: /home/ros2/git/mygit/capella_ros_dock/install/share/capella_ros_service_interfaces/cmake/export_capella_ros_service_interfaces__rosidl_typesupport_fastrtps_cppExport-relwithdebinfo.cmake
-- Installing: /home/ros2/git/mygit/capella_ros_dock/install/share/capella_ros_service_interfaces/cmake/capella_ros_service_interfaces__rosidl_typesupport_introspection_cppExport.cmake
-- Installing: /home/ros2/git/mygit/capella_ros_dock/install/share/capella_ros_service_interfaces/cmake/capella_ros_service_interfaces__rosidl_typesupport_introspection_cppExport-relwithdebinfo.cmake
-- Installing: /home/ros2/git/mygit/capella_ros_dock/install/share/capella_ros_service_interfaces/cmake/capella_ros_service_interfaces__rosidl_typesupport_cppExport.cmake
-- Installing: /home/ros2/git/mygit/capella_ros_dock/install/share/capella_ros_service_interfaces/cmake/capella_ros_service_interfaces__rosidl_typesupport_cppExport-relwithdebinfo.cmake
-- Installing: /home/ros2/git/mygit/capella_ros_dock/install/share/capella_ros_service_interfaces/cmake/export_capella_ros_service_interfaces__rosidl_generator_pyExport.cmake
-- Installing: /home/ros2/git/mygit/capella_ros_dock/install/share/capella_ros_service_interfaces/cmake/export_capella_ros_service_interfaces__rosidl_generator_pyExport-relwithdebinfo.cmake
