[0.024s] Invoking command in '/home/ros2/git/mygit/capella_ros_dock/build/capella_ros_service_interfaces': CMAKE_PREFIX_PATH=/opt/ros/humble WSLENV=ELECTRON_RUN_AS_NODE/w:WT_SESSION::WT_PROFILE_ID /usr/bin/cmake --build /home/ros2/git/mygit/capella_ros_dock/build/capella_ros_service_interfaces -- -j12 -l12
[0.095s] [35m[1mConsolidate compiler generated dependencies of target capella_ros_service_interfaces__rosidl_generator_c[0m
[0.109s] [  0%] Built target capella_ros_service_interfaces__cpp
[0.121s] [  0%] Built target ament_cmake_python_symlink_capella_ros_service_interfaces
[0.124s] [ 12%] Built target capella_ros_service_interfaces__rosidl_generator_c
[0.128s] [35m[1mConsolidate compiler generated dependencies of target capella_ros_service_interfaces__rosidl_typesupport_fastrtps_cpp[0m
[0.134s] [35m[1mConsolidate compiler generated dependencies of target capella_ros_service_interfaces__rosidl_typesupport_cpp[0m
[0.135s] [35m[1mConsolidate compiler generated dependencies of target capella_ros_service_interfaces__rosidl_typesupport_introspection_cpp[0m
[0.144s] [35m[1mConsolidate compiler generated dependencies of target capella_ros_service_interfaces__rosidl_typesupport_c[0m
[0.144s] [35m[1mConsolidate compiler generated dependencies of target capella_ros_service_interfaces__rosidl_typesupport_introspection_c[0m
[0.151s] [35m[1mConsolidate compiler generated dependencies of target capella_ros_service_interfaces__rosidl_typesupport_fastrtps_c[0m
[0.160s] [ 24%] Built target capella_ros_service_interfaces__rosidl_typesupport_fastrtps_cpp
[0.166s] [ 36%] Built target capella_ros_service_interfaces__rosidl_typesupport_cpp
[0.167s] [ 48%] Built target capella_ros_service_interfaces__rosidl_typesupport_introspection_cpp
[0.169s] [ 60%] Built target capella_ros_service_interfaces__rosidl_typesupport_c
[0.171s] [ 72%] Built target capella_ros_service_interfaces__rosidl_typesupport_introspection_c
[0.178s] [ 84%] Built target capella_ros_service_interfaces__rosidl_typesupport_fastrtps_c
[0.196s] [ 84%] Built target capella_ros_service_interfaces
[0.218s] [ 85%] Built target capella_ros_service_interfaces__py
[0.228s] [35m[1mConsolidate compiler generated dependencies of target capella_ros_service_interfaces__rosidl_generator_py[0m
[0.250s] [ 96%] Built target capella_ros_service_interfaces__rosidl_generator_py
[0.259s] [35m[1mConsolidate compiler generated dependencies of target capella_ros_service_interfaces__rosidl_typesupport_introspection_c__pyext[0m
[0.259s] [35m[1mConsolidate compiler generated dependencies of target capella_ros_service_interfaces__rosidl_typesupport_c__pyext[0m
[0.259s] [35m[1mConsolidate compiler generated dependencies of target capella_ros_service_interfaces__rosidl_typesupport_fastrtps_c__pyext[0m
[0.270s] [ 98%] Built target capella_ros_service_interfaces__rosidl_typesupport_fastrtps_c__pyext
[0.270s] [ 99%] Built target capella_ros_service_interfaces__rosidl_typesupport_introspection_c__pyext
[0.270s] [100%] Built target capella_ros_service_interfaces__rosidl_typesupport_c__pyext
[0.345s] running egg_info
[0.346s] writing capella_ros_service_interfaces.egg-info/PKG-INFO
[0.346s] writing dependency_links to capella_ros_service_interfaces.egg-info/dependency_links.txt
[0.346s] writing top-level names to capella_ros_service_interfaces.egg-info/top_level.txt
[0.348s] reading manifest file 'capella_ros_service_interfaces.egg-info/SOURCES.txt'
[0.349s] writing manifest file 'capella_ros_service_interfaces.egg-info/SOURCES.txt'
[0.370s] [100%] Built target ament_cmake_python_build_capella_ros_service_interfaces_egg
[0.377s] Invoked command in '/home/ros2/git/mygit/capella_ros_dock/build/capella_ros_service_interfaces' returned '0': CMAKE_PREFIX_PATH=/opt/ros/humble WSLENV=ELECTRON_RUN_AS_NODE/w:WT_SESSION::WT_PROFILE_ID /usr/bin/cmake --build /home/ros2/git/mygit/capella_ros_dock/build/capella_ros_service_interfaces -- -j12 -l12
[0.540s] Invoking command in '/home/ros2/git/mygit/capella_ros_dock/build/capella_ros_service_interfaces': CMAKE_PREFIX_PATH=/opt/ros/humble WSLENV=ELECTRON_RUN_AS_NODE/w:WT_SESSION::WT_PROFILE_ID /usr/bin/cmake --install /home/ros2/git/mygit/capella_ros_dock/build/capella_ros_service_interfaces
[0.546s] -- Install configuration: "RelWithDebInfo"
[0.547s] -- Execute custom install script
[0.548s] -- Symlinking: /home/ros2/git/mygit/capella_ros_dock/install/share/ament_index/resource_index/rosidl_interfaces/capella_ros_service_interfaces
[0.554s] -- Symlinking: /home/ros2/git/mygit/capella_ros_dock/install/include/capella_ros_service_interfaces/capella_ros_service_interfaces/msg/charge_marker_visible.h
[0.560s] -- Symlinking: /home/ros2/git/mygit/capella_ros_dock/install/include/capella_ros_service_interfaces/capella_ros_service_interfaces/msg/charge_state.h
[0.566s] -- Symlinking: /home/ros2/git/mygit/capella_ros_dock/install/include/capella_ros_service_interfaces/capella_ros_service_interfaces/msg/compressed_occupancy_grid.h
[0.572s] -- Symlinking: /home/ros2/git/mygit/capella_ros_dock/install/include/capella_ros_service_interfaces/capella_ros_service_interfaces/msg/detail/charge_marker_visible__functions.h
[0.578s] -- Symlinking: /home/ros2/git/mygit/capella_ros_dock/install/include/capella_ros_service_interfaces/capella_ros_service_interfaces/msg/detail/charge_marker_visible__struct.h
[0.584s] -- Symlinking: /home/ros2/git/mygit/capella_ros_dock/install/include/capella_ros_service_interfaces/capella_ros_service_interfaces/msg/detail/charge_marker_visible__type_support.h
[0.590s] -- Symlinking: /home/ros2/git/mygit/capella_ros_dock/install/include/capella_ros_service_interfaces/capella_ros_service_interfaces/msg/detail/charge_state__functions.h
[0.595s] -- Symlinking: /home/ros2/git/mygit/capella_ros_dock/install/include/capella_ros_service_interfaces/capella_ros_service_interfaces/msg/detail/charge_state__struct.h
[0.602s] -- Symlinking: /home/ros2/git/mygit/capella_ros_dock/install/include/capella_ros_service_interfaces/capella_ros_service_interfaces/msg/detail/charge_state__type_support.h
[0.608s] -- Symlinking: /home/ros2/git/mygit/capella_ros_dock/install/include/capella_ros_service_interfaces/capella_ros_service_interfaces/msg/detail/compressed_occupancy_grid__functions.h
[0.613s] -- Symlinking: /home/ros2/git/mygit/capella_ros_dock/install/include/capella_ros_service_interfaces/capella_ros_service_interfaces/msg/detail/compressed_occupancy_grid__struct.h
[0.620s] -- Symlinking: /home/ros2/git/mygit/capella_ros_dock/install/include/capella_ros_service_interfaces/capella_ros_service_interfaces/msg/detail/compressed_occupancy_grid__type_support.h
[0.626s] -- Symlinking: /home/ros2/git/mygit/capella_ros_dock/install/include/capella_ros_service_interfaces/capella_ros_service_interfaces/msg/detail/irdetection_status__functions.h
[0.630s] -- Symlinking: /home/ros2/git/mygit/capella_ros_dock/install/include/capella_ros_service_interfaces/capella_ros_service_interfaces/msg/detail/irdetection_status__struct.h
[0.637s] -- Symlinking: /home/ros2/git/mygit/capella_ros_dock/install/include/capella_ros_service_interfaces/capella_ros_service_interfaces/msg/detail/irdetection_status__type_support.h
[0.642s] -- Symlinking: /home/ros2/git/mygit/capella_ros_dock/install/include/capella_ros_service_interfaces/capella_ros_service_interfaces/msg/detail/irimage_data__functions.h
[0.648s] -- Symlinking: /home/ros2/git/mygit/capella_ros_dock/install/include/capella_ros_service_interfaces/capella_ros_service_interfaces/msg/detail/irimage_data__struct.h
[0.657s] -- Symlinking: /home/ros2/git/mygit/capella_ros_dock/install/include/capella_ros_service_interfaces/capella_ros_service_interfaces/msg/detail/irimage_data__type_support.h
[0.662s] -- Symlinking: /home/ros2/git/mygit/capella_ros_dock/install/include/capella_ros_service_interfaces/capella_ros_service_interfaces/msg/detail/irsdk_data__functions.h
[0.669s] -- Symlinking: /home/ros2/git/mygit/capella_ros_dock/install/include/capella_ros_service_interfaces/capella_ros_service_interfaces/msg/detail/irsdk_data__struct.h
[0.675s] -- Symlinking: /home/ros2/git/mygit/capella_ros_dock/install/include/capella_ros_service_interfaces/capella_ros_service_interfaces/msg/detail/irsdk_data__type_support.h
[0.681s] -- Symlinking: /home/ros2/git/mygit/capella_ros_dock/install/include/capella_ros_service_interfaces/capella_ros_service_interfaces/msg/detail/irtemperature_data__functions.h
[0.688s] -- Symlinking: /home/ros2/git/mygit/capella_ros_dock/install/include/capella_ros_service_interfaces/capella_ros_service_interfaces/msg/detail/irtemperature_data__struct.h
[0.693s] -- Symlinking: /home/ros2/git/mygit/capella_ros_dock/install/include/capella_ros_service_interfaces/capella_ros_service_interfaces/msg/detail/irtemperature_data__type_support.h
[0.699s] -- Symlinking: /home/ros2/git/mygit/capella_ros_dock/install/include/capella_ros_service_interfaces/capella_ros_service_interfaces/msg/detail/mission_status__functions.h
[0.706s] -- Symlinking: /home/ros2/git/mygit/capella_ros_dock/install/include/capella_ros_service_interfaces/capella_ros_service_interfaces/msg/detail/mission_status__struct.h
[0.713s] -- Symlinking: /home/ros2/git/mygit/capella_ros_dock/install/include/capella_ros_service_interfaces/capella_ros_service_interfaces/msg/detail/mission_status__type_support.h
[0.720s] -- Symlinking: /home/ros2/git/mygit/capella_ros_dock/install/include/capella_ros_service_interfaces/capella_ros_service_interfaces/msg/detail/person_distance__functions.h
[0.726s] -- Symlinking: /home/ros2/git/mygit/capella_ros_dock/install/include/capella_ros_service_interfaces/capella_ros_service_interfaces/msg/detail/person_distance__struct.h
[0.732s] -- Symlinking: /home/ros2/git/mygit/capella_ros_dock/install/include/capella_ros_service_interfaces/capella_ros_service_interfaces/msg/detail/person_distance__type_support.h
[0.739s] -- Symlinking: /home/ros2/git/mygit/capella_ros_dock/install/include/capella_ros_service_interfaces/capella_ros_service_interfaces/msg/irdetection_status.h
[0.744s] -- Symlinking: /home/ros2/git/mygit/capella_ros_dock/install/include/capella_ros_service_interfaces/capella_ros_service_interfaces/msg/irimage_data.h
[0.751s] -- Symlinking: /home/ros2/git/mygit/capella_ros_dock/install/include/capella_ros_service_interfaces/capella_ros_service_interfaces/msg/irsdk_data.h
[0.757s] -- Symlinking: /home/ros2/git/mygit/capella_ros_dock/install/include/capella_ros_service_interfaces/capella_ros_service_interfaces/msg/irtemperature_data.h
[0.762s] -- Symlinking: /home/ros2/git/mygit/capella_ros_dock/install/include/capella_ros_service_interfaces/capella_ros_service_interfaces/msg/mission_status.h
[0.769s] -- Symlinking: /home/ros2/git/mygit/capella_ros_dock/install/include/capella_ros_service_interfaces/capella_ros_service_interfaces/msg/person_distance.h
[0.775s] -- Symlinking: /home/ros2/git/mygit/capella_ros_dock/install/include/capella_ros_service_interfaces/capella_ros_service_interfaces/msg/rosidl_generator_c__visibility_control.h
[0.783s] -- Symlinking: /home/ros2/git/mygit/capella_ros_dock/install/include/capella_ros_service_interfaces/capella_ros_service_interfaces/srv/cartographer_mode.h
[0.789s] -- Symlinking: /home/ros2/git/mygit/capella_ros_dock/install/include/capella_ros_service_interfaces/capella_ros_service_interfaces/srv/detail/cartographer_mode__functions.h
[0.795s] -- Symlinking: /home/ros2/git/mygit/capella_ros_dock/install/include/capella_ros_service_interfaces/capella_ros_service_interfaces/srv/detail/cartographer_mode__struct.h
[0.803s] -- Symlinking: /home/ros2/git/mygit/capella_ros_dock/install/include/capella_ros_service_interfaces/capella_ros_service_interfaces/srv/detail/cartographer_mode__type_support.h
[0.812s] -- Symlinking: /home/ros2/git/mygit/capella_ros_dock/install/include/capella_ros_service_interfaces/capella_ros_service_interfaces/srv/detail/infrared_face_detection__functions.h
[0.821s] -- Symlinking: /home/ros2/git/mygit/capella_ros_dock/install/include/capella_ros_service_interfaces/capella_ros_service_interfaces/srv/detail/infrared_face_detection__struct.h
[0.828s] -- Symlinking: /home/ros2/git/mygit/capella_ros_dock/install/include/capella_ros_service_interfaces/capella_ros_service_interfaces/srv/detail/infrared_face_detection__type_support.h
[0.836s] -- Symlinking: /home/ros2/git/mygit/capella_ros_dock/install/include/capella_ros_service_interfaces/capella_ros_service_interfaces/srv/detail/nav_launch_mode__functions.h
[0.844s] -- Symlinking: /home/ros2/git/mygit/capella_ros_dock/install/include/capella_ros_service_interfaces/capella_ros_service_interfaces/srv/detail/nav_launch_mode__struct.h
[0.852s] -- Symlinking: /home/ros2/git/mygit/capella_ros_dock/install/include/capella_ros_service_interfaces/capella_ros_service_interfaces/srv/detail/nav_launch_mode__type_support.h
[0.859s] -- Symlinking: /home/ros2/git/mygit/capella_ros_dock/install/include/capella_ros_service_interfaces/capella_ros_service_interfaces/srv/detail/stop_nav_and_carto__functions.h
[0.869s] -- Symlinking: /home/ros2/git/mygit/capella_ros_dock/install/include/capella_ros_service_interfaces/capella_ros_service_interfaces/srv/detail/stop_nav_and_carto__struct.h
[0.878s] -- Symlinking: /home/ros2/git/mygit/capella_ros_dock/install/include/capella_ros_service_interfaces/capella_ros_service_interfaces/srv/detail/stop_nav_and_carto__type_support.h
[0.887s] -- Symlinking: /home/ros2/git/mygit/capella_ros_dock/install/include/capella_ros_service_interfaces/capella_ros_service_interfaces/srv/detail/switch_mode__functions.h
[0.893s] -- Symlinking: /home/ros2/git/mygit/capella_ros_dock/install/include/capella_ros_service_interfaces/capella_ros_service_interfaces/srv/detail/switch_mode__struct.h
[0.900s] -- Symlinking: /home/ros2/git/mygit/capella_ros_dock/install/include/capella_ros_service_interfaces/capella_ros_service_interfaces/srv/detail/switch_mode__type_support.h
[0.908s] -- Symlinking: /home/ros2/git/mygit/capella_ros_dock/install/include/capella_ros_service_interfaces/capella_ros_service_interfaces/srv/infrared_face_detection.h
[0.914s] -- Symlinking: /home/ros2/git/mygit/capella_ros_dock/install/include/capella_ros_service_interfaces/capella_ros_service_interfaces/srv/nav_launch_mode.h
[0.921s] -- Symlinking: /home/ros2/git/mygit/capella_ros_dock/install/include/capella_ros_service_interfaces/capella_ros_service_interfaces/srv/stop_nav_and_carto.h
[0.927s] -- Symlinking: /home/ros2/git/mygit/capella_ros_dock/install/include/capella_ros_service_interfaces/capella_ros_service_interfaces/srv/switch_mode.h
[0.938s] -- Symlinking: /home/ros2/git/mygit/capella_ros_dock/install/share/capella_ros_service_interfaces/environment/library_path.sh
[0.946s] -- Symlinking: /home/ros2/git/mygit/capella_ros_dock/install/share/capella_ros_service_interfaces/environment/library_path.dsv
[0.952s] -- Symlinking: /home/ros2/git/mygit/capella_ros_dock/install/include/capella_ros_service_interfaces/capella_ros_service_interfaces/msg/detail/charge_marker_visible__rosidl_typesupport_fastrtps_c.h
[0.958s] -- Symlinking: /home/ros2/git/mygit/capella_ros_dock/install/include/capella_ros_service_interfaces/capella_ros_service_interfaces/msg/detail/charge_state__rosidl_typesupport_fastrtps_c.h
[0.963s] -- Symlinking: /home/ros2/git/mygit/capella_ros_dock/install/include/capella_ros_service_interfaces/capella_ros_service_interfaces/msg/detail/compressed_occupancy_grid__rosidl_typesupport_fastrtps_c.h
[0.971s] -- Symlinking: /home/ros2/git/mygit/capella_ros_dock/install/include/capella_ros_service_interfaces/capella_ros_service_interfaces/msg/detail/irdetection_status__rosidl_typesupport_fastrtps_c.h
[0.976s] -- Symlinking: /home/ros2/git/mygit/capella_ros_dock/install/include/capella_ros_service_interfaces/capella_ros_service_interfaces/msg/detail/irimage_data__rosidl_typesupport_fastrtps_c.h
[0.985s] -- Symlinking: /home/ros2/git/mygit/capella_ros_dock/install/include/capella_ros_service_interfaces/capella_ros_service_interfaces/msg/detail/irsdk_data__rosidl_typesupport_fastrtps_c.h
[0.993s] -- Symlinking: /home/ros2/git/mygit/capella_ros_dock/install/include/capella_ros_service_interfaces/capella_ros_service_interfaces/msg/detail/irtemperature_data__rosidl_typesupport_fastrtps_c.h
[1.000s] -- Symlinking: /home/ros2/git/mygit/capella_ros_dock/install/include/capella_ros_service_interfaces/capella_ros_service_interfaces/msg/detail/mission_status__rosidl_typesupport_fastrtps_c.h
[1.007s] -- Symlinking: /home/ros2/git/mygit/capella_ros_dock/install/include/capella_ros_service_interfaces/capella_ros_service_interfaces/msg/detail/person_distance__rosidl_typesupport_fastrtps_c.h
[1.013s] -- Symlinking: /home/ros2/git/mygit/capella_ros_dock/install/include/capella_ros_service_interfaces/capella_ros_service_interfaces/msg/rosidl_typesupport_fastrtps_c__visibility_control.h
[1.020s] -- Symlinking: /home/ros2/git/mygit/capella_ros_dock/install/include/capella_ros_service_interfaces/capella_ros_service_interfaces/srv/detail/cartographer_mode__rosidl_typesupport_fastrtps_c.h
[1.026s] -- Symlinking: /home/ros2/git/mygit/capella_ros_dock/install/include/capella_ros_service_interfaces/capella_ros_service_interfaces/srv/detail/infrared_face_detection__rosidl_typesupport_fastrtps_c.h
[1.032s] -- Symlinking: /home/ros2/git/mygit/capella_ros_dock/install/include/capella_ros_service_interfaces/capella_ros_service_interfaces/srv/detail/nav_launch_mode__rosidl_typesupport_fastrtps_c.h
[1.039s] -- Symlinking: /home/ros2/git/mygit/capella_ros_dock/install/include/capella_ros_service_interfaces/capella_ros_service_interfaces/srv/detail/stop_nav_and_carto__rosidl_typesupport_fastrtps_c.h
[1.045s] -- Symlinking: /home/ros2/git/mygit/capella_ros_dock/install/include/capella_ros_service_interfaces/capella_ros_service_interfaces/srv/detail/switch_mode__rosidl_typesupport_fastrtps_c.h
[1.053s] -- Symlinking: /home/ros2/git/mygit/capella_ros_dock/install/include/capella_ros_service_interfaces/capella_ros_service_interfaces/msg/detail/charge_marker_visible__rosidl_typesupport_introspection_c.h
[1.060s] -- Symlinking: /home/ros2/git/mygit/capella_ros_dock/install/include/capella_ros_service_interfaces/capella_ros_service_interfaces/msg/detail/charge_state__rosidl_typesupport_introspection_c.h
[1.068s] -- Symlinking: /home/ros2/git/mygit/capella_ros_dock/install/include/capella_ros_service_interfaces/capella_ros_service_interfaces/msg/detail/compressed_occupancy_grid__rosidl_typesupport_introspection_c.h
[1.073s] -- Symlinking: /home/ros2/git/mygit/capella_ros_dock/install/include/capella_ros_service_interfaces/capella_ros_service_interfaces/msg/detail/irdetection_status__rosidl_typesupport_introspection_c.h
[1.080s] -- Symlinking: /home/ros2/git/mygit/capella_ros_dock/install/include/capella_ros_service_interfaces/capella_ros_service_interfaces/msg/detail/irimage_data__rosidl_typesupport_introspection_c.h
[1.087s] -- Symlinking: /home/ros2/git/mygit/capella_ros_dock/install/include/capella_ros_service_interfaces/capella_ros_service_interfaces/msg/detail/irsdk_data__rosidl_typesupport_introspection_c.h
[1.095s] -- Symlinking: /home/ros2/git/mygit/capella_ros_dock/install/include/capella_ros_service_interfaces/capella_ros_service_interfaces/msg/detail/irtemperature_data__rosidl_typesupport_introspection_c.h
[1.103s] -- Symlinking: /home/ros2/git/mygit/capella_ros_dock/install/include/capella_ros_service_interfaces/capella_ros_service_interfaces/msg/detail/mission_status__rosidl_typesupport_introspection_c.h
[1.109s] -- Symlinking: /home/ros2/git/mygit/capella_ros_dock/install/include/capella_ros_service_interfaces/capella_ros_service_interfaces/msg/detail/person_distance__rosidl_typesupport_introspection_c.h
[1.118s] -- Symlinking: /home/ros2/git/mygit/capella_ros_dock/install/include/capella_ros_service_interfaces/capella_ros_service_interfaces/msg/rosidl_typesupport_introspection_c__visibility_control.h
[1.123s] -- Symlinking: /home/ros2/git/mygit/capella_ros_dock/install/include/capella_ros_service_interfaces/capella_ros_service_interfaces/srv/detail/cartographer_mode__rosidl_typesupport_introspection_c.h
[1.131s] -- Symlinking: /home/ros2/git/mygit/capella_ros_dock/install/include/capella_ros_service_interfaces/capella_ros_service_interfaces/srv/detail/infrared_face_detection__rosidl_typesupport_introspection_c.h
[1.139s] -- Symlinking: /home/ros2/git/mygit/capella_ros_dock/install/include/capella_ros_service_interfaces/capella_ros_service_interfaces/srv/detail/nav_launch_mode__rosidl_typesupport_introspection_c.h
[1.144s] -- Symlinking: /home/ros2/git/mygit/capella_ros_dock/install/include/capella_ros_service_interfaces/capella_ros_service_interfaces/srv/detail/stop_nav_and_carto__rosidl_typesupport_introspection_c.h
[1.150s] -- Symlinking: /home/ros2/git/mygit/capella_ros_dock/install/include/capella_ros_service_interfaces/capella_ros_service_interfaces/srv/detail/switch_mode__rosidl_typesupport_introspection_c.h
[1.155s] -- Symlinking: /home/ros2/git/mygit/capella_ros_dock/install/include/capella_ros_service_interfaces/capella_ros_service_interfaces/msg/charge_marker_visible.hpp
[1.162s] -- Symlinking: /home/ros2/git/mygit/capella_ros_dock/install/include/capella_ros_service_interfaces/capella_ros_service_interfaces/msg/charge_state.hpp
[1.170s] -- Symlinking: /home/ros2/git/mygit/capella_ros_dock/install/include/capella_ros_service_interfaces/capella_ros_service_interfaces/msg/compressed_occupancy_grid.hpp
[1.177s] -- Symlinking: /home/ros2/git/mygit/capella_ros_dock/install/include/capella_ros_service_interfaces/capella_ros_service_interfaces/msg/detail/charge_marker_visible__builder.hpp
[1.184s] -- Symlinking: /home/ros2/git/mygit/capella_ros_dock/install/include/capella_ros_service_interfaces/capella_ros_service_interfaces/msg/detail/charge_marker_visible__struct.hpp
[1.190s] -- Symlinking: /home/ros2/git/mygit/capella_ros_dock/install/include/capella_ros_service_interfaces/capella_ros_service_interfaces/msg/detail/charge_marker_visible__traits.hpp
[1.195s] -- Symlinking: /home/ros2/git/mygit/capella_ros_dock/install/include/capella_ros_service_interfaces/capella_ros_service_interfaces/msg/detail/charge_state__builder.hpp
[1.202s] -- Symlinking: /home/ros2/git/mygit/capella_ros_dock/install/include/capella_ros_service_interfaces/capella_ros_service_interfaces/msg/detail/charge_state__struct.hpp
[1.208s] -- Symlinking: /home/ros2/git/mygit/capella_ros_dock/install/include/capella_ros_service_interfaces/capella_ros_service_interfaces/msg/detail/charge_state__traits.hpp
[1.213s] -- Symlinking: /home/ros2/git/mygit/capella_ros_dock/install/include/capella_ros_service_interfaces/capella_ros_service_interfaces/msg/detail/compressed_occupancy_grid__builder.hpp
[1.219s] -- Symlinking: /home/ros2/git/mygit/capella_ros_dock/install/include/capella_ros_service_interfaces/capella_ros_service_interfaces/msg/detail/compressed_occupancy_grid__struct.hpp
[1.226s] -- Symlinking: /home/ros2/git/mygit/capella_ros_dock/install/include/capella_ros_service_interfaces/capella_ros_service_interfaces/msg/detail/compressed_occupancy_grid__traits.hpp
[1.234s] -- Symlinking: /home/ros2/git/mygit/capella_ros_dock/install/include/capella_ros_service_interfaces/capella_ros_service_interfaces/msg/detail/irdetection_status__builder.hpp
[1.241s] -- Symlinking: /home/ros2/git/mygit/capella_ros_dock/install/include/capella_ros_service_interfaces/capella_ros_service_interfaces/msg/detail/irdetection_status__struct.hpp
[1.248s] -- Symlinking: /home/ros2/git/mygit/capella_ros_dock/install/include/capella_ros_service_interfaces/capella_ros_service_interfaces/msg/detail/irdetection_status__traits.hpp
[1.256s] -- Symlinking: /home/ros2/git/mygit/capella_ros_dock/install/include/capella_ros_service_interfaces/capella_ros_service_interfaces/msg/detail/irimage_data__builder.hpp
[1.268s] -- Symlinking: /home/ros2/git/mygit/capella_ros_dock/install/include/capella_ros_service_interfaces/capella_ros_service_interfaces/msg/detail/irimage_data__struct.hpp
[1.274s] -- Symlinking: /home/ros2/git/mygit/capella_ros_dock/install/include/capella_ros_service_interfaces/capella_ros_service_interfaces/msg/detail/irimage_data__traits.hpp
[1.280s] -- Symlinking: /home/ros2/git/mygit/capella_ros_dock/install/include/capella_ros_service_interfaces/capella_ros_service_interfaces/msg/detail/irsdk_data__builder.hpp
[1.289s] -- Symlinking: /home/ros2/git/mygit/capella_ros_dock/install/include/capella_ros_service_interfaces/capella_ros_service_interfaces/msg/detail/irsdk_data__struct.hpp
[1.297s] -- Symlinking: /home/ros2/git/mygit/capella_ros_dock/install/include/capella_ros_service_interfaces/capella_ros_service_interfaces/msg/detail/irsdk_data__traits.hpp
[1.305s] -- Symlinking: /home/ros2/git/mygit/capella_ros_dock/install/include/capella_ros_service_interfaces/capella_ros_service_interfaces/msg/detail/irtemperature_data__builder.hpp
[1.311s] -- Symlinking: /home/ros2/git/mygit/capella_ros_dock/install/include/capella_ros_service_interfaces/capella_ros_service_interfaces/msg/detail/irtemperature_data__struct.hpp
[1.319s] -- Symlinking: /home/ros2/git/mygit/capella_ros_dock/install/include/capella_ros_service_interfaces/capella_ros_service_interfaces/msg/detail/irtemperature_data__traits.hpp
[1.326s] -- Symlinking: /home/ros2/git/mygit/capella_ros_dock/install/include/capella_ros_service_interfaces/capella_ros_service_interfaces/msg/detail/mission_status__builder.hpp
[1.334s] -- Symlinking: /home/ros2/git/mygit/capella_ros_dock/install/include/capella_ros_service_interfaces/capella_ros_service_interfaces/msg/detail/mission_status__struct.hpp
[1.341s] -- Symlinking: /home/ros2/git/mygit/capella_ros_dock/install/include/capella_ros_service_interfaces/capella_ros_service_interfaces/msg/detail/mission_status__traits.hpp
[1.348s] -- Symlinking: /home/ros2/git/mygit/capella_ros_dock/install/include/capella_ros_service_interfaces/capella_ros_service_interfaces/msg/detail/person_distance__builder.hpp
[1.355s] -- Symlinking: /home/ros2/git/mygit/capella_ros_dock/install/include/capella_ros_service_interfaces/capella_ros_service_interfaces/msg/detail/person_distance__struct.hpp
[1.361s] -- Symlinking: /home/ros2/git/mygit/capella_ros_dock/install/include/capella_ros_service_interfaces/capella_ros_service_interfaces/msg/detail/person_distance__traits.hpp
[1.369s] -- Symlinking: /home/ros2/git/mygit/capella_ros_dock/install/include/capella_ros_service_interfaces/capella_ros_service_interfaces/msg/irdetection_status.hpp
[1.376s] -- Symlinking: /home/ros2/git/mygit/capella_ros_dock/install/include/capella_ros_service_interfaces/capella_ros_service_interfaces/msg/irimage_data.hpp
[1.383s] -- Symlinking: /home/ros2/git/mygit/capella_ros_dock/install/include/capella_ros_service_interfaces/capella_ros_service_interfaces/msg/irsdk_data.hpp
[1.390s] -- Symlinking: /home/ros2/git/mygit/capella_ros_dock/install/include/capella_ros_service_interfaces/capella_ros_service_interfaces/msg/irtemperature_data.hpp
[1.397s] -- Symlinking: /home/ros2/git/mygit/capella_ros_dock/install/include/capella_ros_service_interfaces/capella_ros_service_interfaces/msg/mission_status.hpp
[1.406s] -- Symlinking: /home/ros2/git/mygit/capella_ros_dock/install/include/capella_ros_service_interfaces/capella_ros_service_interfaces/msg/person_distance.hpp
[1.412s] -- Symlinking: /home/ros2/git/mygit/capella_ros_dock/install/include/capella_ros_service_interfaces/capella_ros_service_interfaces/srv/cartographer_mode.hpp
[1.423s] -- Symlinking: /home/ros2/git/mygit/capella_ros_dock/install/include/capella_ros_service_interfaces/capella_ros_service_interfaces/srv/detail/cartographer_mode__builder.hpp
[1.429s] -- Symlinking: /home/ros2/git/mygit/capella_ros_dock/install/include/capella_ros_service_interfaces/capella_ros_service_interfaces/srv/detail/cartographer_mode__struct.hpp
[1.435s] -- Symlinking: /home/ros2/git/mygit/capella_ros_dock/install/include/capella_ros_service_interfaces/capella_ros_service_interfaces/srv/detail/cartographer_mode__traits.hpp
[1.441s] -- Symlinking: /home/ros2/git/mygit/capella_ros_dock/install/include/capella_ros_service_interfaces/capella_ros_service_interfaces/srv/detail/infrared_face_detection__builder.hpp
[1.446s] -- Symlinking: /home/ros2/git/mygit/capella_ros_dock/install/include/capella_ros_service_interfaces/capella_ros_service_interfaces/srv/detail/infrared_face_detection__struct.hpp
[1.453s] -- Symlinking: /home/ros2/git/mygit/capella_ros_dock/install/include/capella_ros_service_interfaces/capella_ros_service_interfaces/srv/detail/infrared_face_detection__traits.hpp
[1.460s] -- Symlinking: /home/ros2/git/mygit/capella_ros_dock/install/include/capella_ros_service_interfaces/capella_ros_service_interfaces/srv/detail/nav_launch_mode__builder.hpp
[1.466s] -- Symlinking: /home/ros2/git/mygit/capella_ros_dock/install/include/capella_ros_service_interfaces/capella_ros_service_interfaces/srv/detail/nav_launch_mode__struct.hpp
[1.472s] -- Symlinking: /home/ros2/git/mygit/capella_ros_dock/install/include/capella_ros_service_interfaces/capella_ros_service_interfaces/srv/detail/nav_launch_mode__traits.hpp
[1.478s] -- Symlinking: /home/ros2/git/mygit/capella_ros_dock/install/include/capella_ros_service_interfaces/capella_ros_service_interfaces/srv/detail/stop_nav_and_carto__builder.hpp
[1.486s] -- Symlinking: /home/ros2/git/mygit/capella_ros_dock/install/include/capella_ros_service_interfaces/capella_ros_service_interfaces/srv/detail/stop_nav_and_carto__struct.hpp
[1.493s] -- Symlinking: /home/ros2/git/mygit/capella_ros_dock/install/include/capella_ros_service_interfaces/capella_ros_service_interfaces/srv/detail/stop_nav_and_carto__traits.hpp
[1.498s] -- Symlinking: /home/ros2/git/mygit/capella_ros_dock/install/include/capella_ros_service_interfaces/capella_ros_service_interfaces/srv/detail/switch_mode__builder.hpp
[1.506s] -- Symlinking: /home/ros2/git/mygit/capella_ros_dock/install/include/capella_ros_service_interfaces/capella_ros_service_interfaces/srv/detail/switch_mode__struct.hpp
[1.512s] -- Symlinking: /home/ros2/git/mygit/capella_ros_dock/install/include/capella_ros_service_interfaces/capella_ros_service_interfaces/srv/detail/switch_mode__traits.hpp
[1.519s] -- Symlinking: /home/ros2/git/mygit/capella_ros_dock/install/include/capella_ros_service_interfaces/capella_ros_service_interfaces/srv/infrared_face_detection.hpp
[1.525s] -- Symlinking: /home/ros2/git/mygit/capella_ros_dock/install/include/capella_ros_service_interfaces/capella_ros_service_interfaces/srv/nav_launch_mode.hpp
[1.532s] -- Symlinking: /home/ros2/git/mygit/capella_ros_dock/install/include/capella_ros_service_interfaces/capella_ros_service_interfaces/srv/stop_nav_and_carto.hpp
[1.538s] -- Symlinking: /home/ros2/git/mygit/capella_ros_dock/install/include/capella_ros_service_interfaces/capella_ros_service_interfaces/srv/switch_mode.hpp
[1.544s] -- Symlinking: /home/ros2/git/mygit/capella_ros_dock/install/include/capella_ros_service_interfaces/capella_ros_service_interfaces/msg/detail/charge_marker_visible__rosidl_typesupport_fastrtps_cpp.hpp
[1.551s] -- Symlinking: /home/ros2/git/mygit/capella_ros_dock/install/include/capella_ros_service_interfaces/capella_ros_service_interfaces/msg/detail/charge_state__rosidl_typesupport_fastrtps_cpp.hpp
[1.558s] -- Symlinking: /home/ros2/git/mygit/capella_ros_dock/install/include/capella_ros_service_interfaces/capella_ros_service_interfaces/msg/detail/compressed_occupancy_grid__rosidl_typesupport_fastrtps_cpp.hpp
[1.567s] -- Symlinking: /home/ros2/git/mygit/capella_ros_dock/install/include/capella_ros_service_interfaces/capella_ros_service_interfaces/msg/detail/irdetection_status__rosidl_typesupport_fastrtps_cpp.hpp
[1.573s] -- Symlinking: /home/ros2/git/mygit/capella_ros_dock/install/include/capella_ros_service_interfaces/capella_ros_service_interfaces/msg/detail/irimage_data__rosidl_typesupport_fastrtps_cpp.hpp
[1.585s] -- Symlinking: /home/ros2/git/mygit/capella_ros_dock/install/include/capella_ros_service_interfaces/capella_ros_service_interfaces/msg/detail/irsdk_data__rosidl_typesupport_fastrtps_cpp.hpp
[1.593s] -- Symlinking: /home/ros2/git/mygit/capella_ros_dock/install/include/capella_ros_service_interfaces/capella_ros_service_interfaces/msg/detail/irtemperature_data__rosidl_typesupport_fastrtps_cpp.hpp
[1.603s] -- Symlinking: /home/ros2/git/mygit/capella_ros_dock/install/include/capella_ros_service_interfaces/capella_ros_service_interfaces/msg/detail/mission_status__rosidl_typesupport_fastrtps_cpp.hpp
[1.610s] -- Symlinking: /home/ros2/git/mygit/capella_ros_dock/install/include/capella_ros_service_interfaces/capella_ros_service_interfaces/msg/detail/person_distance__rosidl_typesupport_fastrtps_cpp.hpp
[1.617s] -- Symlinking: /home/ros2/git/mygit/capella_ros_dock/install/include/capella_ros_service_interfaces/capella_ros_service_interfaces/msg/rosidl_typesupport_fastrtps_cpp__visibility_control.h
[1.625s] -- Symlinking: /home/ros2/git/mygit/capella_ros_dock/install/include/capella_ros_service_interfaces/capella_ros_service_interfaces/srv/detail/cartographer_mode__rosidl_typesupport_fastrtps_cpp.hpp
[1.640s] -- Symlinking: /home/ros2/git/mygit/capella_ros_dock/install/include/capella_ros_service_interfaces/capella_ros_service_interfaces/srv/detail/infrared_face_detection__rosidl_typesupport_fastrtps_cpp.hpp
[1.652s] -- Symlinking: /home/ros2/git/mygit/capella_ros_dock/install/include/capella_ros_service_interfaces/capella_ros_service_interfaces/srv/detail/nav_launch_mode__rosidl_typesupport_fastrtps_cpp.hpp
[1.659s] -- Symlinking: /home/ros2/git/mygit/capella_ros_dock/install/include/capella_ros_service_interfaces/capella_ros_service_interfaces/srv/detail/stop_nav_and_carto__rosidl_typesupport_fastrtps_cpp.hpp
[1.670s] -- Symlinking: /home/ros2/git/mygit/capella_ros_dock/install/include/capella_ros_service_interfaces/capella_ros_service_interfaces/srv/detail/switch_mode__rosidl_typesupport_fastrtps_cpp.hpp
[1.677s] -- Symlinking: /home/ros2/git/mygit/capella_ros_dock/install/include/capella_ros_service_interfaces/capella_ros_service_interfaces/msg/detail/charge_marker_visible__rosidl_typesupport_introspection_cpp.hpp
[1.684s] -- Symlinking: /home/ros2/git/mygit/capella_ros_dock/install/include/capella_ros_service_interfaces/capella_ros_service_interfaces/msg/detail/charge_state__rosidl_typesupport_introspection_cpp.hpp
[1.691s] -- Symlinking: /home/ros2/git/mygit/capella_ros_dock/install/include/capella_ros_service_interfaces/capella_ros_service_interfaces/msg/detail/compressed_occupancy_grid__rosidl_typesupport_introspection_cpp.hpp
[1.699s] -- Symlinking: /home/ros2/git/mygit/capella_ros_dock/install/include/capella_ros_service_interfaces/capella_ros_service_interfaces/msg/detail/irdetection_status__rosidl_typesupport_introspection_cpp.hpp
[1.705s] -- Symlinking: /home/ros2/git/mygit/capella_ros_dock/install/include/capella_ros_service_interfaces/capella_ros_service_interfaces/msg/detail/irimage_data__rosidl_typesupport_introspection_cpp.hpp
[1.711s] -- Symlinking: /home/ros2/git/mygit/capella_ros_dock/install/include/capella_ros_service_interfaces/capella_ros_service_interfaces/msg/detail/irsdk_data__rosidl_typesupport_introspection_cpp.hpp
[1.718s] -- Symlinking: /home/ros2/git/mygit/capella_ros_dock/install/include/capella_ros_service_interfaces/capella_ros_service_interfaces/msg/detail/irtemperature_data__rosidl_typesupport_introspection_cpp.hpp
[1.723s] -- Symlinking: /home/ros2/git/mygit/capella_ros_dock/install/include/capella_ros_service_interfaces/capella_ros_service_interfaces/msg/detail/mission_status__rosidl_typesupport_introspection_cpp.hpp
[1.730s] -- Symlinking: /home/ros2/git/mygit/capella_ros_dock/install/include/capella_ros_service_interfaces/capella_ros_service_interfaces/msg/detail/person_distance__rosidl_typesupport_introspection_cpp.hpp
[1.737s] -- Symlinking: /home/ros2/git/mygit/capella_ros_dock/install/include/capella_ros_service_interfaces/capella_ros_service_interfaces/srv/detail/cartographer_mode__rosidl_typesupport_introspection_cpp.hpp
[1.744s] -- Symlinking: /home/ros2/git/mygit/capella_ros_dock/install/include/capella_ros_service_interfaces/capella_ros_service_interfaces/srv/detail/infrared_face_detection__rosidl_typesupport_introspection_cpp.hpp
[1.751s] -- Symlinking: /home/ros2/git/mygit/capella_ros_dock/install/include/capella_ros_service_interfaces/capella_ros_service_interfaces/srv/detail/nav_launch_mode__rosidl_typesupport_introspection_cpp.hpp
[1.756s] -- Symlinking: /home/ros2/git/mygit/capella_ros_dock/install/include/capella_ros_service_interfaces/capella_ros_service_interfaces/srv/detail/stop_nav_and_carto__rosidl_typesupport_introspection_cpp.hpp
[1.762s] -- Symlinking: /home/ros2/git/mygit/capella_ros_dock/install/include/capella_ros_service_interfaces/capella_ros_service_interfaces/srv/detail/switch_mode__rosidl_typesupport_introspection_cpp.hpp
[1.768s] -- Symlinking: /home/ros2/git/mygit/capella_ros_dock/install/share/capella_ros_service_interfaces/environment/pythonpath.sh
[1.774s] -- Symlinking: /home/ros2/git/mygit/capella_ros_dock/install/share/capella_ros_service_interfaces/environment/pythonpath.dsv
[1.780s] -- Symlinking: /home/ros2/git/mygit/capella_ros_dock/install/local/lib/python3.10/dist-packages/capella_ros_service_interfaces-0.0.0-py3.10.egg-info/PKG-INFO
[1.786s] -- Symlinking: /home/ros2/git/mygit/capella_ros_dock/install/local/lib/python3.10/dist-packages/capella_ros_service_interfaces-0.0.0-py3.10.egg-info/SOURCES.txt
[1.791s] -- Symlinking: /home/ros2/git/mygit/capella_ros_dock/install/local/lib/python3.10/dist-packages/capella_ros_service_interfaces-0.0.0-py3.10.egg-info/dependency_links.txt
[1.796s] -- Symlinking: /home/ros2/git/mygit/capella_ros_dock/install/local/lib/python3.10/dist-packages/capella_ros_service_interfaces-0.0.0-py3.10.egg-info/top_level.txt
[1.803s] -- Symlinking: /home/ros2/git/mygit/capella_ros_dock/install/local/lib/python3.10/dist-packages/capella_ros_service_interfaces/__init__.py
[1.810s] -- Symlinking: /home/ros2/git/mygit/capella_ros_dock/install/local/lib/python3.10/dist-packages/capella_ros_service_interfaces/_capella_ros_service_interfaces_s.ep.rosidl_typesupport_c.c
[1.815s] -- Symlinking: /home/ros2/git/mygit/capella_ros_dock/install/local/lib/python3.10/dist-packages/capella_ros_service_interfaces/_capella_ros_service_interfaces_s.ep.rosidl_typesupport_fastrtps_c.c
[1.823s] -- Symlinking: /home/ros2/git/mygit/capella_ros_dock/install/local/lib/python3.10/dist-packages/capella_ros_service_interfaces/_capella_ros_service_interfaces_s.ep.rosidl_typesupport_introspection_c.c
[1.830s] -- Symlinking: /home/ros2/git/mygit/capella_ros_dock/install/local/lib/python3.10/dist-packages/capella_ros_service_interfaces/capella_ros_service_interfaces_s__rosidl_typesupport_c.cpython-310-x86_64-linux-gnu.so
[1.836s] -- Symlinking: /home/ros2/git/mygit/capella_ros_dock/install/local/lib/python3.10/dist-packages/capella_ros_service_interfaces/capella_ros_service_interfaces_s__rosidl_typesupport_fastrtps_c.cpython-310-x86_64-linux-gnu.so
[1.841s] -- Symlinking: /home/ros2/git/mygit/capella_ros_dock/install/local/lib/python3.10/dist-packages/capella_ros_service_interfaces/capella_ros_service_interfaces_s__rosidl_typesupport_introspection_c.cpython-310-x86_64-linux-gnu.so
[1.847s] -- Symlinking: /home/ros2/git/mygit/capella_ros_dock/install/local/lib/python3.10/dist-packages/capella_ros_service_interfaces/libcapella_ros_service_interfaces__rosidl_generator_py.so
[1.853s] -- Symlinking: /home/ros2/git/mygit/capella_ros_dock/install/local/lib/python3.10/dist-packages/capella_ros_service_interfaces/msg/__init__.py
[1.858s] -- Symlinking: /home/ros2/git/mygit/capella_ros_dock/install/local/lib/python3.10/dist-packages/capella_ros_service_interfaces/msg/_charge_marker_visible.py
[1.864s] -- Symlinking: /home/ros2/git/mygit/capella_ros_dock/install/local/lib/python3.10/dist-packages/capella_ros_service_interfaces/msg/_charge_marker_visible_s.c
[1.871s] -- Symlinking: /home/ros2/git/mygit/capella_ros_dock/install/local/lib/python3.10/dist-packages/capella_ros_service_interfaces/msg/_charge_state.py
[1.877s] -- Symlinking: /home/ros2/git/mygit/capella_ros_dock/install/local/lib/python3.10/dist-packages/capella_ros_service_interfaces/msg/_charge_state_s.c
[1.886s] -- Symlinking: /home/ros2/git/mygit/capella_ros_dock/install/local/lib/python3.10/dist-packages/capella_ros_service_interfaces/msg/_compressed_occupancy_grid.py
[1.894s] -- Symlinking: /home/ros2/git/mygit/capella_ros_dock/install/local/lib/python3.10/dist-packages/capella_ros_service_interfaces/msg/_compressed_occupancy_grid_s.c
[1.901s] -- Symlinking: /home/ros2/git/mygit/capella_ros_dock/install/local/lib/python3.10/dist-packages/capella_ros_service_interfaces/msg/_irdetection_status.py
[1.907s] -- Symlinking: /home/ros2/git/mygit/capella_ros_dock/install/local/lib/python3.10/dist-packages/capella_ros_service_interfaces/msg/_irdetection_status_s.c
[1.912s] -- Symlinking: /home/ros2/git/mygit/capella_ros_dock/install/local/lib/python3.10/dist-packages/capella_ros_service_interfaces/msg/_irimage_data.py
[1.919s] -- Symlinking: /home/ros2/git/mygit/capella_ros_dock/install/local/lib/python3.10/dist-packages/capella_ros_service_interfaces/msg/_irimage_data_s.c
[1.925s] -- Symlinking: /home/ros2/git/mygit/capella_ros_dock/install/local/lib/python3.10/dist-packages/capella_ros_service_interfaces/msg/_irsdk_data.py
[1.930s] -- Symlinking: /home/ros2/git/mygit/capella_ros_dock/install/local/lib/python3.10/dist-packages/capella_ros_service_interfaces/msg/_irsdk_data_s.c
[1.938s] -- Symlinking: /home/ros2/git/mygit/capella_ros_dock/install/local/lib/python3.10/dist-packages/capella_ros_service_interfaces/msg/_irtemperature_data.py
[1.946s] -- Symlinking: /home/ros2/git/mygit/capella_ros_dock/install/local/lib/python3.10/dist-packages/capella_ros_service_interfaces/msg/_irtemperature_data_s.c
[1.958s] -- Symlinking: /home/ros2/git/mygit/capella_ros_dock/install/local/lib/python3.10/dist-packages/capella_ros_service_interfaces/msg/_mission_status.py
[1.963s] -- Symlinking: /home/ros2/git/mygit/capella_ros_dock/install/local/lib/python3.10/dist-packages/capella_ros_service_interfaces/msg/_mission_status_s.c
[1.974s] -- Symlinking: /home/ros2/git/mygit/capella_ros_dock/install/local/lib/python3.10/dist-packages/capella_ros_service_interfaces/msg/_person_distance.py
[1.983s] -- Symlinking: /home/ros2/git/mygit/capella_ros_dock/install/local/lib/python3.10/dist-packages/capella_ros_service_interfaces/msg/_person_distance_s.c
[1.991s] -- Symlinking: /home/ros2/git/mygit/capella_ros_dock/install/local/lib/python3.10/dist-packages/capella_ros_service_interfaces/srv/__init__.py
[2.000s] -- Symlinking: /home/ros2/git/mygit/capella_ros_dock/install/local/lib/python3.10/dist-packages/capella_ros_service_interfaces/srv/_cartographer_mode.py
[2.007s] -- Symlinking: /home/ros2/git/mygit/capella_ros_dock/install/local/lib/python3.10/dist-packages/capella_ros_service_interfaces/srv/_cartographer_mode_s.c
[2.018s] -- Symlinking: /home/ros2/git/mygit/capella_ros_dock/install/local/lib/python3.10/dist-packages/capella_ros_service_interfaces/srv/_infrared_face_detection.py
[2.024s] -- Symlinking: /home/ros2/git/mygit/capella_ros_dock/install/local/lib/python3.10/dist-packages/capella_ros_service_interfaces/srv/_infrared_face_detection_s.c
[2.031s] -- Symlinking: /home/ros2/git/mygit/capella_ros_dock/install/local/lib/python3.10/dist-packages/capella_ros_service_interfaces/srv/_nav_launch_mode.py
[2.038s] -- Symlinking: /home/ros2/git/mygit/capella_ros_dock/install/local/lib/python3.10/dist-packages/capella_ros_service_interfaces/srv/_nav_launch_mode_s.c
[2.044s] -- Symlinking: /home/ros2/git/mygit/capella_ros_dock/install/local/lib/python3.10/dist-packages/capella_ros_service_interfaces/srv/_stop_nav_and_carto.py
[2.053s] -- Symlinking: /home/ros2/git/mygit/capella_ros_dock/install/local/lib/python3.10/dist-packages/capella_ros_service_interfaces/srv/_stop_nav_and_carto_s.c
[2.059s] -- Symlinking: /home/ros2/git/mygit/capella_ros_dock/install/local/lib/python3.10/dist-packages/capella_ros_service_interfaces/srv/_switch_mode.py
[2.065s] -- Symlinking: /home/ros2/git/mygit/capella_ros_dock/install/local/lib/python3.10/dist-packages/capella_ros_service_interfaces/srv/_switch_mode_s.c
[2.072s] -- Up-to-date symlink: /home/ros2/git/mygit/capella_ros_dock/install/local/lib/python3.10/dist-packages/capella_ros_service_interfaces/capella_ros_service_interfaces_s__rosidl_typesupport_fastrtps_c.cpython-310-x86_64-linux-gnu.so
[2.072s] -- Up-to-date symlink: /home/ros2/git/mygit/capella_ros_dock/install/local/lib/python3.10/dist-packages/capella_ros_service_interfaces/capella_ros_service_interfaces_s__rosidl_typesupport_introspection_c.cpython-310-x86_64-linux-gnu.so
[2.072s] -- Up-to-date symlink: /home/ros2/git/mygit/capella_ros_dock/install/local/lib/python3.10/dist-packages/capella_ros_service_interfaces/capella_ros_service_interfaces_s__rosidl_typesupport_c.cpython-310-x86_64-linux-gnu.so
[2.072s] -- Symlinking: /home/ros2/git/mygit/capella_ros_dock/install/share/capella_ros_service_interfaces/srv/SwitchMode.idl
[2.079s] -- Symlinking: /home/ros2/git/mygit/capella_ros_dock/install/share/capella_ros_service_interfaces/srv/CartographerMode.idl
[2.089s] -- Symlinking: /home/ros2/git/mygit/capella_ros_dock/install/share/capella_ros_service_interfaces/srv/NavLaunchMode.idl
[2.095s] -- Symlinking: /home/ros2/git/mygit/capella_ros_dock/install/share/capella_ros_service_interfaces/srv/StopNavAndCarto.idl
[2.102s] -- Symlinking: /home/ros2/git/mygit/capella_ros_dock/install/share/capella_ros_service_interfaces/msg/MissionStatus.idl
[2.108s] -- Symlinking: /home/ros2/git/mygit/capella_ros_dock/install/share/capella_ros_service_interfaces/msg/PersonDistance.idl
[2.113s] -- Symlinking: /home/ros2/git/mygit/capella_ros_dock/install/share/capella_ros_service_interfaces/msg/CompressedOccupancyGrid.idl
[2.120s] -- Symlinking: /home/ros2/git/mygit/capella_ros_dock/install/share/capella_ros_service_interfaces/msg/IrimageData.idl
[2.124s] -- Symlinking: /home/ros2/git/mygit/capella_ros_dock/install/share/capella_ros_service_interfaces/msg/IrtemperatureData.idl
[2.130s] -- Symlinking: /home/ros2/git/mygit/capella_ros_dock/install/share/capella_ros_service_interfaces/msg/IrsdkData.idl
[2.137s] -- Symlinking: /home/ros2/git/mygit/capella_ros_dock/install/share/capella_ros_service_interfaces/srv/InfraredFaceDetection.idl
[2.143s] -- Symlinking: /home/ros2/git/mygit/capella_ros_dock/install/share/capella_ros_service_interfaces/msg/ChargeState.idl
[2.149s] -- Symlinking: /home/ros2/git/mygit/capella_ros_dock/install/share/capella_ros_service_interfaces/msg/IrdetectionStatus.idl
[2.156s] -- Symlinking: /home/ros2/git/mygit/capella_ros_dock/install/share/capella_ros_service_interfaces/msg/ChargeMarkerVisible.idl
[2.160s] -- Symlinking: /home/ros2/git/mygit/capella_ros_dock/install/share/capella_ros_service_interfaces/srv/SwitchMode.srv
[2.168s] -- Symlinking: /home/ros2/git/mygit/capella_ros_dock/install/share/capella_ros_service_interfaces/srv/SwitchMode_Request.msg
[2.174s] -- Symlinking: /home/ros2/git/mygit/capella_ros_dock/install/share/capella_ros_service_interfaces/srv/SwitchMode_Response.msg
[2.180s] -- Symlinking: /home/ros2/git/mygit/capella_ros_dock/install/share/capella_ros_service_interfaces/srv/CartographerMode.srv
[2.188s] -- Symlinking: /home/ros2/git/mygit/capella_ros_dock/install/share/capella_ros_service_interfaces/srv/CartographerMode_Request.msg
[2.197s] -- Symlinking: /home/ros2/git/mygit/capella_ros_dock/install/share/capella_ros_service_interfaces/srv/CartographerMode_Response.msg
[2.204s] -- Symlinking: /home/ros2/git/mygit/capella_ros_dock/install/share/capella_ros_service_interfaces/srv/NavLaunchMode.srv
[2.210s] -- Symlinking: /home/ros2/git/mygit/capella_ros_dock/install/share/capella_ros_service_interfaces/srv/NavLaunchMode_Request.msg
[2.217s] -- Symlinking: /home/ros2/git/mygit/capella_ros_dock/install/share/capella_ros_service_interfaces/srv/NavLaunchMode_Response.msg
[2.222s] -- Symlinking: /home/ros2/git/mygit/capella_ros_dock/install/share/capella_ros_service_interfaces/srv/StopNavAndCarto.srv
[2.229s] -- Symlinking: /home/ros2/git/mygit/capella_ros_dock/install/share/capella_ros_service_interfaces/srv/StopNavAndCarto_Request.msg
[2.235s] -- Symlinking: /home/ros2/git/mygit/capella_ros_dock/install/share/capella_ros_service_interfaces/srv/StopNavAndCarto_Response.msg
[2.241s] -- Symlinking: /home/ros2/git/mygit/capella_ros_dock/install/share/capella_ros_service_interfaces/msg/MissionStatus.msg
[2.247s] -- Symlinking: /home/ros2/git/mygit/capella_ros_dock/install/share/capella_ros_service_interfaces/msg/PersonDistance.msg
[2.254s] -- Symlinking: /home/ros2/git/mygit/capella_ros_dock/install/share/capella_ros_service_interfaces/msg/CompressedOccupancyGrid.msg
[2.260s] -- Symlinking: /home/ros2/git/mygit/capella_ros_dock/install/share/capella_ros_service_interfaces/msg/IrimageData.msg
[2.267s] -- Symlinking: /home/ros2/git/mygit/capella_ros_dock/install/share/capella_ros_service_interfaces/msg/IrtemperatureData.msg
[2.272s] -- Symlinking: /home/ros2/git/mygit/capella_ros_dock/install/share/capella_ros_service_interfaces/msg/IrsdkData.msg
[2.278s] -- Symlinking: /home/ros2/git/mygit/capella_ros_dock/install/share/capella_ros_service_interfaces/srv/InfraredFaceDetection.srv
[2.285s] -- Symlinking: /home/ros2/git/mygit/capella_ros_dock/install/share/capella_ros_service_interfaces/srv/InfraredFaceDetection_Request.msg
[2.293s] -- Symlinking: /home/ros2/git/mygit/capella_ros_dock/install/share/capella_ros_service_interfaces/srv/InfraredFaceDetection_Response.msg
[2.301s] -- Symlinking: /home/ros2/git/mygit/capella_ros_dock/install/share/capella_ros_service_interfaces/msg/ChargeState.msg
[2.306s] -- Symlinking: /home/ros2/git/mygit/capella_ros_dock/install/share/capella_ros_service_interfaces/msg/IrdetectionStatus.msg
[2.311s] -- Symlinking: /home/ros2/git/mygit/capella_ros_dock/install/share/capella_ros_service_interfaces/msg/ChargeMarkerVisible.msg
[2.319s] -- Symlinking: /home/ros2/git/mygit/capella_ros_dock/install/share/ament_index/resource_index/package_run_dependencies/capella_ros_service_interfaces
[2.326s] -- Symlinking: /home/ros2/git/mygit/capella_ros_dock/install/share/ament_index/resource_index/parent_prefix_path/capella_ros_service_interfaces
[2.333s] -- Symlinking: /home/ros2/git/mygit/capella_ros_dock/install/share/capella_ros_service_interfaces/environment/ament_prefix_path.sh
[2.340s] -- Symlinking: /home/ros2/git/mygit/capella_ros_dock/install/share/capella_ros_service_interfaces/environment/ament_prefix_path.dsv
[2.345s] -- Symlinking: /home/ros2/git/mygit/capella_ros_dock/install/share/capella_ros_service_interfaces/environment/path.sh
[2.352s] -- Symlinking: /home/ros2/git/mygit/capella_ros_dock/install/share/capella_ros_service_interfaces/environment/path.dsv
[2.360s] -- Symlinking: /home/ros2/git/mygit/capella_ros_dock/install/share/capella_ros_service_interfaces/local_setup.bash
[2.369s] -- Symlinking: /home/ros2/git/mygit/capella_ros_dock/install/share/capella_ros_service_interfaces/local_setup.sh
[2.378s] -- Symlinking: /home/ros2/git/mygit/capella_ros_dock/install/share/capella_ros_service_interfaces/local_setup.zsh
[2.387s] -- Symlinking: /home/ros2/git/mygit/capella_ros_dock/install/share/capella_ros_service_interfaces/local_setup.dsv
[2.396s] -- Symlinking: /home/ros2/git/mygit/capella_ros_dock/install/share/capella_ros_service_interfaces/package.dsv
[2.409s] -- Symlinking: /home/ros2/git/mygit/capella_ros_dock/install/share/ament_index/resource_index/packages/capella_ros_service_interfaces
[2.418s] -- Symlinking: /home/ros2/git/mygit/capella_ros_dock/install/share/capella_ros_service_interfaces/cmake/rosidl_cmake-extras.cmake
[2.427s] -- Symlinking: /home/ros2/git/mygit/capella_ros_dock/install/share/capella_ros_service_interfaces/cmake/ament_cmake_export_dependencies-extras.cmake
[2.439s] -- Symlinking: /home/ros2/git/mygit/capella_ros_dock/install/share/capella_ros_service_interfaces/cmake/ament_cmake_export_include_directories-extras.cmake
[2.447s] -- Symlinking: /home/ros2/git/mygit/capella_ros_dock/install/share/capella_ros_service_interfaces/cmake/ament_cmake_export_libraries-extras.cmake
[2.457s] -- Symlinking: /home/ros2/git/mygit/capella_ros_dock/install/share/capella_ros_service_interfaces/cmake/ament_cmake_export_targets-extras.cmake
[2.469s] -- Symlinking: /home/ros2/git/mygit/capella_ros_dock/install/share/capella_ros_service_interfaces/cmake/rosidl_cmake_export_typesupport_targets-extras.cmake
[2.479s] -- Symlinking: /home/ros2/git/mygit/capella_ros_dock/install/share/capella_ros_service_interfaces/cmake/rosidl_cmake_export_typesupport_libraries-extras.cmake
[2.490s] -- Symlinking: /home/ros2/git/mygit/capella_ros_dock/install/share/capella_ros_service_interfaces/cmake/capella_ros_service_interfacesConfig.cmake
[2.501s] -- Symlinking: /home/ros2/git/mygit/capella_ros_dock/install/share/capella_ros_service_interfaces/cmake/capella_ros_service_interfacesConfig-version.cmake
[2.512s] -- Symlinking: /home/ros2/git/mygit/capella_ros_dock/install/share/capella_ros_service_interfaces/package.xml
[2.523s] -- Installing: /home/ros2/git/mygit/capella_ros_dock/install/lib/libcapella_ros_service_interfaces__rosidl_generator_c.so
[2.524s] -- Set runtime path of "/home/ros2/git/mygit/capella_ros_dock/install/lib/libcapella_ros_service_interfaces__rosidl_generator_c.so" to ""
[2.524s] -- Installing: /home/ros2/git/mygit/capella_ros_dock/install/lib/libcapella_ros_service_interfaces__rosidl_typesupport_fastrtps_c.so
[2.525s] -- Set runtime path of "/home/ros2/git/mygit/capella_ros_dock/install/lib/libcapella_ros_service_interfaces__rosidl_typesupport_fastrtps_c.so" to ""
[2.525s] -- Installing: /home/ros2/git/mygit/capella_ros_dock/install/lib/libcapella_ros_service_interfaces__rosidl_typesupport_introspection_c.so
[2.525s] -- Set runtime path of "/home/ros2/git/mygit/capella_ros_dock/install/lib/libcapella_ros_service_interfaces__rosidl_typesupport_introspection_c.so" to ""
[2.526s] -- Installing: /home/ros2/git/mygit/capella_ros_dock/install/lib/libcapella_ros_service_interfaces__rosidl_typesupport_c.so
[2.526s] -- Set runtime path of "/home/ros2/git/mygit/capella_ros_dock/install/lib/libcapella_ros_service_interfaces__rosidl_typesupport_c.so" to ""
[2.526s] -- Installing: /home/ros2/git/mygit/capella_ros_dock/install/lib/libcapella_ros_service_interfaces__rosidl_typesupport_fastrtps_cpp.so
[2.528s] -- Set runtime path of "/home/ros2/git/mygit/capella_ros_dock/install/lib/libcapella_ros_service_interfaces__rosidl_typesupport_fastrtps_cpp.so" to ""
[2.528s] -- Installing: /home/ros2/git/mygit/capella_ros_dock/install/lib/libcapella_ros_service_interfaces__rosidl_typesupport_introspection_cpp.so
[2.530s] -- Set runtime path of "/home/ros2/git/mygit/capella_ros_dock/install/lib/libcapella_ros_service_interfaces__rosidl_typesupport_introspection_cpp.so" to ""
[2.530s] -- Installing: /home/ros2/git/mygit/capella_ros_dock/install/lib/libcapella_ros_service_interfaces__rosidl_typesupport_cpp.so
[2.531s] -- Set runtime path of "/home/ros2/git/mygit/capella_ros_dock/install/lib/libcapella_ros_service_interfaces__rosidl_typesupport_cpp.so" to ""
[2.589s] Listing '/home/ros2/git/mygit/capella_ros_dock/install/local/lib/python3.10/dist-packages/capella_ros_service_interfaces'...
[2.589s] Compiling '/home/ros2/git/mygit/capella_ros_dock/install/local/lib/python3.10/dist-packages/capella_ros_service_interfaces/__init__.py'...
[2.590s] Listing '/home/ros2/git/mygit/capella_ros_dock/install/local/lib/python3.10/dist-packages/capella_ros_service_interfaces/msg'...
[2.590s] Compiling '/home/ros2/git/mygit/capella_ros_dock/install/local/lib/python3.10/dist-packages/capella_ros_service_interfaces/msg/__init__.py'...
[2.590s] Compiling '/home/ros2/git/mygit/capella_ros_dock/install/local/lib/python3.10/dist-packages/capella_ros_service_interfaces/msg/_charge_marker_visible.py'...
[2.590s] Compiling '/home/ros2/git/mygit/capella_ros_dock/install/local/lib/python3.10/dist-packages/capella_ros_service_interfaces/msg/_charge_state.py'...
[2.590s] Compiling '/home/ros2/git/mygit/capella_ros_dock/install/local/lib/python3.10/dist-packages/capella_ros_service_interfaces/msg/_compressed_occupancy_grid.py'...
[2.590s] Compiling '/home/ros2/git/mygit/capella_ros_dock/install/local/lib/python3.10/dist-packages/capella_ros_service_interfaces/msg/_irdetection_status.py'...
[2.590s] Compiling '/home/ros2/git/mygit/capella_ros_dock/install/local/lib/python3.10/dist-packages/capella_ros_service_interfaces/msg/_irimage_data.py'...
[2.590s] Compiling '/home/ros2/git/mygit/capella_ros_dock/install/local/lib/python3.10/dist-packages/capella_ros_service_interfaces/msg/_irsdk_data.py'...
[2.590s] Compiling '/home/ros2/git/mygit/capella_ros_dock/install/local/lib/python3.10/dist-packages/capella_ros_service_interfaces/msg/_irtemperature_data.py'...
[2.590s] Compiling '/home/ros2/git/mygit/capella_ros_dock/install/local/lib/python3.10/dist-packages/capella_ros_service_interfaces/msg/_mission_status.py'...
[2.590s] Compiling '/home/ros2/git/mygit/capella_ros_dock/install/local/lib/python3.10/dist-packages/capella_ros_service_interfaces/msg/_person_distance.py'...
[2.590s] Listing '/home/ros2/git/mygit/capella_ros_dock/install/local/lib/python3.10/dist-packages/capella_ros_service_interfaces/srv'...
[2.590s] Compiling '/home/ros2/git/mygit/capella_ros_dock/install/local/lib/python3.10/dist-packages/capella_ros_service_interfaces/srv/__init__.py'...
[2.590s] Compiling '/home/ros2/git/mygit/capella_ros_dock/install/local/lib/python3.10/dist-packages/capella_ros_service_interfaces/srv/_cartographer_mode.py'...
[2.590s] Compiling '/home/ros2/git/mygit/capella_ros_dock/install/local/lib/python3.10/dist-packages/capella_ros_service_interfaces/srv/_infrared_face_detection.py'...
[2.591s] Compiling '/home/ros2/git/mygit/capella_ros_dock/install/local/lib/python3.10/dist-packages/capella_ros_service_interfaces/srv/_nav_launch_mode.py'...
[2.591s] Compiling '/home/ros2/git/mygit/capella_ros_dock/install/local/lib/python3.10/dist-packages/capella_ros_service_interfaces/srv/_stop_nav_and_carto.py'...
[2.591s] Compiling '/home/ros2/git/mygit/capella_ros_dock/install/local/lib/python3.10/dist-packages/capella_ros_service_interfaces/srv/_switch_mode.py'...
[2.600s] -- Installing: /home/ros2/git/mygit/capella_ros_dock/install/lib/libcapella_ros_service_interfaces__rosidl_generator_py.so
[2.600s] -- Set runtime path of "/home/ros2/git/mygit/capella_ros_dock/install/lib/libcapella_ros_service_interfaces__rosidl_generator_py.so" to ""
[2.600s] -- Installing: /home/ros2/git/mygit/capella_ros_dock/install/share/capella_ros_service_interfaces/cmake/export_capella_ros_service_interfaces__rosidl_generator_cExport.cmake
[2.601s] -- Installing: /home/ros2/git/mygit/capella_ros_dock/install/share/capella_ros_service_interfaces/cmake/export_capella_ros_service_interfaces__rosidl_generator_cExport-relwithdebinfo.cmake
[2.602s] -- Installing: /home/ros2/git/mygit/capella_ros_dock/install/share/capella_ros_service_interfaces/cmake/export_capella_ros_service_interfaces__rosidl_typesupport_fastrtps_cExport.cmake
[2.603s] -- Installing: /home/ros2/git/mygit/capella_ros_dock/install/share/capella_ros_service_interfaces/cmake/export_capella_ros_service_interfaces__rosidl_typesupport_fastrtps_cExport-relwithdebinfo.cmake
[2.603s] -- Installing: /home/ros2/git/mygit/capella_ros_dock/install/share/capella_ros_service_interfaces/cmake/capella_ros_service_interfaces__rosidl_typesupport_introspection_cExport.cmake
[2.604s] -- Installing: /home/ros2/git/mygit/capella_ros_dock/install/share/capella_ros_service_interfaces/cmake/capella_ros_service_interfaces__rosidl_typesupport_introspection_cExport-relwithdebinfo.cmake
[2.605s] -- Installing: /home/ros2/git/mygit/capella_ros_dock/install/share/capella_ros_service_interfaces/cmake/capella_ros_service_interfaces__rosidl_typesupport_cExport.cmake
[2.605s] -- Installing: /home/ros2/git/mygit/capella_ros_dock/install/share/capella_ros_service_interfaces/cmake/capella_ros_service_interfaces__rosidl_typesupport_cExport-relwithdebinfo.cmake
[2.605s] -- Installing: /home/ros2/git/mygit/capella_ros_dock/install/share/capella_ros_service_interfaces/cmake/export_capella_ros_service_interfaces__rosidl_generator_cppExport.cmake
[2.606s] -- Installing: /home/ros2/git/mygit/capella_ros_dock/install/share/capella_ros_service_interfaces/cmake/export_capella_ros_service_interfaces__rosidl_typesupport_fastrtps_cppExport.cmake
[2.606s] -- Installing: /home/ros2/git/mygit/capella_ros_dock/install/share/capella_ros_service_interfaces/cmake/export_capella_ros_service_interfaces__rosidl_typesupport_fastrtps_cppExport-relwithdebinfo.cmake
[2.607s] -- Installing: /home/ros2/git/mygit/capella_ros_dock/install/share/capella_ros_service_interfaces/cmake/capella_ros_service_interfaces__rosidl_typesupport_introspection_cppExport.cmake
[2.607s] -- Installing: /home/ros2/git/mygit/capella_ros_dock/install/share/capella_ros_service_interfaces/cmake/capella_ros_service_interfaces__rosidl_typesupport_introspection_cppExport-relwithdebinfo.cmake
[2.607s] -- Installing: /home/ros2/git/mygit/capella_ros_dock/install/share/capella_ros_service_interfaces/cmake/capella_ros_service_interfaces__rosidl_typesupport_cppExport.cmake
[2.608s] -- Installing: /home/ros2/git/mygit/capella_ros_dock/install/share/capella_ros_service_interfaces/cmake/capella_ros_service_interfaces__rosidl_typesupport_cppExport-relwithdebinfo.cmake
[2.608s] -- Installing: /home/ros2/git/mygit/capella_ros_dock/install/share/capella_ros_service_interfaces/cmake/export_capella_ros_service_interfaces__rosidl_generator_pyExport.cmake
[2.608s] -- Installing: /home/ros2/git/mygit/capella_ros_dock/install/share/capella_ros_service_interfaces/cmake/export_capella_ros_service_interfaces__rosidl_generator_pyExport-relwithdebinfo.cmake
[2.614s] Invoked command in '/home/ros2/git/mygit/capella_ros_dock/build/capella_ros_service_interfaces' returned '0': CMAKE_PREFIX_PATH=/opt/ros/humble WSLENV=ELECTRON_RUN_AS_NODE/w:WT_SESSION::WT_PROFILE_ID /usr/bin/cmake --install /home/ros2/git/mygit/capella_ros_dock/build/capella_ros_service_interfaces
