[0.021s] Invoking command in '/home/ros2/git/mygit/capella_ros_dock/build/capella_ros_dock': CMAKE_PREFIX_PATH=/opt/ros/humble WSLENV=ELECTRON_RUN_AS_NODE/w:WT_SESSION::WT_PROFILE_ID /usr/bin/cmake /home/ros2/git/mygit/capella_ros_dock/capella_ros_dock -DCMAKE_BUILD_TYPE=RelWithDebInfo -DCMAKE_EXPORT_COMPILE_COMMANDS=On -Wall -Wextra -Wpedantic -DAMENT_CMAKE_SYMLINK_INSTALL=1 -DCMAKE_INSTALL_PREFIX=/home/ros2/git/mygit/capella_ros_dock/install
[0.220s] -- The C compiler identification is GNU 11.3.0
[0.707s] -- The CXX compiler identification is GNU 11.3.0
[1.132s] -- Detecting C compiler ABI info
[1.313s] -- Detecting C compiler ABI info - done
[1.322s] -- Check for working C compiler: /usr/bin/cc - skipped
[1.322s] -- Detecting C compile features
[1.322s] -- Detecting C compile features - done
[1.325s] -- Detecting CXX compiler ABI info
[1.586s] -- Detecting CXX compiler ABI info - done
[1.587s] -- Check for working CXX compiler: /usr/bin/c++ - skipped
[1.587s] -- Detecting CXX compile features
[1.587s] -- Detecting CXX compile features - done
[1.587s] -- Found ament_cmake: 1.3.3 (/opt/ros/humble/share/ament_cmake/cmake)
[2.074s] -- Found Python3: /usr/bin/python3.10 (found version "3.10.6") found components: Interpreter 
[2.250s] -- Override CMake install command with custom implementation using symlinks instead of copying resources
[2.324s] -- Found angles: 1.15.0 (/opt/ros/humble/share/angles/cmake)
[2.337s] -- Found geometry_msgs: 4.2.3 (/opt/ros/humble/share/geometry_msgs/cmake)
[2.590s] -- Found rosidl_generator_c: 3.1.4 (/opt/ros/humble/share/rosidl_generator_c/cmake)
[2.597s] -- Found rosidl_adapter: 3.1.4 (/opt/ros/humble/share/rosidl_adapter/cmake)
[2.607s] -- Found rosidl_generator_cpp: 3.1.4 (/opt/ros/humble/share/rosidl_generator_cpp/cmake)
[2.643s] -- Using all available rosidl_typesupport_c: rosidl_typesupport_fastrtps_c;rosidl_typesupport_introspection_c
[2.687s] -- Using all available rosidl_typesupport_cpp: rosidl_typesupport_fastrtps_cpp;rosidl_typesupport_introspection_cpp
[2.917s] -- Found nav_msgs: 4.2.3 (/opt/ros/humble/share/nav_msgs/cmake)
[3.037s] -- Found rclcpp: 16.0.3 (/opt/ros/humble/share/rclcpp/cmake)
[3.311s] -- Found rmw_implementation_cmake: 6.1.1 (/opt/ros/humble/share/rmw_implementation_cmake/cmake)
[3.325s] -- Found rmw_fastrtps_cpp: 6.2.2 (/opt/ros/humble/share/rmw_fastrtps_cpp/cmake)
[6.468s] -- Found OpenSSL: /usr/lib/x86_64-linux-gnu/libcrypto.so (found version "3.0.2")  
[9.295s] -- Found FastRTPS: /opt/ros/humble/include  
[12.453s] -- Using RMW implementation 'rmw_fastrtps_cpp' as default
[12.464s] -- Looking for pthread.h
[12.560s] -- Looking for pthread.h - found
[12.561s] -- Performing Test CMAKE_HAVE_LIBC_PTHREAD
[12.655s] -- Performing Test CMAKE_HAVE_LIBC_PTHREAD - Success
[12.656s] -- Found Threads: TRUE  
[12.768s] -- Found rclcpp_action: 16.0.3 (/opt/ros/humble/share/rclcpp_action/cmake)
[12.868s] -- Found rclcpp_components: 16.0.3 (/opt/ros/humble/share/rclcpp_components/cmake)
[13.045s] -- Found tf2: 0.25.2 (/opt/ros/humble/share/tf2/cmake)
[13.057s] -- Found tf2_geometry_msgs: 0.25.2 (/opt/ros/humble/share/tf2_geometry_msgs/cmake)
[13.097s] -- Found eigen3_cmake_module: 0.1.1 (/opt/ros/humble/share/eigen3_cmake_module/cmake)
[13.098s] -- Found Eigen3: TRUE (found version "3.4.0") 
[13.098s] -- Ensuring Eigen3 include directory is part of orocos-kdl CMake target
[13.254s] -- Found Boost: /usr/lib/x86_64-linux-gnu/cmake/Boost-1.74.0/BoostConfig.cmake (found version "1.74.0")  
[14.337s] [31mCMake Error at CMakeLists.txt:26 (find_package):
[14.337s]   By not providing "Findcapella_ros_dock_msgs.cmake" in CMAKE_MODULE_PATH
[14.337s]   this project has asked CMake to find a package configuration file provided
[14.337s]   by "capella_ros_dock_msgs", but CMake did not find one.
[14.337s] 
[14.337s]   Could not find a package configuration file provided by
[14.337s]   "capella_ros_dock_msgs" with any of the following names:
[14.337s] 
[14.337s]     capella_ros_dock_msgsConfig.cmake
[14.337s]     capella_ros_dock_msgs-config.cmake
[14.337s] 
[14.337s]   Add the installation prefix of "capella_ros_dock_msgs" to CMAKE_PREFIX_PATH
[14.337s]   or set "capella_ros_dock_msgs_DIR" to a directory containing one of the
[14.337s]   above files.  If "capella_ros_dock_msgs" provides a separate development
[14.337s]   package or SDK, be sure it has been installed.
[14.337s] 
[14.338s] [0m
[14.338s] -- Configuring incomplete, errors occurred!
[14.338s] See also "/home/ros2/git/mygit/capella_ros_dock/build/capella_ros_dock/CMakeFiles/CMakeOutput.log".
